[0.725s] Invoking command in '/media/karthi/New Volume/Warrior/Projects/ROS/dev_ws/src/turtle_control': PYTHONPATH=/media/karthi/New Volume/Warrior/Projects/ROS/dev_ws/install/turtle_control/lib/python3.8/site-packages:${PYTHONPATH} /usr/bin/python3 setup.py egg_info --egg-base ../../build/turtle_control build --build-base /media/karthi/New Volume/Warrior/Projects/ROS/dev_ws/build/turtle_control/build install --prefix /media/karthi/New Volume/Warrior/Projects/ROS/dev_ws/install/turtle_control --record /media/karthi/New Volume/Warrior/Projects/ROS/dev_ws/build/turtle_control/install.log --single-version-externally-managed
[0.969s] running egg_info
[0.969s] writing ../../build/turtle_control/turtle_control.egg-info/PKG-INFO
[0.970s] writing dependency_links to ../../build/turtle_control/turtle_control.egg-info/dependency_links.txt
[0.970s] writing entry points to ../../build/turtle_control/turtle_control.egg-info/entry_points.txt
[0.971s] writing requirements to ../../build/turtle_control/turtle_control.egg-info/requires.txt
[0.971s] writing top-level names to ../../build/turtle_control/turtle_control.egg-info/top_level.txt
[1.006s] reading manifest file '../../build/turtle_control/turtle_control.egg-info/SOURCES.txt'
[1.010s] writing manifest file '../../build/turtle_control/turtle_control.egg-info/SOURCES.txt'
[1.011s] running build
[1.011s] running build_py
[1.012s] copying turtle_control/turtle.py -> /media/karthi/New Volume/Warrior/Projects/ROS/dev_ws/build/turtle_control/build/lib/turtle_control
[1.014s] running install
[1.016s] running install_lib
[1.019s] copying /media/karthi/New Volume/Warrior/Projects/ROS/dev_ws/build/turtle_control/build/lib/turtle_control/turtle.py -> /media/karthi/New Volume/Warrior/Projects/ROS/dev_ws/install/turtle_control/lib/python3.8/site-packages/turtle_control
[1.023s] byte-compiling /media/karthi/New Volume/Warrior/Projects/ROS/dev_ws/install/turtle_control/lib/python3.8/site-packages/turtle_control/turtle.py to turtle.cpython-38.pyc
[1.027s] running install_data
[1.029s] running install_egg_info
[1.032s] removing '/media/karthi/New Volume/Warrior/Projects/ROS/dev_ws/install/turtle_control/lib/python3.8/site-packages/turtle_control-0.0.0-py3.8.egg-info' (and everything under it)
[1.035s] Copying ../../build/turtle_control/turtle_control.egg-info to /media/karthi/New Volume/Warrior/Projects/ROS/dev_ws/install/turtle_control/lib/python3.8/site-packages/turtle_control-0.0.0-py3.8.egg-info
[1.048s] running install_scripts
[1.071s] Installing squaredo script to /media/karthi/New Volume/Warrior/Projects/ROS/dev_ws/install/turtle_control/lib/turtle_control
[1.072s] writing list of installed files to '/media/karthi/New Volume/Warrior/Projects/ROS/dev_ws/build/turtle_control/install.log'
[1.095s] Invoked command in '/media/karthi/New Volume/Warrior/Projects/ROS/dev_ws/src/turtle_control' returned '0': PYTHONPATH=/media/karthi/New Volume/Warrior/Projects/ROS/dev_ws/install/turtle_control/lib/python3.8/site-packages:${PYTHONPATH} /usr/bin/python3 setup.py egg_info --egg-base ../../build/turtle_control build --build-base /media/karthi/New Volume/Warrior/Projects/ROS/dev_ws/build/turtle_control/build install --prefix /media/karthi/New Volume/Warrior/Projects/ROS/dev_ws/install/turtle_control --record /media/karthi/New Volume/Warrior/Projects/ROS/dev_ws/build/turtle_control/install.log --single-version-externally-managed
