[0.013s] Invoking command in '/media/karthi/New Volume1/Warrior/Projects/ROS/dev_ws/build/turtlesim': CMAKE_PREFIX_PATH=/opt/ros/foxy /usr/bin/cmake --build /media/karthi/New Volume1/Warrior/Projects/ROS/dev_ws/build/turtlesim -- -j12 -l12
[0.074s] [  1%] Built target turtlesim__cpp
[0.081s] [ 11%] Built target turtlesim__rosidl_generator_c
[0.106s] [ 21%] Built target turtlesim__rosidl_typesupport_cpp
[0.112s] [ 31%] Built target turtlesim__rosidl_typesupport_introspection_cpp
[0.116s] [ 42%] Built target turtlesim__rosidl_typesupport_fastrtps_cpp
[0.117s] [ 51%] Built target turtlesim__rosidl_typesupport_c
[0.119s] [ 61%] Built target turtlesim__rosidl_typesupport_introspection_c
[0.154s] [ 71%] Built target turtlesim__rosidl_typesupport_fastrtps_c
[0.173s] [ 71%] Built target turtlesim
[0.194s] [35m[1mScanning dependencies of target turtlesim_node[0m
[0.201s] [ 72%] Built target turtlesim__py
[0.203s] [ 74%] Built target mimic
[0.204s] [ 76%] Built target draw_square
[0.204s] [ 78%] Built target turtle_teleop_key
[0.237s] [ 87%] Built target turtlesim__python
[0.270s] [ 91%] Built target turtlesim__rosidl_typesupport_fastrtps_c__pyext
[0.270s] [ 91%] Built target turtlesim__rosidl_typesupport_c__pyext
[0.272s] [ 93%] Built target turtlesim__rosidl_typesupport_introspection_c__pyext
[0.484s] [ 94%] [32mBuilding CXX object CMakeFiles/turtlesim_node.dir/src/turtle_frame.cpp.o[0m
[5.749s] [ 95%] [32m[1mLinking CXX executable turtlesim_node[0m
[7.194s] [100%] Built target turtlesim_node
[7.215s] Invoked command in '/media/karthi/New Volume1/Warrior/Projects/ROS/dev_ws/build/turtlesim' returned '0': CMAKE_PREFIX_PATH=/opt/ros/foxy /usr/bin/cmake --build /media/karthi/New Volume1/Warrior/Projects/ROS/dev_ws/build/turtlesim -- -j12 -l12
[7.358s] Invoking command in '/media/karthi/New Volume1/Warrior/Projects/ROS/dev_ws/build/turtlesim': CMAKE_PREFIX_PATH=/opt/ros/foxy /usr/bin/cmake --install /media/karthi/New Volume1/Warrior/Projects/ROS/dev_ws/build/turtlesim
[7.365s] -- Install configuration: ""
[7.366s] -- Up-to-date: /media/karthi/New Volume1/Warrior/Projects/ROS/dev_ws/install/turtlesim/share/ament_index/resource_index/rosidl_interfaces/turtlesim
[7.366s] -- Up-to-date: /media/karthi/New Volume1/Warrior/Projects/ROS/dev_ws/install/turtlesim/include/turtlesim
[7.367s] -- Up-to-date: /media/karthi/New Volume1/Warrior/Projects/ROS/dev_ws/install/turtlesim/include/turtlesim/action
[7.368s] -- Up-to-date: /media/karthi/New Volume1/Warrior/Projects/ROS/dev_ws/install/turtlesim/include/turtlesim/action/detail
[7.368s] -- Up-to-date: /media/karthi/New Volume1/Warrior/Projects/ROS/dev_ws/install/turtlesim/include/turtlesim/action/detail/rotate_absolute__functions.c
[7.369s] -- Up-to-date: /media/karthi/New Volume1/Warrior/Projects/ROS/dev_ws/install/turtlesim/include/turtlesim/action/detail/rotate_absolute__functions.h
[7.370s] -- Up-to-date: /media/karthi/New Volume1/Warrior/Projects/ROS/dev_ws/install/turtlesim/include/turtlesim/action/detail/rotate_absolute__struct.h
[7.370s] -- Up-to-date: /media/karthi/New Volume1/Warrior/Projects/ROS/dev_ws/install/turtlesim/include/turtlesim/action/detail/rotate_absolute__type_support.h
[7.371s] -- Up-to-date: /media/karthi/New Volume1/Warrior/Projects/ROS/dev_ws/install/turtlesim/include/turtlesim/action/rotate_absolute.h
[7.371s] -- Up-to-date: /media/karthi/New Volume1/Warrior/Projects/ROS/dev_ws/install/turtlesim/include/turtlesim/msg
[7.372s] -- Up-to-date: /media/karthi/New Volume1/Warrior/Projects/ROS/dev_ws/install/turtlesim/include/turtlesim/msg/color.h
[7.373s] -- Up-to-date: /media/karthi/New Volume1/Warrior/Projects/ROS/dev_ws/install/turtlesim/include/turtlesim/msg/detail
[7.373s] -- Up-to-date: /media/karthi/New Volume1/Warrior/Projects/ROS/dev_ws/install/turtlesim/include/turtlesim/msg/detail/color__functions.c
[7.374s] -- Up-to-date: /media/karthi/New Volume1/Warrior/Projects/ROS/dev_ws/install/turtlesim/include/turtlesim/msg/detail/color__functions.h
[7.375s] -- Up-to-date: /media/karthi/New Volume1/Warrior/Projects/ROS/dev_ws/install/turtlesim/include/turtlesim/msg/detail/color__struct.h
[7.375s] -- Up-to-date: /media/karthi/New Volume1/Warrior/Projects/ROS/dev_ws/install/turtlesim/include/turtlesim/msg/detail/color__type_support.h
[7.376s] -- Up-to-date: /media/karthi/New Volume1/Warrior/Projects/ROS/dev_ws/install/turtlesim/include/turtlesim/msg/detail/pose__functions.c
[7.376s] -- Up-to-date: /media/karthi/New Volume1/Warrior/Projects/ROS/dev_ws/install/turtlesim/include/turtlesim/msg/detail/pose__functions.h
[7.377s] -- Up-to-date: /media/karthi/New Volume1/Warrior/Projects/ROS/dev_ws/install/turtlesim/include/turtlesim/msg/detail/pose__struct.h
[7.378s] -- Up-to-date: /media/karthi/New Volume1/Warrior/Projects/ROS/dev_ws/install/turtlesim/include/turtlesim/msg/detail/pose__type_support.h
[7.378s] -- Up-to-date: /media/karthi/New Volume1/Warrior/Projects/ROS/dev_ws/install/turtlesim/include/turtlesim/msg/pose.h
[7.379s] -- Up-to-date: /media/karthi/New Volume1/Warrior/Projects/ROS/dev_ws/install/turtlesim/include/turtlesim/msg/rosidl_generator_c__visibility_control.h
[7.379s] -- Up-to-date: /media/karthi/New Volume1/Warrior/Projects/ROS/dev_ws/install/turtlesim/include/turtlesim/srv
[7.380s] -- Up-to-date: /media/karthi/New Volume1/Warrior/Projects/ROS/dev_ws/install/turtlesim/include/turtlesim/srv/detail
[7.381s] -- Up-to-date: /media/karthi/New Volume1/Warrior/Projects/ROS/dev_ws/install/turtlesim/include/turtlesim/srv/detail/kill__functions.c
[7.381s] -- Up-to-date: /media/karthi/New Volume1/Warrior/Projects/ROS/dev_ws/install/turtlesim/include/turtlesim/srv/detail/kill__functions.h
[7.382s] -- Up-to-date: /media/karthi/New Volume1/Warrior/Projects/ROS/dev_ws/install/turtlesim/include/turtlesim/srv/detail/kill__struct.h
[7.382s] -- Up-to-date: /media/karthi/New Volume1/Warrior/Projects/ROS/dev_ws/install/turtlesim/include/turtlesim/srv/detail/kill__type_support.h
[7.383s] -- Up-to-date: /media/karthi/New Volume1/Warrior/Projects/ROS/dev_ws/install/turtlesim/include/turtlesim/srv/detail/set_pen__functions.c
[7.384s] -- Up-to-date: /media/karthi/New Volume1/Warrior/Projects/ROS/dev_ws/install/turtlesim/include/turtlesim/srv/detail/set_pen__functions.h
[7.384s] -- Up-to-date: /media/karthi/New Volume1/Warrior/Projects/ROS/dev_ws/install/turtlesim/include/turtlesim/srv/detail/set_pen__struct.h
[7.385s] -- Up-to-date: /media/karthi/New Volume1/Warrior/Projects/ROS/dev_ws/install/turtlesim/include/turtlesim/srv/detail/set_pen__type_support.h
[7.385s] -- Up-to-date: /media/karthi/New Volume1/Warrior/Projects/ROS/dev_ws/install/turtlesim/include/turtlesim/srv/detail/spawn__functions.c
[7.386s] -- Up-to-date: /media/karthi/New Volume1/Warrior/Projects/ROS/dev_ws/install/turtlesim/include/turtlesim/srv/detail/spawn__functions.h
[7.387s] -- Up-to-date: /media/karthi/New Volume1/Warrior/Projects/ROS/dev_ws/install/turtlesim/include/turtlesim/srv/detail/spawn__struct.h
[7.387s] -- Up-to-date: /media/karthi/New Volume1/Warrior/Projects/ROS/dev_ws/install/turtlesim/include/turtlesim/srv/detail/spawn__type_support.h
[7.388s] -- Up-to-date: /media/karthi/New Volume1/Warrior/Projects/ROS/dev_ws/install/turtlesim/include/turtlesim/srv/detail/teleport_absolute__functions.c
[7.389s] -- Up-to-date: /media/karthi/New Volume1/Warrior/Projects/ROS/dev_ws/install/turtlesim/include/turtlesim/srv/detail/teleport_absolute__functions.h
[7.389s] -- Up-to-date: /media/karthi/New Volume1/Warrior/Projects/ROS/dev_ws/install/turtlesim/include/turtlesim/srv/detail/teleport_absolute__struct.h
[7.390s] -- Up-to-date: /media/karthi/New Volume1/Warrior/Projects/ROS/dev_ws/install/turtlesim/include/turtlesim/srv/detail/teleport_absolute__type_support.h
[7.390s] -- Up-to-date: /media/karthi/New Volume1/Warrior/Projects/ROS/dev_ws/install/turtlesim/include/turtlesim/srv/detail/teleport_relative__functions.c
[7.391s] -- Up-to-date: /media/karthi/New Volume1/Warrior/Projects/ROS/dev_ws/install/turtlesim/include/turtlesim/srv/detail/teleport_relative__functions.h
[7.392s] -- Up-to-date: /media/karthi/New Volume1/Warrior/Projects/ROS/dev_ws/install/turtlesim/include/turtlesim/srv/detail/teleport_relative__struct.h
[7.392s] -- Up-to-date: /media/karthi/New Volume1/Warrior/Projects/ROS/dev_ws/install/turtlesim/include/turtlesim/srv/detail/teleport_relative__type_support.h
[7.393s] -- Up-to-date: /media/karthi/New Volume1/Warrior/Projects/ROS/dev_ws/install/turtlesim/include/turtlesim/srv/kill.h
[7.393s] -- Up-to-date: /media/karthi/New Volume1/Warrior/Projects/ROS/dev_ws/install/turtlesim/include/turtlesim/srv/set_pen.h
[7.394s] -- Up-to-date: /media/karthi/New Volume1/Warrior/Projects/ROS/dev_ws/install/turtlesim/include/turtlesim/srv/spawn.h
[7.394s] -- Up-to-date: /media/karthi/New Volume1/Warrior/Projects/ROS/dev_ws/install/turtlesim/include/turtlesim/srv/teleport_absolute.h
[7.395s] -- Up-to-date: /media/karthi/New Volume1/Warrior/Projects/ROS/dev_ws/install/turtlesim/include/turtlesim/srv/teleport_relative.h
[7.396s] -- Up-to-date: /media/karthi/New Volume1/Warrior/Projects/ROS/dev_ws/install/turtlesim/share/turtlesim/environment/library_path.sh
[7.396s] -- Up-to-date: /media/karthi/New Volume1/Warrior/Projects/ROS/dev_ws/install/turtlesim/share/turtlesim/environment/library_path.dsv
[7.397s] -- Up-to-date: /media/karthi/New Volume1/Warrior/Projects/ROS/dev_ws/install/turtlesim/lib/libturtlesim__rosidl_generator_c.so
[7.399s] -- Up-to-date: /media/karthi/New Volume1/Warrior/Projects/ROS/dev_ws/install/turtlesim/include/turtlesim
[7.399s] -- Up-to-date: /media/karthi/New Volume1/Warrior/Projects/ROS/dev_ws/install/turtlesim/include/turtlesim/action
[7.400s] -- Up-to-date: /media/karthi/New Volume1/Warrior/Projects/ROS/dev_ws/install/turtlesim/include/turtlesim/action/detail
[7.401s] -- Up-to-date: /media/karthi/New Volume1/Warrior/Projects/ROS/dev_ws/install/turtlesim/include/turtlesim/action/detail/rotate_absolute__rosidl_typesupport_fastrtps_c.h
[7.401s] -- Up-to-date: /media/karthi/New Volume1/Warrior/Projects/ROS/dev_ws/install/turtlesim/include/turtlesim/msg
[7.402s] -- Up-to-date: /media/karthi/New Volume1/Warrior/Projects/ROS/dev_ws/install/turtlesim/include/turtlesim/msg/detail
[7.402s] -- Up-to-date: /media/karthi/New Volume1/Warrior/Projects/ROS/dev_ws/install/turtlesim/include/turtlesim/msg/detail/color__rosidl_typesupport_fastrtps_c.h
[7.403s] -- Up-to-date: /media/karthi/New Volume1/Warrior/Projects/ROS/dev_ws/install/turtlesim/include/turtlesim/msg/detail/pose__rosidl_typesupport_fastrtps_c.h
[7.404s] -- Up-to-date: /media/karthi/New Volume1/Warrior/Projects/ROS/dev_ws/install/turtlesim/include/turtlesim/msg/rosidl_typesupport_fastrtps_c__visibility_control.h
[7.404s] -- Up-to-date: /media/karthi/New Volume1/Warrior/Projects/ROS/dev_ws/install/turtlesim/include/turtlesim/srv
[7.405s] -- Up-to-date: /media/karthi/New Volume1/Warrior/Projects/ROS/dev_ws/install/turtlesim/include/turtlesim/srv/detail
[7.405s] -- Up-to-date: /media/karthi/New Volume1/Warrior/Projects/ROS/dev_ws/install/turtlesim/include/turtlesim/srv/detail/kill__rosidl_typesupport_fastrtps_c.h
[7.406s] -- Up-to-date: /media/karthi/New Volume1/Warrior/Projects/ROS/dev_ws/install/turtlesim/include/turtlesim/srv/detail/set_pen__rosidl_typesupport_fastrtps_c.h
[7.407s] -- Up-to-date: /media/karthi/New Volume1/Warrior/Projects/ROS/dev_ws/install/turtlesim/include/turtlesim/srv/detail/spawn__rosidl_typesupport_fastrtps_c.h
[7.407s] -- Up-to-date: /media/karthi/New Volume1/Warrior/Projects/ROS/dev_ws/install/turtlesim/include/turtlesim/srv/detail/teleport_absolute__rosidl_typesupport_fastrtps_c.h
[7.408s] -- Up-to-date: /media/karthi/New Volume1/Warrior/Projects/ROS/dev_ws/install/turtlesim/include/turtlesim/srv/detail/teleport_relative__rosidl_typesupport_fastrtps_c.h
[7.409s] -- Up-to-date: /media/karthi/New Volume1/Warrior/Projects/ROS/dev_ws/install/turtlesim/lib/libturtlesim__rosidl_typesupport_fastrtps_c.so
[7.410s] -- Up-to-date: /media/karthi/New Volume1/Warrior/Projects/ROS/dev_ws/install/turtlesim/include/turtlesim
[7.411s] -- Up-to-date: /media/karthi/New Volume1/Warrior/Projects/ROS/dev_ws/install/turtlesim/include/turtlesim/action
[7.411s] -- Up-to-date: /media/karthi/New Volume1/Warrior/Projects/ROS/dev_ws/install/turtlesim/include/turtlesim/action/detail
[7.412s] -- Up-to-date: /media/karthi/New Volume1/Warrior/Projects/ROS/dev_ws/install/turtlesim/include/turtlesim/action/detail/dds_fastrtps
[7.413s] -- Up-to-date: /media/karthi/New Volume1/Warrior/Projects/ROS/dev_ws/install/turtlesim/include/turtlesim/action/detail/rotate_absolute__rosidl_typesupport_fastrtps_cpp.hpp
[7.413s] -- Up-to-date: /media/karthi/New Volume1/Warrior/Projects/ROS/dev_ws/install/turtlesim/include/turtlesim/msg
[7.414s] -- Up-to-date: /media/karthi/New Volume1/Warrior/Projects/ROS/dev_ws/install/turtlesim/include/turtlesim/msg/detail
[7.415s] -- Up-to-date: /media/karthi/New Volume1/Warrior/Projects/ROS/dev_ws/install/turtlesim/include/turtlesim/msg/detail/color__rosidl_typesupport_fastrtps_cpp.hpp
[7.415s] -- Up-to-date: /media/karthi/New Volume1/Warrior/Projects/ROS/dev_ws/install/turtlesim/include/turtlesim/msg/detail/dds_fastrtps
[7.416s] -- Up-to-date: /media/karthi/New Volume1/Warrior/Projects/ROS/dev_ws/install/turtlesim/include/turtlesim/msg/detail/pose__rosidl_typesupport_fastrtps_cpp.hpp
[7.417s] -- Up-to-date: /media/karthi/New Volume1/Warrior/Projects/ROS/dev_ws/install/turtlesim/include/turtlesim/msg/rosidl_typesupport_fastrtps_cpp__visibility_control.h
[7.417s] -- Up-to-date: /media/karthi/New Volume1/Warrior/Projects/ROS/dev_ws/install/turtlesim/include/turtlesim/srv
[7.418s] -- Up-to-date: /media/karthi/New Volume1/Warrior/Projects/ROS/dev_ws/install/turtlesim/include/turtlesim/srv/detail
[7.418s] -- Up-to-date: /media/karthi/New Volume1/Warrior/Projects/ROS/dev_ws/install/turtlesim/include/turtlesim/srv/detail/dds_fastrtps
[7.419s] -- Up-to-date: /media/karthi/New Volume1/Warrior/Projects/ROS/dev_ws/install/turtlesim/include/turtlesim/srv/detail/kill__rosidl_typesupport_fastrtps_cpp.hpp
[7.420s] -- Up-to-date: /media/karthi/New Volume1/Warrior/Projects/ROS/dev_ws/install/turtlesim/include/turtlesim/srv/detail/set_pen__rosidl_typesupport_fastrtps_cpp.hpp
[7.420s] -- Up-to-date: /media/karthi/New Volume1/Warrior/Projects/ROS/dev_ws/install/turtlesim/include/turtlesim/srv/detail/spawn__rosidl_typesupport_fastrtps_cpp.hpp
[7.421s] -- Up-to-date: /media/karthi/New Volume1/Warrior/Projects/ROS/dev_ws/install/turtlesim/include/turtlesim/srv/detail/teleport_absolute__rosidl_typesupport_fastrtps_cpp.hpp
[7.422s] -- Up-to-date: /media/karthi/New Volume1/Warrior/Projects/ROS/dev_ws/install/turtlesim/include/turtlesim/srv/detail/teleport_relative__rosidl_typesupport_fastrtps_cpp.hpp
[7.423s] -- Up-to-date: /media/karthi/New Volume1/Warrior/Projects/ROS/dev_ws/install/turtlesim/lib/libturtlesim__rosidl_typesupport_fastrtps_cpp.so
[7.424s] -- Up-to-date: /media/karthi/New Volume1/Warrior/Projects/ROS/dev_ws/install/turtlesim/include/turtlesim
[7.424s] -- Up-to-date: /media/karthi/New Volume1/Warrior/Projects/ROS/dev_ws/install/turtlesim/include/turtlesim/action
[7.425s] -- Up-to-date: /media/karthi/New Volume1/Warrior/Projects/ROS/dev_ws/install/turtlesim/include/turtlesim/action/detail
[7.426s] -- Up-to-date: /media/karthi/New Volume1/Warrior/Projects/ROS/dev_ws/install/turtlesim/include/turtlesim/action/detail/rotate_absolute__rosidl_typesupport_introspection_c.h
[7.426s] -- Up-to-date: /media/karthi/New Volume1/Warrior/Projects/ROS/dev_ws/install/turtlesim/include/turtlesim/action/detail/rotate_absolute__type_support.c
[7.427s] -- Up-to-date: /media/karthi/New Volume1/Warrior/Projects/ROS/dev_ws/install/turtlesim/include/turtlesim/msg
[7.428s] -- Up-to-date: /media/karthi/New Volume1/Warrior/Projects/ROS/dev_ws/install/turtlesim/include/turtlesim/msg/detail
[7.428s] -- Up-to-date: /media/karthi/New Volume1/Warrior/Projects/ROS/dev_ws/install/turtlesim/include/turtlesim/msg/detail/color__rosidl_typesupport_introspection_c.h
[7.429s] -- Up-to-date: /media/karthi/New Volume1/Warrior/Projects/ROS/dev_ws/install/turtlesim/include/turtlesim/msg/detail/color__type_support.c
[7.430s] -- Up-to-date: /media/karthi/New Volume1/Warrior/Projects/ROS/dev_ws/install/turtlesim/include/turtlesim/msg/detail/pose__rosidl_typesupport_introspection_c.h
[7.430s] -- Up-to-date: /media/karthi/New Volume1/Warrior/Projects/ROS/dev_ws/install/turtlesim/include/turtlesim/msg/detail/pose__type_support.c
[7.431s] -- Up-to-date: /media/karthi/New Volume1/Warrior/Projects/ROS/dev_ws/install/turtlesim/include/turtlesim/msg/rosidl_typesupport_introspection_c__visibility_control.h
[7.431s] -- Up-to-date: /media/karthi/New Volume1/Warrior/Projects/ROS/dev_ws/install/turtlesim/include/turtlesim/srv
[7.432s] -- Up-to-date: /media/karthi/New Volume1/Warrior/Projects/ROS/dev_ws/install/turtlesim/include/turtlesim/srv/detail
[7.433s] -- Up-to-date: /media/karthi/New Volume1/Warrior/Projects/ROS/dev_ws/install/turtlesim/include/turtlesim/srv/detail/kill__rosidl_typesupport_introspection_c.h
[7.433s] -- Up-to-date: /media/karthi/New Volume1/Warrior/Projects/ROS/dev_ws/install/turtlesim/include/turtlesim/srv/detail/kill__type_support.c
[7.434s] -- Up-to-date: /media/karthi/New Volume1/Warrior/Projects/ROS/dev_ws/install/turtlesim/include/turtlesim/srv/detail/set_pen__rosidl_typesupport_introspection_c.h
[7.434s] -- Up-to-date: /media/karthi/New Volume1/Warrior/Projects/ROS/dev_ws/install/turtlesim/include/turtlesim/srv/detail/set_pen__type_support.c
[7.435s] -- Up-to-date: /media/karthi/New Volume1/Warrior/Projects/ROS/dev_ws/install/turtlesim/include/turtlesim/srv/detail/spawn__rosidl_typesupport_introspection_c.h
[7.436s] -- Up-to-date: /media/karthi/New Volume1/Warrior/Projects/ROS/dev_ws/install/turtlesim/include/turtlesim/srv/detail/spawn__type_support.c
[7.436s] -- Up-to-date: /media/karthi/New Volume1/Warrior/Projects/ROS/dev_ws/install/turtlesim/include/turtlesim/srv/detail/teleport_absolute__rosidl_typesupport_introspection_c.h
[7.437s] -- Up-to-date: /media/karthi/New Volume1/Warrior/Projects/ROS/dev_ws/install/turtlesim/include/turtlesim/srv/detail/teleport_absolute__type_support.c
[7.437s] -- Up-to-date: /media/karthi/New Volume1/Warrior/Projects/ROS/dev_ws/install/turtlesim/include/turtlesim/srv/detail/teleport_relative__rosidl_typesupport_introspection_c.h
[7.438s] -- Up-to-date: /media/karthi/New Volume1/Warrior/Projects/ROS/dev_ws/install/turtlesim/include/turtlesim/srv/detail/teleport_relative__type_support.c
[7.439s] -- Up-to-date: /media/karthi/New Volume1/Warrior/Projects/ROS/dev_ws/install/turtlesim/lib/libturtlesim__rosidl_typesupport_introspection_c.so
[7.441s] -- Up-to-date: /media/karthi/New Volume1/Warrior/Projects/ROS/dev_ws/install/turtlesim/lib/libturtlesim__rosidl_typesupport_c.so
[7.442s] -- Up-to-date: /media/karthi/New Volume1/Warrior/Projects/ROS/dev_ws/install/turtlesim/include/turtlesim
[7.442s] -- Up-to-date: /media/karthi/New Volume1/Warrior/Projects/ROS/dev_ws/install/turtlesim/include/turtlesim/action
[7.443s] -- Up-to-date: /media/karthi/New Volume1/Warrior/Projects/ROS/dev_ws/install/turtlesim/include/turtlesim/action/detail
[7.444s] -- Up-to-date: /media/karthi/New Volume1/Warrior/Projects/ROS/dev_ws/install/turtlesim/include/turtlesim/action/detail/rotate_absolute__builder.hpp
[7.445s] -- Up-to-date: /media/karthi/New Volume1/Warrior/Projects/ROS/dev_ws/install/turtlesim/include/turtlesim/action/detail/rotate_absolute__struct.hpp
[7.445s] -- Up-to-date: /media/karthi/New Volume1/Warrior/Projects/ROS/dev_ws/install/turtlesim/include/turtlesim/action/detail/rotate_absolute__traits.hpp
[7.446s] -- Up-to-date: /media/karthi/New Volume1/Warrior/Projects/ROS/dev_ws/install/turtlesim/include/turtlesim/action/rotate_absolute.hpp
[7.446s] -- Up-to-date: /media/karthi/New Volume1/Warrior/Projects/ROS/dev_ws/install/turtlesim/include/turtlesim/msg
[7.447s] -- Up-to-date: /media/karthi/New Volume1/Warrior/Projects/ROS/dev_ws/install/turtlesim/include/turtlesim/msg/color.hpp
[7.447s] -- Up-to-date: /media/karthi/New Volume1/Warrior/Projects/ROS/dev_ws/install/turtlesim/include/turtlesim/msg/detail
[7.448s] -- Up-to-date: /media/karthi/New Volume1/Warrior/Projects/ROS/dev_ws/install/turtlesim/include/turtlesim/msg/detail/color__builder.hpp
[7.449s] -- Up-to-date: /media/karthi/New Volume1/Warrior/Projects/ROS/dev_ws/install/turtlesim/include/turtlesim/msg/detail/color__struct.hpp
[7.449s] -- Up-to-date: /media/karthi/New Volume1/Warrior/Projects/ROS/dev_ws/install/turtlesim/include/turtlesim/msg/detail/color__traits.hpp
[7.450s] -- Up-to-date: /media/karthi/New Volume1/Warrior/Projects/ROS/dev_ws/install/turtlesim/include/turtlesim/msg/detail/pose__builder.hpp
[7.450s] -- Up-to-date: /media/karthi/New Volume1/Warrior/Projects/ROS/dev_ws/install/turtlesim/include/turtlesim/msg/detail/pose__struct.hpp
[7.451s] -- Up-to-date: /media/karthi/New Volume1/Warrior/Projects/ROS/dev_ws/install/turtlesim/include/turtlesim/msg/detail/pose__traits.hpp
[7.451s] -- Up-to-date: /media/karthi/New Volume1/Warrior/Projects/ROS/dev_ws/install/turtlesim/include/turtlesim/msg/pose.hpp
[7.452s] -- Up-to-date: /media/karthi/New Volume1/Warrior/Projects/ROS/dev_ws/install/turtlesim/include/turtlesim/srv
[7.452s] -- Up-to-date: /media/karthi/New Volume1/Warrior/Projects/ROS/dev_ws/install/turtlesim/include/turtlesim/srv/detail
[7.453s] -- Up-to-date: /media/karthi/New Volume1/Warrior/Projects/ROS/dev_ws/install/turtlesim/include/turtlesim/srv/detail/kill__builder.hpp
[7.454s] -- Up-to-date: /media/karthi/New Volume1/Warrior/Projects/ROS/dev_ws/install/turtlesim/include/turtlesim/srv/detail/kill__struct.hpp
[7.454s] -- Up-to-date: /media/karthi/New Volume1/Warrior/Projects/ROS/dev_ws/install/turtlesim/include/turtlesim/srv/detail/kill__traits.hpp
[7.455s] -- Up-to-date: /media/karthi/New Volume1/Warrior/Projects/ROS/dev_ws/install/turtlesim/include/turtlesim/srv/detail/set_pen__builder.hpp
[7.455s] -- Up-to-date: /media/karthi/New Volume1/Warrior/Projects/ROS/dev_ws/install/turtlesim/include/turtlesim/srv/detail/set_pen__struct.hpp
[7.456s] -- Up-to-date: /media/karthi/New Volume1/Warrior/Projects/ROS/dev_ws/install/turtlesim/include/turtlesim/srv/detail/set_pen__traits.hpp
[7.457s] -- Up-to-date: /media/karthi/New Volume1/Warrior/Projects/ROS/dev_ws/install/turtlesim/include/turtlesim/srv/detail/spawn__builder.hpp
[7.457s] -- Up-to-date: /media/karthi/New Volume1/Warrior/Projects/ROS/dev_ws/install/turtlesim/include/turtlesim/srv/detail/spawn__struct.hpp
[7.458s] -- Up-to-date: /media/karthi/New Volume1/Warrior/Projects/ROS/dev_ws/install/turtlesim/include/turtlesim/srv/detail/spawn__traits.hpp
[7.458s] -- Up-to-date: /media/karthi/New Volume1/Warrior/Projects/ROS/dev_ws/install/turtlesim/include/turtlesim/srv/detail/teleport_absolute__builder.hpp
[7.459s] -- Up-to-date: /media/karthi/New Volume1/Warrior/Projects/ROS/dev_ws/install/turtlesim/include/turtlesim/srv/detail/teleport_absolute__struct.hpp
[7.459s] -- Up-to-date: /media/karthi/New Volume1/Warrior/Projects/ROS/dev_ws/install/turtlesim/include/turtlesim/srv/detail/teleport_absolute__traits.hpp
[7.460s] -- Up-to-date: /media/karthi/New Volume1/Warrior/Projects/ROS/dev_ws/install/turtlesim/include/turtlesim/srv/detail/teleport_relative__builder.hpp
[7.461s] -- Up-to-date: /media/karthi/New Volume1/Warrior/Projects/ROS/dev_ws/install/turtlesim/include/turtlesim/srv/detail/teleport_relative__struct.hpp
[7.461s] -- Up-to-date: /media/karthi/New Volume1/Warrior/Projects/ROS/dev_ws/install/turtlesim/include/turtlesim/srv/detail/teleport_relative__traits.hpp
[7.462s] -- Up-to-date: /media/karthi/New Volume1/Warrior/Projects/ROS/dev_ws/install/turtlesim/include/turtlesim/srv/kill.hpp
[7.462s] -- Up-to-date: /media/karthi/New Volume1/Warrior/Projects/ROS/dev_ws/install/turtlesim/include/turtlesim/srv/set_pen.hpp
[7.463s] -- Up-to-date: /media/karthi/New Volume1/Warrior/Projects/ROS/dev_ws/install/turtlesim/include/turtlesim/srv/spawn.hpp
[7.463s] -- Up-to-date: /media/karthi/New Volume1/Warrior/Projects/ROS/dev_ws/install/turtlesim/include/turtlesim/srv/teleport_absolute.hpp
[7.464s] -- Up-to-date: /media/karthi/New Volume1/Warrior/Projects/ROS/dev_ws/install/turtlesim/include/turtlesim/srv/teleport_relative.hpp
[7.464s] -- Up-to-date: /media/karthi/New Volume1/Warrior/Projects/ROS/dev_ws/install/turtlesim/include/turtlesim
[7.465s] -- Up-to-date: /media/karthi/New Volume1/Warrior/Projects/ROS/dev_ws/install/turtlesim/include/turtlesim/action
[7.465s] -- Up-to-date: /media/karthi/New Volume1/Warrior/Projects/ROS/dev_ws/install/turtlesim/include/turtlesim/action/detail
[7.466s] -- Up-to-date: /media/karthi/New Volume1/Warrior/Projects/ROS/dev_ws/install/turtlesim/include/turtlesim/action/detail/rotate_absolute__rosidl_typesupport_introspection_cpp.hpp
[7.467s] -- Up-to-date: /media/karthi/New Volume1/Warrior/Projects/ROS/dev_ws/install/turtlesim/include/turtlesim/action/detail/rotate_absolute__type_support.cpp
[7.467s] -- Up-to-date: /media/karthi/New Volume1/Warrior/Projects/ROS/dev_ws/install/turtlesim/include/turtlesim/msg
[7.468s] -- Up-to-date: /media/karthi/New Volume1/Warrior/Projects/ROS/dev_ws/install/turtlesim/include/turtlesim/msg/detail
[7.469s] -- Up-to-date: /media/karthi/New Volume1/Warrior/Projects/ROS/dev_ws/install/turtlesim/include/turtlesim/msg/detail/color__rosidl_typesupport_introspection_cpp.hpp
[7.469s] -- Up-to-date: /media/karthi/New Volume1/Warrior/Projects/ROS/dev_ws/install/turtlesim/include/turtlesim/msg/detail/color__type_support.cpp
[7.470s] -- Up-to-date: /media/karthi/New Volume1/Warrior/Projects/ROS/dev_ws/install/turtlesim/include/turtlesim/msg/detail/pose__rosidl_typesupport_introspection_cpp.hpp
[7.470s] -- Up-to-date: /media/karthi/New Volume1/Warrior/Projects/ROS/dev_ws/install/turtlesim/include/turtlesim/msg/detail/pose__type_support.cpp
[7.471s] -- Up-to-date: /media/karthi/New Volume1/Warrior/Projects/ROS/dev_ws/install/turtlesim/include/turtlesim/srv
[7.471s] -- Up-to-date: /media/karthi/New Volume1/Warrior/Projects/ROS/dev_ws/install/turtlesim/include/turtlesim/srv/detail
[7.472s] -- Up-to-date: /media/karthi/New Volume1/Warrior/Projects/ROS/dev_ws/install/turtlesim/include/turtlesim/srv/detail/kill__rosidl_typesupport_introspection_cpp.hpp
[7.473s] -- Up-to-date: /media/karthi/New Volume1/Warrior/Projects/ROS/dev_ws/install/turtlesim/include/turtlesim/srv/detail/kill__type_support.cpp
[7.473s] -- Up-to-date: /media/karthi/New Volume1/Warrior/Projects/ROS/dev_ws/install/turtlesim/include/turtlesim/srv/detail/set_pen__rosidl_typesupport_introspection_cpp.hpp
[7.474s] -- Up-to-date: /media/karthi/New Volume1/Warrior/Projects/ROS/dev_ws/install/turtlesim/include/turtlesim/srv/detail/set_pen__type_support.cpp
[7.474s] -- Up-to-date: /media/karthi/New Volume1/Warrior/Projects/ROS/dev_ws/install/turtlesim/include/turtlesim/srv/detail/spawn__rosidl_typesupport_introspection_cpp.hpp
[7.475s] -- Up-to-date: /media/karthi/New Volume1/Warrior/Projects/ROS/dev_ws/install/turtlesim/include/turtlesim/srv/detail/spawn__type_support.cpp
[7.476s] -- Up-to-date: /media/karthi/New Volume1/Warrior/Projects/ROS/dev_ws/install/turtlesim/include/turtlesim/srv/detail/teleport_absolute__rosidl_typesupport_introspection_cpp.hpp
[7.476s] -- Up-to-date: /media/karthi/New Volume1/Warrior/Projects/ROS/dev_ws/install/turtlesim/include/turtlesim/srv/detail/teleport_absolute__type_support.cpp
[7.477s] -- Up-to-date: /media/karthi/New Volume1/Warrior/Projects/ROS/dev_ws/install/turtlesim/include/turtlesim/srv/detail/teleport_relative__rosidl_typesupport_introspection_cpp.hpp
[7.477s] -- Up-to-date: /media/karthi/New Volume1/Warrior/Projects/ROS/dev_ws/install/turtlesim/include/turtlesim/srv/detail/teleport_relative__type_support.cpp
[7.478s] -- Up-to-date: /media/karthi/New Volume1/Warrior/Projects/ROS/dev_ws/install/turtlesim/lib/libturtlesim__rosidl_typesupport_introspection_cpp.so
[7.480s] -- Up-to-date: /media/karthi/New Volume1/Warrior/Projects/ROS/dev_ws/install/turtlesim/lib/libturtlesim__rosidl_typesupport_cpp.so
[7.481s] -- Up-to-date: /media/karthi/New Volume1/Warrior/Projects/ROS/dev_ws/install/turtlesim/share/turtlesim/environment/pythonpath.sh
[7.482s] -- Up-to-date: /media/karthi/New Volume1/Warrior/Projects/ROS/dev_ws/install/turtlesim/share/turtlesim/environment/pythonpath.dsv
[7.483s] -- Up-to-date: /media/karthi/New Volume1/Warrior/Projects/ROS/dev_ws/install/turtlesim/lib/python3.8/site-packages/turtlesim/__init__.py
[7.512s] -- Up-to-date: /media/karthi/New Volume1/Warrior/Projects/ROS/dev_ws/install/turtlesim/lib/python3.8/site-packages/turtlesim/action
[7.513s] -- Up-to-date: /media/karthi/New Volume1/Warrior/Projects/ROS/dev_ws/install/turtlesim/lib/python3.8/site-packages/turtlesim/action/_rotate_absolute.py
[7.513s] -- Up-to-date: /media/karthi/New Volume1/Warrior/Projects/ROS/dev_ws/install/turtlesim/lib/python3.8/site-packages/turtlesim/action/_rotate_absolute_s.c
[7.514s] -- Up-to-date: /media/karthi/New Volume1/Warrior/Projects/ROS/dev_ws/install/turtlesim/lib/python3.8/site-packages/turtlesim/action/__init__.py
[7.515s] -- Up-to-date: /media/karthi/New Volume1/Warrior/Projects/ROS/dev_ws/install/turtlesim/lib/python3.8/site-packages/turtlesim/msg
[7.515s] -- Up-to-date: /media/karthi/New Volume1/Warrior/Projects/ROS/dev_ws/install/turtlesim/lib/python3.8/site-packages/turtlesim/msg/_color.py
[7.516s] -- Up-to-date: /media/karthi/New Volume1/Warrior/Projects/ROS/dev_ws/install/turtlesim/lib/python3.8/site-packages/turtlesim/msg/_color_s.c
[7.517s] -- Up-to-date: /media/karthi/New Volume1/Warrior/Projects/ROS/dev_ws/install/turtlesim/lib/python3.8/site-packages/turtlesim/msg/_pose.py
[7.517s] -- Up-to-date: /media/karthi/New Volume1/Warrior/Projects/ROS/dev_ws/install/turtlesim/lib/python3.8/site-packages/turtlesim/msg/_pose_s.c
[7.518s] -- Up-to-date: /media/karthi/New Volume1/Warrior/Projects/ROS/dev_ws/install/turtlesim/lib/python3.8/site-packages/turtlesim/msg/__init__.py
[7.518s] -- Up-to-date: /media/karthi/New Volume1/Warrior/Projects/ROS/dev_ws/install/turtlesim/lib/python3.8/site-packages/turtlesim/srv
[7.519s] -- Up-to-date: /media/karthi/New Volume1/Warrior/Projects/ROS/dev_ws/install/turtlesim/lib/python3.8/site-packages/turtlesim/srv/_kill.py
[7.520s] -- Up-to-date: /media/karthi/New Volume1/Warrior/Projects/ROS/dev_ws/install/turtlesim/lib/python3.8/site-packages/turtlesim/srv/_kill_s.c
[7.521s] -- Up-to-date: /media/karthi/New Volume1/Warrior/Projects/ROS/dev_ws/install/turtlesim/lib/python3.8/site-packages/turtlesim/srv/_set_pen.py
[7.521s] -- Up-to-date: /media/karthi/New Volume1/Warrior/Projects/ROS/dev_ws/install/turtlesim/lib/python3.8/site-packages/turtlesim/srv/_set_pen_s.c
[7.522s] -- Up-to-date: /media/karthi/New Volume1/Warrior/Projects/ROS/dev_ws/install/turtlesim/lib/python3.8/site-packages/turtlesim/srv/_spawn.py
[7.522s] -- Up-to-date: /media/karthi/New Volume1/Warrior/Projects/ROS/dev_ws/install/turtlesim/lib/python3.8/site-packages/turtlesim/srv/_spawn_s.c
[7.523s] -- Up-to-date: /media/karthi/New Volume1/Warrior/Projects/ROS/dev_ws/install/turtlesim/lib/python3.8/site-packages/turtlesim/srv/_teleport_absolute.py
[7.524s] -- Up-to-date: /media/karthi/New Volume1/Warrior/Projects/ROS/dev_ws/install/turtlesim/lib/python3.8/site-packages/turtlesim/srv/_teleport_absolute_s.c
[7.524s] -- Up-to-date: /media/karthi/New Volume1/Warrior/Projects/ROS/dev_ws/install/turtlesim/lib/python3.8/site-packages/turtlesim/srv/_teleport_relative.py
[7.525s] -- Up-to-date: /media/karthi/New Volume1/Warrior/Projects/ROS/dev_ws/install/turtlesim/lib/python3.8/site-packages/turtlesim/srv/_teleport_relative_s.c
[7.525s] -- Up-to-date: /media/karthi/New Volume1/Warrior/Projects/ROS/dev_ws/install/turtlesim/lib/python3.8/site-packages/turtlesim/srv/__init__.py
[7.527s] -- Up-to-date: /media/karthi/New Volume1/Warrior/Projects/ROS/dev_ws/install/turtlesim/lib/python3.8/site-packages/turtlesim/turtlesim_s__rosidl_typesupport_fastrtps_c.cpython-38-x86_64-linux-gnu.so
[7.529s] -- Up-to-date: /media/karthi/New Volume1/Warrior/Projects/ROS/dev_ws/install/turtlesim/lib/python3.8/site-packages/turtlesim/turtlesim_s__rosidl_typesupport_introspection_c.cpython-38-x86_64-linux-gnu.so
[7.531s] -- Up-to-date: /media/karthi/New Volume1/Warrior/Projects/ROS/dev_ws/install/turtlesim/lib/python3.8/site-packages/turtlesim/turtlesim_s__rosidl_typesupport_c.cpython-38-x86_64-linux-gnu.so
[7.533s] -- Up-to-date: /media/karthi/New Volume1/Warrior/Projects/ROS/dev_ws/install/turtlesim/lib/libturtlesim__python.so
[7.534s] -- Up-to-date: /media/karthi/New Volume1/Warrior/Projects/ROS/dev_ws/install/turtlesim/share/turtlesim/action/RotateAbsolute.idl
[7.535s] -- Up-to-date: /media/karthi/New Volume1/Warrior/Projects/ROS/dev_ws/install/turtlesim/share/turtlesim/msg/Color.idl
[7.536s] -- Up-to-date: /media/karthi/New Volume1/Warrior/Projects/ROS/dev_ws/install/turtlesim/share/turtlesim/msg/Pose.idl
[7.537s] -- Up-to-date: /media/karthi/New Volume1/Warrior/Projects/ROS/dev_ws/install/turtlesim/share/turtlesim/srv/Kill.idl
[7.537s] -- Up-to-date: /media/karthi/New Volume1/Warrior/Projects/ROS/dev_ws/install/turtlesim/share/turtlesim/srv/SetPen.idl
[7.538s] -- Up-to-date: /media/karthi/New Volume1/Warrior/Projects/ROS/dev_ws/install/turtlesim/share/turtlesim/srv/Spawn.idl
[7.539s] -- Up-to-date: /media/karthi/New Volume1/Warrior/Projects/ROS/dev_ws/install/turtlesim/share/turtlesim/srv/TeleportAbsolute.idl
[7.539s] -- Up-to-date: /media/karthi/New Volume1/Warrior/Projects/ROS/dev_ws/install/turtlesim/share/turtlesim/srv/TeleportRelative.idl
[7.540s] -- Up-to-date: /media/karthi/New Volume1/Warrior/Projects/ROS/dev_ws/install/turtlesim/share/turtlesim/action/RotateAbsolute.action
[7.541s] -- Up-to-date: /media/karthi/New Volume1/Warrior/Projects/ROS/dev_ws/install/turtlesim/share/turtlesim/msg/Color.msg
[7.541s] -- Up-to-date: /media/karthi/New Volume1/Warrior/Projects/ROS/dev_ws/install/turtlesim/share/turtlesim/msg/Pose.msg
[7.542s] -- Up-to-date: /media/karthi/New Volume1/Warrior/Projects/ROS/dev_ws/install/turtlesim/share/turtlesim/srv/Kill.srv
[7.543s] -- Up-to-date: /media/karthi/New Volume1/Warrior/Projects/ROS/dev_ws/install/turtlesim/share/turtlesim/srv/Kill_Request.msg
[7.543s] -- Up-to-date: /media/karthi/New Volume1/Warrior/Projects/ROS/dev_ws/install/turtlesim/share/turtlesim/srv/Kill_Response.msg
[7.544s] -- Up-to-date: /media/karthi/New Volume1/Warrior/Projects/ROS/dev_ws/install/turtlesim/share/turtlesim/srv/SetPen.srv
[7.545s] -- Up-to-date: /media/karthi/New Volume1/Warrior/Projects/ROS/dev_ws/install/turtlesim/share/turtlesim/srv/SetPen_Request.msg
[7.545s] -- Up-to-date: /media/karthi/New Volume1/Warrior/Projects/ROS/dev_ws/install/turtlesim/share/turtlesim/srv/SetPen_Response.msg
[7.546s] -- Up-to-date: /media/karthi/New Volume1/Warrior/Projects/ROS/dev_ws/install/turtlesim/share/turtlesim/srv/Spawn.srv
[7.547s] -- Up-to-date: /media/karthi/New Volume1/Warrior/Projects/ROS/dev_ws/install/turtlesim/share/turtlesim/srv/Spawn_Request.msg
[7.547s] -- Up-to-date: /media/karthi/New Volume1/Warrior/Projects/ROS/dev_ws/install/turtlesim/share/turtlesim/srv/Spawn_Response.msg
[7.548s] -- Up-to-date: /media/karthi/New Volume1/Warrior/Projects/ROS/dev_ws/install/turtlesim/share/turtlesim/srv/TeleportAbsolute.srv
[7.549s] -- Up-to-date: /media/karthi/New Volume1/Warrior/Projects/ROS/dev_ws/install/turtlesim/share/turtlesim/srv/TeleportAbsolute_Request.msg
[7.549s] -- Up-to-date: /media/karthi/New Volume1/Warrior/Projects/ROS/dev_ws/install/turtlesim/share/turtlesim/srv/TeleportAbsolute_Response.msg
[7.550s] -- Up-to-date: /media/karthi/New Volume1/Warrior/Projects/ROS/dev_ws/install/turtlesim/share/turtlesim/srv/TeleportRelative.srv
[7.551s] -- Up-to-date: /media/karthi/New Volume1/Warrior/Projects/ROS/dev_ws/install/turtlesim/share/turtlesim/srv/TeleportRelative_Request.msg
[7.551s] -- Up-to-date: /media/karthi/New Volume1/Warrior/Projects/ROS/dev_ws/install/turtlesim/share/turtlesim/srv/TeleportRelative_Response.msg
[7.552s] -- Installing: /media/karthi/New Volume1/Warrior/Projects/ROS/dev_ws/install/turtlesim/lib/turtlesim/turtlesim_node
[7.581s] -- Set runtime path of "/media/karthi/New Volume1/Warrior/Projects/ROS/dev_ws/install/turtlesim/lib/turtlesim/turtlesim_node" to ""
[7.582s] -- Up-to-date: /media/karthi/New Volume1/Warrior/Projects/ROS/dev_ws/install/turtlesim/lib/turtlesim/turtle_teleop_key
[7.583s] -- Up-to-date: /media/karthi/New Volume1/Warrior/Projects/ROS/dev_ws/install/turtlesim/lib/turtlesim/draw_square
[7.585s] -- Up-to-date: /media/karthi/New Volume1/Warrior/Projects/ROS/dev_ws/install/turtlesim/lib/turtlesim/mimic
[7.586s] -- Up-to-date: /media/karthi/New Volume1/Warrior/Projects/ROS/dev_ws/install/turtlesim/share/turtlesim/images
[7.587s] -- Up-to-date: /media/karthi/New Volume1/Warrior/Projects/ROS/dev_ws/install/turtlesim/share/turtlesim/images/ardent.png
[7.588s] -- Up-to-date: /media/karthi/New Volume1/Warrior/Projects/ROS/dev_ws/install/turtlesim/share/turtlesim/images/bouncy.png
[7.588s] -- Up-to-date: /media/karthi/New Volume1/Warrior/Projects/ROS/dev_ws/install/turtlesim/share/turtlesim/images/crystal.png
[7.589s] -- Up-to-date: /media/karthi/New Volume1/Warrior/Projects/ROS/dev_ws/install/turtlesim/share/turtlesim/images/dashing.png
[7.589s] -- Up-to-date: /media/karthi/New Volume1/Warrior/Projects/ROS/dev_ws/install/turtlesim/share/turtlesim/images/eloquent.png
[7.590s] -- Up-to-date: /media/karthi/New Volume1/Warrior/Projects/ROS/dev_ws/install/turtlesim/share/turtlesim/images/foxy.png
[7.590s] -- Up-to-date: /media/karthi/New Volume1/Warrior/Projects/ROS/dev_ws/install/turtlesim/share/turtlesim/launch
[7.591s] -- Up-to-date: /media/karthi/New Volume1/Warrior/Projects/ROS/dev_ws/install/turtlesim/share/turtlesim/launch/multisim.launch.py
[7.592s] -- Up-to-date: /media/karthi/New Volume1/Warrior/Projects/ROS/dev_ws/install/turtlesim/share/ament_index/resource_index/package_run_dependencies/turtlesim
[7.592s] -- Up-to-date: /media/karthi/New Volume1/Warrior/Projects/ROS/dev_ws/install/turtlesim/share/ament_index/resource_index/parent_prefix_path/turtlesim
[7.593s] -- Up-to-date: /media/karthi/New Volume1/Warrior/Projects/ROS/dev_ws/install/turtlesim/share/turtlesim/environment/ament_prefix_path.sh
[7.594s] -- Up-to-date: /media/karthi/New Volume1/Warrior/Projects/ROS/dev_ws/install/turtlesim/share/turtlesim/environment/ament_prefix_path.dsv
[7.594s] -- Up-to-date: /media/karthi/New Volume1/Warrior/Projects/ROS/dev_ws/install/turtlesim/share/turtlesim/environment/path.sh
[7.595s] -- Up-to-date: /media/karthi/New Volume1/Warrior/Projects/ROS/dev_ws/install/turtlesim/share/turtlesim/environment/path.dsv
[7.595s] -- Up-to-date: /media/karthi/New Volume1/Warrior/Projects/ROS/dev_ws/install/turtlesim/share/turtlesim/local_setup.bash
[7.596s] -- Up-to-date: /media/karthi/New Volume1/Warrior/Projects/ROS/dev_ws/install/turtlesim/share/turtlesim/local_setup.sh
[7.596s] -- Up-to-date: /media/karthi/New Volume1/Warrior/Projects/ROS/dev_ws/install/turtlesim/share/turtlesim/local_setup.zsh
[7.597s] -- Up-to-date: /media/karthi/New Volume1/Warrior/Projects/ROS/dev_ws/install/turtlesim/share/turtlesim/local_setup.dsv
[7.598s] -- Installing: /media/karthi/New Volume1/Warrior/Projects/ROS/dev_ws/install/turtlesim/share/turtlesim/package.dsv
[7.600s] -- Up-to-date: /media/karthi/New Volume1/Warrior/Projects/ROS/dev_ws/install/turtlesim/share/ament_index/resource_index/packages/turtlesim
[7.601s] -- Up-to-date: /media/karthi/New Volume1/Warrior/Projects/ROS/dev_ws/install/turtlesim/share/turtlesim/cmake/turtlesim__rosidl_generator_cExport.cmake
[7.602s] -- Up-to-date: /media/karthi/New Volume1/Warrior/Projects/ROS/dev_ws/install/turtlesim/share/turtlesim/cmake/turtlesim__rosidl_generator_cExport-noconfig.cmake
[7.603s] -- Up-to-date: /media/karthi/New Volume1/Warrior/Projects/ROS/dev_ws/install/turtlesim/share/turtlesim/cmake/turtlesim__rosidl_typesupport_introspection_cExport.cmake
[7.603s] -- Up-to-date: /media/karthi/New Volume1/Warrior/Projects/ROS/dev_ws/install/turtlesim/share/turtlesim/cmake/turtlesim__rosidl_typesupport_introspection_cExport-noconfig.cmake
[7.605s] -- Up-to-date: /media/karthi/New Volume1/Warrior/Projects/ROS/dev_ws/install/turtlesim/share/turtlesim/cmake/turtlesim__rosidl_typesupport_cExport.cmake
[7.605s] -- Up-to-date: /media/karthi/New Volume1/Warrior/Projects/ROS/dev_ws/install/turtlesim/share/turtlesim/cmake/turtlesim__rosidl_typesupport_cExport-noconfig.cmake
[7.606s] -- Up-to-date: /media/karthi/New Volume1/Warrior/Projects/ROS/dev_ws/install/turtlesim/share/turtlesim/cmake/turtlesim__rosidl_generator_cppExport.cmake
[7.608s] -- Up-to-date: /media/karthi/New Volume1/Warrior/Projects/ROS/dev_ws/install/turtlesim/share/turtlesim/cmake/turtlesim__rosidl_typesupport_introspection_cppExport.cmake
[7.608s] -- Up-to-date: /media/karthi/New Volume1/Warrior/Projects/ROS/dev_ws/install/turtlesim/share/turtlesim/cmake/turtlesim__rosidl_typesupport_introspection_cppExport-noconfig.cmake
[7.609s] -- Up-to-date: /media/karthi/New Volume1/Warrior/Projects/ROS/dev_ws/install/turtlesim/share/turtlesim/cmake/turtlesim__rosidl_typesupport_cppExport.cmake
[7.610s] -- Up-to-date: /media/karthi/New Volume1/Warrior/Projects/ROS/dev_ws/install/turtlesim/share/turtlesim/cmake/turtlesim__rosidl_typesupport_cppExport-noconfig.cmake
[7.611s] -- Up-to-date: /media/karthi/New Volume1/Warrior/Projects/ROS/dev_ws/install/turtlesim/share/turtlesim/cmake/rosidl_cmake-extras.cmake
[7.611s] -- Up-to-date: /media/karthi/New Volume1/Warrior/Projects/ROS/dev_ws/install/turtlesim/share/turtlesim/cmake/ament_cmake_export_dependencies-extras.cmake
[7.612s] -- Up-to-date: /media/karthi/New Volume1/Warrior/Projects/ROS/dev_ws/install/turtlesim/share/turtlesim/cmake/ament_cmake_export_libraries-extras.cmake
[7.613s] -- Up-to-date: /media/karthi/New Volume1/Warrior/Projects/ROS/dev_ws/install/turtlesim/share/turtlesim/cmake/ament_cmake_export_targets-extras.cmake
[7.613s] -- Up-to-date: /media/karthi/New Volume1/Warrior/Projects/ROS/dev_ws/install/turtlesim/share/turtlesim/cmake/ament_cmake_export_include_directories-extras.cmake
[7.614s] -- Up-to-date: /media/karthi/New Volume1/Warrior/Projects/ROS/dev_ws/install/turtlesim/share/turtlesim/cmake/rosidl_cmake_export_typesupport_libraries-extras.cmake
[7.614s] -- Up-to-date: /media/karthi/New Volume1/Warrior/Projects/ROS/dev_ws/install/turtlesim/share/turtlesim/cmake/rosidl_cmake_export_typesupport_targets-extras.cmake
[7.615s] -- Up-to-date: /media/karthi/New Volume1/Warrior/Projects/ROS/dev_ws/install/turtlesim/share/turtlesim/cmake/turtlesimConfig.cmake
[7.616s] -- Up-to-date: /media/karthi/New Volume1/Warrior/Projects/ROS/dev_ws/install/turtlesim/share/turtlesim/cmake/turtlesimConfig-version.cmake
[7.616s] -- Up-to-date: /media/karthi/New Volume1/Warrior/Projects/ROS/dev_ws/install/turtlesim/share/turtlesim/package.xml
[7.619s] Invoked command in '/media/karthi/New Volume1/Warrior/Projects/ROS/dev_ws/build/turtlesim' returned '0': CMAKE_PREFIX_PATH=/opt/ros/foxy /usr/bin/cmake --install /media/karthi/New Volume1/Warrior/Projects/ROS/dev_ws/build/turtlesim
