[0.517s] Invoking command in '/media/karthi/New Volume/Warrior/Projects/ROS/dev_ws/src/turtle_control': PYTHONPATH=/media/karthi/New Volume/Warrior/Projects/ROS/dev_ws/install/turtle_control/lib/python3.8/site-packages:${PYTHONPATH} /usr/bin/python3 setup.py egg_info --egg-base ../../build/turtle_control build --build-base /media/karthi/New Volume/Warrior/Projects/ROS/dev_ws/build/turtle_control/build install --prefix /media/karthi/New Volume/Warrior/Projects/ROS/dev_ws/install/turtle_control --record /media/karthi/New Volume/Warrior/Projects/ROS/dev_ws/build/turtle_control/install.log --single-version-externally-managed
[0.699s] running egg_info
[0.699s] writing ../../build/turtle_control/turtle_control.egg-info/PKG-INFO
[0.700s] writing dependency_links to ../../build/turtle_control/turtle_control.egg-info/dependency_links.txt
[0.700s] writing entry points to ../../build/turtle_control/turtle_control.egg-info/entry_points.txt
[0.700s] writing requirements to ../../build/turtle_control/turtle_control.egg-info/requires.txt
[0.701s] writing top-level names to ../../build/turtle_control/turtle_control.egg-info/top_level.txt
[0.728s] reading manifest file '../../build/turtle_control/turtle_control.egg-info/SOURCES.txt'
[0.730s] writing manifest file '../../build/turtle_control/turtle_control.egg-info/SOURCES.txt'
[0.730s] running build
[0.731s] running build_py
[0.731s] copying turtle_control/bgcolor_client.py -> /media/karthi/New Volume/Warrior/Projects/ROS/dev_ws/build/turtle_control/build/lib/turtle_control
[0.733s] running install
[0.734s] running install_lib
[0.739s] running install_data
[0.740s] copying resource/turtle_control -> /media/karthi/New Volume/Warrior/Projects/ROS/dev_ws/install/turtle_control/share/ament_index/resource_index/packages
[0.741s] running install_egg_info
[0.742s] removing '/media/karthi/New Volume/Warrior/Projects/ROS/dev_ws/install/turtle_control/lib/python3.8/site-packages/turtle_control-0.0.0-py3.8.egg-info' (and everything under it)
[0.744s] Copying ../../build/turtle_control/turtle_control.egg-info to /media/karthi/New Volume/Warrior/Projects/ROS/dev_ws/install/turtle_control/lib/python3.8/site-packages/turtle_control-0.0.0-py3.8.egg-info
[0.750s] running install_scripts
[0.764s] Installing bgclient script to /media/karthi/New Volume/Warrior/Projects/ROS/dev_ws/install/turtle_control/lib/turtle_control
[0.764s] Installing bgservice script to /media/karthi/New Volume/Warrior/Projects/ROS/dev_ws/install/turtle_control/lib/turtle_control
[0.765s] Installing pyturtle script to /media/karthi/New Volume/Warrior/Projects/ROS/dev_ws/install/turtle_control/lib/turtle_control
[0.765s] Installing pyturtlecontrol script to /media/karthi/New Volume/Warrior/Projects/ROS/dev_ws/install/turtle_control/lib/turtle_control
[0.766s] writing list of installed files to '/media/karthi/New Volume/Warrior/Projects/ROS/dev_ws/build/turtle_control/install.log'
[0.780s] Invoked command in '/media/karthi/New Volume/Warrior/Projects/ROS/dev_ws/src/turtle_control' returned '0': PYTHONPATH=/media/karthi/New Volume/Warrior/Projects/ROS/dev_ws/install/turtle_control/lib/python3.8/site-packages:${PYTHONPATH} /usr/bin/python3 setup.py egg_info --egg-base ../../build/turtle_control build --build-base /media/karthi/New Volume/Warrior/Projects/ROS/dev_ws/build/turtle_control/build install --prefix /media/karthi/New Volume/Warrior/Projects/ROS/dev_ws/install/turtle_control --record /media/karthi/New Volume/Warrior/Projects/ROS/dev_ws/build/turtle_control/install.log --single-version-externally-managed
