[0.381s] Invoking command in '/media/karthi/New Volume1/Warrior/Projects/ROS/dev_ws/build/turtlesim': CMAKE_PREFIX_PATH=/opt/ros/foxy /usr/bin/cmake --build /media/karthi/New Volume1/Warrior/Projects/ROS/dev_ws/build/turtlesim -- -j12 -l12
[0.462s] [  1%] Built target turtlesim__cpp
[0.470s] [ 11%] Built target turtlesim__rosidl_generator_c
[0.498s] [ 21%] Built target turtlesim__rosidl_typesupport_cpp
[0.503s] [ 31%] Built target turtlesim__rosidl_typesupport_introspection_cpp
[0.505s] [ 41%] Built target turtlesim__rosidl_typesupport_c
[0.509s] [ 51%] Built target turtlesim__rosidl_typesupport_fastrtps_cpp
[0.512s] [ 61%] Built target turtlesim__rosidl_typesupport_introspection_c
[0.547s] [ 71%] Built target turtlesim__rosidl_typesupport_fastrtps_c
[0.566s] [ 71%] Built target turtlesim
[0.588s] [35m[1mScanning dependencies of target turtlesim_node[0m
[0.597s] [ 72%] Built target turtlesim__py
[0.598s] [ 74%] Built target mimic
[0.602s] [ 76%] Built target draw_square
[0.604s] [ 78%] Built target turtle_teleop_key
[0.635s] [ 87%] Built target turtlesim__python
[0.667s] [ 93%] Built target turtlesim__rosidl_typesupport_introspection_c__pyext
[0.667s] [ 93%] Built target turtlesim__rosidl_typesupport_c__pyext
[0.667s] [ 93%] Built target turtlesim__rosidl_typesupport_fastrtps_c__pyext
[0.870s] [ 94%] [32mBuilding CXX object CMakeFiles/turtlesim_node.dir/src/turtle_frame.cpp.o[0m
[6.106s] [ 95%] [32m[1mLinking CXX executable turtlesim_node[0m
[7.697s] [100%] Built target turtlesim_node
[7.719s] Invoked command in '/media/karthi/New Volume1/Warrior/Projects/ROS/dev_ws/build/turtlesim' returned '0': CMAKE_PREFIX_PATH=/opt/ros/foxy /usr/bin/cmake --build /media/karthi/New Volume1/Warrior/Projects/ROS/dev_ws/build/turtlesim -- -j12 -l12
[7.864s] Invoking command in '/media/karthi/New Volume1/Warrior/Projects/ROS/dev_ws/build/turtlesim': CMAKE_PREFIX_PATH=/opt/ros/foxy /usr/bin/cmake --install /media/karthi/New Volume1/Warrior/Projects/ROS/dev_ws/build/turtlesim
[7.872s] -- Install configuration: ""
[7.873s] -- Up-to-date: /media/karthi/New Volume1/Warrior/Projects/ROS/dev_ws/install/turtlesim/share/ament_index/resource_index/rosidl_interfaces/turtlesim
[7.873s] -- Up-to-date: /media/karthi/New Volume1/Warrior/Projects/ROS/dev_ws/install/turtlesim/include/turtlesim
[7.874s] -- Up-to-date: /media/karthi/New Volume1/Warrior/Projects/ROS/dev_ws/install/turtlesim/include/turtlesim/action
[7.875s] -- Up-to-date: /media/karthi/New Volume1/Warrior/Projects/ROS/dev_ws/install/turtlesim/include/turtlesim/action/detail
[7.875s] -- Up-to-date: /media/karthi/New Volume1/Warrior/Projects/ROS/dev_ws/install/turtlesim/include/turtlesim/action/detail/rotate_absolute__functions.c
[7.876s] -- Up-to-date: /media/karthi/New Volume1/Warrior/Projects/ROS/dev_ws/install/turtlesim/include/turtlesim/action/detail/rotate_absolute__functions.h
[7.877s] -- Up-to-date: /media/karthi/New Volume1/Warrior/Projects/ROS/dev_ws/install/turtlesim/include/turtlesim/action/detail/rotate_absolute__struct.h
[7.877s] -- Up-to-date: /media/karthi/New Volume1/Warrior/Projects/ROS/dev_ws/install/turtlesim/include/turtlesim/action/detail/rotate_absolute__type_support.h
[7.878s] -- Up-to-date: /media/karthi/New Volume1/Warrior/Projects/ROS/dev_ws/install/turtlesim/include/turtlesim/action/rotate_absolute.h
[7.878s] -- Up-to-date: /media/karthi/New Volume1/Warrior/Projects/ROS/dev_ws/install/turtlesim/include/turtlesim/msg
[7.879s] -- Up-to-date: /media/karthi/New Volume1/Warrior/Projects/ROS/dev_ws/install/turtlesim/include/turtlesim/msg/color.h
[7.879s] -- Up-to-date: /media/karthi/New Volume1/Warrior/Projects/ROS/dev_ws/install/turtlesim/include/turtlesim/msg/detail
[7.880s] -- Up-to-date: /media/karthi/New Volume1/Warrior/Projects/ROS/dev_ws/install/turtlesim/include/turtlesim/msg/detail/color__functions.c
[7.881s] -- Up-to-date: /media/karthi/New Volume1/Warrior/Projects/ROS/dev_ws/install/turtlesim/include/turtlesim/msg/detail/color__functions.h
[7.881s] -- Up-to-date: /media/karthi/New Volume1/Warrior/Projects/ROS/dev_ws/install/turtlesim/include/turtlesim/msg/detail/color__struct.h
[7.882s] -- Up-to-date: /media/karthi/New Volume1/Warrior/Projects/ROS/dev_ws/install/turtlesim/include/turtlesim/msg/detail/color__type_support.h
[7.883s] -- Up-to-date: /media/karthi/New Volume1/Warrior/Projects/ROS/dev_ws/install/turtlesim/include/turtlesim/msg/detail/pose__functions.c
[7.883s] -- Up-to-date: /media/karthi/New Volume1/Warrior/Projects/ROS/dev_ws/install/turtlesim/include/turtlesim/msg/detail/pose__functions.h
[7.884s] -- Up-to-date: /media/karthi/New Volume1/Warrior/Projects/ROS/dev_ws/install/turtlesim/include/turtlesim/msg/detail/pose__struct.h
[7.884s] -- Up-to-date: /media/karthi/New Volume1/Warrior/Projects/ROS/dev_ws/install/turtlesim/include/turtlesim/msg/detail/pose__type_support.h
[7.885s] -- Up-to-date: /media/karthi/New Volume1/Warrior/Projects/ROS/dev_ws/install/turtlesim/include/turtlesim/msg/pose.h
[7.886s] -- Up-to-date: /media/karthi/New Volume1/Warrior/Projects/ROS/dev_ws/install/turtlesim/include/turtlesim/msg/rosidl_generator_c__visibility_control.h
[7.886s] -- Up-to-date: /media/karthi/New Volume1/Warrior/Projects/ROS/dev_ws/install/turtlesim/include/turtlesim/srv
[7.887s] -- Up-to-date: /media/karthi/New Volume1/Warrior/Projects/ROS/dev_ws/install/turtlesim/include/turtlesim/srv/detail
[7.887s] -- Up-to-date: /media/karthi/New Volume1/Warrior/Projects/ROS/dev_ws/install/turtlesim/include/turtlesim/srv/detail/kill__functions.c
[7.888s] -- Up-to-date: /media/karthi/New Volume1/Warrior/Projects/ROS/dev_ws/install/turtlesim/include/turtlesim/srv/detail/kill__functions.h
[7.889s] -- Up-to-date: /media/karthi/New Volume1/Warrior/Projects/ROS/dev_ws/install/turtlesim/include/turtlesim/srv/detail/kill__struct.h
[7.889s] -- Up-to-date: /media/karthi/New Volume1/Warrior/Projects/ROS/dev_ws/install/turtlesim/include/turtlesim/srv/detail/kill__type_support.h
[7.890s] -- Up-to-date: /media/karthi/New Volume1/Warrior/Projects/ROS/dev_ws/install/turtlesim/include/turtlesim/srv/detail/set_pen__functions.c
[7.890s] -- Up-to-date: /media/karthi/New Volume1/Warrior/Projects/ROS/dev_ws/install/turtlesim/include/turtlesim/srv/detail/set_pen__functions.h
[7.891s] -- Up-to-date: /media/karthi/New Volume1/Warrior/Projects/ROS/dev_ws/install/turtlesim/include/turtlesim/srv/detail/set_pen__struct.h
[7.892s] -- Up-to-date: /media/karthi/New Volume1/Warrior/Projects/ROS/dev_ws/install/turtlesim/include/turtlesim/srv/detail/set_pen__type_support.h
[7.892s] -- Up-to-date: /media/karthi/New Volume1/Warrior/Projects/ROS/dev_ws/install/turtlesim/include/turtlesim/srv/detail/spawn__functions.c
[7.893s] -- Up-to-date: /media/karthi/New Volume1/Warrior/Projects/ROS/dev_ws/install/turtlesim/include/turtlesim/srv/detail/spawn__functions.h
[7.893s] -- Up-to-date: /media/karthi/New Volume1/Warrior/Projects/ROS/dev_ws/install/turtlesim/include/turtlesim/srv/detail/spawn__struct.h
[7.894s] -- Up-to-date: /media/karthi/New Volume1/Warrior/Projects/ROS/dev_ws/install/turtlesim/include/turtlesim/srv/detail/spawn__type_support.h
[7.895s] -- Up-to-date: /media/karthi/New Volume1/Warrior/Projects/ROS/dev_ws/install/turtlesim/include/turtlesim/srv/detail/teleport_absolute__functions.c
[7.895s] -- Up-to-date: /media/karthi/New Volume1/Warrior/Projects/ROS/dev_ws/install/turtlesim/include/turtlesim/srv/detail/teleport_absolute__functions.h
[7.896s] -- Up-to-date: /media/karthi/New Volume1/Warrior/Projects/ROS/dev_ws/install/turtlesim/include/turtlesim/srv/detail/teleport_absolute__struct.h
[7.896s] -- Up-to-date: /media/karthi/New Volume1/Warrior/Projects/ROS/dev_ws/install/turtlesim/include/turtlesim/srv/detail/teleport_absolute__type_support.h
[7.897s] -- Up-to-date: /media/karthi/New Volume1/Warrior/Projects/ROS/dev_ws/install/turtlesim/include/turtlesim/srv/detail/teleport_relative__functions.c
[7.898s] -- Up-to-date: /media/karthi/New Volume1/Warrior/Projects/ROS/dev_ws/install/turtlesim/include/turtlesim/srv/detail/teleport_relative__functions.h
[7.898s] -- Up-to-date: /media/karthi/New Volume1/Warrior/Projects/ROS/dev_ws/install/turtlesim/include/turtlesim/srv/detail/teleport_relative__struct.h
[7.899s] -- Up-to-date: /media/karthi/New Volume1/Warrior/Projects/ROS/dev_ws/install/turtlesim/include/turtlesim/srv/detail/teleport_relative__type_support.h
[7.899s] -- Up-to-date: /media/karthi/New Volume1/Warrior/Projects/ROS/dev_ws/install/turtlesim/include/turtlesim/srv/kill.h
[7.900s] -- Up-to-date: /media/karthi/New Volume1/Warrior/Projects/ROS/dev_ws/install/turtlesim/include/turtlesim/srv/set_pen.h
[7.900s] -- Up-to-date: /media/karthi/New Volume1/Warrior/Projects/ROS/dev_ws/install/turtlesim/include/turtlesim/srv/spawn.h
[7.901s] -- Up-to-date: /media/karthi/New Volume1/Warrior/Projects/ROS/dev_ws/install/turtlesim/include/turtlesim/srv/teleport_absolute.h
[7.902s] -- Up-to-date: /media/karthi/New Volume1/Warrior/Projects/ROS/dev_ws/install/turtlesim/include/turtlesim/srv/teleport_relative.h
[7.902s] -- Up-to-date: /media/karthi/New Volume1/Warrior/Projects/ROS/dev_ws/install/turtlesim/share/turtlesim/environment/library_path.sh
[7.903s] -- Up-to-date: /media/karthi/New Volume1/Warrior/Projects/ROS/dev_ws/install/turtlesim/share/turtlesim/environment/library_path.dsv
[7.904s] -- Up-to-date: /media/karthi/New Volume1/Warrior/Projects/ROS/dev_ws/install/turtlesim/lib/libturtlesim__rosidl_generator_c.so
[7.906s] -- Up-to-date: /media/karthi/New Volume1/Warrior/Projects/ROS/dev_ws/install/turtlesim/include/turtlesim
[7.906s] -- Up-to-date: /media/karthi/New Volume1/Warrior/Projects/ROS/dev_ws/install/turtlesim/include/turtlesim/action
[7.907s] -- Up-to-date: /media/karthi/New Volume1/Warrior/Projects/ROS/dev_ws/install/turtlesim/include/turtlesim/action/detail
[7.907s] -- Up-to-date: /media/karthi/New Volume1/Warrior/Projects/ROS/dev_ws/install/turtlesim/include/turtlesim/action/detail/rotate_absolute__rosidl_typesupport_fastrtps_c.h
[7.908s] -- Up-to-date: /media/karthi/New Volume1/Warrior/Projects/ROS/dev_ws/install/turtlesim/include/turtlesim/msg
[7.908s] -- Up-to-date: /media/karthi/New Volume1/Warrior/Projects/ROS/dev_ws/install/turtlesim/include/turtlesim/msg/detail
[7.909s] -- Up-to-date: /media/karthi/New Volume1/Warrior/Projects/ROS/dev_ws/install/turtlesim/include/turtlesim/msg/detail/color__rosidl_typesupport_fastrtps_c.h
[7.910s] -- Up-to-date: /media/karthi/New Volume1/Warrior/Projects/ROS/dev_ws/install/turtlesim/include/turtlesim/msg/detail/pose__rosidl_typesupport_fastrtps_c.h
[7.910s] -- Up-to-date: /media/karthi/New Volume1/Warrior/Projects/ROS/dev_ws/install/turtlesim/include/turtlesim/msg/rosidl_typesupport_fastrtps_c__visibility_control.h
[7.911s] -- Up-to-date: /media/karthi/New Volume1/Warrior/Projects/ROS/dev_ws/install/turtlesim/include/turtlesim/srv
[7.911s] -- Up-to-date: /media/karthi/New Volume1/Warrior/Projects/ROS/dev_ws/install/turtlesim/include/turtlesim/srv/detail
[7.912s] -- Up-to-date: /media/karthi/New Volume1/Warrior/Projects/ROS/dev_ws/install/turtlesim/include/turtlesim/srv/detail/kill__rosidl_typesupport_fastrtps_c.h
[7.913s] -- Up-to-date: /media/karthi/New Volume1/Warrior/Projects/ROS/dev_ws/install/turtlesim/include/turtlesim/srv/detail/set_pen__rosidl_typesupport_fastrtps_c.h
[7.913s] -- Up-to-date: /media/karthi/New Volume1/Warrior/Projects/ROS/dev_ws/install/turtlesim/include/turtlesim/srv/detail/spawn__rosidl_typesupport_fastrtps_c.h
[7.914s] -- Up-to-date: /media/karthi/New Volume1/Warrior/Projects/ROS/dev_ws/install/turtlesim/include/turtlesim/srv/detail/teleport_absolute__rosidl_typesupport_fastrtps_c.h
[7.915s] -- Up-to-date: /media/karthi/New Volume1/Warrior/Projects/ROS/dev_ws/install/turtlesim/include/turtlesim/srv/detail/teleport_relative__rosidl_typesupport_fastrtps_c.h
[7.916s] -- Up-to-date: /media/karthi/New Volume1/Warrior/Projects/ROS/dev_ws/install/turtlesim/lib/libturtlesim__rosidl_typesupport_fastrtps_c.so
[7.918s] -- Up-to-date: /media/karthi/New Volume1/Warrior/Projects/ROS/dev_ws/install/turtlesim/include/turtlesim
[7.918s] -- Up-to-date: /media/karthi/New Volume1/Warrior/Projects/ROS/dev_ws/install/turtlesim/include/turtlesim/action
[7.919s] -- Up-to-date: /media/karthi/New Volume1/Warrior/Projects/ROS/dev_ws/install/turtlesim/include/turtlesim/action/detail
[7.919s] -- Up-to-date: /media/karthi/New Volume1/Warrior/Projects/ROS/dev_ws/install/turtlesim/include/turtlesim/action/detail/dds_fastrtps
[7.920s] -- Up-to-date: /media/karthi/New Volume1/Warrior/Projects/ROS/dev_ws/install/turtlesim/include/turtlesim/action/detail/rotate_absolute__rosidl_typesupport_fastrtps_cpp.hpp
[7.921s] -- Up-to-date: /media/karthi/New Volume1/Warrior/Projects/ROS/dev_ws/install/turtlesim/include/turtlesim/msg
[7.921s] -- Up-to-date: /media/karthi/New Volume1/Warrior/Projects/ROS/dev_ws/install/turtlesim/include/turtlesim/msg/detail
[7.922s] -- Up-to-date: /media/karthi/New Volume1/Warrior/Projects/ROS/dev_ws/install/turtlesim/include/turtlesim/msg/detail/color__rosidl_typesupport_fastrtps_cpp.hpp
[7.922s] -- Up-to-date: /media/karthi/New Volume1/Warrior/Projects/ROS/dev_ws/install/turtlesim/include/turtlesim/msg/detail/dds_fastrtps
[7.923s] -- Up-to-date: /media/karthi/New Volume1/Warrior/Projects/ROS/dev_ws/install/turtlesim/include/turtlesim/msg/detail/pose__rosidl_typesupport_fastrtps_cpp.hpp
[7.924s] -- Up-to-date: /media/karthi/New Volume1/Warrior/Projects/ROS/dev_ws/install/turtlesim/include/turtlesim/msg/rosidl_typesupport_fastrtps_cpp__visibility_control.h
[7.924s] -- Up-to-date: /media/karthi/New Volume1/Warrior/Projects/ROS/dev_ws/install/turtlesim/include/turtlesim/srv
[7.925s] -- Up-to-date: /media/karthi/New Volume1/Warrior/Projects/ROS/dev_ws/install/turtlesim/include/turtlesim/srv/detail
[7.926s] -- Up-to-date: /media/karthi/New Volume1/Warrior/Projects/ROS/dev_ws/install/turtlesim/include/turtlesim/srv/detail/dds_fastrtps
[7.926s] -- Up-to-date: /media/karthi/New Volume1/Warrior/Projects/ROS/dev_ws/install/turtlesim/include/turtlesim/srv/detail/kill__rosidl_typesupport_fastrtps_cpp.hpp
[7.927s] -- Up-to-date: /media/karthi/New Volume1/Warrior/Projects/ROS/dev_ws/install/turtlesim/include/turtlesim/srv/detail/set_pen__rosidl_typesupport_fastrtps_cpp.hpp
[7.927s] -- Up-to-date: /media/karthi/New Volume1/Warrior/Projects/ROS/dev_ws/install/turtlesim/include/turtlesim/srv/detail/spawn__rosidl_typesupport_fastrtps_cpp.hpp
[7.928s] -- Up-to-date: /media/karthi/New Volume1/Warrior/Projects/ROS/dev_ws/install/turtlesim/include/turtlesim/srv/detail/teleport_absolute__rosidl_typesupport_fastrtps_cpp.hpp
[7.929s] -- Up-to-date: /media/karthi/New Volume1/Warrior/Projects/ROS/dev_ws/install/turtlesim/include/turtlesim/srv/detail/teleport_relative__rosidl_typesupport_fastrtps_cpp.hpp
[7.931s] -- Up-to-date: /media/karthi/New Volume1/Warrior/Projects/ROS/dev_ws/install/turtlesim/lib/libturtlesim__rosidl_typesupport_fastrtps_cpp.so
[7.932s] -- Up-to-date: /media/karthi/New Volume1/Warrior/Projects/ROS/dev_ws/install/turtlesim/include/turtlesim
[7.932s] -- Up-to-date: /media/karthi/New Volume1/Warrior/Projects/ROS/dev_ws/install/turtlesim/include/turtlesim/action
[7.933s] -- Up-to-date: /media/karthi/New Volume1/Warrior/Projects/ROS/dev_ws/install/turtlesim/include/turtlesim/action/detail
[7.934s] -- Up-to-date: /media/karthi/New Volume1/Warrior/Projects/ROS/dev_ws/install/turtlesim/include/turtlesim/action/detail/rotate_absolute__rosidl_typesupport_introspection_c.h
[7.934s] -- Up-to-date: /media/karthi/New Volume1/Warrior/Projects/ROS/dev_ws/install/turtlesim/include/turtlesim/action/detail/rotate_absolute__type_support.c
[7.935s] -- Up-to-date: /media/karthi/New Volume1/Warrior/Projects/ROS/dev_ws/install/turtlesim/include/turtlesim/msg
[7.935s] -- Up-to-date: /media/karthi/New Volume1/Warrior/Projects/ROS/dev_ws/install/turtlesim/include/turtlesim/msg/detail
[7.936s] -- Up-to-date: /media/karthi/New Volume1/Warrior/Projects/ROS/dev_ws/install/turtlesim/include/turtlesim/msg/detail/color__rosidl_typesupport_introspection_c.h
[7.937s] -- Up-to-date: /media/karthi/New Volume1/Warrior/Projects/ROS/dev_ws/install/turtlesim/include/turtlesim/msg/detail/color__type_support.c
[7.938s] -- Up-to-date: /media/karthi/New Volume1/Warrior/Projects/ROS/dev_ws/install/turtlesim/include/turtlesim/msg/detail/pose__rosidl_typesupport_introspection_c.h
[7.938s] -- Up-to-date: /media/karthi/New Volume1/Warrior/Projects/ROS/dev_ws/install/turtlesim/include/turtlesim/msg/detail/pose__type_support.c
[7.939s] -- Up-to-date: /media/karthi/New Volume1/Warrior/Projects/ROS/dev_ws/install/turtlesim/include/turtlesim/msg/rosidl_typesupport_introspection_c__visibility_control.h
[7.939s] -- Up-to-date: /media/karthi/New Volume1/Warrior/Projects/ROS/dev_ws/install/turtlesim/include/turtlesim/srv
[7.940s] -- Up-to-date: /media/karthi/New Volume1/Warrior/Projects/ROS/dev_ws/install/turtlesim/include/turtlesim/srv/detail
[7.940s] -- Up-to-date: /media/karthi/New Volume1/Warrior/Projects/ROS/dev_ws/install/turtlesim/include/turtlesim/srv/detail/kill__rosidl_typesupport_introspection_c.h
[7.941s] -- Up-to-date: /media/karthi/New Volume1/Warrior/Projects/ROS/dev_ws/install/turtlesim/include/turtlesim/srv/detail/kill__type_support.c
[7.942s] -- Up-to-date: /media/karthi/New Volume1/Warrior/Projects/ROS/dev_ws/install/turtlesim/include/turtlesim/srv/detail/set_pen__rosidl_typesupport_introspection_c.h
[7.942s] -- Up-to-date: /media/karthi/New Volume1/Warrior/Projects/ROS/dev_ws/install/turtlesim/include/turtlesim/srv/detail/set_pen__type_support.c
[7.943s] -- Up-to-date: /media/karthi/New Volume1/Warrior/Projects/ROS/dev_ws/install/turtlesim/include/turtlesim/srv/detail/spawn__rosidl_typesupport_introspection_c.h
[7.943s] -- Up-to-date: /media/karthi/New Volume1/Warrior/Projects/ROS/dev_ws/install/turtlesim/include/turtlesim/srv/detail/spawn__type_support.c
[7.944s] -- Up-to-date: /media/karthi/New Volume1/Warrior/Projects/ROS/dev_ws/install/turtlesim/include/turtlesim/srv/detail/teleport_absolute__rosidl_typesupport_introspection_c.h
[7.945s] -- Up-to-date: /media/karthi/New Volume1/Warrior/Projects/ROS/dev_ws/install/turtlesim/include/turtlesim/srv/detail/teleport_absolute__type_support.c
[7.945s] -- Up-to-date: /media/karthi/New Volume1/Warrior/Projects/ROS/dev_ws/install/turtlesim/include/turtlesim/srv/detail/teleport_relative__rosidl_typesupport_introspection_c.h
[7.946s] -- Up-to-date: /media/karthi/New Volume1/Warrior/Projects/ROS/dev_ws/install/turtlesim/include/turtlesim/srv/detail/teleport_relative__type_support.c
[7.948s] -- Up-to-date: /media/karthi/New Volume1/Warrior/Projects/ROS/dev_ws/install/turtlesim/lib/libturtlesim__rosidl_typesupport_introspection_c.so
[7.950s] -- Up-to-date: /media/karthi/New Volume1/Warrior/Projects/ROS/dev_ws/install/turtlesim/lib/libturtlesim__rosidl_typesupport_c.so
[7.951s] -- Up-to-date: /media/karthi/New Volume1/Warrior/Projects/ROS/dev_ws/install/turtlesim/include/turtlesim
[7.951s] -- Up-to-date: /media/karthi/New Volume1/Warrior/Projects/ROS/dev_ws/install/turtlesim/include/turtlesim/action
[7.952s] -- Up-to-date: /media/karthi/New Volume1/Warrior/Projects/ROS/dev_ws/install/turtlesim/include/turtlesim/action/detail
[7.953s] -- Up-to-date: /media/karthi/New Volume1/Warrior/Projects/ROS/dev_ws/install/turtlesim/include/turtlesim/action/detail/rotate_absolute__builder.hpp
[7.953s] -- Up-to-date: /media/karthi/New Volume1/Warrior/Projects/ROS/dev_ws/install/turtlesim/include/turtlesim/action/detail/rotate_absolute__struct.hpp
[7.954s] -- Up-to-date: /media/karthi/New Volume1/Warrior/Projects/ROS/dev_ws/install/turtlesim/include/turtlesim/action/detail/rotate_absolute__traits.hpp
[7.955s] -- Up-to-date: /media/karthi/New Volume1/Warrior/Projects/ROS/dev_ws/install/turtlesim/include/turtlesim/action/rotate_absolute.hpp
[7.955s] -- Up-to-date: /media/karthi/New Volume1/Warrior/Projects/ROS/dev_ws/install/turtlesim/include/turtlesim/msg
[7.956s] -- Up-to-date: /media/karthi/New Volume1/Warrior/Projects/ROS/dev_ws/install/turtlesim/include/turtlesim/msg/color.hpp
[7.956s] -- Up-to-date: /media/karthi/New Volume1/Warrior/Projects/ROS/dev_ws/install/turtlesim/include/turtlesim/msg/detail
[7.957s] -- Up-to-date: /media/karthi/New Volume1/Warrior/Projects/ROS/dev_ws/install/turtlesim/include/turtlesim/msg/detail/color__builder.hpp
[7.957s] -- Up-to-date: /media/karthi/New Volume1/Warrior/Projects/ROS/dev_ws/install/turtlesim/include/turtlesim/msg/detail/color__struct.hpp
[7.958s] -- Up-to-date: /media/karthi/New Volume1/Warrior/Projects/ROS/dev_ws/install/turtlesim/include/turtlesim/msg/detail/color__traits.hpp
[7.959s] -- Up-to-date: /media/karthi/New Volume1/Warrior/Projects/ROS/dev_ws/install/turtlesim/include/turtlesim/msg/detail/pose__builder.hpp
[7.959s] -- Up-to-date: /media/karthi/New Volume1/Warrior/Projects/ROS/dev_ws/install/turtlesim/include/turtlesim/msg/detail/pose__struct.hpp
[7.960s] -- Up-to-date: /media/karthi/New Volume1/Warrior/Projects/ROS/dev_ws/install/turtlesim/include/turtlesim/msg/detail/pose__traits.hpp
[7.960s] -- Up-to-date: /media/karthi/New Volume1/Warrior/Projects/ROS/dev_ws/install/turtlesim/include/turtlesim/msg/pose.hpp
[7.961s] -- Up-to-date: /media/karthi/New Volume1/Warrior/Projects/ROS/dev_ws/install/turtlesim/include/turtlesim/srv
[7.961s] -- Up-to-date: /media/karthi/New Volume1/Warrior/Projects/ROS/dev_ws/install/turtlesim/include/turtlesim/srv/detail
[7.962s] -- Up-to-date: /media/karthi/New Volume1/Warrior/Projects/ROS/dev_ws/install/turtlesim/include/turtlesim/srv/detail/kill__builder.hpp
[7.963s] -- Up-to-date: /media/karthi/New Volume1/Warrior/Projects/ROS/dev_ws/install/turtlesim/include/turtlesim/srv/detail/kill__struct.hpp
[7.963s] -- Up-to-date: /media/karthi/New Volume1/Warrior/Projects/ROS/dev_ws/install/turtlesim/include/turtlesim/srv/detail/kill__traits.hpp
[7.964s] -- Up-to-date: /media/karthi/New Volume1/Warrior/Projects/ROS/dev_ws/install/turtlesim/include/turtlesim/srv/detail/set_pen__builder.hpp
[7.964s] -- Up-to-date: /media/karthi/New Volume1/Warrior/Projects/ROS/dev_ws/install/turtlesim/include/turtlesim/srv/detail/set_pen__struct.hpp
[7.965s] -- Up-to-date: /media/karthi/New Volume1/Warrior/Projects/ROS/dev_ws/install/turtlesim/include/turtlesim/srv/detail/set_pen__traits.hpp
[7.965s] -- Up-to-date: /media/karthi/New Volume1/Warrior/Projects/ROS/dev_ws/install/turtlesim/include/turtlesim/srv/detail/spawn__builder.hpp
[7.966s] -- Up-to-date: /media/karthi/New Volume1/Warrior/Projects/ROS/dev_ws/install/turtlesim/include/turtlesim/srv/detail/spawn__struct.hpp
[7.967s] -- Up-to-date: /media/karthi/New Volume1/Warrior/Projects/ROS/dev_ws/install/turtlesim/include/turtlesim/srv/detail/spawn__traits.hpp
[7.967s] -- Up-to-date: /media/karthi/New Volume1/Warrior/Projects/ROS/dev_ws/install/turtlesim/include/turtlesim/srv/detail/teleport_absolute__builder.hpp
[7.968s] -- Up-to-date: /media/karthi/New Volume1/Warrior/Projects/ROS/dev_ws/install/turtlesim/include/turtlesim/srv/detail/teleport_absolute__struct.hpp
[7.968s] -- Up-to-date: /media/karthi/New Volume1/Warrior/Projects/ROS/dev_ws/install/turtlesim/include/turtlesim/srv/detail/teleport_absolute__traits.hpp
[7.969s] -- Up-to-date: /media/karthi/New Volume1/Warrior/Projects/ROS/dev_ws/install/turtlesim/include/turtlesim/srv/detail/teleport_relative__builder.hpp
[7.969s] -- Up-to-date: /media/karthi/New Volume1/Warrior/Projects/ROS/dev_ws/install/turtlesim/include/turtlesim/srv/detail/teleport_relative__struct.hpp
[7.970s] -- Up-to-date: /media/karthi/New Volume1/Warrior/Projects/ROS/dev_ws/install/turtlesim/include/turtlesim/srv/detail/teleport_relative__traits.hpp
[7.971s] -- Up-to-date: /media/karthi/New Volume1/Warrior/Projects/ROS/dev_ws/install/turtlesim/include/turtlesim/srv/kill.hpp
[7.971s] -- Up-to-date: /media/karthi/New Volume1/Warrior/Projects/ROS/dev_ws/install/turtlesim/include/turtlesim/srv/set_pen.hpp
[7.972s] -- Up-to-date: /media/karthi/New Volume1/Warrior/Projects/ROS/dev_ws/install/turtlesim/include/turtlesim/srv/spawn.hpp
[7.972s] -- Up-to-date: /media/karthi/New Volume1/Warrior/Projects/ROS/dev_ws/install/turtlesim/include/turtlesim/srv/teleport_absolute.hpp
[7.973s] -- Up-to-date: /media/karthi/New Volume1/Warrior/Projects/ROS/dev_ws/install/turtlesim/include/turtlesim/srv/teleport_relative.hpp
[7.973s] -- Up-to-date: /media/karthi/New Volume1/Warrior/Projects/ROS/dev_ws/install/turtlesim/include/turtlesim
[7.974s] -- Up-to-date: /media/karthi/New Volume1/Warrior/Projects/ROS/dev_ws/install/turtlesim/include/turtlesim/action
[7.974s] -- Up-to-date: /media/karthi/New Volume1/Warrior/Projects/ROS/dev_ws/install/turtlesim/include/turtlesim/action/detail
[7.975s] -- Up-to-date: /media/karthi/New Volume1/Warrior/Projects/ROS/dev_ws/install/turtlesim/include/turtlesim/action/detail/rotate_absolute__rosidl_typesupport_introspection_cpp.hpp
[7.976s] -- Up-to-date: /media/karthi/New Volume1/Warrior/Projects/ROS/dev_ws/install/turtlesim/include/turtlesim/action/detail/rotate_absolute__type_support.cpp
[7.976s] -- Up-to-date: /media/karthi/New Volume1/Warrior/Projects/ROS/dev_ws/install/turtlesim/include/turtlesim/msg
[7.977s] -- Up-to-date: /media/karthi/New Volume1/Warrior/Projects/ROS/dev_ws/install/turtlesim/include/turtlesim/msg/detail
[7.977s] -- Up-to-date: /media/karthi/New Volume1/Warrior/Projects/ROS/dev_ws/install/turtlesim/include/turtlesim/msg/detail/color__rosidl_typesupport_introspection_cpp.hpp
[7.978s] -- Up-to-date: /media/karthi/New Volume1/Warrior/Projects/ROS/dev_ws/install/turtlesim/include/turtlesim/msg/detail/color__type_support.cpp
[7.978s] -- Up-to-date: /media/karthi/New Volume1/Warrior/Projects/ROS/dev_ws/install/turtlesim/include/turtlesim/msg/detail/pose__rosidl_typesupport_introspection_cpp.hpp
[7.979s] -- Up-to-date: /media/karthi/New Volume1/Warrior/Projects/ROS/dev_ws/install/turtlesim/include/turtlesim/msg/detail/pose__type_support.cpp
[7.979s] -- Up-to-date: /media/karthi/New Volume1/Warrior/Projects/ROS/dev_ws/install/turtlesim/include/turtlesim/srv
[7.980s] -- Up-to-date: /media/karthi/New Volume1/Warrior/Projects/ROS/dev_ws/install/turtlesim/include/turtlesim/srv/detail
[7.981s] -- Up-to-date: /media/karthi/New Volume1/Warrior/Projects/ROS/dev_ws/install/turtlesim/include/turtlesim/srv/detail/kill__rosidl_typesupport_introspection_cpp.hpp
[7.981s] -- Up-to-date: /media/karthi/New Volume1/Warrior/Projects/ROS/dev_ws/install/turtlesim/include/turtlesim/srv/detail/kill__type_support.cpp
[7.982s] -- Up-to-date: /media/karthi/New Volume1/Warrior/Projects/ROS/dev_ws/install/turtlesim/include/turtlesim/srv/detail/set_pen__rosidl_typesupport_introspection_cpp.hpp
[7.983s] -- Up-to-date: /media/karthi/New Volume1/Warrior/Projects/ROS/dev_ws/install/turtlesim/include/turtlesim/srv/detail/set_pen__type_support.cpp
[7.983s] -- Up-to-date: /media/karthi/New Volume1/Warrior/Projects/ROS/dev_ws/install/turtlesim/include/turtlesim/srv/detail/spawn__rosidl_typesupport_introspection_cpp.hpp
[7.984s] -- Up-to-date: /media/karthi/New Volume1/Warrior/Projects/ROS/dev_ws/install/turtlesim/include/turtlesim/srv/detail/spawn__type_support.cpp
[7.984s] -- Up-to-date: /media/karthi/New Volume1/Warrior/Projects/ROS/dev_ws/install/turtlesim/include/turtlesim/srv/detail/teleport_absolute__rosidl_typesupport_introspection_cpp.hpp
[7.985s] -- Up-to-date: /media/karthi/New Volume1/Warrior/Projects/ROS/dev_ws/install/turtlesim/include/turtlesim/srv/detail/teleport_absolute__type_support.cpp
[7.985s] -- Up-to-date: /media/karthi/New Volume1/Warrior/Projects/ROS/dev_ws/install/turtlesim/include/turtlesim/srv/detail/teleport_relative__rosidl_typesupport_introspection_cpp.hpp
[7.986s] -- Up-to-date: /media/karthi/New Volume1/Warrior/Projects/ROS/dev_ws/install/turtlesim/include/turtlesim/srv/detail/teleport_relative__type_support.cpp
[7.988s] -- Up-to-date: /media/karthi/New Volume1/Warrior/Projects/ROS/dev_ws/install/turtlesim/lib/libturtlesim__rosidl_typesupport_introspection_cpp.so
[7.990s] -- Up-to-date: /media/karthi/New Volume1/Warrior/Projects/ROS/dev_ws/install/turtlesim/lib/libturtlesim__rosidl_typesupport_cpp.so
[7.992s] -- Up-to-date: /media/karthi/New Volume1/Warrior/Projects/ROS/dev_ws/install/turtlesim/share/turtlesim/environment/pythonpath.sh
[7.992s] -- Up-to-date: /media/karthi/New Volume1/Warrior/Projects/ROS/dev_ws/install/turtlesim/share/turtlesim/environment/pythonpath.dsv
[7.993s] -- Up-to-date: /media/karthi/New Volume1/Warrior/Projects/ROS/dev_ws/install/turtlesim/lib/python3.8/site-packages/turtlesim/__init__.py
[8.022s] -- Up-to-date: /media/karthi/New Volume1/Warrior/Projects/ROS/dev_ws/install/turtlesim/lib/python3.8/site-packages/turtlesim/action
[8.022s] -- Up-to-date: /media/karthi/New Volume1/Warrior/Projects/ROS/dev_ws/install/turtlesim/lib/python3.8/site-packages/turtlesim/action/_rotate_absolute.py
[8.023s] -- Up-to-date: /media/karthi/New Volume1/Warrior/Projects/ROS/dev_ws/install/turtlesim/lib/python3.8/site-packages/turtlesim/action/_rotate_absolute_s.c
[8.023s] -- Up-to-date: /media/karthi/New Volume1/Warrior/Projects/ROS/dev_ws/install/turtlesim/lib/python3.8/site-packages/turtlesim/action/__init__.py
[8.024s] -- Up-to-date: /media/karthi/New Volume1/Warrior/Projects/ROS/dev_ws/install/turtlesim/lib/python3.8/site-packages/turtlesim/msg
[8.025s] -- Up-to-date: /media/karthi/New Volume1/Warrior/Projects/ROS/dev_ws/install/turtlesim/lib/python3.8/site-packages/turtlesim/msg/_color.py
[8.025s] -- Up-to-date: /media/karthi/New Volume1/Warrior/Projects/ROS/dev_ws/install/turtlesim/lib/python3.8/site-packages/turtlesim/msg/_color_s.c
[8.026s] -- Up-to-date: /media/karthi/New Volume1/Warrior/Projects/ROS/dev_ws/install/turtlesim/lib/python3.8/site-packages/turtlesim/msg/_pose.py
[8.027s] -- Up-to-date: /media/karthi/New Volume1/Warrior/Projects/ROS/dev_ws/install/turtlesim/lib/python3.8/site-packages/turtlesim/msg/_pose_s.c
[8.027s] -- Up-to-date: /media/karthi/New Volume1/Warrior/Projects/ROS/dev_ws/install/turtlesim/lib/python3.8/site-packages/turtlesim/msg/__init__.py
[8.028s] -- Up-to-date: /media/karthi/New Volume1/Warrior/Projects/ROS/dev_ws/install/turtlesim/lib/python3.8/site-packages/turtlesim/srv
[8.028s] -- Up-to-date: /media/karthi/New Volume1/Warrior/Projects/ROS/dev_ws/install/turtlesim/lib/python3.8/site-packages/turtlesim/srv/_kill.py
[8.029s] -- Up-to-date: /media/karthi/New Volume1/Warrior/Projects/ROS/dev_ws/install/turtlesim/lib/python3.8/site-packages/turtlesim/srv/_kill_s.c
[8.029s] -- Up-to-date: /media/karthi/New Volume1/Warrior/Projects/ROS/dev_ws/install/turtlesim/lib/python3.8/site-packages/turtlesim/srv/_set_pen.py
[8.030s] -- Up-to-date: /media/karthi/New Volume1/Warrior/Projects/ROS/dev_ws/install/turtlesim/lib/python3.8/site-packages/turtlesim/srv/_set_pen_s.c
[8.031s] -- Up-to-date: /media/karthi/New Volume1/Warrior/Projects/ROS/dev_ws/install/turtlesim/lib/python3.8/site-packages/turtlesim/srv/_spawn.py
[8.031s] -- Up-to-date: /media/karthi/New Volume1/Warrior/Projects/ROS/dev_ws/install/turtlesim/lib/python3.8/site-packages/turtlesim/srv/_spawn_s.c
[8.032s] -- Up-to-date: /media/karthi/New Volume1/Warrior/Projects/ROS/dev_ws/install/turtlesim/lib/python3.8/site-packages/turtlesim/srv/_teleport_absolute.py
[8.032s] -- Up-to-date: /media/karthi/New Volume1/Warrior/Projects/ROS/dev_ws/install/turtlesim/lib/python3.8/site-packages/turtlesim/srv/_teleport_absolute_s.c
[8.033s] -- Up-to-date: /media/karthi/New Volume1/Warrior/Projects/ROS/dev_ws/install/turtlesim/lib/python3.8/site-packages/turtlesim/srv/_teleport_relative.py
[8.034s] -- Up-to-date: /media/karthi/New Volume1/Warrior/Projects/ROS/dev_ws/install/turtlesim/lib/python3.8/site-packages/turtlesim/srv/_teleport_relative_s.c
[8.034s] -- Up-to-date: /media/karthi/New Volume1/Warrior/Projects/ROS/dev_ws/install/turtlesim/lib/python3.8/site-packages/turtlesim/srv/__init__.py
[8.036s] -- Up-to-date: /media/karthi/New Volume1/Warrior/Projects/ROS/dev_ws/install/turtlesim/lib/python3.8/site-packages/turtlesim/turtlesim_s__rosidl_typesupport_fastrtps_c.cpython-38-x86_64-linux-gnu.so
[8.039s] -- Up-to-date: /media/karthi/New Volume1/Warrior/Projects/ROS/dev_ws/install/turtlesim/lib/python3.8/site-packages/turtlesim/turtlesim_s__rosidl_typesupport_introspection_c.cpython-38-x86_64-linux-gnu.so
[8.042s] -- Up-to-date: /media/karthi/New Volume1/Warrior/Projects/ROS/dev_ws/install/turtlesim/lib/python3.8/site-packages/turtlesim/turtlesim_s__rosidl_typesupport_c.cpython-38-x86_64-linux-gnu.so
[8.045s] -- Up-to-date: /media/karthi/New Volume1/Warrior/Projects/ROS/dev_ws/install/turtlesim/lib/libturtlesim__python.so
[8.046s] -- Up-to-date: /media/karthi/New Volume1/Warrior/Projects/ROS/dev_ws/install/turtlesim/share/turtlesim/action/RotateAbsolute.idl
[8.047s] -- Up-to-date: /media/karthi/New Volume1/Warrior/Projects/ROS/dev_ws/install/turtlesim/share/turtlesim/msg/Color.idl
[8.047s] -- Up-to-date: /media/karthi/New Volume1/Warrior/Projects/ROS/dev_ws/install/turtlesim/share/turtlesim/msg/Pose.idl
[8.048s] -- Up-to-date: /media/karthi/New Volume1/Warrior/Projects/ROS/dev_ws/install/turtlesim/share/turtlesim/srv/Kill.idl
[8.049s] -- Up-to-date: /media/karthi/New Volume1/Warrior/Projects/ROS/dev_ws/install/turtlesim/share/turtlesim/srv/SetPen.idl
[8.050s] -- Up-to-date: /media/karthi/New Volume1/Warrior/Projects/ROS/dev_ws/install/turtlesim/share/turtlesim/srv/Spawn.idl
[8.050s] -- Up-to-date: /media/karthi/New Volume1/Warrior/Projects/ROS/dev_ws/install/turtlesim/share/turtlesim/srv/TeleportAbsolute.idl
[8.051s] -- Up-to-date: /media/karthi/New Volume1/Warrior/Projects/ROS/dev_ws/install/turtlesim/share/turtlesim/srv/TeleportRelative.idl
[8.052s] -- Up-to-date: /media/karthi/New Volume1/Warrior/Projects/ROS/dev_ws/install/turtlesim/share/turtlesim/action/RotateAbsolute.action
[8.052s] -- Up-to-date: /media/karthi/New Volume1/Warrior/Projects/ROS/dev_ws/install/turtlesim/share/turtlesim/msg/Color.msg
[8.053s] -- Up-to-date: /media/karthi/New Volume1/Warrior/Projects/ROS/dev_ws/install/turtlesim/share/turtlesim/msg/Pose.msg
[8.053s] -- Up-to-date: /media/karthi/New Volume1/Warrior/Projects/ROS/dev_ws/install/turtlesim/share/turtlesim/srv/Kill.srv
[8.054s] -- Up-to-date: /media/karthi/New Volume1/Warrior/Projects/ROS/dev_ws/install/turtlesim/share/turtlesim/srv/Kill_Request.msg
[8.055s] -- Up-to-date: /media/karthi/New Volume1/Warrior/Projects/ROS/dev_ws/install/turtlesim/share/turtlesim/srv/Kill_Response.msg
[8.055s] -- Up-to-date: /media/karthi/New Volume1/Warrior/Projects/ROS/dev_ws/install/turtlesim/share/turtlesim/srv/SetPen.srv
[8.056s] -- Up-to-date: /media/karthi/New Volume1/Warrior/Projects/ROS/dev_ws/install/turtlesim/share/turtlesim/srv/SetPen_Request.msg
[8.057s] -- Up-to-date: /media/karthi/New Volume1/Warrior/Projects/ROS/dev_ws/install/turtlesim/share/turtlesim/srv/SetPen_Response.msg
[8.057s] -- Up-to-date: /media/karthi/New Volume1/Warrior/Projects/ROS/dev_ws/install/turtlesim/share/turtlesim/srv/Spawn.srv
[8.058s] -- Up-to-date: /media/karthi/New Volume1/Warrior/Projects/ROS/dev_ws/install/turtlesim/share/turtlesim/srv/Spawn_Request.msg
[8.059s] -- Up-to-date: /media/karthi/New Volume1/Warrior/Projects/ROS/dev_ws/install/turtlesim/share/turtlesim/srv/Spawn_Response.msg
[8.059s] -- Up-to-date: /media/karthi/New Volume1/Warrior/Projects/ROS/dev_ws/install/turtlesim/share/turtlesim/srv/TeleportAbsolute.srv
[8.060s] -- Up-to-date: /media/karthi/New Volume1/Warrior/Projects/ROS/dev_ws/install/turtlesim/share/turtlesim/srv/TeleportAbsolute_Request.msg
[8.060s] -- Up-to-date: /media/karthi/New Volume1/Warrior/Projects/ROS/dev_ws/install/turtlesim/share/turtlesim/srv/TeleportAbsolute_Response.msg
[8.061s] -- Up-to-date: /media/karthi/New Volume1/Warrior/Projects/ROS/dev_ws/install/turtlesim/share/turtlesim/srv/TeleportRelative.srv
[8.062s] -- Up-to-date: /media/karthi/New Volume1/Warrior/Projects/ROS/dev_ws/install/turtlesim/share/turtlesim/srv/TeleportRelative_Request.msg
[8.062s] -- Up-to-date: /media/karthi/New Volume1/Warrior/Projects/ROS/dev_ws/install/turtlesim/share/turtlesim/srv/TeleportRelative_Response.msg
[8.065s] -- Installing: /media/karthi/New Volume1/Warrior/Projects/ROS/dev_ws/install/turtlesim/lib/turtlesim/turtlesim_node
[8.091s] -- Set runtime path of "/media/karthi/New Volume1/Warrior/Projects/ROS/dev_ws/install/turtlesim/lib/turtlesim/turtlesim_node" to ""
[8.094s] -- Up-to-date: /media/karthi/New Volume1/Warrior/Projects/ROS/dev_ws/install/turtlesim/lib/turtlesim/turtle_teleop_key
[8.096s] -- Up-to-date: /media/karthi/New Volume1/Warrior/Projects/ROS/dev_ws/install/turtlesim/lib/turtlesim/draw_square
[8.099s] -- Up-to-date: /media/karthi/New Volume1/Warrior/Projects/ROS/dev_ws/install/turtlesim/lib/turtlesim/mimic
[8.100s] -- Up-to-date: /media/karthi/New Volume1/Warrior/Projects/ROS/dev_ws/install/turtlesim/share/turtlesim/images
[8.101s] -- Up-to-date: /media/karthi/New Volume1/Warrior/Projects/ROS/dev_ws/install/turtlesim/share/turtlesim/images/ardent.png
[8.102s] -- Up-to-date: /media/karthi/New Volume1/Warrior/Projects/ROS/dev_ws/install/turtlesim/share/turtlesim/images/bouncy.png
[8.102s] -- Up-to-date: /media/karthi/New Volume1/Warrior/Projects/ROS/dev_ws/install/turtlesim/share/turtlesim/images/crystal.png
[8.103s] -- Up-to-date: /media/karthi/New Volume1/Warrior/Projects/ROS/dev_ws/install/turtlesim/share/turtlesim/images/dashing.png
[8.103s] -- Up-to-date: /media/karthi/New Volume1/Warrior/Projects/ROS/dev_ws/install/turtlesim/share/turtlesim/images/eloquent.png
[8.104s] -- Up-to-date: /media/karthi/New Volume1/Warrior/Projects/ROS/dev_ws/install/turtlesim/share/turtlesim/images/foxy.png
[8.104s] -- Up-to-date: /media/karthi/New Volume1/Warrior/Projects/ROS/dev_ws/install/turtlesim/share/turtlesim/launch
[8.105s] -- Up-to-date: /media/karthi/New Volume1/Warrior/Projects/ROS/dev_ws/install/turtlesim/share/turtlesim/launch/multisim.launch.py
[8.105s] -- Up-to-date: /media/karthi/New Volume1/Warrior/Projects/ROS/dev_ws/install/turtlesim/share/ament_index/resource_index/package_run_dependencies/turtlesim
[8.106s] -- Up-to-date: /media/karthi/New Volume1/Warrior/Projects/ROS/dev_ws/install/turtlesim/share/ament_index/resource_index/parent_prefix_path/turtlesim
[8.107s] -- Up-to-date: /media/karthi/New Volume1/Warrior/Projects/ROS/dev_ws/install/turtlesim/share/turtlesim/environment/ament_prefix_path.sh
[8.107s] -- Up-to-date: /media/karthi/New Volume1/Warrior/Projects/ROS/dev_ws/install/turtlesim/share/turtlesim/environment/ament_prefix_path.dsv
[8.108s] -- Up-to-date: /media/karthi/New Volume1/Warrior/Projects/ROS/dev_ws/install/turtlesim/share/turtlesim/environment/path.sh
[8.108s] -- Up-to-date: /media/karthi/New Volume1/Warrior/Projects/ROS/dev_ws/install/turtlesim/share/turtlesim/environment/path.dsv
[8.109s] -- Up-to-date: /media/karthi/New Volume1/Warrior/Projects/ROS/dev_ws/install/turtlesim/share/turtlesim/local_setup.bash
[8.109s] -- Up-to-date: /media/karthi/New Volume1/Warrior/Projects/ROS/dev_ws/install/turtlesim/share/turtlesim/local_setup.sh
[8.110s] -- Up-to-date: /media/karthi/New Volume1/Warrior/Projects/ROS/dev_ws/install/turtlesim/share/turtlesim/local_setup.zsh
[8.110s] -- Up-to-date: /media/karthi/New Volume1/Warrior/Projects/ROS/dev_ws/install/turtlesim/share/turtlesim/local_setup.dsv
[8.111s] -- Installing: /media/karthi/New Volume1/Warrior/Projects/ROS/dev_ws/install/turtlesim/share/turtlesim/package.dsv
[8.113s] -- Up-to-date: /media/karthi/New Volume1/Warrior/Projects/ROS/dev_ws/install/turtlesim/share/ament_index/resource_index/packages/turtlesim
[8.115s] -- Up-to-date: /media/karthi/New Volume1/Warrior/Projects/ROS/dev_ws/install/turtlesim/share/turtlesim/cmake/turtlesim__rosidl_generator_cExport.cmake
[8.116s] -- Up-to-date: /media/karthi/New Volume1/Warrior/Projects/ROS/dev_ws/install/turtlesim/share/turtlesim/cmake/turtlesim__rosidl_generator_cExport-noconfig.cmake
[8.117s] -- Up-to-date: /media/karthi/New Volume1/Warrior/Projects/ROS/dev_ws/install/turtlesim/share/turtlesim/cmake/turtlesim__rosidl_typesupport_introspection_cExport.cmake
[8.118s] -- Up-to-date: /media/karthi/New Volume1/Warrior/Projects/ROS/dev_ws/install/turtlesim/share/turtlesim/cmake/turtlesim__rosidl_typesupport_introspection_cExport-noconfig.cmake
[8.120s] -- Up-to-date: /media/karthi/New Volume1/Warrior/Projects/ROS/dev_ws/install/turtlesim/share/turtlesim/cmake/turtlesim__rosidl_typesupport_cExport.cmake
[8.120s] -- Up-to-date: /media/karthi/New Volume1/Warrior/Projects/ROS/dev_ws/install/turtlesim/share/turtlesim/cmake/turtlesim__rosidl_typesupport_cExport-noconfig.cmake
[8.122s] -- Up-to-date: /media/karthi/New Volume1/Warrior/Projects/ROS/dev_ws/install/turtlesim/share/turtlesim/cmake/turtlesim__rosidl_generator_cppExport.cmake
[8.124s] -- Up-to-date: /media/karthi/New Volume1/Warrior/Projects/ROS/dev_ws/install/turtlesim/share/turtlesim/cmake/turtlesim__rosidl_typesupport_introspection_cppExport.cmake
[8.125s] -- Up-to-date: /media/karthi/New Volume1/Warrior/Projects/ROS/dev_ws/install/turtlesim/share/turtlesim/cmake/turtlesim__rosidl_typesupport_introspection_cppExport-noconfig.cmake
[8.126s] -- Up-to-date: /media/karthi/New Volume1/Warrior/Projects/ROS/dev_ws/install/turtlesim/share/turtlesim/cmake/turtlesim__rosidl_typesupport_cppExport.cmake
[8.127s] -- Up-to-date: /media/karthi/New Volume1/Warrior/Projects/ROS/dev_ws/install/turtlesim/share/turtlesim/cmake/turtlesim__rosidl_typesupport_cppExport-noconfig.cmake
[8.128s] -- Up-to-date: /media/karthi/New Volume1/Warrior/Projects/ROS/dev_ws/install/turtlesim/share/turtlesim/cmake/rosidl_cmake-extras.cmake
[8.128s] -- Up-to-date: /media/karthi/New Volume1/Warrior/Projects/ROS/dev_ws/install/turtlesim/share/turtlesim/cmake/ament_cmake_export_dependencies-extras.cmake
[8.129s] -- Up-to-date: /media/karthi/New Volume1/Warrior/Projects/ROS/dev_ws/install/turtlesim/share/turtlesim/cmake/ament_cmake_export_libraries-extras.cmake
[8.130s] -- Up-to-date: /media/karthi/New Volume1/Warrior/Projects/ROS/dev_ws/install/turtlesim/share/turtlesim/cmake/ament_cmake_export_targets-extras.cmake
[8.130s] -- Up-to-date: /media/karthi/New Volume1/Warrior/Projects/ROS/dev_ws/install/turtlesim/share/turtlesim/cmake/ament_cmake_export_include_directories-extras.cmake
[8.131s] -- Up-to-date: /media/karthi/New Volume1/Warrior/Projects/ROS/dev_ws/install/turtlesim/share/turtlesim/cmake/rosidl_cmake_export_typesupport_libraries-extras.cmake
[8.132s] -- Up-to-date: /media/karthi/New Volume1/Warrior/Projects/ROS/dev_ws/install/turtlesim/share/turtlesim/cmake/rosidl_cmake_export_typesupport_targets-extras.cmake
[8.132s] -- Up-to-date: /media/karthi/New Volume1/Warrior/Projects/ROS/dev_ws/install/turtlesim/share/turtlesim/cmake/turtlesimConfig.cmake
[8.133s] -- Up-to-date: /media/karthi/New Volume1/Warrior/Projects/ROS/dev_ws/install/turtlesim/share/turtlesim/cmake/turtlesimConfig-version.cmake
[8.133s] -- Up-to-date: /media/karthi/New Volume1/Warrior/Projects/ROS/dev_ws/install/turtlesim/share/turtlesim/package.xml
[8.137s] Invoked command in '/media/karthi/New Volume1/Warrior/Projects/ROS/dev_ws/build/turtlesim' returned '0': CMAKE_PREFIX_PATH=/opt/ros/foxy /usr/bin/cmake --install /media/karthi/New Volume1/Warrior/Projects/ROS/dev_ws/build/turtlesim
