[0.764s] Invoking command in '/media/karthi/New Volume/Warrior/Projects/ROS/dev_ws/src/py_pubsub': PYTHONPATH=/media/karthi/New Volume/Warrior/Projects/ROS/dev_ws/install/py_pubsub/lib/python3.8/site-packages:${PYTHONPATH} /usr/bin/python3 setup.py egg_info --egg-base ../../build/py_pubsub build --build-base /media/karthi/New Volume/Warrior/Projects/ROS/dev_ws/build/py_pubsub/build install --prefix /media/karthi/New Volume/Warrior/Projects/ROS/dev_ws/install/py_pubsub --record /media/karthi/New Volume/Warrior/Projects/ROS/dev_ws/build/py_pubsub/install.log --single-version-externally-managed
[0.965s] running egg_info
[0.965s] writing ../../build/py_pubsub/py_pubsub.egg-info/PKG-INFO
[0.966s] writing dependency_links to ../../build/py_pubsub/py_pubsub.egg-info/dependency_links.txt
[0.966s] writing entry points to ../../build/py_pubsub/py_pubsub.egg-info/entry_points.txt
[0.967s] writing requirements to ../../build/py_pubsub/py_pubsub.egg-info/requires.txt
[0.967s] writing top-level names to ../../build/py_pubsub/py_pubsub.egg-info/top_level.txt
[0.996s] reading manifest file '../../build/py_pubsub/py_pubsub.egg-info/SOURCES.txt'
[0.998s] writing manifest file '../../build/py_pubsub/py_pubsub.egg-info/SOURCES.txt'
[0.999s] running build
[0.999s] running build_py
[0.999s] copying py_pubsub/publisher_member_function.py -> /media/karthi/New Volume/Warrior/Projects/ROS/dev_ws/build/py_pubsub/build/lib/py_pubsub
[1.001s] running install
[1.002s] running install_lib
[1.004s] copying /media/karthi/New Volume/Warrior/Projects/ROS/dev_ws/build/py_pubsub/build/lib/py_pubsub/publisher_member_function.py -> /media/karthi/New Volume/Warrior/Projects/ROS/dev_ws/install/py_pubsub/lib/python3.8/site-packages/py_pubsub
[1.008s] byte-compiling /media/karthi/New Volume/Warrior/Projects/ROS/dev_ws/install/py_pubsub/lib/python3.8/site-packages/py_pubsub/publisher_member_function.py to publisher_member_function.cpython-38.pyc
[1.011s] running install_data
[1.012s] running install_egg_info
[1.014s] removing '/media/karthi/New Volume/Warrior/Projects/ROS/dev_ws/install/py_pubsub/lib/python3.8/site-packages/py_pubsub-0.0.0-py3.8.egg-info' (and everything under it)
[1.017s] Copying ../../build/py_pubsub/py_pubsub.egg-info to /media/karthi/New Volume/Warrior/Projects/ROS/dev_ws/install/py_pubsub/lib/python3.8/site-packages/py_pubsub-0.0.0-py3.8.egg-info
[1.025s] running install_scripts
[1.040s] Installing listener script to /media/karthi/New Volume/Warrior/Projects/ROS/dev_ws/install/py_pubsub/lib/py_pubsub
[1.040s] Installing talker script to /media/karthi/New Volume/Warrior/Projects/ROS/dev_ws/install/py_pubsub/lib/py_pubsub
[1.041s] writing list of installed files to '/media/karthi/New Volume/Warrior/Projects/ROS/dev_ws/build/py_pubsub/install.log'
[1.076s] Invoked command in '/media/karthi/New Volume/Warrior/Projects/ROS/dev_ws/src/py_pubsub' returned '0': PYTHONPATH=/media/karthi/New Volume/Warrior/Projects/ROS/dev_ws/install/py_pubsub/lib/python3.8/site-packages:${PYTHONPATH} /usr/bin/python3 setup.py egg_info --egg-base ../../build/py_pubsub build --build-base /media/karthi/New Volume/Warrior/Projects/ROS/dev_ws/build/py_pubsub/build install --prefix /media/karthi/New Volume/Warrior/Projects/ROS/dev_ws/install/py_pubsub --record /media/karthi/New Volume/Warrior/Projects/ROS/dev_ws/build/py_pubsub/install.log --single-version-externally-managed
