[  3%] Built target pyturtle_interfaces__cpp
[ 12%] Built target pyturtle_interfaces__rosidl_generator_c
[ 32%] Built target pyturtle_interfaces__rosidl_typesupport_introspection_cpp
[ 32%] Built target pyturtle_interfaces__rosidl_typesupport_cpp
[ 51%] Built target pyturtle_interfaces__rosidl_typesupport_c
[ 51%] Built target pyturtle_interfaces__rosidl_typesupport_introspection_c
[ 61%] Built target pyturtle_interfaces__rosidl_typesupport_fastrtps_cpp
[ 70%] Built target pyturtle_interfaces__rosidl_typesupport_fastrtps_c
[ 70%] Built target pyturtle_interfaces
[ 74%] Built target pyturtle_interfaces__py
[ 80%] Built target pyturtle_interfaces__python
[100%] Built target pyturtle_interfaces__rosidl_typesupport_introspection_c__pyext
[100%] Built target pyturtle_interfaces__rosidl_typesupport_c__pyext
[100%] Built target pyturtle_interfaces__rosidl_typesupport_fastrtps_c__pyext
-- Install configuration: ""
-- Up-to-date: /media/karthi/New Volume/Warrior/Projects/ROS/dev_ws/install/pyturtle_interfaces/share/ament_index/resource_index/rosidl_interfaces/pyturtle_interfaces
-- Up-to-date: /media/karthi/New Volume/Warrior/Projects/ROS/dev_ws/install/pyturtle_interfaces/include/pyturtle_interfaces
-- Up-to-date: /media/karthi/New Volume/Warrior/Projects/ROS/dev_ws/install/pyturtle_interfaces/include/pyturtle_interfaces/msg
-- Up-to-date: /media/karthi/New Volume/Warrior/Projects/ROS/dev_ws/install/pyturtle_interfaces/include/pyturtle_interfaces/msg/rosidl_generator_c__visibility_control.h
-- Up-to-date: /media/karthi/New Volume/Warrior/Projects/ROS/dev_ws/install/pyturtle_interfaces/include/pyturtle_interfaces/srv
-- Up-to-date: /media/karthi/New Volume/Warrior/Projects/ROS/dev_ws/install/pyturtle_interfaces/include/pyturtle_interfaces/srv/detail
-- Up-to-date: /media/karthi/New Volume/Warrior/Projects/ROS/dev_ws/install/pyturtle_interfaces/include/pyturtle_interfaces/srv/detail/main_bg__functions.c
-- Up-to-date: /media/karthi/New Volume/Warrior/Projects/ROS/dev_ws/install/pyturtle_interfaces/include/pyturtle_interfaces/srv/detail/main_bg__functions.h
-- Up-to-date: /media/karthi/New Volume/Warrior/Projects/ROS/dev_ws/install/pyturtle_interfaces/include/pyturtle_interfaces/srv/detail/main_bg__struct.h
-- Up-to-date: /media/karthi/New Volume/Warrior/Projects/ROS/dev_ws/install/pyturtle_interfaces/include/pyturtle_interfaces/srv/detail/main_bg__type_support.h
-- Up-to-date: /media/karthi/New Volume/Warrior/Projects/ROS/dev_ws/install/pyturtle_interfaces/include/pyturtle_interfaces/srv/main_bg.h
-- Up-to-date: /media/karthi/New Volume/Warrior/Projects/ROS/dev_ws/install/pyturtle_interfaces/share/pyturtle_interfaces/environment/library_path.sh
-- Up-to-date: /media/karthi/New Volume/Warrior/Projects/ROS/dev_ws/install/pyturtle_interfaces/share/pyturtle_interfaces/environment/library_path.dsv
-- Up-to-date: /media/karthi/New Volume/Warrior/Projects/ROS/dev_ws/install/pyturtle_interfaces/lib/libpyturtle_interfaces__rosidl_generator_c.so
-- Up-to-date: /media/karthi/New Volume/Warrior/Projects/ROS/dev_ws/install/pyturtle_interfaces/include/pyturtle_interfaces
-- Up-to-date: /media/karthi/New Volume/Warrior/Projects/ROS/dev_ws/install/pyturtle_interfaces/include/pyturtle_interfaces/msg
-- Up-to-date: /media/karthi/New Volume/Warrior/Projects/ROS/dev_ws/install/pyturtle_interfaces/include/pyturtle_interfaces/msg/rosidl_typesupport_fastrtps_c__visibility_control.h
-- Up-to-date: /media/karthi/New Volume/Warrior/Projects/ROS/dev_ws/install/pyturtle_interfaces/include/pyturtle_interfaces/srv
-- Up-to-date: /media/karthi/New Volume/Warrior/Projects/ROS/dev_ws/install/pyturtle_interfaces/include/pyturtle_interfaces/srv/detail
-- Up-to-date: /media/karthi/New Volume/Warrior/Projects/ROS/dev_ws/install/pyturtle_interfaces/include/pyturtle_interfaces/srv/detail/main_bg__rosidl_typesupport_fastrtps_c.h
-- Up-to-date: /media/karthi/New Volume/Warrior/Projects/ROS/dev_ws/install/pyturtle_interfaces/lib/libpyturtle_interfaces__rosidl_typesupport_fastrtps_c.so
-- Up-to-date: /media/karthi/New Volume/Warrior/Projects/ROS/dev_ws/install/pyturtle_interfaces/include/pyturtle_interfaces
-- Up-to-date: /media/karthi/New Volume/Warrior/Projects/ROS/dev_ws/install/pyturtle_interfaces/include/pyturtle_interfaces/msg
-- Up-to-date: /media/karthi/New Volume/Warrior/Projects/ROS/dev_ws/install/pyturtle_interfaces/include/pyturtle_interfaces/msg/rosidl_typesupport_fastrtps_cpp__visibility_control.h
-- Up-to-date: /media/karthi/New Volume/Warrior/Projects/ROS/dev_ws/install/pyturtle_interfaces/include/pyturtle_interfaces/srv
-- Up-to-date: /media/karthi/New Volume/Warrior/Projects/ROS/dev_ws/install/pyturtle_interfaces/include/pyturtle_interfaces/srv/detail
-- Up-to-date: /media/karthi/New Volume/Warrior/Projects/ROS/dev_ws/install/pyturtle_interfaces/include/pyturtle_interfaces/srv/detail/dds_fastrtps
-- Up-to-date: /media/karthi/New Volume/Warrior/Projects/ROS/dev_ws/install/pyturtle_interfaces/include/pyturtle_interfaces/srv/detail/main_bg__rosidl_typesupport_fastrtps_cpp.hpp
-- Up-to-date: /media/karthi/New Volume/Warrior/Projects/ROS/dev_ws/install/pyturtle_interfaces/lib/libpyturtle_interfaces__rosidl_typesupport_fastrtps_cpp.so
-- Up-to-date: /media/karthi/New Volume/Warrior/Projects/ROS/dev_ws/install/pyturtle_interfaces/include/pyturtle_interfaces
-- Up-to-date: /media/karthi/New Volume/Warrior/Projects/ROS/dev_ws/install/pyturtle_interfaces/include/pyturtle_interfaces/msg
-- Up-to-date: /media/karthi/New Volume/Warrior/Projects/ROS/dev_ws/install/pyturtle_interfaces/include/pyturtle_interfaces/msg/rosidl_typesupport_introspection_c__visibility_control.h
-- Up-to-date: /media/karthi/New Volume/Warrior/Projects/ROS/dev_ws/install/pyturtle_interfaces/include/pyturtle_interfaces/srv
-- Up-to-date: /media/karthi/New Volume/Warrior/Projects/ROS/dev_ws/install/pyturtle_interfaces/include/pyturtle_interfaces/srv/detail
-- Up-to-date: /media/karthi/New Volume/Warrior/Projects/ROS/dev_ws/install/pyturtle_interfaces/include/pyturtle_interfaces/srv/detail/main_bg__rosidl_typesupport_introspection_c.h
-- Up-to-date: /media/karthi/New Volume/Warrior/Projects/ROS/dev_ws/install/pyturtle_interfaces/include/pyturtle_interfaces/srv/detail/main_bg__type_support.c
-- Up-to-date: /media/karthi/New Volume/Warrior/Projects/ROS/dev_ws/install/pyturtle_interfaces/lib/libpyturtle_interfaces__rosidl_typesupport_introspection_c.so
-- Up-to-date: /media/karthi/New Volume/Warrior/Projects/ROS/dev_ws/install/pyturtle_interfaces/lib/libpyturtle_interfaces__rosidl_typesupport_c.so
-- Up-to-date: /media/karthi/New Volume/Warrior/Projects/ROS/dev_ws/install/pyturtle_interfaces/include/pyturtle_interfaces
-- Up-to-date: /media/karthi/New Volume/Warrior/Projects/ROS/dev_ws/install/pyturtle_interfaces/include/pyturtle_interfaces/srv
-- Up-to-date: /media/karthi/New Volume/Warrior/Projects/ROS/dev_ws/install/pyturtle_interfaces/include/pyturtle_interfaces/srv/detail
-- Up-to-date: /media/karthi/New Volume/Warrior/Projects/ROS/dev_ws/install/pyturtle_interfaces/include/pyturtle_interfaces/srv/detail/main_bg__builder.hpp
-- Up-to-date: /media/karthi/New Volume/Warrior/Projects/ROS/dev_ws/install/pyturtle_interfaces/include/pyturtle_interfaces/srv/detail/main_bg__struct.hpp
-- Up-to-date: /media/karthi/New Volume/Warrior/Projects/ROS/dev_ws/install/pyturtle_interfaces/include/pyturtle_interfaces/srv/detail/main_bg__traits.hpp
-- Up-to-date: /media/karthi/New Volume/Warrior/Projects/ROS/dev_ws/install/pyturtle_interfaces/include/pyturtle_interfaces/srv/main_bg.hpp
-- Up-to-date: /media/karthi/New Volume/Warrior/Projects/ROS/dev_ws/install/pyturtle_interfaces/include/pyturtle_interfaces
-- Up-to-date: /media/karthi/New Volume/Warrior/Projects/ROS/dev_ws/install/pyturtle_interfaces/include/pyturtle_interfaces/srv
-- Up-to-date: /media/karthi/New Volume/Warrior/Projects/ROS/dev_ws/install/pyturtle_interfaces/include/pyturtle_interfaces/srv/detail
-- Up-to-date: /media/karthi/New Volume/Warrior/Projects/ROS/dev_ws/install/pyturtle_interfaces/include/pyturtle_interfaces/srv/detail/main_bg__rosidl_typesupport_introspection_cpp.hpp
-- Up-to-date: /media/karthi/New Volume/Warrior/Projects/ROS/dev_ws/install/pyturtle_interfaces/include/pyturtle_interfaces/srv/detail/main_bg__type_support.cpp
-- Up-to-date: /media/karthi/New Volume/Warrior/Projects/ROS/dev_ws/install/pyturtle_interfaces/lib/libpyturtle_interfaces__rosidl_typesupport_introspection_cpp.so
-- Up-to-date: /media/karthi/New Volume/Warrior/Projects/ROS/dev_ws/install/pyturtle_interfaces/lib/libpyturtle_interfaces__rosidl_typesupport_cpp.so
-- Up-to-date: /media/karthi/New Volume/Warrior/Projects/ROS/dev_ws/install/pyturtle_interfaces/share/pyturtle_interfaces/environment/pythonpath.sh
-- Up-to-date: /media/karthi/New Volume/Warrior/Projects/ROS/dev_ws/install/pyturtle_interfaces/share/pyturtle_interfaces/environment/pythonpath.dsv
-- Up-to-date: /media/karthi/New Volume/Warrior/Projects/ROS/dev_ws/install/pyturtle_interfaces/lib/python3.8/site-packages/pyturtle_interfaces/__init__.py
-- Up-to-date: /media/karthi/New Volume/Warrior/Projects/ROS/dev_ws/install/pyturtle_interfaces/lib/python3.8/site-packages/pyturtle_interfaces/srv
-- Up-to-date: /media/karthi/New Volume/Warrior/Projects/ROS/dev_ws/install/pyturtle_interfaces/lib/python3.8/site-packages/pyturtle_interfaces/srv/_main_bg.py
-- Up-to-date: /media/karthi/New Volume/Warrior/Projects/ROS/dev_ws/install/pyturtle_interfaces/lib/python3.8/site-packages/pyturtle_interfaces/srv/_main_bg_s.c
-- Up-to-date: /media/karthi/New Volume/Warrior/Projects/ROS/dev_ws/install/pyturtle_interfaces/lib/python3.8/site-packages/pyturtle_interfaces/srv/__init__.py
-- Up-to-date: /media/karthi/New Volume/Warrior/Projects/ROS/dev_ws/install/pyturtle_interfaces/lib/python3.8/site-packages/pyturtle_interfaces/pyturtle_interfaces_s__rosidl_typesupport_fastrtps_c.cpython-38-x86_64-linux-gnu.so
-- Up-to-date: /media/karthi/New Volume/Warrior/Projects/ROS/dev_ws/install/pyturtle_interfaces/lib/python3.8/site-packages/pyturtle_interfaces/pyturtle_interfaces_s__rosidl_typesupport_introspection_c.cpython-38-x86_64-linux-gnu.so
-- Up-to-date: /media/karthi/New Volume/Warrior/Projects/ROS/dev_ws/install/pyturtle_interfaces/lib/python3.8/site-packages/pyturtle_interfaces/pyturtle_interfaces_s__rosidl_typesupport_c.cpython-38-x86_64-linux-gnu.so
-- Up-to-date: /media/karthi/New Volume/Warrior/Projects/ROS/dev_ws/install/pyturtle_interfaces/lib/libpyturtle_interfaces__python.so
-- Up-to-date: /media/karthi/New Volume/Warrior/Projects/ROS/dev_ws/install/pyturtle_interfaces/share/pyturtle_interfaces/srv/MainBG.idl
-- Up-to-date: /media/karthi/New Volume/Warrior/Projects/ROS/dev_ws/install/pyturtle_interfaces/share/pyturtle_interfaces/srv/MainBG.srv
-- Up-to-date: /media/karthi/New Volume/Warrior/Projects/ROS/dev_ws/install/pyturtle_interfaces/share/pyturtle_interfaces/srv/MainBG_Request.msg
-- Up-to-date: /media/karthi/New Volume/Warrior/Projects/ROS/dev_ws/install/pyturtle_interfaces/share/pyturtle_interfaces/srv/MainBG_Response.msg
-- Up-to-date: /media/karthi/New Volume/Warrior/Projects/ROS/dev_ws/install/pyturtle_interfaces/share/ament_index/resource_index/package_run_dependencies/pyturtle_interfaces
-- Up-to-date: /media/karthi/New Volume/Warrior/Projects/ROS/dev_ws/install/pyturtle_interfaces/share/ament_index/resource_index/parent_prefix_path/pyturtle_interfaces
-- Up-to-date: /media/karthi/New Volume/Warrior/Projects/ROS/dev_ws/install/pyturtle_interfaces/share/pyturtle_interfaces/environment/ament_prefix_path.sh
-- Up-to-date: /media/karthi/New Volume/Warrior/Projects/ROS/dev_ws/install/pyturtle_interfaces/share/pyturtle_interfaces/environment/ament_prefix_path.dsv
-- Up-to-date: /media/karthi/New Volume/Warrior/Projects/ROS/dev_ws/install/pyturtle_interfaces/share/pyturtle_interfaces/environment/path.sh
-- Up-to-date: /media/karthi/New Volume/Warrior/Projects/ROS/dev_ws/install/pyturtle_interfaces/share/pyturtle_interfaces/environment/path.dsv
-- Up-to-date: /media/karthi/New Volume/Warrior/Projects/ROS/dev_ws/install/pyturtle_interfaces/share/pyturtle_interfaces/local_setup.bash
-- Up-to-date: /media/karthi/New Volume/Warrior/Projects/ROS/dev_ws/install/pyturtle_interfaces/share/pyturtle_interfaces/local_setup.sh
-- Up-to-date: /media/karthi/New Volume/Warrior/Projects/ROS/dev_ws/install/pyturtle_interfaces/share/pyturtle_interfaces/local_setup.zsh
-- Up-to-date: /media/karthi/New Volume/Warrior/Projects/ROS/dev_ws/install/pyturtle_interfaces/share/pyturtle_interfaces/local_setup.dsv
-- Installing: /media/karthi/New Volume/Warrior/Projects/ROS/dev_ws/install/pyturtle_interfaces/share/pyturtle_interfaces/package.dsv
-- Up-to-date: /media/karthi/New Volume/Warrior/Projects/ROS/dev_ws/install/pyturtle_interfaces/share/ament_index/resource_index/packages/pyturtle_interfaces
-- Up-to-date: /media/karthi/New Volume/Warrior/Projects/ROS/dev_ws/install/pyturtle_interfaces/share/pyturtle_interfaces/cmake/pyturtle_interfaces__rosidl_generator_cExport.cmake
-- Up-to-date: /media/karthi/New Volume/Warrior/Projects/ROS/dev_ws/install/pyturtle_interfaces/share/pyturtle_interfaces/cmake/pyturtle_interfaces__rosidl_generator_cExport-noconfig.cmake
-- Up-to-date: /media/karthi/New Volume/Warrior/Projects/ROS/dev_ws/install/pyturtle_interfaces/share/pyturtle_interfaces/cmake/pyturtle_interfaces__rosidl_typesupport_introspection_cExport.cmake
-- Up-to-date: /media/karthi/New Volume/Warrior/Projects/ROS/dev_ws/install/pyturtle_interfaces/share/pyturtle_interfaces/cmake/pyturtle_interfaces__rosidl_typesupport_introspection_cExport-noconfig.cmake
-- Up-to-date: /media/karthi/New Volume/Warrior/Projects/ROS/dev_ws/install/pyturtle_interfaces/share/pyturtle_interfaces/cmake/pyturtle_interfaces__rosidl_typesupport_cExport.cmake
-- Up-to-date: /media/karthi/New Volume/Warrior/Projects/ROS/dev_ws/install/pyturtle_interfaces/share/pyturtle_interfaces/cmake/pyturtle_interfaces__rosidl_typesupport_cExport-noconfig.cmake
-- Up-to-date: /media/karthi/New Volume/Warrior/Projects/ROS/dev_ws/install/pyturtle_interfaces/share/pyturtle_interfaces/cmake/pyturtle_interfaces__rosidl_generator_cppExport.cmake
-- Up-to-date: /media/karthi/New Volume/Warrior/Projects/ROS/dev_ws/install/pyturtle_interfaces/share/pyturtle_interfaces/cmake/pyturtle_interfaces__rosidl_typesupport_introspection_cppExport.cmake
-- Up-to-date: /media/karthi/New Volume/Warrior/Projects/ROS/dev_ws/install/pyturtle_interfaces/share/pyturtle_interfaces/cmake/pyturtle_interfaces__rosidl_typesupport_introspection_cppExport-noconfig.cmake
-- Up-to-date: /media/karthi/New Volume/Warrior/Projects/ROS/dev_ws/install/pyturtle_interfaces/share/pyturtle_interfaces/cmake/pyturtle_interfaces__rosidl_typesupport_cppExport.cmake
-- Up-to-date: /media/karthi/New Volume/Warrior/Projects/ROS/dev_ws/install/pyturtle_interfaces/share/pyturtle_interfaces/cmake/pyturtle_interfaces__rosidl_typesupport_cppExport-noconfig.cmake
-- Up-to-date: /media/karthi/New Volume/Warrior/Projects/ROS/dev_ws/install/pyturtle_interfaces/share/pyturtle_interfaces/cmake/rosidl_cmake-extras.cmake
-- Up-to-date: /media/karthi/New Volume/Warrior/Projects/ROS/dev_ws/install/pyturtle_interfaces/share/pyturtle_interfaces/cmake/ament_cmake_export_dependencies-extras.cmake
-- Up-to-date: /media/karthi/New Volume/Warrior/Projects/ROS/dev_ws/install/pyturtle_interfaces/share/pyturtle_interfaces/cmake/ament_cmake_export_libraries-extras.cmake
-- Up-to-date: /media/karthi/New Volume/Warrior/Projects/ROS/dev_ws/install/pyturtle_interfaces/share/pyturtle_interfaces/cmake/ament_cmake_export_targets-extras.cmake
-- Up-to-date: /media/karthi/New Volume/Warrior/Projects/ROS/dev_ws/install/pyturtle_interfaces/share/pyturtle_interfaces/cmake/ament_cmake_export_include_directories-extras.cmake
-- Up-to-date: /media/karthi/New Volume/Warrior/Projects/ROS/dev_ws/install/pyturtle_interfaces/share/pyturtle_interfaces/cmake/rosidl_cmake_export_typesupport_libraries-extras.cmake
-- Up-to-date: /media/karthi/New Volume/Warrior/Projects/ROS/dev_ws/install/pyturtle_interfaces/share/pyturtle_interfaces/cmake/rosidl_cmake_export_typesupport_targets-extras.cmake
-- Up-to-date: /media/karthi/New Volume/Warrior/Projects/ROS/dev_ws/install/pyturtle_interfaces/share/pyturtle_interfaces/cmake/pyturtle_interfacesConfig.cmake
-- Up-to-date: /media/karthi/New Volume/Warrior/Projects/ROS/dev_ws/install/pyturtle_interfaces/share/pyturtle_interfaces/cmake/pyturtle_interfacesConfig-version.cmake
-- Up-to-date: /media/karthi/New Volume/Warrior/Projects/ROS/dev_ws/install/pyturtle_interfaces/share/pyturtle_interfaces/package.xml
