[0.015s] Invoking command in '/media/karthi/New Volume/Warrior/Projects/ROS/dev_ws/build/pyturtle_interfaces': CMAKE_PREFIX_PATH=/opt/ros/foxy /usr/bin/cmake --build /media/karthi/New Volume/Warrior/Projects/ROS/dev_ws/build/pyturtle_interfaces -- -j12 -l12
[0.064s] [  3%] Built target pyturtle_interfaces__cpp
[0.065s] [ 12%] Built target pyturtle_interfaces__rosidl_generator_c
[0.087s] [ 32%] Built target pyturtle_interfaces__rosidl_typesupport_introspection_cpp
[0.087s] [ 32%] Built target pyturtle_interfaces__rosidl_typesupport_cpp
[0.088s] [ 51%] Built target pyturtle_interfaces__rosidl_typesupport_c
[0.088s] [ 51%] Built target pyturtle_interfaces__rosidl_typesupport_introspection_c
[0.090s] [ 61%] Built target pyturtle_interfaces__rosidl_typesupport_fastrtps_cpp
[0.117s] [ 70%] Built target pyturtle_interfaces__rosidl_typesupport_fastrtps_c
[0.136s] [ 70%] Built target pyturtle_interfaces
[0.155s] [ 74%] Built target pyturtle_interfaces__py
[0.180s] [ 80%] Built target pyturtle_interfaces__python
[0.205s] [100%] Built target pyturtle_interfaces__rosidl_typesupport_introspection_c__pyext
[0.206s] [100%] Built target pyturtle_interfaces__rosidl_typesupport_c__pyext
[0.206s] [100%] Built target pyturtle_interfaces__rosidl_typesupport_fastrtps_c__pyext
[0.219s] Invoked command in '/media/karthi/New Volume/Warrior/Projects/ROS/dev_ws/build/pyturtle_interfaces' returned '0': CMAKE_PREFIX_PATH=/opt/ros/foxy /usr/bin/cmake --build /media/karthi/New Volume/Warrior/Projects/ROS/dev_ws/build/pyturtle_interfaces -- -j12 -l12
[0.270s] Invoking command in '/media/karthi/New Volume/Warrior/Projects/ROS/dev_ws/build/pyturtle_interfaces': CMAKE_PREFIX_PATH=/opt/ros/foxy /usr/bin/cmake --install /media/karthi/New Volume/Warrior/Projects/ROS/dev_ws/build/pyturtle_interfaces
[0.277s] -- Install configuration: ""
[0.278s] -- Up-to-date: /media/karthi/New Volume/Warrior/Projects/ROS/dev_ws/install/pyturtle_interfaces/share/ament_index/resource_index/rosidl_interfaces/pyturtle_interfaces
[0.278s] -- Up-to-date: /media/karthi/New Volume/Warrior/Projects/ROS/dev_ws/install/pyturtle_interfaces/include/pyturtle_interfaces
[0.279s] -- Up-to-date: /media/karthi/New Volume/Warrior/Projects/ROS/dev_ws/install/pyturtle_interfaces/include/pyturtle_interfaces/msg
[0.280s] -- Up-to-date: /media/karthi/New Volume/Warrior/Projects/ROS/dev_ws/install/pyturtle_interfaces/include/pyturtle_interfaces/msg/rosidl_generator_c__visibility_control.h
[0.280s] -- Up-to-date: /media/karthi/New Volume/Warrior/Projects/ROS/dev_ws/install/pyturtle_interfaces/include/pyturtle_interfaces/srv
[0.281s] -- Up-to-date: /media/karthi/New Volume/Warrior/Projects/ROS/dev_ws/install/pyturtle_interfaces/include/pyturtle_interfaces/srv/detail
[0.282s] -- Up-to-date: /media/karthi/New Volume/Warrior/Projects/ROS/dev_ws/install/pyturtle_interfaces/include/pyturtle_interfaces/srv/detail/main_bg__functions.c
[0.282s] -- Up-to-date: /media/karthi/New Volume/Warrior/Projects/ROS/dev_ws/install/pyturtle_interfaces/include/pyturtle_interfaces/srv/detail/main_bg__functions.h
[0.283s] -- Up-to-date: /media/karthi/New Volume/Warrior/Projects/ROS/dev_ws/install/pyturtle_interfaces/include/pyturtle_interfaces/srv/detail/main_bg__struct.h
[0.284s] -- Up-to-date: /media/karthi/New Volume/Warrior/Projects/ROS/dev_ws/install/pyturtle_interfaces/include/pyturtle_interfaces/srv/detail/main_bg__type_support.h
[0.284s] -- Up-to-date: /media/karthi/New Volume/Warrior/Projects/ROS/dev_ws/install/pyturtle_interfaces/include/pyturtle_interfaces/srv/main_bg.h
[0.285s] -- Up-to-date: /media/karthi/New Volume/Warrior/Projects/ROS/dev_ws/install/pyturtle_interfaces/share/pyturtle_interfaces/environment/library_path.sh
[0.286s] -- Up-to-date: /media/karthi/New Volume/Warrior/Projects/ROS/dev_ws/install/pyturtle_interfaces/share/pyturtle_interfaces/environment/library_path.dsv
[0.287s] -- Up-to-date: /media/karthi/New Volume/Warrior/Projects/ROS/dev_ws/install/pyturtle_interfaces/lib/libpyturtle_interfaces__rosidl_generator_c.so
[0.288s] -- Up-to-date: /media/karthi/New Volume/Warrior/Projects/ROS/dev_ws/install/pyturtle_interfaces/include/pyturtle_interfaces
[0.289s] -- Up-to-date: /media/karthi/New Volume/Warrior/Projects/ROS/dev_ws/install/pyturtle_interfaces/include/pyturtle_interfaces/msg
[0.290s] -- Up-to-date: /media/karthi/New Volume/Warrior/Projects/ROS/dev_ws/install/pyturtle_interfaces/include/pyturtle_interfaces/msg/rosidl_typesupport_fastrtps_c__visibility_control.h
[0.290s] -- Up-to-date: /media/karthi/New Volume/Warrior/Projects/ROS/dev_ws/install/pyturtle_interfaces/include/pyturtle_interfaces/srv
[0.291s] -- Up-to-date: /media/karthi/New Volume/Warrior/Projects/ROS/dev_ws/install/pyturtle_interfaces/include/pyturtle_interfaces/srv/detail
[0.292s] -- Up-to-date: /media/karthi/New Volume/Warrior/Projects/ROS/dev_ws/install/pyturtle_interfaces/include/pyturtle_interfaces/srv/detail/main_bg__rosidl_typesupport_fastrtps_c.h
[0.293s] -- Up-to-date: /media/karthi/New Volume/Warrior/Projects/ROS/dev_ws/install/pyturtle_interfaces/lib/libpyturtle_interfaces__rosidl_typesupport_fastrtps_c.so
[0.294s] -- Up-to-date: /media/karthi/New Volume/Warrior/Projects/ROS/dev_ws/install/pyturtle_interfaces/include/pyturtle_interfaces
[0.295s] -- Up-to-date: /media/karthi/New Volume/Warrior/Projects/ROS/dev_ws/install/pyturtle_interfaces/include/pyturtle_interfaces/msg
[0.296s] -- Up-to-date: /media/karthi/New Volume/Warrior/Projects/ROS/dev_ws/install/pyturtle_interfaces/include/pyturtle_interfaces/msg/rosidl_typesupport_fastrtps_cpp__visibility_control.h
[0.296s] -- Up-to-date: /media/karthi/New Volume/Warrior/Projects/ROS/dev_ws/install/pyturtle_interfaces/include/pyturtle_interfaces/srv
[0.297s] -- Up-to-date: /media/karthi/New Volume/Warrior/Projects/ROS/dev_ws/install/pyturtle_interfaces/include/pyturtle_interfaces/srv/detail
[0.298s] -- Up-to-date: /media/karthi/New Volume/Warrior/Projects/ROS/dev_ws/install/pyturtle_interfaces/include/pyturtle_interfaces/srv/detail/dds_fastrtps
[0.299s] -- Up-to-date: /media/karthi/New Volume/Warrior/Projects/ROS/dev_ws/install/pyturtle_interfaces/include/pyturtle_interfaces/srv/detail/main_bg__rosidl_typesupport_fastrtps_cpp.hpp
[0.300s] -- Up-to-date: /media/karthi/New Volume/Warrior/Projects/ROS/dev_ws/install/pyturtle_interfaces/lib/libpyturtle_interfaces__rosidl_typesupport_fastrtps_cpp.so
[0.301s] -- Up-to-date: /media/karthi/New Volume/Warrior/Projects/ROS/dev_ws/install/pyturtle_interfaces/include/pyturtle_interfaces
[0.302s] -- Up-to-date: /media/karthi/New Volume/Warrior/Projects/ROS/dev_ws/install/pyturtle_interfaces/include/pyturtle_interfaces/msg
[0.302s] -- Up-to-date: /media/karthi/New Volume/Warrior/Projects/ROS/dev_ws/install/pyturtle_interfaces/include/pyturtle_interfaces/msg/rosidl_typesupport_introspection_c__visibility_control.h
[0.303s] -- Up-to-date: /media/karthi/New Volume/Warrior/Projects/ROS/dev_ws/install/pyturtle_interfaces/include/pyturtle_interfaces/srv
[0.303s] -- Up-to-date: /media/karthi/New Volume/Warrior/Projects/ROS/dev_ws/install/pyturtle_interfaces/include/pyturtle_interfaces/srv/detail
[0.304s] -- Up-to-date: /media/karthi/New Volume/Warrior/Projects/ROS/dev_ws/install/pyturtle_interfaces/include/pyturtle_interfaces/srv/detail/main_bg__rosidl_typesupport_introspection_c.h
[0.305s] -- Up-to-date: /media/karthi/New Volume/Warrior/Projects/ROS/dev_ws/install/pyturtle_interfaces/include/pyturtle_interfaces/srv/detail/main_bg__type_support.c
[0.306s] -- Up-to-date: /media/karthi/New Volume/Warrior/Projects/ROS/dev_ws/install/pyturtle_interfaces/lib/libpyturtle_interfaces__rosidl_typesupport_introspection_c.so
[0.308s] -- Up-to-date: /media/karthi/New Volume/Warrior/Projects/ROS/dev_ws/install/pyturtle_interfaces/lib/libpyturtle_interfaces__rosidl_typesupport_c.so
[0.309s] -- Up-to-date: /media/karthi/New Volume/Warrior/Projects/ROS/dev_ws/install/pyturtle_interfaces/include/pyturtle_interfaces
[0.310s] -- Up-to-date: /media/karthi/New Volume/Warrior/Projects/ROS/dev_ws/install/pyturtle_interfaces/include/pyturtle_interfaces/srv
[0.311s] -- Up-to-date: /media/karthi/New Volume/Warrior/Projects/ROS/dev_ws/install/pyturtle_interfaces/include/pyturtle_interfaces/srv/detail
[0.311s] -- Up-to-date: /media/karthi/New Volume/Warrior/Projects/ROS/dev_ws/install/pyturtle_interfaces/include/pyturtle_interfaces/srv/detail/main_bg__builder.hpp
[0.312s] -- Up-to-date: /media/karthi/New Volume/Warrior/Projects/ROS/dev_ws/install/pyturtle_interfaces/include/pyturtle_interfaces/srv/detail/main_bg__struct.hpp
[0.313s] -- Up-to-date: /media/karthi/New Volume/Warrior/Projects/ROS/dev_ws/install/pyturtle_interfaces/include/pyturtle_interfaces/srv/detail/main_bg__traits.hpp
[0.313s] -- Up-to-date: /media/karthi/New Volume/Warrior/Projects/ROS/dev_ws/install/pyturtle_interfaces/include/pyturtle_interfaces/srv/main_bg.hpp
[0.314s] -- Up-to-date: /media/karthi/New Volume/Warrior/Projects/ROS/dev_ws/install/pyturtle_interfaces/include/pyturtle_interfaces
[0.315s] -- Up-to-date: /media/karthi/New Volume/Warrior/Projects/ROS/dev_ws/install/pyturtle_interfaces/include/pyturtle_interfaces/srv
[0.315s] -- Up-to-date: /media/karthi/New Volume/Warrior/Projects/ROS/dev_ws/install/pyturtle_interfaces/include/pyturtle_interfaces/srv/detail
[0.316s] -- Up-to-date: /media/karthi/New Volume/Warrior/Projects/ROS/dev_ws/install/pyturtle_interfaces/include/pyturtle_interfaces/srv/detail/main_bg__rosidl_typesupport_introspection_cpp.hpp
[0.317s] -- Up-to-date: /media/karthi/New Volume/Warrior/Projects/ROS/dev_ws/install/pyturtle_interfaces/include/pyturtle_interfaces/srv/detail/main_bg__type_support.cpp
[0.318s] -- Up-to-date: /media/karthi/New Volume/Warrior/Projects/ROS/dev_ws/install/pyturtle_interfaces/lib/libpyturtle_interfaces__rosidl_typesupport_introspection_cpp.so
[0.320s] -- Up-to-date: /media/karthi/New Volume/Warrior/Projects/ROS/dev_ws/install/pyturtle_interfaces/lib/libpyturtle_interfaces__rosidl_typesupport_cpp.so
[0.321s] -- Up-to-date: /media/karthi/New Volume/Warrior/Projects/ROS/dev_ws/install/pyturtle_interfaces/share/pyturtle_interfaces/environment/pythonpath.sh
[0.322s] -- Up-to-date: /media/karthi/New Volume/Warrior/Projects/ROS/dev_ws/install/pyturtle_interfaces/share/pyturtle_interfaces/environment/pythonpath.dsv
[0.323s] -- Up-to-date: /media/karthi/New Volume/Warrior/Projects/ROS/dev_ws/install/pyturtle_interfaces/lib/python3.8/site-packages/pyturtle_interfaces/__init__.py
[0.350s] -- Up-to-date: /media/karthi/New Volume/Warrior/Projects/ROS/dev_ws/install/pyturtle_interfaces/lib/python3.8/site-packages/pyturtle_interfaces/srv
[0.351s] -- Up-to-date: /media/karthi/New Volume/Warrior/Projects/ROS/dev_ws/install/pyturtle_interfaces/lib/python3.8/site-packages/pyturtle_interfaces/srv/_main_bg.py
[0.352s] -- Up-to-date: /media/karthi/New Volume/Warrior/Projects/ROS/dev_ws/install/pyturtle_interfaces/lib/python3.8/site-packages/pyturtle_interfaces/srv/_main_bg_s.c
[0.352s] -- Up-to-date: /media/karthi/New Volume/Warrior/Projects/ROS/dev_ws/install/pyturtle_interfaces/lib/python3.8/site-packages/pyturtle_interfaces/srv/__init__.py
[0.354s] -- Up-to-date: /media/karthi/New Volume/Warrior/Projects/ROS/dev_ws/install/pyturtle_interfaces/lib/python3.8/site-packages/pyturtle_interfaces/pyturtle_interfaces_s__rosidl_typesupport_fastrtps_c.cpython-38-x86_64-linux-gnu.so
[0.356s] -- Up-to-date: /media/karthi/New Volume/Warrior/Projects/ROS/dev_ws/install/pyturtle_interfaces/lib/python3.8/site-packages/pyturtle_interfaces/pyturtle_interfaces_s__rosidl_typesupport_introspection_c.cpython-38-x86_64-linux-gnu.so
[0.359s] -- Up-to-date: /media/karthi/New Volume/Warrior/Projects/ROS/dev_ws/install/pyturtle_interfaces/lib/python3.8/site-packages/pyturtle_interfaces/pyturtle_interfaces_s__rosidl_typesupport_c.cpython-38-x86_64-linux-gnu.so
[0.361s] -- Up-to-date: /media/karthi/New Volume/Warrior/Projects/ROS/dev_ws/install/pyturtle_interfaces/lib/libpyturtle_interfaces__python.so
[0.363s] -- Up-to-date: /media/karthi/New Volume/Warrior/Projects/ROS/dev_ws/install/pyturtle_interfaces/share/pyturtle_interfaces/srv/MainBG.idl
[0.363s] -- Up-to-date: /media/karthi/New Volume/Warrior/Projects/ROS/dev_ws/install/pyturtle_interfaces/share/pyturtle_interfaces/srv/MainBG.srv
[0.364s] -- Up-to-date: /media/karthi/New Volume/Warrior/Projects/ROS/dev_ws/install/pyturtle_interfaces/share/pyturtle_interfaces/srv/MainBG_Request.msg
[0.365s] -- Up-to-date: /media/karthi/New Volume/Warrior/Projects/ROS/dev_ws/install/pyturtle_interfaces/share/pyturtle_interfaces/srv/MainBG_Response.msg
[0.366s] -- Up-to-date: /media/karthi/New Volume/Warrior/Projects/ROS/dev_ws/install/pyturtle_interfaces/share/ament_index/resource_index/package_run_dependencies/pyturtle_interfaces
[0.366s] -- Up-to-date: /media/karthi/New Volume/Warrior/Projects/ROS/dev_ws/install/pyturtle_interfaces/share/ament_index/resource_index/parent_prefix_path/pyturtle_interfaces
[0.367s] -- Up-to-date: /media/karthi/New Volume/Warrior/Projects/ROS/dev_ws/install/pyturtle_interfaces/share/pyturtle_interfaces/environment/ament_prefix_path.sh
[0.368s] -- Up-to-date: /media/karthi/New Volume/Warrior/Projects/ROS/dev_ws/install/pyturtle_interfaces/share/pyturtle_interfaces/environment/ament_prefix_path.dsv
[0.368s] -- Up-to-date: /media/karthi/New Volume/Warrior/Projects/ROS/dev_ws/install/pyturtle_interfaces/share/pyturtle_interfaces/environment/path.sh
[0.369s] -- Up-to-date: /media/karthi/New Volume/Warrior/Projects/ROS/dev_ws/install/pyturtle_interfaces/share/pyturtle_interfaces/environment/path.dsv
[0.370s] -- Up-to-date: /media/karthi/New Volume/Warrior/Projects/ROS/dev_ws/install/pyturtle_interfaces/share/pyturtle_interfaces/local_setup.bash
[0.370s] -- Up-to-date: /media/karthi/New Volume/Warrior/Projects/ROS/dev_ws/install/pyturtle_interfaces/share/pyturtle_interfaces/local_setup.sh
[0.371s] -- Up-to-date: /media/karthi/New Volume/Warrior/Projects/ROS/dev_ws/install/pyturtle_interfaces/share/pyturtle_interfaces/local_setup.zsh
[0.372s] -- Up-to-date: /media/karthi/New Volume/Warrior/Projects/ROS/dev_ws/install/pyturtle_interfaces/share/pyturtle_interfaces/local_setup.dsv
[0.372s] -- Installing: /media/karthi/New Volume/Warrior/Projects/ROS/dev_ws/install/pyturtle_interfaces/share/pyturtle_interfaces/package.dsv
[0.375s] -- Up-to-date: /media/karthi/New Volume/Warrior/Projects/ROS/dev_ws/install/pyturtle_interfaces/share/ament_index/resource_index/packages/pyturtle_interfaces
[0.376s] -- Up-to-date: /media/karthi/New Volume/Warrior/Projects/ROS/dev_ws/install/pyturtle_interfaces/share/pyturtle_interfaces/cmake/pyturtle_interfaces__rosidl_generator_cExport.cmake
[0.377s] -- Up-to-date: /media/karthi/New Volume/Warrior/Projects/ROS/dev_ws/install/pyturtle_interfaces/share/pyturtle_interfaces/cmake/pyturtle_interfaces__rosidl_generator_cExport-noconfig.cmake
[0.378s] -- Up-to-date: /media/karthi/New Volume/Warrior/Projects/ROS/dev_ws/install/pyturtle_interfaces/share/pyturtle_interfaces/cmake/pyturtle_interfaces__rosidl_typesupport_introspection_cExport.cmake
[0.379s] -- Up-to-date: /media/karthi/New Volume/Warrior/Projects/ROS/dev_ws/install/pyturtle_interfaces/share/pyturtle_interfaces/cmake/pyturtle_interfaces__rosidl_typesupport_introspection_cExport-noconfig.cmake
[0.380s] -- Up-to-date: /media/karthi/New Volume/Warrior/Projects/ROS/dev_ws/install/pyturtle_interfaces/share/pyturtle_interfaces/cmake/pyturtle_interfaces__rosidl_typesupport_cExport.cmake
[0.381s] -- Up-to-date: /media/karthi/New Volume/Warrior/Projects/ROS/dev_ws/install/pyturtle_interfaces/share/pyturtle_interfaces/cmake/pyturtle_interfaces__rosidl_typesupport_cExport-noconfig.cmake
[0.382s] -- Up-to-date: /media/karthi/New Volume/Warrior/Projects/ROS/dev_ws/install/pyturtle_interfaces/share/pyturtle_interfaces/cmake/pyturtle_interfaces__rosidl_generator_cppExport.cmake
[0.383s] -- Up-to-date: /media/karthi/New Volume/Warrior/Projects/ROS/dev_ws/install/pyturtle_interfaces/share/pyturtle_interfaces/cmake/pyturtle_interfaces__rosidl_typesupport_introspection_cppExport.cmake
[0.384s] -- Up-to-date: /media/karthi/New Volume/Warrior/Projects/ROS/dev_ws/install/pyturtle_interfaces/share/pyturtle_interfaces/cmake/pyturtle_interfaces__rosidl_typesupport_introspection_cppExport-noconfig.cmake
[0.385s] -- Up-to-date: /media/karthi/New Volume/Warrior/Projects/ROS/dev_ws/install/pyturtle_interfaces/share/pyturtle_interfaces/cmake/pyturtle_interfaces__rosidl_typesupport_cppExport.cmake
[0.386s] -- Up-to-date: /media/karthi/New Volume/Warrior/Projects/ROS/dev_ws/install/pyturtle_interfaces/share/pyturtle_interfaces/cmake/pyturtle_interfaces__rosidl_typesupport_cppExport-noconfig.cmake
[0.387s] -- Up-to-date: /media/karthi/New Volume/Warrior/Projects/ROS/dev_ws/install/pyturtle_interfaces/share/pyturtle_interfaces/cmake/rosidl_cmake-extras.cmake
[0.387s] -- Up-to-date: /media/karthi/New Volume/Warrior/Projects/ROS/dev_ws/install/pyturtle_interfaces/share/pyturtle_interfaces/cmake/ament_cmake_export_dependencies-extras.cmake
[0.388s] -- Up-to-date: /media/karthi/New Volume/Warrior/Projects/ROS/dev_ws/install/pyturtle_interfaces/share/pyturtle_interfaces/cmake/ament_cmake_export_libraries-extras.cmake
[0.389s] -- Up-to-date: /media/karthi/New Volume/Warrior/Projects/ROS/dev_ws/install/pyturtle_interfaces/share/pyturtle_interfaces/cmake/ament_cmake_export_targets-extras.cmake
[0.389s] -- Up-to-date: /media/karthi/New Volume/Warrior/Projects/ROS/dev_ws/install/pyturtle_interfaces/share/pyturtle_interfaces/cmake/ament_cmake_export_include_directories-extras.cmake
[0.390s] -- Up-to-date: /media/karthi/New Volume/Warrior/Projects/ROS/dev_ws/install/pyturtle_interfaces/share/pyturtle_interfaces/cmake/rosidl_cmake_export_typesupport_libraries-extras.cmake
[0.391s] -- Up-to-date: /media/karthi/New Volume/Warrior/Projects/ROS/dev_ws/install/pyturtle_interfaces/share/pyturtle_interfaces/cmake/rosidl_cmake_export_typesupport_targets-extras.cmake
[0.391s] -- Up-to-date: /media/karthi/New Volume/Warrior/Projects/ROS/dev_ws/install/pyturtle_interfaces/share/pyturtle_interfaces/cmake/pyturtle_interfacesConfig.cmake
[0.392s] -- Up-to-date: /media/karthi/New Volume/Warrior/Projects/ROS/dev_ws/install/pyturtle_interfaces/share/pyturtle_interfaces/cmake/pyturtle_interfacesConfig-version.cmake
[0.393s] -- Up-to-date: /media/karthi/New Volume/Warrior/Projects/ROS/dev_ws/install/pyturtle_interfaces/share/pyturtle_interfaces/package.xml
[0.395s] Invoked command in '/media/karthi/New Volume/Warrior/Projects/ROS/dev_ws/build/pyturtle_interfaces' returned '0': CMAKE_PREFIX_PATH=/opt/ros/foxy /usr/bin/cmake --install /media/karthi/New Volume/Warrior/Projects/ROS/dev_ws/build/pyturtle_interfaces
