[0.562s] Invoking command in '/media/karthi/New Volume/Warrior/Projects/ROS/dev_ws/src/py_srvcli': PYTHONPATH=/media/karthi/New Volume/Warrior/Projects/ROS/dev_ws/install/py_srvcli/lib/python3.8/site-packages:${PYTHONPATH} /usr/bin/python3 setup.py egg_info --egg-base ../../build/py_srvcli build --build-base /media/karthi/New Volume/Warrior/Projects/ROS/dev_ws/build/py_srvcli/build install --prefix /media/karthi/New Volume/Warrior/Projects/ROS/dev_ws/install/py_srvcli --record /media/karthi/New Volume/Warrior/Projects/ROS/dev_ws/build/py_srvcli/install.log --single-version-externally-managed
[0.768s] running egg_info
[0.768s] writing ../../build/py_srvcli/py_srvcli.egg-info/PKG-INFO
[0.768s] writing dependency_links to ../../build/py_srvcli/py_srvcli.egg-info/dependency_links.txt
[0.769s] writing entry points to ../../build/py_srvcli/py_srvcli.egg-info/entry_points.txt
[0.769s] writing requirements to ../../build/py_srvcli/py_srvcli.egg-info/requires.txt
[0.769s] writing top-level names to ../../build/py_srvcli/py_srvcli.egg-info/top_level.txt
[0.797s] reading manifest file '../../build/py_srvcli/py_srvcli.egg-info/SOURCES.txt'
[0.800s] writing manifest file '../../build/py_srvcli/py_srvcli.egg-info/SOURCES.txt'
[0.800s] running build
[0.800s] running build_py
[0.801s] running install
[0.802s] running install_lib
[0.806s] running install_data
[0.807s] running install_egg_info
[0.808s] removing '/media/karthi/New Volume/Warrior/Projects/ROS/dev_ws/install/py_srvcli/lib/python3.8/site-packages/py_srvcli-0.0.0-py3.8.egg-info' (and everything under it)
[0.810s] Copying ../../build/py_srvcli/py_srvcli.egg-info to /media/karthi/New Volume/Warrior/Projects/ROS/dev_ws/install/py_srvcli/lib/python3.8/site-packages/py_srvcli-0.0.0-py3.8.egg-info
[0.817s] running install_scripts
[0.831s] Installing client script to /media/karthi/New Volume/Warrior/Projects/ROS/dev_ws/install/py_srvcli/lib/py_srvcli
[0.832s] Installing service script to /media/karthi/New Volume/Warrior/Projects/ROS/dev_ws/install/py_srvcli/lib/py_srvcli
[0.832s] writing list of installed files to '/media/karthi/New Volume/Warrior/Projects/ROS/dev_ws/build/py_srvcli/install.log'
[0.847s] Invoked command in '/media/karthi/New Volume/Warrior/Projects/ROS/dev_ws/src/py_srvcli' returned '0': PYTHONPATH=/media/karthi/New Volume/Warrior/Projects/ROS/dev_ws/install/py_srvcli/lib/python3.8/site-packages:${PYTHONPATH} /usr/bin/python3 setup.py egg_info --egg-base ../../build/py_srvcli build --build-base /media/karthi/New Volume/Warrior/Projects/ROS/dev_ws/build/py_srvcli/build install --prefix /media/karthi/New Volume/Warrior/Projects/ROS/dev_ws/install/py_srvcli --record /media/karthi/New Volume/Warrior/Projects/ROS/dev_ws/build/py_srvcli/install.log --single-version-externally-managed
