[0.107s] DEBUG:colcon:Command line arguments: ['/usr/bin/colcon', 'build', '--packages-select', 'pyturtle_interfaces']
[0.107s] DEBUG:colcon:Parsed command line arguments: Namespace(allow_overriding=[], ament_cmake_args=None, base_paths=['.'], build_base='build', catkin_cmake_args=None, catkin_skip_building_tests=False, cmake_args=None, cmake_clean_cache=False, cmake_clean_first=False, cmake_force_configure=False, cmake_target=None, cmake_target_skip_unavailable=False, continue_on_error=False, event_handlers=None, executor='parallel', ignore_user_meta=False, install_base='install', log_base=None, log_level=None, main=<bound method BuildVerb.main of <colcon_core.verb.build.BuildVerb object at 0x7fc02dc21c10>>, merge_install=False, metas=['./colcon.meta'], packages_above=None, packages_above_and_dependencies=None, packages_above_depth=None, packages_end=None, packages_ignore=None, packages_ignore_regex=None, packages_select=['pyturtle_interfaces'], packages_select_build_failed=False, packages_select_by_dep=None, packages_select_regex=None, packages_select_test_failures=False, packages_skip=None, packages_skip_build_finished=False, packages_skip_by_dep=None, packages_skip_regex=None, packages_skip_test_passed=False, packages_skip_up_to=None, packages_start=None, packages_up_to=None, packages_up_to_regex=None, parallel_workers=12, paths=None, symlink_install=False, test_result_base=None, verb_extension=<colcon_core.verb.build.BuildVerb object at 0x7fc02dc21c10>, verb_name='build', verb_parser=<colcon_defaults.argument_parser.defaults.DefaultArgumentsDecorator object at 0x7fc02dc2c1c0>)
[0.113s] Level 1:colcon.colcon_core.package_discovery:discover_packages(colcon_meta) check parameters
[0.113s] Level 1:colcon.colcon_core.package_discovery:discover_packages(recursive) check parameters
[0.113s] Level 1:colcon.colcon_core.package_discovery:discover_packages(ignore) check parameters
[0.113s] Level 1:colcon.colcon_core.package_discovery:discover_packages(path) check parameters
[0.113s] Level 1:colcon.colcon_core.package_discovery:discover_packages(colcon_meta) discover
[0.113s] Level 1:colcon.colcon_core.package_discovery:discover_packages(recursive) discover
[0.113s] INFO:colcon.colcon_core.package_discovery:Crawling recursively for packages in '/media/karthi/New Volume/Warrior/Projects/ROS/dev_ws'
[0.113s] Level 1:colcon.colcon_core.package_identification:_identify(.) by extensions ['ignore', 'ignore_ament_install']
[0.113s] Level 1:colcon.colcon_core.package_identification:_identify(.) by extension 'ignore'
[0.113s] Level 1:colcon.colcon_core.package_identification:_identify(.) by extension 'ignore_ament_install'
[0.114s] Level 1:colcon.colcon_core.package_identification:_identify(.) by extensions ['colcon_pkg']
[0.114s] Level 1:colcon.colcon_core.package_identification:_identify(.) by extension 'colcon_pkg'
[0.114s] Level 1:colcon.colcon_core.package_identification:_identify(.) by extensions ['colcon_meta']
[0.114s] Level 1:colcon.colcon_core.package_identification:_identify(.) by extension 'colcon_meta'
[0.114s] Level 1:colcon.colcon_core.package_identification:_identify(.) by extensions ['ros']
[0.114s] Level 1:colcon.colcon_core.package_identification:_identify(.) by extension 'ros'
[0.123s] Level 1:colcon.colcon_core.package_identification:_identify(.) by extensions ['cmake', 'python']
[0.123s] Level 1:colcon.colcon_core.package_identification:_identify(.) by extension 'cmake'
[0.123s] Level 1:colcon.colcon_core.package_identification:_identify(.) by extension 'python'
[0.123s] Level 1:colcon.colcon_core.package_identification:_identify(.) by extensions ['python_setup_py']
[0.123s] Level 1:colcon.colcon_core.package_identification:_identify(.) by extension 'python_setup_py'
[0.124s] Level 1:colcon.colcon_core.package_identification:_identify(build) by extensions ['ignore', 'ignore_ament_install']
[0.124s] Level 1:colcon.colcon_core.package_identification:_identify(build) by extension 'ignore'
[0.124s] Level 1:colcon.colcon_core.package_identification:_identify(build) ignored
[0.124s] Level 1:colcon.colcon_core.package_identification:_identify(install) by extensions ['ignore', 'ignore_ament_install']
[0.124s] Level 1:colcon.colcon_core.package_identification:_identify(install) by extension 'ignore'
[0.124s] Level 1:colcon.colcon_core.package_identification:_identify(install) ignored
[0.124s] Level 1:colcon.colcon_core.package_identification:_identify(log) by extensions ['ignore', 'ignore_ament_install']
[0.124s] Level 1:colcon.colcon_core.package_identification:_identify(log) by extension 'ignore'
[0.124s] Level 1:colcon.colcon_core.package_identification:_identify(log) ignored
[0.125s] Level 1:colcon.colcon_core.package_identification:_identify(src) by extensions ['ignore', 'ignore_ament_install']
[0.125s] Level 1:colcon.colcon_core.package_identification:_identify(src) by extension 'ignore'
[0.125s] Level 1:colcon.colcon_core.package_identification:_identify(src) by extension 'ignore_ament_install'
[0.125s] Level 1:colcon.colcon_core.package_identification:_identify(src) by extensions ['colcon_pkg']
[0.125s] Level 1:colcon.colcon_core.package_identification:_identify(src) by extension 'colcon_pkg'
[0.125s] Level 1:colcon.colcon_core.package_identification:_identify(src) by extensions ['colcon_meta']
[0.125s] Level 1:colcon.colcon_core.package_identification:_identify(src) by extension 'colcon_meta'
[0.125s] Level 1:colcon.colcon_core.package_identification:_identify(src) by extensions ['ros']
[0.125s] Level 1:colcon.colcon_core.package_identification:_identify(src) by extension 'ros'
[0.125s] Level 1:colcon.colcon_core.package_identification:_identify(src) by extensions ['cmake', 'python']
[0.125s] Level 1:colcon.colcon_core.package_identification:_identify(src) by extension 'cmake'
[0.126s] Level 1:colcon.colcon_core.package_identification:_identify(src) by extension 'python'
[0.126s] Level 1:colcon.colcon_core.package_identification:_identify(src) by extensions ['python_setup_py']
[0.126s] Level 1:colcon.colcon_core.package_identification:_identify(src) by extension 'python_setup_py'
[0.126s] Level 1:colcon.colcon_core.package_identification:_identify(src/pyturtle_interfaces) by extensions ['ignore', 'ignore_ament_install']
[0.126s] Level 1:colcon.colcon_core.package_identification:_identify(src/pyturtle_interfaces) by extension 'ignore'
[0.126s] Level 1:colcon.colcon_core.package_identification:_identify(src/pyturtle_interfaces) by extension 'ignore_ament_install'
[0.126s] Level 1:colcon.colcon_core.package_identification:_identify(src/pyturtle_interfaces) by extensions ['colcon_pkg']
[0.126s] Level 1:colcon.colcon_core.package_identification:_identify(src/pyturtle_interfaces) by extension 'colcon_pkg'
[0.126s] Level 1:colcon.colcon_core.package_identification:_identify(src/pyturtle_interfaces) by extensions ['colcon_meta']
[0.126s] Level 1:colcon.colcon_core.package_identification:_identify(src/pyturtle_interfaces) by extension 'colcon_meta'
[0.126s] Level 1:colcon.colcon_core.package_identification:_identify(src/pyturtle_interfaces) by extensions ['ros']
[0.127s] Level 1:colcon.colcon_core.package_identification:_identify(src/pyturtle_interfaces) by extension 'ros'
[0.128s] DEBUG:colcon.colcon_core.package_identification:Package 'src/pyturtle_interfaces' with type 'ros.ament_cmake' and name 'pyturtle_interfaces'
[0.128s] Level 1:colcon.colcon_core.package_identification:_identify(src/turtle_control) by extensions ['ignore', 'ignore_ament_install']
[0.129s] Level 1:colcon.colcon_core.package_identification:_identify(src/turtle_control) by extension 'ignore'
[0.129s] Level 1:colcon.colcon_core.package_identification:_identify(src/turtle_control) by extension 'ignore_ament_install'
[0.129s] Level 1:colcon.colcon_core.package_identification:_identify(src/turtle_control) by extensions ['colcon_pkg']
[0.129s] Level 1:colcon.colcon_core.package_identification:_identify(src/turtle_control) by extension 'colcon_pkg'
[0.129s] Level 1:colcon.colcon_core.package_identification:_identify(src/turtle_control) by extensions ['colcon_meta']
[0.129s] Level 1:colcon.colcon_core.package_identification:_identify(src/turtle_control) by extension 'colcon_meta'
[0.129s] Level 1:colcon.colcon_core.package_identification:_identify(src/turtle_control) by extensions ['ros']
[0.129s] Level 1:colcon.colcon_core.package_identification:_identify(src/turtle_control) by extension 'ros'
[0.130s] DEBUG:colcon.colcon_core.package_identification:Package 'src/turtle_control' with type 'ros.ament_python' and name 'turtle_control'
[0.130s] Level 1:colcon.colcon_core.package_identification:_identify(src/turtlesim) by extensions ['ignore', 'ignore_ament_install']
[0.130s] Level 1:colcon.colcon_core.package_identification:_identify(src/turtlesim) by extension 'ignore'
[0.130s] Level 1:colcon.colcon_core.package_identification:_identify(src/turtlesim) by extension 'ignore_ament_install'
[0.130s] Level 1:colcon.colcon_core.package_identification:_identify(src/turtlesim) by extensions ['colcon_pkg']
[0.130s] Level 1:colcon.colcon_core.package_identification:_identify(src/turtlesim) by extension 'colcon_pkg'
[0.130s] Level 1:colcon.colcon_core.package_identification:_identify(src/turtlesim) by extensions ['colcon_meta']
[0.130s] Level 1:colcon.colcon_core.package_identification:_identify(src/turtlesim) by extension 'colcon_meta'
[0.130s] Level 1:colcon.colcon_core.package_identification:_identify(src/turtlesim) by extensions ['ros']
[0.131s] Level 1:colcon.colcon_core.package_identification:_identify(src/turtlesim) by extension 'ros'
[0.132s] DEBUG:colcon.colcon_core.package_identification:Package 'src/turtlesim' with type 'ros.ament_cmake' and name 'turtlesim'
[0.132s] Level 1:colcon.colcon_core.package_discovery:discover_packages(recursive) using defaults
[0.132s] Level 1:colcon.colcon_core.package_discovery:discover_packages(ignore) discover
[0.132s] Level 1:colcon.colcon_core.package_discovery:discover_packages(ignore) using defaults
[0.132s] Level 1:colcon.colcon_core.package_discovery:discover_packages(path) discover
[0.132s] Level 1:colcon.colcon_core.package_discovery:discover_packages(path) using defaults
[0.145s] INFO:colcon.colcon_core.package_selection:Skipping not selected package 'turtle_control' in 'src/turtle_control'
[0.145s] INFO:colcon.colcon_core.package_selection:Skipping not selected package 'turtlesim' in 'src/turtlesim'
[0.146s] Level 5:colcon.colcon_core.verb:set package 'pyturtle_interfaces' build argument 'cmake_args' from command line to 'None'
[0.146s] Level 5:colcon.colcon_core.verb:set package 'pyturtle_interfaces' build argument 'cmake_target' from command line to 'None'
[0.146s] Level 5:colcon.colcon_core.verb:set package 'pyturtle_interfaces' build argument 'cmake_target_skip_unavailable' from command line to 'False'
[0.146s] Level 5:colcon.colcon_core.verb:set package 'pyturtle_interfaces' build argument 'cmake_clean_cache' from command line to 'False'
[0.146s] Level 5:colcon.colcon_core.verb:set package 'pyturtle_interfaces' build argument 'cmake_clean_first' from command line to 'False'
[0.146s] Level 5:colcon.colcon_core.verb:set package 'pyturtle_interfaces' build argument 'cmake_force_configure' from command line to 'False'
[0.146s] Level 5:colcon.colcon_core.verb:set package 'pyturtle_interfaces' build argument 'ament_cmake_args' from command line to 'None'
[0.146s] Level 5:colcon.colcon_core.verb:set package 'pyturtle_interfaces' build argument 'catkin_cmake_args' from command line to 'None'
[0.146s] Level 5:colcon.colcon_core.verb:set package 'pyturtle_interfaces' build argument 'catkin_skip_building_tests' from command line to 'False'
[0.146s] DEBUG:colcon.colcon_core.verb:Building package 'pyturtle_interfaces' with the following arguments: {'ament_cmake_args': None, 'build_base': '/media/karthi/New Volume/Warrior/Projects/ROS/dev_ws/build/pyturtle_interfaces', 'catkin_cmake_args': None, 'catkin_skip_building_tests': False, 'cmake_args': None, 'cmake_clean_cache': False, 'cmake_clean_first': False, 'cmake_force_configure': False, 'cmake_target': None, 'cmake_target_skip_unavailable': False, 'install_base': '/media/karthi/New Volume/Warrior/Projects/ROS/dev_ws/install/pyturtle_interfaces', 'merge_install': False, 'path': '/media/karthi/New Volume/Warrior/Projects/ROS/dev_ws/src/pyturtle_interfaces', 'symlink_install': False, 'test_result_base': None}
[0.149s] INFO:colcon.colcon_core.executor:Executing jobs using 'parallel' executor
[0.150s] DEBUG:colcon.colcon_parallel_executor.executor.parallel:run_until_complete
[0.150s] INFO:colcon.colcon_ros.task.ament_cmake.build:Building ROS package in '/media/karthi/New Volume/Warrior/Projects/ROS/dev_ws/src/pyturtle_interfaces' with build type 'ament_cmake'
[0.151s] INFO:colcon.colcon_cmake.task.cmake.build:Building CMake package in '/media/karthi/New Volume/Warrior/Projects/ROS/dev_ws/src/pyturtle_interfaces'
[0.153s] INFO:colcon.colcon_core.plugin_system:Skipping extension 'colcon_core.shell.bat': Not used on non-Windows systems
[0.153s] INFO:colcon.colcon_core.shell:Skip shell extension 'powershell' for command environment: Not usable outside of PowerShell
[0.154s] DEBUG:colcon.colcon_core.shell:Skip shell extension 'dsv' for command environment
[0.165s] DEBUG:colcon.colcon_core.event_handler.log_command:Invoking command in '/media/karthi/New Volume/Warrior/Projects/ROS/dev_ws/build/pyturtle_interfaces': CMAKE_PREFIX_PATH=/opt/ros/foxy /usr/bin/cmake /media/karthi/New Volume/Warrior/Projects/ROS/dev_ws/src/pyturtle_interfaces -DCMAKE_INSTALL_PREFIX=/media/karthi/New Volume/Warrior/Projects/ROS/dev_ws/install/pyturtle_interfaces
[1.959s] DEBUG:colcon.colcon_core.event_handler.log_command:Invoked command in '/media/karthi/New Volume/Warrior/Projects/ROS/dev_ws/build/pyturtle_interfaces' returned '0': CMAKE_PREFIX_PATH=/opt/ros/foxy /usr/bin/cmake /media/karthi/New Volume/Warrior/Projects/ROS/dev_ws/src/pyturtle_interfaces -DCMAKE_INSTALL_PREFIX=/media/karthi/New Volume/Warrior/Projects/ROS/dev_ws/install/pyturtle_interfaces
[1.961s] DEBUG:colcon.colcon_core.event_handler.log_command:Invoking command in '/media/karthi/New Volume/Warrior/Projects/ROS/dev_ws/build/pyturtle_interfaces': CMAKE_PREFIX_PATH=/opt/ros/foxy /usr/bin/cmake --build /media/karthi/New Volume/Warrior/Projects/ROS/dev_ws/build/pyturtle_interfaces -- -j12 -l12
[4.560s] DEBUG:colcon.colcon_core.event_handler.log_command:Invoked command in '/media/karthi/New Volume/Warrior/Projects/ROS/dev_ws/build/pyturtle_interfaces' returned '0': CMAKE_PREFIX_PATH=/opt/ros/foxy /usr/bin/cmake --build /media/karthi/New Volume/Warrior/Projects/ROS/dev_ws/build/pyturtle_interfaces -- -j12 -l12
[4.614s] DEBUG:colcon.colcon_core.event_handler.log_command:Invoking command in '/media/karthi/New Volume/Warrior/Projects/ROS/dev_ws/build/pyturtle_interfaces': CMAKE_PREFIX_PATH=/opt/ros/foxy /usr/bin/cmake --install /media/karthi/New Volume/Warrior/Projects/ROS/dev_ws/build/pyturtle_interfaces
[4.837s] Level 1:colcon.colcon_core.environment:create_environment_scripts_only(pyturtle_interfaces)
[4.838s] DEBUG:colcon.colcon_core.event_handler.log_command:Invoked command in '/media/karthi/New Volume/Warrior/Projects/ROS/dev_ws/build/pyturtle_interfaces' returned '0': CMAKE_PREFIX_PATH=/opt/ros/foxy /usr/bin/cmake --install /media/karthi/New Volume/Warrior/Projects/ROS/dev_ws/build/pyturtle_interfaces
[4.855s] Level 1:colcon.colcon_core.environment:checking '/media/karthi/New Volume/Warrior/Projects/ROS/dev_ws/install/pyturtle_interfaces' for CMake module files
[4.859s] Level 1:colcon.colcon_core.environment:checking '/media/karthi/New Volume/Warrior/Projects/ROS/dev_ws/install/pyturtle_interfaces' for CMake config files
[4.862s] Level 1:colcon.colcon_core.shell:create_environment_hook('pyturtle_interfaces', 'cmake_prefix_path')
[4.863s] INFO:colcon.colcon_core.shell:Creating environment hook '/media/karthi/New Volume/Warrior/Projects/ROS/dev_ws/install/pyturtle_interfaces/share/pyturtle_interfaces/hook/cmake_prefix_path.ps1'
[4.864s] INFO:colcon.colcon_core.shell:Creating environment descriptor '/media/karthi/New Volume/Warrior/Projects/ROS/dev_ws/install/pyturtle_interfaces/share/pyturtle_interfaces/hook/cmake_prefix_path.dsv'
[4.864s] INFO:colcon.colcon_core.shell:Creating environment hook '/media/karthi/New Volume/Warrior/Projects/ROS/dev_ws/install/pyturtle_interfaces/share/pyturtle_interfaces/hook/cmake_prefix_path.sh'
[4.866s] Level 1:colcon.colcon_core.environment:checking '/media/karthi/New Volume/Warrior/Projects/ROS/dev_ws/install/pyturtle_interfaces/lib'
[4.866s] Level 1:colcon.colcon_core.shell:create_environment_hook('pyturtle_interfaces', 'ld_library_path_lib')
[4.867s] INFO:colcon.colcon_core.shell:Creating environment hook '/media/karthi/New Volume/Warrior/Projects/ROS/dev_ws/install/pyturtle_interfaces/share/pyturtle_interfaces/hook/ld_library_path_lib.ps1'
[4.867s] INFO:colcon.colcon_core.shell:Creating environment descriptor '/media/karthi/New Volume/Warrior/Projects/ROS/dev_ws/install/pyturtle_interfaces/share/pyturtle_interfaces/hook/ld_library_path_lib.dsv'
[4.868s] INFO:colcon.colcon_core.shell:Creating environment hook '/media/karthi/New Volume/Warrior/Projects/ROS/dev_ws/install/pyturtle_interfaces/share/pyturtle_interfaces/hook/ld_library_path_lib.sh'
[4.869s] Level 1:colcon.colcon_core.environment:checking '/media/karthi/New Volume/Warrior/Projects/ROS/dev_ws/install/pyturtle_interfaces/bin'
[4.869s] Level 1:colcon.colcon_core.environment:checking '/media/karthi/New Volume/Warrior/Projects/ROS/dev_ws/install/pyturtle_interfaces/lib/pkgconfig/pyturtle_interfaces.pc'
[4.869s] Level 1:colcon.colcon_core.environment:checking '/media/karthi/New Volume/Warrior/Projects/ROS/dev_ws/install/pyturtle_interfaces/lib/python3.8/site-packages'
[4.869s] Level 1:colcon.colcon_core.shell:create_environment_hook('pyturtle_interfaces', 'pythonpath')
[4.869s] INFO:colcon.colcon_core.shell:Creating environment hook '/media/karthi/New Volume/Warrior/Projects/ROS/dev_ws/install/pyturtle_interfaces/share/pyturtle_interfaces/hook/pythonpath.ps1'
[4.870s] INFO:colcon.colcon_core.shell:Creating environment descriptor '/media/karthi/New Volume/Warrior/Projects/ROS/dev_ws/install/pyturtle_interfaces/share/pyturtle_interfaces/hook/pythonpath.dsv'
[4.870s] INFO:colcon.colcon_core.shell:Creating environment hook '/media/karthi/New Volume/Warrior/Projects/ROS/dev_ws/install/pyturtle_interfaces/share/pyturtle_interfaces/hook/pythonpath.sh'
[4.871s] INFO:colcon.colcon_core.shell:Creating package script '/media/karthi/New Volume/Warrior/Projects/ROS/dev_ws/install/pyturtle_interfaces/share/pyturtle_interfaces/package.ps1'
[4.873s] INFO:colcon.colcon_core.shell:Creating package descriptor '/media/karthi/New Volume/Warrior/Projects/ROS/dev_ws/install/pyturtle_interfaces/share/pyturtle_interfaces/package.dsv'
[4.873s] INFO:colcon.colcon_core.shell:Creating package script '/media/karthi/New Volume/Warrior/Projects/ROS/dev_ws/install/pyturtle_interfaces/share/pyturtle_interfaces/package.sh'
[4.874s] INFO:colcon.colcon_core.shell:Creating package script '/media/karthi/New Volume/Warrior/Projects/ROS/dev_ws/install/pyturtle_interfaces/share/pyturtle_interfaces/package.bash'
[4.875s] INFO:colcon.colcon_core.shell:Creating package script '/media/karthi/New Volume/Warrior/Projects/ROS/dev_ws/install/pyturtle_interfaces/share/pyturtle_interfaces/package.zsh'
[4.876s] Level 1:colcon.colcon_core.environment:create_file_with_runtime_dependencies(/media/karthi/New Volume/Warrior/Projects/ROS/dev_ws/install/pyturtle_interfaces/share/colcon-core/packages/pyturtle_interfaces)
[4.918s] Level 1:colcon.colcon_core.environment:create_environment_scripts_only(pyturtle_interfaces)
[4.919s] Level 1:colcon.colcon_core.environment:checking '/media/karthi/New Volume/Warrior/Projects/ROS/dev_ws/install/pyturtle_interfaces' for CMake module files
[4.923s] Level 1:colcon.colcon_core.environment:checking '/media/karthi/New Volume/Warrior/Projects/ROS/dev_ws/install/pyturtle_interfaces' for CMake config files
[4.927s] Level 1:colcon.colcon_core.shell:create_environment_hook('pyturtle_interfaces', 'cmake_prefix_path')
[4.928s] INFO:colcon.colcon_core.shell:Creating environment hook '/media/karthi/New Volume/Warrior/Projects/ROS/dev_ws/install/pyturtle_interfaces/share/pyturtle_interfaces/hook/cmake_prefix_path.ps1'
[4.928s] INFO:colcon.colcon_core.shell:Creating environment descriptor '/media/karthi/New Volume/Warrior/Projects/ROS/dev_ws/install/pyturtle_interfaces/share/pyturtle_interfaces/hook/cmake_prefix_path.dsv'
[4.929s] INFO:colcon.colcon_core.shell:Creating environment hook '/media/karthi/New Volume/Warrior/Projects/ROS/dev_ws/install/pyturtle_interfaces/share/pyturtle_interfaces/hook/cmake_prefix_path.sh'
[4.930s] Level 1:colcon.colcon_core.environment:checking '/media/karthi/New Volume/Warrior/Projects/ROS/dev_ws/install/pyturtle_interfaces/lib'
[4.930s] Level 1:colcon.colcon_core.shell:create_environment_hook('pyturtle_interfaces', 'ld_library_path_lib')
[4.931s] INFO:colcon.colcon_core.shell:Creating environment hook '/media/karthi/New Volume/Warrior/Projects/ROS/dev_ws/install/pyturtle_interfaces/share/pyturtle_interfaces/hook/ld_library_path_lib.ps1'
[4.931s] INFO:colcon.colcon_core.shell:Creating environment descriptor '/media/karthi/New Volume/Warrior/Projects/ROS/dev_ws/install/pyturtle_interfaces/share/pyturtle_interfaces/hook/ld_library_path_lib.dsv'
[4.932s] INFO:colcon.colcon_core.shell:Creating environment hook '/media/karthi/New Volume/Warrior/Projects/ROS/dev_ws/install/pyturtle_interfaces/share/pyturtle_interfaces/hook/ld_library_path_lib.sh'
[4.933s] Level 1:colcon.colcon_core.environment:checking '/media/karthi/New Volume/Warrior/Projects/ROS/dev_ws/install/pyturtle_interfaces/bin'
[4.933s] Level 1:colcon.colcon_core.environment:checking '/media/karthi/New Volume/Warrior/Projects/ROS/dev_ws/install/pyturtle_interfaces/lib/pkgconfig/pyturtle_interfaces.pc'
[4.933s] Level 1:colcon.colcon_core.environment:checking '/media/karthi/New Volume/Warrior/Projects/ROS/dev_ws/install/pyturtle_interfaces/lib/python3.8/site-packages'
[4.933s] Level 1:colcon.colcon_core.shell:create_environment_hook('pyturtle_interfaces', 'pythonpath')
[4.933s] INFO:colcon.colcon_core.shell:Creating environment hook '/media/karthi/New Volume/Warrior/Projects/ROS/dev_ws/install/pyturtle_interfaces/share/pyturtle_interfaces/hook/pythonpath.ps1'
[4.934s] INFO:colcon.colcon_core.shell:Creating environment descriptor '/media/karthi/New Volume/Warrior/Projects/ROS/dev_ws/install/pyturtle_interfaces/share/pyturtle_interfaces/hook/pythonpath.dsv'
[4.935s] INFO:colcon.colcon_core.shell:Creating environment hook '/media/karthi/New Volume/Warrior/Projects/ROS/dev_ws/install/pyturtle_interfaces/share/pyturtle_interfaces/hook/pythonpath.sh'
[4.936s] INFO:colcon.colcon_core.shell:Creating package script '/media/karthi/New Volume/Warrior/Projects/ROS/dev_ws/install/pyturtle_interfaces/share/pyturtle_interfaces/package.ps1'
[4.937s] INFO:colcon.colcon_core.shell:Creating package descriptor '/media/karthi/New Volume/Warrior/Projects/ROS/dev_ws/install/pyturtle_interfaces/share/pyturtle_interfaces/package.dsv'
[4.937s] INFO:colcon.colcon_core.shell:Creating package script '/media/karthi/New Volume/Warrior/Projects/ROS/dev_ws/install/pyturtle_interfaces/share/pyturtle_interfaces/package.sh'
[4.938s] INFO:colcon.colcon_core.shell:Creating package script '/media/karthi/New Volume/Warrior/Projects/ROS/dev_ws/install/pyturtle_interfaces/share/pyturtle_interfaces/package.bash'
[4.939s] INFO:colcon.colcon_core.shell:Creating package script '/media/karthi/New Volume/Warrior/Projects/ROS/dev_ws/install/pyturtle_interfaces/share/pyturtle_interfaces/package.zsh'
[4.940s] Level 1:colcon.colcon_core.environment:create_file_with_runtime_dependencies(/media/karthi/New Volume/Warrior/Projects/ROS/dev_ws/install/pyturtle_interfaces/share/colcon-core/packages/pyturtle_interfaces)
[4.940s] DEBUG:colcon.colcon_parallel_executor.executor.parallel:closing loop
[4.940s] DEBUG:colcon.colcon_parallel_executor.executor.parallel:loop closed
[4.940s] DEBUG:colcon.colcon_parallel_executor.executor.parallel:run_until_complete finished with '0'
[4.940s] DEBUG:colcon.colcon_core.event_reactor:joining thread
[4.945s] INFO:colcon.colcon_core.plugin_system:Skipping extension 'colcon_notification.desktop_notification.terminal_notifier': Not used on non-Darwin systems
[4.945s] INFO:colcon.colcon_core.plugin_system:Skipping extension 'colcon_notification.desktop_notification.win32': Not used on non-Windows systems
[4.946s] INFO:colcon.colcon_notification.desktop_notification:Sending desktop notification using 'notify2'
[4.963s] DEBUG:colcon.colcon_core.event_reactor:joined thread
[4.964s] INFO:colcon.colcon_core.shell:Creating prefix script '/media/karthi/New Volume/Warrior/Projects/ROS/dev_ws/install/local_setup.ps1'
[4.965s] INFO:colcon.colcon_core.shell:Creating prefix util module '/media/karthi/New Volume/Warrior/Projects/ROS/dev_ws/install/_local_setup_util_ps1.py'
[4.967s] INFO:colcon.colcon_core.shell:Creating prefix chain script '/media/karthi/New Volume/Warrior/Projects/ROS/dev_ws/install/setup.ps1'
[4.968s] INFO:colcon.colcon_core.shell:Creating prefix script '/media/karthi/New Volume/Warrior/Projects/ROS/dev_ws/install/local_setup.sh'
[4.969s] INFO:colcon.colcon_core.shell:Creating prefix util module '/media/karthi/New Volume/Warrior/Projects/ROS/dev_ws/install/_local_setup_util_sh.py'
[4.970s] INFO:colcon.colcon_core.shell:Creating prefix chain script '/media/karthi/New Volume/Warrior/Projects/ROS/dev_ws/install/setup.sh'
[4.971s] INFO:colcon.colcon_core.shell:Creating prefix script '/media/karthi/New Volume/Warrior/Projects/ROS/dev_ws/install/local_setup.bash'
[4.972s] INFO:colcon.colcon_core.shell:Creating prefix chain script '/media/karthi/New Volume/Warrior/Projects/ROS/dev_ws/install/setup.bash'
[4.973s] INFO:colcon.colcon_core.shell:Creating prefix script '/media/karthi/New Volume/Warrior/Projects/ROS/dev_ws/install/local_setup.zsh'
[4.974s] INFO:colcon.colcon_core.shell:Creating prefix chain script '/media/karthi/New Volume/Warrior/Projects/ROS/dev_ws/install/setup.zsh'
