running egg_info
creating ../../build/turtle_control/turtle_control.egg-info
writing ../../build/turtle_control/turtle_control.egg-info/PKG-INFO
writing dependency_links to ../../build/turtle_control/turtle_control.egg-info/dependency_links.txt
writing entry points to ../../build/turtle_control/turtle_control.egg-info/entry_points.txt
writing requirements to ../../build/turtle_control/turtle_control.egg-info/requires.txt
writing top-level names to ../../build/turtle_control/turtle_control.egg-info/top_level.txt
writing manifest file '../../build/turtle_control/turtle_control.egg-info/SOURCES.txt'
reading manifest file '../../build/turtle_control/turtle_control.egg-info/SOURCES.txt'
writing manifest file '../../build/turtle_control/turtle_control.egg-info/SOURCES.txt'
running build
running build_py
creating /media/karthi/New Volume/Warrior/Projects/ROS/dev_ws/build/turtle_control/build
creating /media/karthi/New Volume/Warrior/Projects/ROS/dev_ws/build/turtle_control/build/lib
creating /media/karthi/New Volume/Warrior/Projects/ROS/dev_ws/build/turtle_control/build/lib/turtle_control
copying turtle_control/turtle.py -> /media/karthi/New Volume/Warrior/Projects/ROS/dev_ws/build/turtle_control/build/lib/turtle_control
copying turtle_control/__init__.py -> /media/karthi/New Volume/Warrior/Projects/ROS/dev_ws/build/turtle_control/build/lib/turtle_control
running install
running install_lib
copying /media/karthi/New Volume/Warrior/Projects/ROS/dev_ws/build/turtle_control/build/lib/turtle_control/turtle.py -> /media/karthi/New Volume/Warrior/Projects/ROS/dev_ws/install/turtle_control/lib/python3.8/site-packages/turtle_control
byte-compiling /media/karthi/New Volume/Warrior/Projects/ROS/dev_ws/install/turtle_control/lib/python3.8/site-packages/turtle_control/turtle.py to turtle.cpython-38.pyc
running install_data
running install_egg_info
removing '/media/karthi/New Volume/Warrior/Projects/ROS/dev_ws/install/turtle_control/lib/python3.8/site-packages/turtle_control-0.0.0-py3.8.egg-info' (and everything under it)
Copying ../../build/turtle_control/turtle_control.egg-info to /media/karthi/New Volume/Warrior/Projects/ROS/dev_ws/install/turtle_control/lib/python3.8/site-packages/turtle_control-0.0.0-py3.8.egg-info
running install_scripts
Installing pyturtle script to /media/karthi/New Volume/Warrior/Projects/ROS/dev_ws/install/turtle_control/lib/turtle_control
writing list of installed files to '/media/karthi/New Volume/Warrior/Projects/ROS/dev_ws/build/turtle_control/install.log'
