[0.535s] Invoking command in '/media/karthi/New Volume/Warrior/Projects/ROS/dev_ws/src/turtle2': PYTHONPATH=/media/karthi/New Volume/Warrior/Projects/ROS/dev_ws/install/turtle2/lib/python3.8/site-packages:${PYTHONPATH} /usr/bin/python3 setup.py egg_info --egg-base ../../build/turtle2 build --build-base /media/karthi/New Volume/Warrior/Projects/ROS/dev_ws/build/turtle2/build install --prefix /media/karthi/New Volume/Warrior/Projects/ROS/dev_ws/install/turtle2 --record /media/karthi/New Volume/Warrior/Projects/ROS/dev_ws/build/turtle2/install.log --single-version-externally-managed
[0.732s] running egg_info
[0.733s] writing ../../build/turtle2/turtle2.egg-info/PKG-INFO
[0.733s] writing dependency_links to ../../build/turtle2/turtle2.egg-info/dependency_links.txt
[0.733s] writing entry points to ../../build/turtle2/turtle2.egg-info/entry_points.txt
[0.734s] writing requirements to ../../build/turtle2/turtle2.egg-info/requires.txt
[0.734s] writing top-level names to ../../build/turtle2/turtle2.egg-info/top_level.txt
[0.763s] reading manifest file '../../build/turtle2/turtle2.egg-info/SOURCES.txt'
[0.765s] writing manifest file '../../build/turtle2/turtle2.egg-info/SOURCES.txt'
[0.765s] running build
[0.765s] running build_py
[0.766s] running install
[0.767s] running install_lib
[0.770s] running install_data
[0.771s] running install_egg_info
[0.773s] removing '/media/karthi/New Volume/Warrior/Projects/ROS/dev_ws/install/turtle2/lib/python3.8/site-packages/turtle2-0.0.0-py3.8.egg-info' (and everything under it)
[0.774s] Copying ../../build/turtle2/turtle2.egg-info to /media/karthi/New Volume/Warrior/Projects/ROS/dev_ws/install/turtle2/lib/python3.8/site-packages/turtle2-0.0.0-py3.8.egg-info
[0.780s] running install_scripts
[0.794s] Installing talker script to /media/karthi/New Volume/Warrior/Projects/ROS/dev_ws/install/turtle2/lib/turtle2
[0.795s] writing list of installed files to '/media/karthi/New Volume/Warrior/Projects/ROS/dev_ws/build/turtle2/install.log'
[0.811s] Invoked command in '/media/karthi/New Volume/Warrior/Projects/ROS/dev_ws/src/turtle2' returned '0': PYTHONPATH=/media/karthi/New Volume/Warrior/Projects/ROS/dev_ws/install/turtle2/lib/python3.8/site-packages:${PYTHONPATH} /usr/bin/python3 setup.py egg_info --egg-base ../../build/turtle2 build --build-base /media/karthi/New Volume/Warrior/Projects/ROS/dev_ws/build/turtle2/build install --prefix /media/karthi/New Volume/Warrior/Projects/ROS/dev_ws/install/turtle2 --record /media/karthi/New Volume/Warrior/Projects/ROS/dev_ws/build/turtle2/install.log --single-version-externally-managed
