[0.013s] Invoking command in '/media/karthi/New Volume/Warrior/Projects/ROS/dev_ws/build/pyturtle_interfaces': CMAKE_PREFIX_PATH=/opt/ros/foxy /usr/bin/cmake /media/karthi/New Volume/Warrior/Projects/ROS/dev_ws/src/pyturtle_interfaces -DCMAKE_INSTALL_PREFIX=/media/karthi/New Volume/Warrior/Projects/ROS/dev_ws/install/pyturtle_interfaces
[0.126s] -- The C compiler identification is GNU 9.3.0
[0.251s] -- The CXX compiler identification is GNU 9.3.0
[0.261s] -- Check for working C compiler: /usr/bin/cc
[0.353s] -- Check for working C compiler: /usr/bin/cc -- works
[0.355s] -- Detecting C compiler ABI info
[0.455s] -- Detecting C compiler ABI info - done
[0.468s] -- Detecting C compile features
[0.469s] -- Detecting C compile features - done
[0.475s] -- Check for working CXX compiler: /usr/bin/c++
[0.563s] -- Check for working CXX compiler: /usr/bin/c++ -- works
[0.565s] -- Detecting CXX compiler ABI info
[0.655s] -- Detecting CXX compiler ABI info - done
[0.666s] -- Detecting CXX compile features
[0.667s] -- Detecting CXX compile features - done
[0.673s] -- Found ament_cmake: 0.9.9 (/opt/ros/foxy/share/ament_cmake/cmake)
[0.696s] -- Found PythonInterp: /usr/bin/python3 (found suitable version "3.8.10", minimum required is "3") 
[0.696s] -- Using PYTHON_EXECUTABLE: /usr/bin/python3
[0.898s] -- Found rosidl_default_generators: 1.0.1 (/opt/ros/foxy/share/rosidl_default_generators/cmake)
[0.903s] -- Using all available rosidl_typesupport_c: rosidl_typesupport_fastrtps_c;rosidl_typesupport_introspection_c
[0.911s] -- Found rosidl_adapter: 1.2.1 (/opt/ros/foxy/share/rosidl_adapter/cmake)
[1.006s] -- Found OpenSSL: /usr/lib/x86_64-linux-gnu/libcrypto.so (found version "1.1.1f")  
[1.034s] -- Found FastRTPS: /opt/ros/foxy/include  
[1.115s] -- Using all available rosidl_typesupport_cpp: rosidl_typesupport_fastrtps_cpp;rosidl_typesupport_introspection_cpp
[1.165s] -- Found PythonInterp: /usr/bin/python3 (found version "3.8.10") 
[1.284s] -- Found ament_cmake_ros: 0.9.2 (/opt/ros/foxy/share/ament_cmake_ros/cmake)
[1.407s] -- Using all available rosidl_typesupport_c: rosidl_typesupport_fastrtps_c;rosidl_typesupport_introspection_c
[1.439s] -- Using all available rosidl_typesupport_cpp: rosidl_typesupport_fastrtps_cpp;rosidl_typesupport_introspection_cpp
[1.457s] -- Found PythonInterp: /usr/bin/python3 (found suitable version "3.8.10", minimum required is "3.5") 
[1.458s] -- Found python_cmake_module: 0.8.1 (/opt/ros/foxy/share/python_cmake_module/cmake)
[1.482s] -- Found PythonLibs: /usr/lib/x86_64-linux-gnu/libpython3.8.so (found suitable version "3.8.10", minimum required is "3.5") 
[1.483s] -- Using PYTHON_EXECUTABLE: /usr/bin/python3
[1.483s] -- Using PYTHON_INCLUDE_DIRS: /usr/include/python3.8
[1.483s] -- Using PYTHON_LIBRARIES: /usr/lib/x86_64-linux-gnu/libpython3.8.so
[1.500s] -- Found PythonExtra: .so  
[1.550s] -- Found ament_lint_auto: 0.9.6 (/opt/ros/foxy/share/ament_lint_auto/cmake)
[1.597s] -- Added test 'copyright' to check source files copyright and LICENSE
[1.619s] -- Added test 'lint_cmake' to check CMake code style
[1.631s] -- Added test 'xmllint' to check XML markup files
[1.658s] -- Configuring done
[1.786s] -- Generating done
[1.801s] -- Build files have been written to: /media/karthi/New Volume/Warrior/Projects/ROS/dev_ws/build/pyturtle_interfaces
[1.807s] Invoked command in '/media/karthi/New Volume/Warrior/Projects/ROS/dev_ws/build/pyturtle_interfaces' returned '0': CMAKE_PREFIX_PATH=/opt/ros/foxy /usr/bin/cmake /media/karthi/New Volume/Warrior/Projects/ROS/dev_ws/src/pyturtle_interfaces -DCMAKE_INSTALL_PREFIX=/media/karthi/New Volume/Warrior/Projects/ROS/dev_ws/install/pyturtle_interfaces
[1.809s] Invoking command in '/media/karthi/New Volume/Warrior/Projects/ROS/dev_ws/build/pyturtle_interfaces': CMAKE_PREFIX_PATH=/opt/ros/foxy /usr/bin/cmake --build /media/karthi/New Volume/Warrior/Projects/ROS/dev_ws/build/pyturtle_interfaces -- -j12 -l12
[1.849s] [  3%] [34m[1mGenerating C code for ROS interfaces[0m
[1.850s] [35m[1mScanning dependencies of target pyturtle_interfaces__cpp[0m
[1.862s] [  6%] [34m[1mGenerating C++ code for ROS interfaces[0m
[2.056s] [35m[1mScanning dependencies of target pyturtle_interfaces__rosidl_generator_c[0m
[2.058s] [  6%] Built target pyturtle_interfaces__cpp
[2.069s] [ 16%] [34m[1mGenerating C++ introspection for ROS interfaces[0m
[2.070s] [ 16%] [34m[1mGenerating C++ type support for eProsima Fast-RTPS[0m
[2.070s] [ 16%] [34m[1mGenerating C++ type support dispatch for ROS interfaces[0m
[2.073s] [ 19%] [32mBuilding C object CMakeFiles/pyturtle_interfaces__rosidl_generator_c.dir/rosidl_generator_c/pyturtle_interfaces/srv/detail/main_bg__functions.c.o[0m
[2.138s] [ 22%] [32m[1mLinking C shared library libpyturtle_interfaces__rosidl_generator_c.so[0m
[2.172s] [ 22%] Built target pyturtle_interfaces__rosidl_generator_c
[2.184s] [ 25%] [34m[1mGenerating C type support dispatch for ROS interfaces[0m
[2.186s] [ 29%] [34m[1mGenerating C introspection for ROS interfaces[0m
[2.261s] [35m[1mScanning dependencies of target pyturtle_interfaces__rosidl_typesupport_cpp[0m
[2.274s] [35m[1mScanning dependencies of target pyturtle_interfaces__rosidl_typesupport_introspection_cpp[0m
[2.287s] [ 32%] [32mBuilding CXX object CMakeFiles/pyturtle_interfaces__rosidl_typesupport_cpp.dir/rosidl_typesupport_cpp/pyturtle_interfaces/srv/main_bg__type_support.cpp.o[0m
[2.291s] [35m[1mScanning dependencies of target pyturtle_interfaces__rosidl_typesupport_fastrtps_cpp[0m
[2.301s] [ 35%] [32mBuilding CXX object CMakeFiles/pyturtle_interfaces__rosidl_typesupport_introspection_cpp.dir/rosidl_typesupport_introspection_cpp/pyturtle_interfaces/srv/detail/main_bg__type_support.cpp.o[0m
[2.342s] [ 38%] [32mBuilding CXX object CMakeFiles/pyturtle_interfaces__rosidl_typesupport_fastrtps_cpp.dir/rosidl_typesupport_fastrtps_cpp/pyturtle_interfaces/srv/detail/dds_fastrtps/main_bg__type_support.cpp.o[0m
[2.385s] [35m[1mScanning dependencies of target pyturtle_interfaces__rosidl_typesupport_c[0m
[2.410s] [ 41%] [32mBuilding CXX object CMakeFiles/pyturtle_interfaces__rosidl_typesupport_c.dir/rosidl_typesupport_c/pyturtle_interfaces/srv/main_bg__type_support.cpp.o[0m
[2.412s] [35m[1mScanning dependencies of target pyturtle_interfaces__rosidl_typesupport_introspection_c[0m
[2.436s] [ 45%] [32mBuilding C object CMakeFiles/pyturtle_interfaces__rosidl_typesupport_introspection_c.dir/rosidl_typesupport_introspection_c/pyturtle_interfaces/srv/detail/main_bg__type_support.c.o[0m
[2.454s] [ 48%] [32m[1mLinking CXX shared library libpyturtle_interfaces__rosidl_typesupport_c.so[0m
[2.480s] [ 51%] [32m[1mLinking C shared library libpyturtle_interfaces__rosidl_typesupport_introspection_c.so[0m
[2.496s] [ 51%] Built target pyturtle_interfaces__rosidl_typesupport_c
[2.509s] [ 51%] Built target pyturtle_interfaces__rosidl_typesupport_introspection_c
[2.605s] [ 54%] [32m[1mLinking CXX shared library libpyturtle_interfaces__rosidl_typesupport_introspection_cpp.so[0m
[2.633s] [ 58%] [32m[1mLinking CXX shared library libpyturtle_interfaces__rosidl_typesupport_cpp.so[0m
[2.644s] [ 58%] Built target pyturtle_interfaces__rosidl_typesupport_introspection_cpp
[2.668s] [ 58%] Built target pyturtle_interfaces__rosidl_typesupport_cpp
[2.751s] [ 61%] [32m[1mLinking CXX shared library libpyturtle_interfaces__rosidl_typesupport_fastrtps_cpp.so[0m
[2.828s] [ 61%] Built target pyturtle_interfaces__rosidl_typesupport_fastrtps_cpp
[2.838s] [ 64%] [34m[1mGenerating C type support for eProsima Fast-RTPS[0m
[3.028s] [35m[1mScanning dependencies of target pyturtle_interfaces__rosidl_typesupport_fastrtps_c[0m
[3.070s] [ 67%] [32mBuilding CXX object CMakeFiles/pyturtle_interfaces__rosidl_typesupport_fastrtps_c.dir/rosidl_typesupport_fastrtps_c/pyturtle_interfaces/srv/detail/main_bg__type_support_c.cpp.o[0m
[3.409s] [ 70%] [32m[1mLinking CXX shared library libpyturtle_interfaces__rosidl_typesupport_fastrtps_c.so[0m
[3.477s] [ 70%] Built target pyturtle_interfaces__rosidl_typesupport_fastrtps_c
[3.485s] [35m[1mScanning dependencies of target pyturtle_interfaces[0m
[3.495s] [ 70%] Built target pyturtle_interfaces
[3.505s] [35m[1mScanning dependencies of target pyturtle_interfaces__py[0m
[3.516s] [ 74%] [34m[1mGenerating Python code for ROS interfaces[0m
[3.910s] [ 74%] Built target pyturtle_interfaces__py
[3.919s] [35m[1mScanning dependencies of target pyturtle_interfaces__python[0m
[3.971s] [ 77%] [32mBuilding C object CMakeFiles/pyturtle_interfaces__python.dir/rosidl_generator_py/pyturtle_interfaces/srv/_main_bg_s.c.o[0m
[4.078s] [ 80%] [32m[1mLinking C shared library rosidl_generator_py/pyturtle_interfaces/libpyturtle_interfaces__python.so[0m
[4.114s] [ 80%] Built target pyturtle_interfaces__python
[4.125s] [35m[1mScanning dependencies of target pyturtle_interfaces__rosidl_typesupport_c__pyext[0m
[4.125s] [35m[1mScanning dependencies of target pyturtle_interfaces__rosidl_typesupport_introspection_c__pyext[0m
[4.125s] [35m[1mScanning dependencies of target pyturtle_interfaces__rosidl_typesupport_fastrtps_c__pyext[0m
[4.182s] [ 83%] [32mBuilding C object CMakeFiles/pyturtle_interfaces__rosidl_typesupport_introspection_c__pyext.dir/rosidl_generator_py/pyturtle_interfaces/_pyturtle_interfaces_s.ep.rosidl_typesupport_introspection_c.c.o[0m
[4.182s] [ 87%] [32mBuilding C object CMakeFiles/pyturtle_interfaces__rosidl_typesupport_c__pyext.dir/rosidl_generator_py/pyturtle_interfaces/_pyturtle_interfaces_s.ep.rosidl_typesupport_c.c.o[0m
[4.187s] [ 90%] [32mBuilding C object CMakeFiles/pyturtle_interfaces__rosidl_typesupport_fastrtps_c__pyext.dir/rosidl_generator_py/pyturtle_interfaces/_pyturtle_interfaces_s.ep.rosidl_typesupport_fastrtps_c.c.o[0m
[4.281s] [ 93%] [32m[1mLinking C shared library rosidl_generator_py/pyturtle_interfaces/pyturtle_interfaces_s__rosidl_typesupport_c.cpython-38-x86_64-linux-gnu.so[0m
[4.290s] [ 96%] [32m[1mLinking C shared library rosidl_generator_py/pyturtle_interfaces/pyturtle_interfaces_s__rosidl_typesupport_introspection_c.cpython-38-x86_64-linux-gnu.so[0m
[4.315s] [ 96%] Built target pyturtle_interfaces__rosidl_typesupport_c__pyext
[4.328s] [ 96%] Built target pyturtle_interfaces__rosidl_typesupport_introspection_c__pyext
[4.337s] [100%] [32m[1mLinking CXX shared library rosidl_generator_py/pyturtle_interfaces/pyturtle_interfaces_s__rosidl_typesupport_fastrtps_c.cpython-38-x86_64-linux-gnu.so[0m
[4.394s] [100%] Built target pyturtle_interfaces__rosidl_typesupport_fastrtps_c__pyext
[4.409s] Invoked command in '/media/karthi/New Volume/Warrior/Projects/ROS/dev_ws/build/pyturtle_interfaces' returned '0': CMAKE_PREFIX_PATH=/opt/ros/foxy /usr/bin/cmake --build /media/karthi/New Volume/Warrior/Projects/ROS/dev_ws/build/pyturtle_interfaces -- -j12 -l12
[4.462s] Invoking command in '/media/karthi/New Volume/Warrior/Projects/ROS/dev_ws/build/pyturtle_interfaces': CMAKE_PREFIX_PATH=/opt/ros/foxy /usr/bin/cmake --install /media/karthi/New Volume/Warrior/Projects/ROS/dev_ws/build/pyturtle_interfaces
[4.470s] -- Install configuration: ""
[4.472s] -- Installing: /media/karthi/New Volume/Warrior/Projects/ROS/dev_ws/install/pyturtle_interfaces/share/ament_index/resource_index/rosidl_interfaces/pyturtle_interfaces
[4.474s] -- Installing: /media/karthi/New Volume/Warrior/Projects/ROS/dev_ws/install/pyturtle_interfaces/include/pyturtle_interfaces
[4.475s] -- Installing: /media/karthi/New Volume/Warrior/Projects/ROS/dev_ws/install/pyturtle_interfaces/include/pyturtle_interfaces/msg
[4.476s] -- Installing: /media/karthi/New Volume/Warrior/Projects/ROS/dev_ws/install/pyturtle_interfaces/include/pyturtle_interfaces/msg/rosidl_generator_c__visibility_control.h
[4.477s] -- Installing: /media/karthi/New Volume/Warrior/Projects/ROS/dev_ws/install/pyturtle_interfaces/include/pyturtle_interfaces/srv
[4.478s] -- Installing: /media/karthi/New Volume/Warrior/Projects/ROS/dev_ws/install/pyturtle_interfaces/include/pyturtle_interfaces/srv/detail
[4.480s] -- Installing: /media/karthi/New Volume/Warrior/Projects/ROS/dev_ws/install/pyturtle_interfaces/include/pyturtle_interfaces/srv/detail/main_bg__functions.c
[4.482s] -- Installing: /media/karthi/New Volume/Warrior/Projects/ROS/dev_ws/install/pyturtle_interfaces/include/pyturtle_interfaces/srv/detail/main_bg__functions.h
[4.484s] -- Installing: /media/karthi/New Volume/Warrior/Projects/ROS/dev_ws/install/pyturtle_interfaces/include/pyturtle_interfaces/srv/detail/main_bg__struct.h
[4.485s] -- Installing: /media/karthi/New Volume/Warrior/Projects/ROS/dev_ws/install/pyturtle_interfaces/include/pyturtle_interfaces/srv/detail/main_bg__type_support.h
[4.487s] -- Installing: /media/karthi/New Volume/Warrior/Projects/ROS/dev_ws/install/pyturtle_interfaces/include/pyturtle_interfaces/srv/main_bg.h
[4.489s] -- Installing: /media/karthi/New Volume/Warrior/Projects/ROS/dev_ws/install/pyturtle_interfaces/share/pyturtle_interfaces/environment/library_path.sh
[4.491s] -- Installing: /media/karthi/New Volume/Warrior/Projects/ROS/dev_ws/install/pyturtle_interfaces/share/pyturtle_interfaces/environment/library_path.dsv
[4.493s] -- Installing: /media/karthi/New Volume/Warrior/Projects/ROS/dev_ws/install/pyturtle_interfaces/lib/libpyturtle_interfaces__rosidl_generator_c.so
[4.496s] -- Set runtime path of "/media/karthi/New Volume/Warrior/Projects/ROS/dev_ws/install/pyturtle_interfaces/lib/libpyturtle_interfaces__rosidl_generator_c.so" to ""
[4.496s] -- Up-to-date: /media/karthi/New Volume/Warrior/Projects/ROS/dev_ws/install/pyturtle_interfaces/include/pyturtle_interfaces
[4.497s] -- Up-to-date: /media/karthi/New Volume/Warrior/Projects/ROS/dev_ws/install/pyturtle_interfaces/include/pyturtle_interfaces/msg
[4.498s] -- Installing: /media/karthi/New Volume/Warrior/Projects/ROS/dev_ws/install/pyturtle_interfaces/include/pyturtle_interfaces/msg/rosidl_typesupport_fastrtps_c__visibility_control.h
[4.499s] -- Up-to-date: /media/karthi/New Volume/Warrior/Projects/ROS/dev_ws/install/pyturtle_interfaces/include/pyturtle_interfaces/srv
[4.500s] -- Up-to-date: /media/karthi/New Volume/Warrior/Projects/ROS/dev_ws/install/pyturtle_interfaces/include/pyturtle_interfaces/srv/detail
[4.501s] -- Installing: /media/karthi/New Volume/Warrior/Projects/ROS/dev_ws/install/pyturtle_interfaces/include/pyturtle_interfaces/srv/detail/main_bg__rosidl_typesupport_fastrtps_c.h
[4.503s] -- Installing: /media/karthi/New Volume/Warrior/Projects/ROS/dev_ws/install/pyturtle_interfaces/lib/libpyturtle_interfaces__rosidl_typesupport_fastrtps_c.so
[4.506s] -- Set runtime path of "/media/karthi/New Volume/Warrior/Projects/ROS/dev_ws/install/pyturtle_interfaces/lib/libpyturtle_interfaces__rosidl_typesupport_fastrtps_c.so" to ""
[4.506s] -- Up-to-date: /media/karthi/New Volume/Warrior/Projects/ROS/dev_ws/install/pyturtle_interfaces/include/pyturtle_interfaces
[4.507s] -- Up-to-date: /media/karthi/New Volume/Warrior/Projects/ROS/dev_ws/install/pyturtle_interfaces/include/pyturtle_interfaces/msg
[4.508s] -- Installing: /media/karthi/New Volume/Warrior/Projects/ROS/dev_ws/install/pyturtle_interfaces/include/pyturtle_interfaces/msg/rosidl_typesupport_fastrtps_cpp__visibility_control.h
[4.509s] -- Up-to-date: /media/karthi/New Volume/Warrior/Projects/ROS/dev_ws/install/pyturtle_interfaces/include/pyturtle_interfaces/srv
[4.510s] -- Up-to-date: /media/karthi/New Volume/Warrior/Projects/ROS/dev_ws/install/pyturtle_interfaces/include/pyturtle_interfaces/srv/detail
[4.511s] -- Installing: /media/karthi/New Volume/Warrior/Projects/ROS/dev_ws/install/pyturtle_interfaces/include/pyturtle_interfaces/srv/detail/dds_fastrtps
[4.512s] -- Installing: /media/karthi/New Volume/Warrior/Projects/ROS/dev_ws/install/pyturtle_interfaces/include/pyturtle_interfaces/srv/detail/main_bg__rosidl_typesupport_fastrtps_cpp.hpp
[4.514s] -- Installing: /media/karthi/New Volume/Warrior/Projects/ROS/dev_ws/install/pyturtle_interfaces/lib/libpyturtle_interfaces__rosidl_typesupport_fastrtps_cpp.so
[4.517s] -- Set runtime path of "/media/karthi/New Volume/Warrior/Projects/ROS/dev_ws/install/pyturtle_interfaces/lib/libpyturtle_interfaces__rosidl_typesupport_fastrtps_cpp.so" to ""
[4.517s] -- Up-to-date: /media/karthi/New Volume/Warrior/Projects/ROS/dev_ws/install/pyturtle_interfaces/include/pyturtle_interfaces
[4.518s] -- Up-to-date: /media/karthi/New Volume/Warrior/Projects/ROS/dev_ws/install/pyturtle_interfaces/include/pyturtle_interfaces/msg
[4.519s] -- Installing: /media/karthi/New Volume/Warrior/Projects/ROS/dev_ws/install/pyturtle_interfaces/include/pyturtle_interfaces/msg/rosidl_typesupport_introspection_c__visibility_control.h
[4.521s] -- Up-to-date: /media/karthi/New Volume/Warrior/Projects/ROS/dev_ws/install/pyturtle_interfaces/include/pyturtle_interfaces/srv
[4.521s] -- Up-to-date: /media/karthi/New Volume/Warrior/Projects/ROS/dev_ws/install/pyturtle_interfaces/include/pyturtle_interfaces/srv/detail
[4.522s] -- Installing: /media/karthi/New Volume/Warrior/Projects/ROS/dev_ws/install/pyturtle_interfaces/include/pyturtle_interfaces/srv/detail/main_bg__rosidl_typesupport_introspection_c.h
[4.524s] -- Installing: /media/karthi/New Volume/Warrior/Projects/ROS/dev_ws/install/pyturtle_interfaces/include/pyturtle_interfaces/srv/detail/main_bg__type_support.c
[4.526s] -- Installing: /media/karthi/New Volume/Warrior/Projects/ROS/dev_ws/install/pyturtle_interfaces/lib/libpyturtle_interfaces__rosidl_typesupport_introspection_c.so
[4.529s] -- Set runtime path of "/media/karthi/New Volume/Warrior/Projects/ROS/dev_ws/install/pyturtle_interfaces/lib/libpyturtle_interfaces__rosidl_typesupport_introspection_c.so" to ""
[4.529s] -- Installing: /media/karthi/New Volume/Warrior/Projects/ROS/dev_ws/install/pyturtle_interfaces/lib/libpyturtle_interfaces__rosidl_typesupport_c.so
[4.532s] -- Set runtime path of "/media/karthi/New Volume/Warrior/Projects/ROS/dev_ws/install/pyturtle_interfaces/lib/libpyturtle_interfaces__rosidl_typesupport_c.so" to ""
[4.533s] -- Up-to-date: /media/karthi/New Volume/Warrior/Projects/ROS/dev_ws/install/pyturtle_interfaces/include/pyturtle_interfaces
[4.533s] -- Up-to-date: /media/karthi/New Volume/Warrior/Projects/ROS/dev_ws/install/pyturtle_interfaces/include/pyturtle_interfaces/srv
[4.534s] -- Up-to-date: /media/karthi/New Volume/Warrior/Projects/ROS/dev_ws/install/pyturtle_interfaces/include/pyturtle_interfaces/srv/detail
[4.535s] -- Installing: /media/karthi/New Volume/Warrior/Projects/ROS/dev_ws/install/pyturtle_interfaces/include/pyturtle_interfaces/srv/detail/main_bg__builder.hpp
[4.537s] -- Installing: /media/karthi/New Volume/Warrior/Projects/ROS/dev_ws/install/pyturtle_interfaces/include/pyturtle_interfaces/srv/detail/main_bg__struct.hpp
[4.538s] -- Installing: /media/karthi/New Volume/Warrior/Projects/ROS/dev_ws/install/pyturtle_interfaces/include/pyturtle_interfaces/srv/detail/main_bg__traits.hpp
[4.540s] -- Installing: /media/karthi/New Volume/Warrior/Projects/ROS/dev_ws/install/pyturtle_interfaces/include/pyturtle_interfaces/srv/main_bg.hpp
[4.542s] -- Up-to-date: /media/karthi/New Volume/Warrior/Projects/ROS/dev_ws/install/pyturtle_interfaces/include/pyturtle_interfaces
[4.543s] -- Up-to-date: /media/karthi/New Volume/Warrior/Projects/ROS/dev_ws/install/pyturtle_interfaces/include/pyturtle_interfaces/srv
[4.543s] -- Up-to-date: /media/karthi/New Volume/Warrior/Projects/ROS/dev_ws/install/pyturtle_interfaces/include/pyturtle_interfaces/srv/detail
[4.544s] -- Installing: /media/karthi/New Volume/Warrior/Projects/ROS/dev_ws/install/pyturtle_interfaces/include/pyturtle_interfaces/srv/detail/main_bg__rosidl_typesupport_introspection_cpp.hpp
[4.546s] -- Installing: /media/karthi/New Volume/Warrior/Projects/ROS/dev_ws/install/pyturtle_interfaces/include/pyturtle_interfaces/srv/detail/main_bg__type_support.cpp
[4.548s] -- Installing: /media/karthi/New Volume/Warrior/Projects/ROS/dev_ws/install/pyturtle_interfaces/lib/libpyturtle_interfaces__rosidl_typesupport_introspection_cpp.so
[4.550s] -- Set runtime path of "/media/karthi/New Volume/Warrior/Projects/ROS/dev_ws/install/pyturtle_interfaces/lib/libpyturtle_interfaces__rosidl_typesupport_introspection_cpp.so" to ""
[4.551s] -- Installing: /media/karthi/New Volume/Warrior/Projects/ROS/dev_ws/install/pyturtle_interfaces/lib/libpyturtle_interfaces__rosidl_typesupport_cpp.so
[4.553s] -- Set runtime path of "/media/karthi/New Volume/Warrior/Projects/ROS/dev_ws/install/pyturtle_interfaces/lib/libpyturtle_interfaces__rosidl_typesupport_cpp.so" to ""
[4.554s] -- Installing: /media/karthi/New Volume/Warrior/Projects/ROS/dev_ws/install/pyturtle_interfaces/share/pyturtle_interfaces/environment/pythonpath.sh
[4.556s] -- Installing: /media/karthi/New Volume/Warrior/Projects/ROS/dev_ws/install/pyturtle_interfaces/share/pyturtle_interfaces/environment/pythonpath.dsv
[4.558s] -- Installing: /media/karthi/New Volume/Warrior/Projects/ROS/dev_ws/install/pyturtle_interfaces/lib/python3.8/site-packages/pyturtle_interfaces/__init__.py
[4.586s] Compiling '/media/karthi/New Volume/Warrior/Projects/ROS/dev_ws/install/pyturtle_interfaces/lib/python3.8/site-packages/pyturtle_interfaces/__init__.py'...
[4.589s] -- Installing: /media/karthi/New Volume/Warrior/Projects/ROS/dev_ws/install/pyturtle_interfaces/lib/python3.8/site-packages/pyturtle_interfaces/srv
[4.590s] -- Installing: /media/karthi/New Volume/Warrior/Projects/ROS/dev_ws/install/pyturtle_interfaces/lib/python3.8/site-packages/pyturtle_interfaces/srv/_main_bg.py
[4.592s] -- Installing: /media/karthi/New Volume/Warrior/Projects/ROS/dev_ws/install/pyturtle_interfaces/lib/python3.8/site-packages/pyturtle_interfaces/srv/_main_bg_s.c
[4.594s] -- Installing: /media/karthi/New Volume/Warrior/Projects/ROS/dev_ws/install/pyturtle_interfaces/lib/python3.8/site-packages/pyturtle_interfaces/srv/__init__.py
[4.597s] -- Installing: /media/karthi/New Volume/Warrior/Projects/ROS/dev_ws/install/pyturtle_interfaces/lib/python3.8/site-packages/pyturtle_interfaces/pyturtle_interfaces_s__rosidl_typesupport_fastrtps_c.cpython-38-x86_64-linux-gnu.so
[4.600s] -- Set runtime path of "/media/karthi/New Volume/Warrior/Projects/ROS/dev_ws/install/pyturtle_interfaces/lib/python3.8/site-packages/pyturtle_interfaces/pyturtle_interfaces_s__rosidl_typesupport_fastrtps_c.cpython-38-x86_64-linux-gnu.so" to ""
[4.600s] -- Installing: /media/karthi/New Volume/Warrior/Projects/ROS/dev_ws/install/pyturtle_interfaces/lib/python3.8/site-packages/pyturtle_interfaces/pyturtle_interfaces_s__rosidl_typesupport_introspection_c.cpython-38-x86_64-linux-gnu.so
[4.603s] -- Set runtime path of "/media/karthi/New Volume/Warrior/Projects/ROS/dev_ws/install/pyturtle_interfaces/lib/python3.8/site-packages/pyturtle_interfaces/pyturtle_interfaces_s__rosidl_typesupport_introspection_c.cpython-38-x86_64-linux-gnu.so" to ""
[4.604s] -- Installing: /media/karthi/New Volume/Warrior/Projects/ROS/dev_ws/install/pyturtle_interfaces/lib/python3.8/site-packages/pyturtle_interfaces/pyturtle_interfaces_s__rosidl_typesupport_c.cpython-38-x86_64-linux-gnu.so
[4.607s] -- Set runtime path of "/media/karthi/New Volume/Warrior/Projects/ROS/dev_ws/install/pyturtle_interfaces/lib/python3.8/site-packages/pyturtle_interfaces/pyturtle_interfaces_s__rosidl_typesupport_c.cpython-38-x86_64-linux-gnu.so" to ""
[4.608s] -- Installing: /media/karthi/New Volume/Warrior/Projects/ROS/dev_ws/install/pyturtle_interfaces/lib/libpyturtle_interfaces__python.so
[4.611s] -- Set runtime path of "/media/karthi/New Volume/Warrior/Projects/ROS/dev_ws/install/pyturtle_interfaces/lib/libpyturtle_interfaces__python.so" to ""
[4.612s] -- Installing: /media/karthi/New Volume/Warrior/Projects/ROS/dev_ws/install/pyturtle_interfaces/share/pyturtle_interfaces/srv/MainBG.idl
[4.614s] -- Installing: /media/karthi/New Volume/Warrior/Projects/ROS/dev_ws/install/pyturtle_interfaces/share/pyturtle_interfaces/srv/MainBG.srv
[4.616s] -- Installing: /media/karthi/New Volume/Warrior/Projects/ROS/dev_ws/install/pyturtle_interfaces/share/pyturtle_interfaces/srv/MainBG_Request.msg
[4.618s] -- Installing: /media/karthi/New Volume/Warrior/Projects/ROS/dev_ws/install/pyturtle_interfaces/share/pyturtle_interfaces/srv/MainBG_Response.msg
[4.620s] -- Installing: /media/karthi/New Volume/Warrior/Projects/ROS/dev_ws/install/pyturtle_interfaces/share/ament_index/resource_index/package_run_dependencies/pyturtle_interfaces
[4.623s] -- Installing: /media/karthi/New Volume/Warrior/Projects/ROS/dev_ws/install/pyturtle_interfaces/share/ament_index/resource_index/parent_prefix_path/pyturtle_interfaces
[4.625s] -- Installing: /media/karthi/New Volume/Warrior/Projects/ROS/dev_ws/install/pyturtle_interfaces/share/pyturtle_interfaces/environment/ament_prefix_path.sh
[4.626s] -- Installing: /media/karthi/New Volume/Warrior/Projects/ROS/dev_ws/install/pyturtle_interfaces/share/pyturtle_interfaces/environment/ament_prefix_path.dsv
[4.628s] -- Installing: /media/karthi/New Volume/Warrior/Projects/ROS/dev_ws/install/pyturtle_interfaces/share/pyturtle_interfaces/environment/path.sh
[4.629s] -- Installing: /media/karthi/New Volume/Warrior/Projects/ROS/dev_ws/install/pyturtle_interfaces/share/pyturtle_interfaces/environment/path.dsv
[4.631s] -- Installing: /media/karthi/New Volume/Warrior/Projects/ROS/dev_ws/install/pyturtle_interfaces/share/pyturtle_interfaces/local_setup.bash
[4.633s] -- Installing: /media/karthi/New Volume/Warrior/Projects/ROS/dev_ws/install/pyturtle_interfaces/share/pyturtle_interfaces/local_setup.sh
[4.635s] -- Installing: /media/karthi/New Volume/Warrior/Projects/ROS/dev_ws/install/pyturtle_interfaces/share/pyturtle_interfaces/local_setup.zsh
[4.636s] -- Installing: /media/karthi/New Volume/Warrior/Projects/ROS/dev_ws/install/pyturtle_interfaces/share/pyturtle_interfaces/local_setup.dsv
[4.638s] -- Installing: /media/karthi/New Volume/Warrior/Projects/ROS/dev_ws/install/pyturtle_interfaces/share/pyturtle_interfaces/package.dsv
[4.640s] -- Installing: /media/karthi/New Volume/Warrior/Projects/ROS/dev_ws/install/pyturtle_interfaces/share/ament_index/resource_index/packages/pyturtle_interfaces
[4.643s] -- Installing: /media/karthi/New Volume/Warrior/Projects/ROS/dev_ws/install/pyturtle_interfaces/share/pyturtle_interfaces/cmake/pyturtle_interfaces__rosidl_generator_cExport.cmake
[4.645s] -- Installing: /media/karthi/New Volume/Warrior/Projects/ROS/dev_ws/install/pyturtle_interfaces/share/pyturtle_interfaces/cmake/pyturtle_interfaces__rosidl_generator_cExport-noconfig.cmake
[4.647s] -- Installing: /media/karthi/New Volume/Warrior/Projects/ROS/dev_ws/install/pyturtle_interfaces/share/pyturtle_interfaces/cmake/pyturtle_interfaces__rosidl_typesupport_introspection_cExport.cmake
[4.649s] -- Installing: /media/karthi/New Volume/Warrior/Projects/ROS/dev_ws/install/pyturtle_interfaces/share/pyturtle_interfaces/cmake/pyturtle_interfaces__rosidl_typesupport_introspection_cExport-noconfig.cmake
[4.651s] -- Installing: /media/karthi/New Volume/Warrior/Projects/ROS/dev_ws/install/pyturtle_interfaces/share/pyturtle_interfaces/cmake/pyturtle_interfaces__rosidl_typesupport_cExport.cmake
[4.653s] -- Installing: /media/karthi/New Volume/Warrior/Projects/ROS/dev_ws/install/pyturtle_interfaces/share/pyturtle_interfaces/cmake/pyturtle_interfaces__rosidl_typesupport_cExport-noconfig.cmake
[4.655s] -- Installing: /media/karthi/New Volume/Warrior/Projects/ROS/dev_ws/install/pyturtle_interfaces/share/pyturtle_interfaces/cmake/pyturtle_interfaces__rosidl_generator_cppExport.cmake
[4.658s] -- Installing: /media/karthi/New Volume/Warrior/Projects/ROS/dev_ws/install/pyturtle_interfaces/share/pyturtle_interfaces/cmake/pyturtle_interfaces__rosidl_typesupport_introspection_cppExport.cmake
[4.660s] -- Installing: /media/karthi/New Volume/Warrior/Projects/ROS/dev_ws/install/pyturtle_interfaces/share/pyturtle_interfaces/cmake/pyturtle_interfaces__rosidl_typesupport_introspection_cppExport-noconfig.cmake
[4.662s] -- Installing: /media/karthi/New Volume/Warrior/Projects/ROS/dev_ws/install/pyturtle_interfaces/share/pyturtle_interfaces/cmake/pyturtle_interfaces__rosidl_typesupport_cppExport.cmake
[4.664s] -- Installing: /media/karthi/New Volume/Warrior/Projects/ROS/dev_ws/install/pyturtle_interfaces/share/pyturtle_interfaces/cmake/pyturtle_interfaces__rosidl_typesupport_cppExport-noconfig.cmake
[4.666s] -- Installing: /media/karthi/New Volume/Warrior/Projects/ROS/dev_ws/install/pyturtle_interfaces/share/pyturtle_interfaces/cmake/rosidl_cmake-extras.cmake
[4.668s] -- Installing: /media/karthi/New Volume/Warrior/Projects/ROS/dev_ws/install/pyturtle_interfaces/share/pyturtle_interfaces/cmake/ament_cmake_export_dependencies-extras.cmake
[4.670s] -- Installing: /media/karthi/New Volume/Warrior/Projects/ROS/dev_ws/install/pyturtle_interfaces/share/pyturtle_interfaces/cmake/ament_cmake_export_libraries-extras.cmake
[4.672s] -- Installing: /media/karthi/New Volume/Warrior/Projects/ROS/dev_ws/install/pyturtle_interfaces/share/pyturtle_interfaces/cmake/ament_cmake_export_targets-extras.cmake
[4.673s] -- Installing: /media/karthi/New Volume/Warrior/Projects/ROS/dev_ws/install/pyturtle_interfaces/share/pyturtle_interfaces/cmake/ament_cmake_export_include_directories-extras.cmake
[4.675s] -- Installing: /media/karthi/New Volume/Warrior/Projects/ROS/dev_ws/install/pyturtle_interfaces/share/pyturtle_interfaces/cmake/rosidl_cmake_export_typesupport_libraries-extras.cmake
[4.677s] -- Installing: /media/karthi/New Volume/Warrior/Projects/ROS/dev_ws/install/pyturtle_interfaces/share/pyturtle_interfaces/cmake/rosidl_cmake_export_typesupport_targets-extras.cmake
[4.679s] -- Installing: /media/karthi/New Volume/Warrior/Projects/ROS/dev_ws/install/pyturtle_interfaces/share/pyturtle_interfaces/cmake/pyturtle_interfacesConfig.cmake
[4.681s] -- Installing: /media/karthi/New Volume/Warrior/Projects/ROS/dev_ws/install/pyturtle_interfaces/share/pyturtle_interfaces/cmake/pyturtle_interfacesConfig-version.cmake
[4.682s] -- Installing: /media/karthi/New Volume/Warrior/Projects/ROS/dev_ws/install/pyturtle_interfaces/share/pyturtle_interfaces/package.xml
[4.686s] Invoked command in '/media/karthi/New Volume/Warrior/Projects/ROS/dev_ws/build/pyturtle_interfaces' returned '0': CMAKE_PREFIX_PATH=/opt/ros/foxy /usr/bin/cmake --install /media/karthi/New Volume/Warrior/Projects/ROS/dev_ws/build/pyturtle_interfaces
