[0.248s] Invoking command in '/media/karthi/New Volume/Warrior/Projects/ROS/dev_ws/build/turtlesim': CMAKE_PREFIX_PATH=${CMAKE_PREFIX_PATH}:/media/karthi/New Volume/Warrior/Projects/ROS/dev_ws/install/turtle_control:/media/karthi/New Volume/Warrior/Projects/ROS/dev_ws/install/turtle2:/opt/ros/foxy /usr/bin/cmake --build /media/karthi/New Volume/Warrior/Projects/ROS/dev_ws/build/turtlesim -- -j12 -l12
[0.341s] [  1%] Built target turtlesim__cpp
[0.351s] [ 11%] Built target turtlesim__rosidl_generator_c
[0.404s] [ 21%] Built target turtlesim__rosidl_typesupport_cpp
[0.407s] [ 31%] Built target turtlesim__rosidl_typesupport_introspection_cpp
[0.410s] [ 50%] Built target turtlesim__rosidl_typesupport_c
[0.410s] [ 51%] Built target turtlesim__rosidl_typesupport_fastrtps_cpp
[0.412s] [ 61%] Built target turtlesim__rosidl_typesupport_introspection_c
[0.460s] [ 71%] Built target turtlesim__rosidl_typesupport_fastrtps_c
[0.493s] [ 71%] Built target turtlesim
[0.530s] [35m[1mScanning dependencies of target turtlesim_node[0m
[0.551s] [ 72%] Built target turtlesim__py
[0.560s] [ 74%] Built target turtle_teleop_key
[0.563s] [ 76%] Built target mimic
[0.565s] [ 78%] Built target draw_square
[0.627s] [ 87%] Built target turtlesim__python
[0.703s] [ 89%] Built target turtlesim__rosidl_typesupport_fastrtps_c__pyext
[0.704s] [ 91%] Built target turtlesim__rosidl_typesupport_introspection_c__pyext
[0.704s] [ 93%] Built target turtlesim__rosidl_typesupport_c__pyext
[0.945s] [ 94%] [32mBuilding CXX object CMakeFiles/turtlesim_node.dir/src/turtle_frame.cpp.o[0m
[2.679s] [01m[K/media/karthi/New Volume/Warrior/Projects/ROS/dev_ws/src/turtlesim/src/turtle_frame.cpp:[m[K In constructor ‘[01m[Kturtlesim::TurtleFrame::TurtleFrame(rclcpp::Node::SharedPtr&, QWidget*, Qt::WindowFlags)[m[K’:
[2.680s] [01m[K/media/karthi/New Volume/Warrior/Projects/ROS/dev_ws/src/turtlesim/src/turtle_frame.cpp:103:3:[m[K [01;31m[Kerror: [m[K‘[01m[Kbg_paint_srv[m[K’ was not declared in this scope
[2.680s]   103 |   [01;31m[Kbg_paint_srv[m[K = nh_->create_service<std_srvs::srv::Empty>("bg_paint", std::bind(&TurtleFrame::resetCallback, this, std::placeholders::_1, std::placeholders::_2));
[2.680s]       |   [01;31m[K^~~~~~~~~~~~[m[K
[4.214s] make[2]: *** [CMakeFiles/turtlesim_node.dir/build.make:93: CMakeFiles/turtlesim_node.dir/src/turtle_frame.cpp.o] Error 1
[4.214s] make[1]: *** [CMakeFiles/Makefile2:367: CMakeFiles/turtlesim_node.dir/all] Error 2
[4.215s] make: *** [Makefile:141: all] Error 2
[4.216s] Invoked command in '/media/karthi/New Volume/Warrior/Projects/ROS/dev_ws/build/turtlesim' returned '2': CMAKE_PREFIX_PATH=${CMAKE_PREFIX_PATH}:/media/karthi/New Volume/Warrior/Projects/ROS/dev_ws/install/turtle_control:/media/karthi/New Volume/Warrior/Projects/ROS/dev_ws/install/turtle2:/opt/ros/foxy /usr/bin/cmake --build /media/karthi/New Volume/Warrior/Projects/ROS/dev_ws/build/turtlesim -- -j12 -l12
