[0.714s] Invoking command in '/media/karthi/New Volume/Warrior/Projects/ROS/dev_ws/src/turtle2': PYTHONPATH=/media/karthi/New Volume/Warrior/Projects/ROS/dev_ws/install/turtle2/lib/python3.8/site-packages:${PYTHONPATH} /usr/bin/python3 setup.py egg_info --egg-base ../../build/turtle2 build --build-base /media/karthi/New Volume/Warrior/Projects/ROS/dev_ws/build/turtle2/build install --prefix /media/karthi/New Volume/Warrior/Projects/ROS/dev_ws/install/turtle2 --record /media/karthi/New Volume/Warrior/Projects/ROS/dev_ws/build/turtle2/install.log --single-version-externally-managed
[0.983s] running egg_info
[0.983s] creating ../../build/turtle2/turtle2.egg-info
[0.984s] writing ../../build/turtle2/turtle2.egg-info/PKG-INFO
[0.984s] writing dependency_links to ../../build/turtle2/turtle2.egg-info/dependency_links.txt
[0.985s] writing entry points to ../../build/turtle2/turtle2.egg-info/entry_points.txt
[0.985s] writing requirements to ../../build/turtle2/turtle2.egg-info/requires.txt
[0.985s] writing top-level names to ../../build/turtle2/turtle2.egg-info/top_level.txt
[0.987s] writing manifest file '../../build/turtle2/turtle2.egg-info/SOURCES.txt'
[1.017s] reading manifest file '../../build/turtle2/turtle2.egg-info/SOURCES.txt'
[1.019s] writing manifest file '../../build/turtle2/turtle2.egg-info/SOURCES.txt'
[1.019s] running build
[1.019s] running build_py
[1.020s] creating /media/karthi/New Volume/Warrior/Projects/ROS/dev_ws/build/turtle2/build
[1.020s] creating /media/karthi/New Volume/Warrior/Projects/ROS/dev_ws/build/turtle2/build/lib
[1.020s] creating /media/karthi/New Volume/Warrior/Projects/ROS/dev_ws/build/turtle2/build/lib/turtle2
[1.020s] copying turtle2/turtle.py -> /media/karthi/New Volume/Warrior/Projects/ROS/dev_ws/build/turtle2/build/lib/turtle2
[1.021s] copying turtle2/__init__.py -> /media/karthi/New Volume/Warrior/Projects/ROS/dev_ws/build/turtle2/build/lib/turtle2
[1.022s] running install
[1.023s] running install_lib
[1.026s] running install_data
[1.027s] running install_egg_info
[1.029s] removing '/media/karthi/New Volume/Warrior/Projects/ROS/dev_ws/install/turtle2/lib/python3.8/site-packages/turtle2-0.0.0-py3.8.egg-info' (and everything under it)
[1.031s] Copying ../../build/turtle2/turtle2.egg-info to /media/karthi/New Volume/Warrior/Projects/ROS/dev_ws/install/turtle2/lib/python3.8/site-packages/turtle2-0.0.0-py3.8.egg-info
[1.038s] running install_scripts
[1.052s] Installing turtle script to /media/karthi/New Volume/Warrior/Projects/ROS/dev_ws/install/turtle2/lib/turtle2
[1.053s] writing list of installed files to '/media/karthi/New Volume/Warrior/Projects/ROS/dev_ws/build/turtle2/install.log'
[1.068s] Invoked command in '/media/karthi/New Volume/Warrior/Projects/ROS/dev_ws/src/turtle2' returned '0': PYTHONPATH=/media/karthi/New Volume/Warrior/Projects/ROS/dev_ws/install/turtle2/lib/python3.8/site-packages:${PYTHONPATH} /usr/bin/python3 setup.py egg_info --egg-base ../../build/turtle2 build --build-base /media/karthi/New Volume/Warrior/Projects/ROS/dev_ws/build/turtle2/build install --prefix /media/karthi/New Volume/Warrior/Projects/ROS/dev_ws/install/turtle2 --record /media/karthi/New Volume/Warrior/Projects/ROS/dev_ws/build/turtle2/install.log --single-version-externally-managed
