[0.585s] Invoking command in '/media/karthi/New Volume/Warrior/Projects/ROS/dev_ws/src/turtle_control': PYTHONPATH=/media/karthi/New Volume/Warrior/Projects/ROS/dev_ws/install/turtle_control/lib/python3.8/site-packages:${PYTHONPATH} /usr/bin/python3 setup.py egg_info --egg-base ../../build/turtle_control build --build-base /media/karthi/New Volume/Warrior/Projects/ROS/dev_ws/build/turtle_control/build install --prefix /media/karthi/New Volume/Warrior/Projects/ROS/dev_ws/install/turtle_control --record /media/karthi/New Volume/Warrior/Projects/ROS/dev_ws/build/turtle_control/install.log --single-version-externally-managed
[0.793s] running egg_info
[0.793s] writing ../../build/turtle_control/turtle_control.egg-info/PKG-INFO
[0.794s] writing dependency_links to ../../build/turtle_control/turtle_control.egg-info/dependency_links.txt
[0.794s] writing entry points to ../../build/turtle_control/turtle_control.egg-info/entry_points.txt
[0.794s] writing requirements to ../../build/turtle_control/turtle_control.egg-info/requires.txt
[0.795s] writing top-level names to ../../build/turtle_control/turtle_control.egg-info/top_level.txt
[0.824s] reading manifest file '../../build/turtle_control/turtle_control.egg-info/SOURCES.txt'
[0.826s] writing manifest file '../../build/turtle_control/turtle_control.egg-info/SOURCES.txt'
[0.827s] running build
[0.827s] running build_py
[0.827s] copying turtle_control/control.py -> /media/karthi/New Volume/Warrior/Projects/ROS/dev_ws/build/turtle_control/build/lib/turtle_control
[0.829s] running install
[0.830s] running install_lib
[0.831s] copying /media/karthi/New Volume/Warrior/Projects/ROS/dev_ws/build/turtle_control/build/lib/turtle_control/control.py -> /media/karthi/New Volume/Warrior/Projects/ROS/dev_ws/install/turtle_control/lib/python3.8/site-packages/turtle_control
[0.834s] byte-compiling /media/karthi/New Volume/Warrior/Projects/ROS/dev_ws/install/turtle_control/lib/python3.8/site-packages/turtle_control/control.py to control.cpython-38.pyc
[0.837s] running install_data
[0.838s] running install_egg_info
[0.839s] removing '/media/karthi/New Volume/Warrior/Projects/ROS/dev_ws/install/turtle_control/lib/python3.8/site-packages/turtle_control-0.0.0-py3.8.egg-info' (and everything under it)
[0.841s] Copying ../../build/turtle_control/turtle_control.egg-info to /media/karthi/New Volume/Warrior/Projects/ROS/dev_ws/install/turtle_control/lib/python3.8/site-packages/turtle_control-0.0.0-py3.8.egg-info
[0.847s] running install_scripts
[0.862s] Installing pyturtle script to /media/karthi/New Volume/Warrior/Projects/ROS/dev_ws/install/turtle_control/lib/turtle_control
[0.862s] Installing pyturtlecontrol script to /media/karthi/New Volume/Warrior/Projects/ROS/dev_ws/install/turtle_control/lib/turtle_control
[0.863s] writing list of installed files to '/media/karthi/New Volume/Warrior/Projects/ROS/dev_ws/build/turtle_control/install.log'
[0.877s] Invoked command in '/media/karthi/New Volume/Warrior/Projects/ROS/dev_ws/src/turtle_control' returned '0': PYTHONPATH=/media/karthi/New Volume/Warrior/Projects/ROS/dev_ws/install/turtle_control/lib/python3.8/site-packages:${PYTHONPATH} /usr/bin/python3 setup.py egg_info --egg-base ../../build/turtle_control build --build-base /media/karthi/New Volume/Warrior/Projects/ROS/dev_ws/build/turtle_control/build install --prefix /media/karthi/New Volume/Warrior/Projects/ROS/dev_ws/install/turtle_control --record /media/karthi/New Volume/Warrior/Projects/ROS/dev_ws/build/turtle_control/install.log --single-version-externally-managed
