[0.017s] Invoking command in '/media/karthi/New Volume/Warrior/Projects/ROS/dev_ws/build/turtlesim': CMAKE_PREFIX_PATH=${CMAKE_PREFIX_PATH}:/media/karthi/New Volume/Warrior/Projects/ROS/dev_ws/install/py_srvcli:/media/karthi/New Volume/Warrior/Projects/ROS/dev_ws/install/py_pubsub:/opt/ros/foxy /usr/bin/cmake /media/karthi/New Volume/Warrior/Projects/ROS/dev_ws/src/turtlesim -DCMAKE_INSTALL_PREFIX=/media/karthi/New Volume/Warrior/Projects/ROS/dev_ws/install/turtlesim
[0.155s] -- The C compiler identification is GNU 9.3.0
[0.364s] -- The CXX compiler identification is GNU 9.3.0
[0.376s] -- Check for working C compiler: /usr/bin/cc
[0.466s] -- Check for working C compiler: /usr/bin/cc -- works
[0.467s] -- Detecting C compiler ABI info
[0.556s] -- Detecting C compiler ABI info - done
[0.567s] -- Detecting C compile features
[0.567s] -- Detecting C compile features - done
[0.573s] -- Check for working CXX compiler: /usr/bin/c++
[0.672s] -- Check for working CXX compiler: /usr/bin/c++ -- works
[0.673s] -- Detecting CXX compiler ABI info
[0.770s] -- Detecting CXX compiler ABI info - done
[0.781s] -- Detecting CXX compile features
[0.781s] -- Detecting CXX compile features - done
[0.787s] -- Found ament_cmake: 0.9.9 (/opt/ros/foxy/share/ament_cmake/cmake)
[0.813s] -- Found PythonInterp: /usr/bin/python3 (found suitable version "3.8.10", minimum required is "3") 
[0.814s] -- Using PYTHON_EXECUTABLE: /usr/bin/python3
[1.009s] -- Found ament_index_cpp: 1.1.0 (/opt/ros/foxy/share/ament_index_cpp/cmake)
[1.014s] -- Found geometry_msgs: 2.0.5 (/opt/ros/foxy/share/geometry_msgs/cmake)
[1.055s] -- Using all available rosidl_typesupport_c: rosidl_typesupport_fastrtps_c;rosidl_typesupport_introspection_c
[1.063s] -- Found rosidl_adapter: 1.2.1 (/opt/ros/foxy/share/rosidl_adapter/cmake)
[1.159s] -- Found OpenSSL: /usr/lib/x86_64-linux-gnu/libcrypto.so (found version "1.1.1f")  
[1.189s] -- Found FastRTPS: /opt/ros/foxy/include  
[1.269s] -- Using all available rosidl_typesupport_cpp: rosidl_typesupport_fastrtps_cpp;rosidl_typesupport_introspection_cpp
[1.380s] -- Found rclcpp: 2.4.1 (/opt/ros/foxy/share/rclcpp/cmake)
[1.432s] -- Found rmw_implementation_cmake: 1.0.3 (/opt/ros/foxy/share/rmw_implementation_cmake/cmake)
[1.434s] -- Using RMW implementation 'rmw_fastrtps_cpp' as default
[1.437s] -- Looking for pthread.h
[1.550s] -- Looking for pthread.h - found
[1.551s] -- Performing Test CMAKE_HAVE_LIBC_PTHREAD
[1.674s] -- Performing Test CMAKE_HAVE_LIBC_PTHREAD - Failed
[1.675s] -- Looking for pthread_create in pthreads
[1.761s] -- Looking for pthread_create in pthreads - not found
[1.761s] -- Looking for pthread_create in pthread
[1.847s] -- Looking for pthread_create in pthread - found
[1.848s] -- Found Threads: TRUE  
[1.983s] -- Found rclcpp_action: 2.4.1 (/opt/ros/foxy/share/rclcpp_action/cmake)
[2.060s] -- Found rosidl_default_generators: 1.0.1 (/opt/ros/foxy/share/rosidl_default_generators/cmake)
[2.074s] -- Found std_srvs: 2.0.5 (/opt/ros/foxy/share/std_srvs/cmake)
[2.120s] -- Found PythonInterp: /usr/bin/python3 (found version "3.8.10") 
[2.312s] -- Found ament_cmake_ros: 0.9.2 (/opt/ros/foxy/share/ament_cmake_ros/cmake)
[2.499s] -- Using all available rosidl_typesupport_c: rosidl_typesupport_fastrtps_c;rosidl_typesupport_introspection_c
[2.565s] -- Using all available rosidl_typesupport_cpp: rosidl_typesupport_fastrtps_cpp;rosidl_typesupport_introspection_cpp
[2.588s] -- Found PythonInterp: /usr/bin/python3 (found suitable version "3.8.10", minimum required is "3.5") 
[2.589s] -- Found python_cmake_module: 0.8.1 (/opt/ros/foxy/share/python_cmake_module/cmake)
[2.619s] -- Found PythonLibs: /usr/lib/x86_64-linux-gnu/libpython3.8.so (found suitable version "3.8.10", minimum required is "3.5") 
[2.620s] -- Using PYTHON_EXECUTABLE: /usr/bin/python3
[2.620s] -- Using PYTHON_INCLUDE_DIRS: /usr/include/python3.8
[2.620s] -- Using PYTHON_LIBRARIES: /usr/lib/x86_64-linux-gnu/libpython3.8.so
[2.639s] -- Found PythonExtra: .so  
[2.783s] -- Configuring done
[3.033s] -- Generating done
[3.050s] -- Build files have been written to: /media/karthi/New Volume/Warrior/Projects/ROS/dev_ws/build/turtlesim
[3.057s] Invoked command in '/media/karthi/New Volume/Warrior/Projects/ROS/dev_ws/build/turtlesim' returned '0': CMAKE_PREFIX_PATH=${CMAKE_PREFIX_PATH}:/media/karthi/New Volume/Warrior/Projects/ROS/dev_ws/install/py_srvcli:/media/karthi/New Volume/Warrior/Projects/ROS/dev_ws/install/py_pubsub:/opt/ros/foxy /usr/bin/cmake /media/karthi/New Volume/Warrior/Projects/ROS/dev_ws/src/turtlesim -DCMAKE_INSTALL_PREFIX=/media/karthi/New Volume/Warrior/Projects/ROS/dev_ws/install/turtlesim
[3.060s] Invoking command in '/media/karthi/New Volume/Warrior/Projects/ROS/dev_ws/build/turtlesim': CMAKE_PREFIX_PATH=${CMAKE_PREFIX_PATH}:/media/karthi/New Volume/Warrior/Projects/ROS/dev_ws/install/py_srvcli:/media/karthi/New Volume/Warrior/Projects/ROS/dev_ws/install/py_pubsub:/opt/ros/foxy /usr/bin/cmake --build /media/karthi/New Volume/Warrior/Projects/ROS/dev_ws/build/turtlesim -- -j12 -l12
[3.111s] [  1%] [34m[1mGenerating C code for ROS interfaces[0m
[3.112s] [35m[1mScanning dependencies of target turtlesim__cpp[0m
[3.131s] [  2%] [34m[1mGenerating C++ code for ROS interfaces[0m
[3.878s] [  2%] Built target turtlesim__cpp
[3.895s] [  5%] [34m[1mGenerating C++ type support for eProsima Fast-RTPS[0m
[3.895s] [  5%] [34m[1mGenerating C++ type support dispatch for ROS interfaces[0m
[3.895s] [  5%] [34m[1mGenerating C++ introspection for ROS interfaces[0m
[3.903s] [35m[1mScanning dependencies of target turtlesim__rosidl_generator_c[0m
[3.979s] [  6%] [32mBuilding C object CMakeFiles/turtlesim__rosidl_generator_c.dir/rosidl_generator_c/turtlesim/action/detail/rotate_absolute__functions.c.o[0m
[3.985s] [  7%] [32mBuilding C object CMakeFiles/turtlesim__rosidl_generator_c.dir/rosidl_generator_c/turtlesim/msg/detail/color__functions.c.o[0m
[3.987s] [  8%] [32mBuilding C object CMakeFiles/turtlesim__rosidl_generator_c.dir/rosidl_generator_c/turtlesim/msg/detail/pose__functions.c.o[0m
[3.989s] [  9%] [32mBuilding C object CMakeFiles/turtlesim__rosidl_generator_c.dir/rosidl_generator_c/turtlesim/srv/detail/kill__functions.c.o[0m
[3.991s] [ 11%] [32mBuilding C object CMakeFiles/turtlesim__rosidl_generator_c.dir/rosidl_generator_c/turtlesim/srv/detail/set_pen__functions.c.o[0m
[3.992s] [ 11%] [32mBuilding C object CMakeFiles/turtlesim__rosidl_generator_c.dir/rosidl_generator_c/turtlesim/srv/detail/spawn__functions.c.o[0m
[3.993s] [ 13%] [32mBuilding C object CMakeFiles/turtlesim__rosidl_generator_c.dir/rosidl_generator_c/turtlesim/srv/detail/teleport_absolute__functions.c.o[0m
[3.994s] [ 13%] [32mBuilding C object CMakeFiles/turtlesim__rosidl_generator_c.dir/rosidl_generator_c/turtlesim/srv/detail/teleport_relative__functions.c.o[0m
[4.166s] [ 14%] [32m[1mLinking C shared library libturtlesim__rosidl_generator_c.so[0m
[4.237s] [ 14%] Built target turtlesim__rosidl_generator_c
[4.255s] [ 16%] [34m[1mGenerating C type support dispatch for ROS interfaces[0m
[4.256s] [ 16%] [34m[1mGenerating C introspection for ROS interfaces[0m
[4.499s] [35m[1mScanning dependencies of target turtlesim__rosidl_typesupport_cpp[0m
[4.607s] [ 17%] [32mBuilding CXX object CMakeFiles/turtlesim__rosidl_typesupport_cpp.dir/rosidl_typesupport_cpp/turtlesim/action/rotate_absolute__type_support.cpp.o[0m
[4.611s] [ 19%] [32mBuilding CXX object CMakeFiles/turtlesim__rosidl_typesupport_cpp.dir/rosidl_typesupport_cpp/turtlesim/msg/color__type_support.cpp.o[0m
[4.611s] [ 19%] [32mBuilding CXX object CMakeFiles/turtlesim__rosidl_typesupport_cpp.dir/rosidl_typesupport_cpp/turtlesim/msg/pose__type_support.cpp.o[0m
[4.613s] [ 20%] [32mBuilding CXX object CMakeFiles/turtlesim__rosidl_typesupport_cpp.dir/rosidl_typesupport_cpp/turtlesim/srv/kill__type_support.cpp.o[0m
[4.615s] [ 21%] [32mBuilding CXX object CMakeFiles/turtlesim__rosidl_typesupport_cpp.dir/rosidl_typesupport_cpp/turtlesim/srv/spawn__type_support.cpp.o[0m
[4.617s] [ 22%] [32mBuilding CXX object CMakeFiles/turtlesim__rosidl_typesupport_cpp.dir/rosidl_typesupport_cpp/turtlesim/srv/teleport_absolute__type_support.cpp.o[0m
[4.618s] [ 23%] [32mBuilding CXX object CMakeFiles/turtlesim__rosidl_typesupport_cpp.dir/rosidl_typesupport_cpp/turtlesim/srv/set_pen__type_support.cpp.o[0m
[4.625s] [ 24%] [32mBuilding CXX object CMakeFiles/turtlesim__rosidl_typesupport_cpp.dir/rosidl_typesupport_cpp/turtlesim/srv/teleport_relative__type_support.cpp.o[0m
[4.972s] [35m[1mScanning dependencies of target turtlesim__rosidl_typesupport_introspection_cpp[0m
[5.181s] [ 25%] [32mBuilding CXX object CMakeFiles/turtlesim__rosidl_typesupport_introspection_cpp.dir/rosidl_typesupport_introspection_cpp/turtlesim/action/detail/rotate_absolute__type_support.cpp.o[0m
[5.224s] [35m[1mScanning dependencies of target turtlesim__rosidl_typesupport_c[0m
[5.276s] [35m[1mScanning dependencies of target turtlesim__rosidl_typesupport_fastrtps_cpp[0m
[5.315s] [ 26%] [32mBuilding CXX object CMakeFiles/turtlesim__rosidl_typesupport_introspection_cpp.dir/rosidl_typesupport_introspection_cpp/turtlesim/msg/detail/color__type_support.cpp.o[0m
[5.328s] [ 27%] [32mBuilding CXX object CMakeFiles/turtlesim__rosidl_typesupport_introspection_cpp.dir/rosidl_typesupport_introspection_cpp/turtlesim/msg/detail/pose__type_support.cpp.o[0m
[5.349s] [ 28%] [32mBuilding CXX object CMakeFiles/turtlesim__rosidl_typesupport_introspection_cpp.dir/rosidl_typesupport_introspection_cpp/turtlesim/srv/detail/kill__type_support.cpp.o[0m
[5.354s] [ 30%] [32mBuilding CXX object CMakeFiles/turtlesim__rosidl_typesupport_introspection_cpp.dir/rosidl_typesupport_introspection_cpp/turtlesim/srv/detail/spawn__type_support.cpp.o[0m
[5.354s] [ 30%] [32mBuilding CXX object CMakeFiles/turtlesim__rosidl_typesupport_introspection_cpp.dir/rosidl_typesupport_introspection_cpp/turtlesim/srv/detail/set_pen__type_support.cpp.o[0m
[5.358s] [ 31%] [32mBuilding CXX object CMakeFiles/turtlesim__rosidl_typesupport_introspection_cpp.dir/rosidl_typesupport_introspection_cpp/turtlesim/srv/detail/teleport_absolute__type_support.cpp.o[0m
[5.365s] [ 32%] [32mBuilding CXX object CMakeFiles/turtlesim__rosidl_typesupport_introspection_cpp.dir/rosidl_typesupport_introspection_cpp/turtlesim/srv/detail/teleport_relative__type_support.cpp.o[0m
[5.406s] [ 33%] [32m[1mLinking CXX shared library libturtlesim__rosidl_typesupport_cpp.so[0m
[5.437s] [ 34%] [32mBuilding CXX object CMakeFiles/turtlesim__rosidl_typesupport_c.dir/rosidl_typesupport_c/turtlesim/action/rotate_absolute__type_support.cpp.o[0m
[5.595s] [ 34%] Built target turtlesim__rosidl_typesupport_cpp
[5.635s] [ 35%] [32mBuilding CXX object CMakeFiles/turtlesim__rosidl_typesupport_c.dir/rosidl_typesupport_c/turtlesim/msg/color__type_support.cpp.o[0m
[5.678s] [35m[1mScanning dependencies of target turtlesim__rosidl_typesupport_introspection_c[0m
[5.718s] [ 36%] [32mBuilding CXX object CMakeFiles/turtlesim__rosidl_typesupport_c.dir/rosidl_typesupport_c/turtlesim/msg/pose__type_support.cpp.o[0m
[5.814s] [ 37%] [32mBuilding CXX object CMakeFiles/turtlesim__rosidl_typesupport_c.dir/rosidl_typesupport_c/turtlesim/srv/kill__type_support.cpp.o[0m
[5.829s] [ 38%] [32mBuilding CXX object CMakeFiles/turtlesim__rosidl_typesupport_fastrtps_cpp.dir/rosidl_typesupport_fastrtps_cpp/turtlesim/action/detail/dds_fastrtps/rotate_absolute__type_support.cpp.o[0m
[5.866s] [ 39%] [32mBuilding CXX object CMakeFiles/turtlesim__rosidl_typesupport_c.dir/rosidl_typesupport_c/turtlesim/srv/set_pen__type_support.cpp.o[0m
[5.968s] [ 40%] [32mBuilding CXX object CMakeFiles/turtlesim__rosidl_typesupport_c.dir/rosidl_typesupport_c/turtlesim/srv/spawn__type_support.cpp.o[0m
[5.974s] [ 41%] [32mBuilding CXX object CMakeFiles/turtlesim__rosidl_typesupport_c.dir/rosidl_typesupport_c/turtlesim/srv/teleport_absolute__type_support.cpp.o[0m
[6.008s] [ 42%] [32mBuilding CXX object CMakeFiles/turtlesim__rosidl_typesupport_fastrtps_cpp.dir/rosidl_typesupport_fastrtps_cpp/turtlesim/msg/detail/dds_fastrtps/color__type_support.cpp.o[0m
[6.016s] [ 43%] [32mBuilding C object CMakeFiles/turtlesim__rosidl_typesupport_introspection_c.dir/rosidl_typesupport_introspection_c/turtlesim/action/detail/rotate_absolute__type_support.c.o[0m
[6.037s] [ 44%] [32mBuilding CXX object CMakeFiles/turtlesim__rosidl_typesupport_fastrtps_cpp.dir/rosidl_typesupport_fastrtps_cpp/turtlesim/msg/detail/dds_fastrtps/pose__type_support.cpp.o[0m
[6.057s] [ 45%] [32mBuilding C object CMakeFiles/turtlesim__rosidl_typesupport_introspection_c.dir/rosidl_typesupport_introspection_c/turtlesim/msg/detail/color__type_support.c.o[0m
[6.080s] [ 46%] [32mBuilding CXX object CMakeFiles/turtlesim__rosidl_typesupport_fastrtps_cpp.dir/rosidl_typesupport_fastrtps_cpp/turtlesim/srv/detail/dds_fastrtps/kill__type_support.cpp.o[0m
[6.111s] [ 47%] [32mBuilding CXX object CMakeFiles/turtlesim__rosidl_typesupport_fastrtps_cpp.dir/rosidl_typesupport_fastrtps_cpp/turtlesim/srv/detail/dds_fastrtps/set_pen__type_support.cpp.o[0m
[6.130s] [ 48%] [32mBuilding CXX object CMakeFiles/turtlesim__rosidl_typesupport_c.dir/rosidl_typesupport_c/turtlesim/srv/teleport_relative__type_support.cpp.o[0m
[6.135s] [ 50%] [32mBuilding C object CMakeFiles/turtlesim__rosidl_typesupport_introspection_c.dir/rosidl_typesupport_introspection_c/turtlesim/msg/detail/pose__type_support.c.o[0m
[6.135s] [ 50%] [32mBuilding CXX object CMakeFiles/turtlesim__rosidl_typesupport_fastrtps_cpp.dir/rosidl_typesupport_fastrtps_cpp/turtlesim/srv/detail/dds_fastrtps/spawn__type_support.cpp.o[0m
[6.141s] [ 51%] [32mBuilding C object CMakeFiles/turtlesim__rosidl_typesupport_introspection_c.dir/rosidl_typesupport_introspection_c/turtlesim/srv/detail/kill__type_support.c.o[0m
[6.161s] [ 52%] [32m[1mLinking CXX shared library libturtlesim__rosidl_typesupport_introspection_cpp.so[0m
[6.243s] [ 53%] [32mBuilding CXX object CMakeFiles/turtlesim__rosidl_typesupport_fastrtps_cpp.dir/rosidl_typesupport_fastrtps_cpp/turtlesim/srv/detail/dds_fastrtps/teleport_absolute__type_support.cpp.o[0m
[6.253s] [ 54%] [32mBuilding CXX object CMakeFiles/turtlesim__rosidl_typesupport_fastrtps_cpp.dir/rosidl_typesupport_fastrtps_cpp/turtlesim/srv/detail/dds_fastrtps/teleport_relative__type_support.cpp.o[0m
[6.278s] [ 55%] [32m[1mLinking CXX shared library libturtlesim__rosidl_typesupport_c.so[0m
[6.315s] [ 56%] [32mBuilding C object CMakeFiles/turtlesim__rosidl_typesupport_introspection_c.dir/rosidl_typesupport_introspection_c/turtlesim/srv/detail/set_pen__type_support.c.o[0m
[6.331s] [ 57%] [32mBuilding C object CMakeFiles/turtlesim__rosidl_typesupport_introspection_c.dir/rosidl_typesupport_introspection_c/turtlesim/srv/detail/spawn__type_support.c.o[0m
[6.402s] [ 57%] Built target turtlesim__rosidl_typesupport_introspection_cpp
[6.431s] [ 58%] [32mBuilding C object CMakeFiles/turtlesim__rosidl_typesupport_introspection_c.dir/rosidl_typesupport_introspection_c/turtlesim/srv/detail/teleport_absolute__type_support.c.o[0m
[6.458s] [ 58%] Built target turtlesim__rosidl_typesupport_c
[6.487s] [ 59%] [32mBuilding C object CMakeFiles/turtlesim__rosidl_typesupport_introspection_c.dir/rosidl_typesupport_introspection_c/turtlesim/srv/detail/teleport_relative__type_support.c.o[0m
[6.659s] [ 60%] [32m[1mLinking C shared library libturtlesim__rosidl_typesupport_introspection_c.so[0m
[6.789s] [ 60%] Built target turtlesim__rosidl_typesupport_introspection_c
[7.296s] [ 61%] [32m[1mLinking CXX shared library libturtlesim__rosidl_typesupport_fastrtps_cpp.so[0m
[7.397s] [ 61%] Built target turtlesim__rosidl_typesupport_fastrtps_cpp
[7.410s] [ 62%] [34m[1mGenerating C type support for eProsima Fast-RTPS[0m
[8.001s] [35m[1mScanning dependencies of target turtlesim__rosidl_typesupport_fastrtps_c[0m
[8.192s] [ 63%] [32mBuilding CXX object CMakeFiles/turtlesim__rosidl_typesupport_fastrtps_c.dir/rosidl_typesupport_fastrtps_c/turtlesim/action/detail/rotate_absolute__type_support_c.cpp.o[0m
[8.196s] [ 64%] [32mBuilding CXX object CMakeFiles/turtlesim__rosidl_typesupport_fastrtps_c.dir/rosidl_typesupport_fastrtps_c/turtlesim/msg/detail/color__type_support_c.cpp.o[0m
[8.200s] [ 65%] [32mBuilding CXX object CMakeFiles/turtlesim__rosidl_typesupport_fastrtps_c.dir/rosidl_typesupport_fastrtps_c/turtlesim/msg/detail/pose__type_support_c.cpp.o[0m
[8.202s] [ 66%] [32mBuilding CXX object CMakeFiles/turtlesim__rosidl_typesupport_fastrtps_c.dir/rosidl_typesupport_fastrtps_c/turtlesim/srv/detail/kill__type_support_c.cpp.o[0m
[8.205s] [ 67%] [32mBuilding CXX object CMakeFiles/turtlesim__rosidl_typesupport_fastrtps_c.dir/rosidl_typesupport_fastrtps_c/turtlesim/srv/detail/set_pen__type_support_c.cpp.o[0m
[8.206s] [ 69%] [32mBuilding CXX object CMakeFiles/turtlesim__rosidl_typesupport_fastrtps_c.dir/rosidl_typesupport_fastrtps_c/turtlesim/srv/detail/teleport_relative__type_support_c.cpp.o[0m
[8.207s] [ 69%] [32mBuilding CXX object CMakeFiles/turtlesim__rosidl_typesupport_fastrtps_c.dir/rosidl_typesupport_fastrtps_c/turtlesim/srv/detail/spawn__type_support_c.cpp.o[0m
[8.208s] [ 70%] [32mBuilding CXX object CMakeFiles/turtlesim__rosidl_typesupport_fastrtps_c.dir/rosidl_typesupport_fastrtps_c/turtlesim/srv/detail/teleport_absolute__type_support_c.cpp.o[0m
[9.072s] [ 71%] [32m[1mLinking CXX shared library libturtlesim__rosidl_typesupport_fastrtps_c.so[0m
[9.163s] [ 71%] Built target turtlesim__rosidl_typesupport_fastrtps_c
[9.174s] [35m[1mScanning dependencies of target turtlesim[0m
[9.188s] [ 71%] Built target turtlesim
[9.204s] [ 72%] [34m[1mGenerating include/turtlesim/moc_turtle_frame.cpp[0m
[9.204s] [35m[1mScanning dependencies of target mimic[0m
[9.208s] [35m[1mScanning dependencies of target turtlesim__py[0m
[9.209s] [35m[1mScanning dependencies of target turtle_teleop_key[0m
[9.209s] [35m[1mScanning dependencies of target draw_square[0m
[9.236s] [ 73%] [34m[1mGenerating Python code for ROS interfaces[0m
[9.314s] [35m[1mScanning dependencies of target turtlesim_node[0m
[9.614s] [ 74%] [32mBuilding CXX object CMakeFiles/mimic.dir/tutorials/mimic.cpp.o[0m
[9.618s] [ 75%] [32mBuilding CXX object CMakeFiles/draw_square.dir/tutorials/draw_square.cpp.o[0m
[9.651s] [ 76%] [32mBuilding CXX object CMakeFiles/turtle_teleop_key.dir/tutorials/teleop_turtle_key.cpp.o[0m
[10.002s] [ 78%] [32mBuilding CXX object CMakeFiles/turtlesim_node.dir/src/turtle.cpp.o[0m
[10.003s] [ 78%] [32mBuilding CXX object CMakeFiles/turtlesim_node.dir/src/turtlesim.cpp.o[0m
[10.004s] [ 79%] [32mBuilding CXX object CMakeFiles/turtlesim_node.dir/src/turtle_frame.cpp.o[0m
[10.006s] [ 80%] [32mBuilding CXX object CMakeFiles/turtlesim_node.dir/include/turtlesim/moc_turtle_frame.cpp.o[0m
[12.172s] [ 80%] Built target turtlesim__py
[12.197s] [35m[1mScanning dependencies of target turtlesim__python[0m
[12.739s] [ 81%] [32mBuilding C object CMakeFiles/turtlesim__python.dir/rosidl_generator_py/turtlesim/msg/_pose_s.c.o[0m
[12.740s] [ 82%] [32mBuilding C object CMakeFiles/turtlesim__python.dir/rosidl_generator_py/turtlesim/srv/_set_pen_s.c.o[0m
[12.747s] [ 83%] [32mBuilding C object CMakeFiles/turtlesim__python.dir/rosidl_generator_py/turtlesim/srv/_kill_s.c.o[0m
[12.755s] [ 84%] [32mBuilding C object CMakeFiles/turtlesim__python.dir/rosidl_generator_py/turtlesim/action/_rotate_absolute_s.c.o[0m
[12.785s] [ 85%] [32mBuilding C object CMakeFiles/turtlesim__python.dir/rosidl_generator_py/turtlesim/msg/_color_s.c.o[0m
[13.184s] [ 86%] [32mBuilding C object CMakeFiles/turtlesim__python.dir/rosidl_generator_py/turtlesim/srv/_spawn_s.c.o[0m
[13.193s] [ 87%] [32mBuilding C object CMakeFiles/turtlesim__python.dir/rosidl_generator_py/turtlesim/srv/_teleport_absolute_s.c.o[0m
[13.224s] [ 88%] [32mBuilding C object CMakeFiles/turtlesim__python.dir/rosidl_generator_py/turtlesim/srv/_teleport_relative_s.c.o[0m
[13.597s] [ 89%] [32m[1mLinking C shared library rosidl_generator_py/turtlesim/libturtlesim__python.so[0m
[13.728s] [ 89%] Built target turtlesim__python
[13.755s] [35m[1mScanning dependencies of target turtlesim__rosidl_typesupport_introspection_c__pyext[0m
[13.756s] [35m[1mScanning dependencies of target turtlesim__rosidl_typesupport_c__pyext[0m
[13.758s] [35m[1mScanning dependencies of target turtlesim__rosidl_typesupport_fastrtps_c__pyext[0m
[13.955s] [ 90%] [32mBuilding C object CMakeFiles/turtlesim__rosidl_typesupport_c__pyext.dir/rosidl_generator_py/turtlesim/_turtlesim_s.ep.rosidl_typesupport_c.c.o[0m
[13.958s] [ 91%] [32mBuilding C object CMakeFiles/turtlesim__rosidl_typesupport_introspection_c__pyext.dir/rosidl_generator_py/turtlesim/_turtlesim_s.ep.rosidl_typesupport_introspection_c.c.o[0m
[13.991s] [ 92%] [32mBuilding C object CMakeFiles/turtlesim__rosidl_typesupport_fastrtps_c__pyext.dir/rosidl_generator_py/turtlesim/_turtlesim_s.ep.rosidl_typesupport_fastrtps_c.c.o[0m
[14.415s] [ 93%] [32m[1mLinking C shared library rosidl_generator_py/turtlesim/turtlesim_s__rosidl_typesupport_c.cpython-38-x86_64-linux-gnu.so[0m
[14.466s] [ 94%] [32m[1mLinking C shared library rosidl_generator_py/turtlesim/turtlesim_s__rosidl_typesupport_introspection_c.cpython-38-x86_64-linux-gnu.so[0m
[14.529s] [ 94%] Built target turtlesim__rosidl_typesupport_c__pyext
[14.591s] [ 94%] Built target turtlesim__rosidl_typesupport_introspection_c__pyext
[14.604s] [ 95%] [32m[1mLinking CXX shared library rosidl_generator_py/turtlesim/turtlesim_s__rosidl_typesupport_fastrtps_c.cpython-38-x86_64-linux-gnu.so[0m
[14.750s] [ 95%] Built target turtlesim__rosidl_typesupport_fastrtps_c__pyext
[15.907s] [ 96%] [32m[1mLinking CXX executable turtle_teleop_key[0m
[16.387s] [ 96%] Built target turtle_teleop_key
[17.381s] [ 97%] [32m[1mLinking CXX executable mimic[0m
[17.621s] [ 98%] [32m[1mLinking CXX executable draw_square[0m
[17.981s] [ 98%] Built target mimic
[18.244s] [ 98%] Built target draw_square
[20.266s] [100%] [32m[1mLinking CXX executable turtlesim_node[0m
[22.033s] [100%] Built target turtlesim_node
[22.060s] Invoked command in '/media/karthi/New Volume/Warrior/Projects/ROS/dev_ws/build/turtlesim' returned '0': CMAKE_PREFIX_PATH=${CMAKE_PREFIX_PATH}:/media/karthi/New Volume/Warrior/Projects/ROS/dev_ws/install/py_srvcli:/media/karthi/New Volume/Warrior/Projects/ROS/dev_ws/install/py_pubsub:/opt/ros/foxy /usr/bin/cmake --build /media/karthi/New Volume/Warrior/Projects/ROS/dev_ws/build/turtlesim -- -j12 -l12
[22.435s] Invoking command in '/media/karthi/New Volume/Warrior/Projects/ROS/dev_ws/build/turtlesim': CMAKE_PREFIX_PATH=${CMAKE_PREFIX_PATH}:/media/karthi/New Volume/Warrior/Projects/ROS/dev_ws/install/py_srvcli:/media/karthi/New Volume/Warrior/Projects/ROS/dev_ws/install/py_pubsub:/opt/ros/foxy /usr/bin/cmake --install /media/karthi/New Volume/Warrior/Projects/ROS/dev_ws/build/turtlesim
[22.446s] -- Install configuration: ""
[22.447s] -- Installing: /media/karthi/New Volume/Warrior/Projects/ROS/dev_ws/install/turtlesim/share/ament_index/resource_index/rosidl_interfaces/turtlesim
[22.450s] -- Installing: /media/karthi/New Volume/Warrior/Projects/ROS/dev_ws/install/turtlesim/include/turtlesim
[22.451s] -- Installing: /media/karthi/New Volume/Warrior/Projects/ROS/dev_ws/install/turtlesim/include/turtlesim/action
[22.452s] -- Installing: /media/karthi/New Volume/Warrior/Projects/ROS/dev_ws/install/turtlesim/include/turtlesim/action/detail
[22.454s] -- Installing: /media/karthi/New Volume/Warrior/Projects/ROS/dev_ws/install/turtlesim/include/turtlesim/action/detail/rotate_absolute__functions.c
[22.457s] -- Installing: /media/karthi/New Volume/Warrior/Projects/ROS/dev_ws/install/turtlesim/include/turtlesim/action/detail/rotate_absolute__functions.h
[22.460s] -- Installing: /media/karthi/New Volume/Warrior/Projects/ROS/dev_ws/install/turtlesim/include/turtlesim/action/detail/rotate_absolute__struct.h
[22.462s] -- Installing: /media/karthi/New Volume/Warrior/Projects/ROS/dev_ws/install/turtlesim/include/turtlesim/action/detail/rotate_absolute__type_support.h
[22.466s] -- Installing: /media/karthi/New Volume/Warrior/Projects/ROS/dev_ws/install/turtlesim/include/turtlesim/action/rotate_absolute.h
[22.468s] -- Installing: /media/karthi/New Volume/Warrior/Projects/ROS/dev_ws/install/turtlesim/include/turtlesim/msg
[22.470s] -- Installing: /media/karthi/New Volume/Warrior/Projects/ROS/dev_ws/install/turtlesim/include/turtlesim/msg/color.h
[22.472s] -- Installing: /media/karthi/New Volume/Warrior/Projects/ROS/dev_ws/install/turtlesim/include/turtlesim/msg/detail
[22.474s] -- Installing: /media/karthi/New Volume/Warrior/Projects/ROS/dev_ws/install/turtlesim/include/turtlesim/msg/detail/color__functions.c
[22.477s] -- Installing: /media/karthi/New Volume/Warrior/Projects/ROS/dev_ws/install/turtlesim/include/turtlesim/msg/detail/color__functions.h
[22.480s] -- Installing: /media/karthi/New Volume/Warrior/Projects/ROS/dev_ws/install/turtlesim/include/turtlesim/msg/detail/color__struct.h
[22.484s] -- Installing: /media/karthi/New Volume/Warrior/Projects/ROS/dev_ws/install/turtlesim/include/turtlesim/msg/detail/color__type_support.h
[22.487s] -- Installing: /media/karthi/New Volume/Warrior/Projects/ROS/dev_ws/install/turtlesim/include/turtlesim/msg/detail/pose__functions.c
[22.490s] -- Installing: /media/karthi/New Volume/Warrior/Projects/ROS/dev_ws/install/turtlesim/include/turtlesim/msg/detail/pose__functions.h
[22.493s] -- Installing: /media/karthi/New Volume/Warrior/Projects/ROS/dev_ws/install/turtlesim/include/turtlesim/msg/detail/pose__struct.h
[22.496s] -- Installing: /media/karthi/New Volume/Warrior/Projects/ROS/dev_ws/install/turtlesim/include/turtlesim/msg/detail/pose__type_support.h
[22.499s] -- Installing: /media/karthi/New Volume/Warrior/Projects/ROS/dev_ws/install/turtlesim/include/turtlesim/msg/pose.h
[22.501s] -- Installing: /media/karthi/New Volume/Warrior/Projects/ROS/dev_ws/install/turtlesim/include/turtlesim/msg/rosidl_generator_c__visibility_control.h
[22.504s] -- Installing: /media/karthi/New Volume/Warrior/Projects/ROS/dev_ws/install/turtlesim/include/turtlesim/srv
[22.505s] -- Installing: /media/karthi/New Volume/Warrior/Projects/ROS/dev_ws/install/turtlesim/include/turtlesim/srv/detail
[22.507s] -- Installing: /media/karthi/New Volume/Warrior/Projects/ROS/dev_ws/install/turtlesim/include/turtlesim/srv/detail/kill__functions.c
[22.510s] -- Installing: /media/karthi/New Volume/Warrior/Projects/ROS/dev_ws/install/turtlesim/include/turtlesim/srv/detail/kill__functions.h
[22.513s] -- Installing: /media/karthi/New Volume/Warrior/Projects/ROS/dev_ws/install/turtlesim/include/turtlesim/srv/detail/kill__struct.h
[22.516s] -- Installing: /media/karthi/New Volume/Warrior/Projects/ROS/dev_ws/install/turtlesim/include/turtlesim/srv/detail/kill__type_support.h
[22.520s] -- Installing: /media/karthi/New Volume/Warrior/Projects/ROS/dev_ws/install/turtlesim/include/turtlesim/srv/detail/set_pen__functions.c
[22.523s] -- Installing: /media/karthi/New Volume/Warrior/Projects/ROS/dev_ws/install/turtlesim/include/turtlesim/srv/detail/set_pen__functions.h
[22.526s] -- Installing: /media/karthi/New Volume/Warrior/Projects/ROS/dev_ws/install/turtlesim/include/turtlesim/srv/detail/set_pen__struct.h
[22.529s] -- Installing: /media/karthi/New Volume/Warrior/Projects/ROS/dev_ws/install/turtlesim/include/turtlesim/srv/detail/set_pen__type_support.h
[22.532s] -- Installing: /media/karthi/New Volume/Warrior/Projects/ROS/dev_ws/install/turtlesim/include/turtlesim/srv/detail/spawn__functions.c
[22.535s] -- Installing: /media/karthi/New Volume/Warrior/Projects/ROS/dev_ws/install/turtlesim/include/turtlesim/srv/detail/spawn__functions.h
[22.539s] -- Installing: /media/karthi/New Volume/Warrior/Projects/ROS/dev_ws/install/turtlesim/include/turtlesim/srv/detail/spawn__struct.h
[22.542s] -- Installing: /media/karthi/New Volume/Warrior/Projects/ROS/dev_ws/install/turtlesim/include/turtlesim/srv/detail/spawn__type_support.h
[22.546s] -- Installing: /media/karthi/New Volume/Warrior/Projects/ROS/dev_ws/install/turtlesim/include/turtlesim/srv/detail/teleport_absolute__functions.c
[22.549s] -- Installing: /media/karthi/New Volume/Warrior/Projects/ROS/dev_ws/install/turtlesim/include/turtlesim/srv/detail/teleport_absolute__functions.h
[22.553s] -- Installing: /media/karthi/New Volume/Warrior/Projects/ROS/dev_ws/install/turtlesim/include/turtlesim/srv/detail/teleport_absolute__struct.h
[22.556s] -- Installing: /media/karthi/New Volume/Warrior/Projects/ROS/dev_ws/install/turtlesim/include/turtlesim/srv/detail/teleport_absolute__type_support.h
[22.559s] -- Installing: /media/karthi/New Volume/Warrior/Projects/ROS/dev_ws/install/turtlesim/include/turtlesim/srv/detail/teleport_relative__functions.c
[22.563s] -- Installing: /media/karthi/New Volume/Warrior/Projects/ROS/dev_ws/install/turtlesim/include/turtlesim/srv/detail/teleport_relative__functions.h
[22.567s] -- Installing: /media/karthi/New Volume/Warrior/Projects/ROS/dev_ws/install/turtlesim/include/turtlesim/srv/detail/teleport_relative__struct.h
[22.571s] -- Installing: /media/karthi/New Volume/Warrior/Projects/ROS/dev_ws/install/turtlesim/include/turtlesim/srv/detail/teleport_relative__type_support.h
[22.574s] -- Installing: /media/karthi/New Volume/Warrior/Projects/ROS/dev_ws/install/turtlesim/include/turtlesim/srv/kill.h
[22.577s] -- Installing: /media/karthi/New Volume/Warrior/Projects/ROS/dev_ws/install/turtlesim/include/turtlesim/srv/set_pen.h
[22.580s] -- Installing: /media/karthi/New Volume/Warrior/Projects/ROS/dev_ws/install/turtlesim/include/turtlesim/srv/spawn.h
[22.583s] -- Installing: /media/karthi/New Volume/Warrior/Projects/ROS/dev_ws/install/turtlesim/include/turtlesim/srv/teleport_absolute.h
[22.587s] -- Installing: /media/karthi/New Volume/Warrior/Projects/ROS/dev_ws/install/turtlesim/include/turtlesim/srv/teleport_relative.h
[22.590s] -- Installing: /media/karthi/New Volume/Warrior/Projects/ROS/dev_ws/install/turtlesim/share/turtlesim/environment/library_path.sh
[22.593s] -- Installing: /media/karthi/New Volume/Warrior/Projects/ROS/dev_ws/install/turtlesim/share/turtlesim/environment/library_path.dsv
[22.596s] -- Installing: /media/karthi/New Volume/Warrior/Projects/ROS/dev_ws/install/turtlesim/lib/libturtlesim__rosidl_generator_c.so
[22.601s] -- Set runtime path of "/media/karthi/New Volume/Warrior/Projects/ROS/dev_ws/install/turtlesim/lib/libturtlesim__rosidl_generator_c.so" to ""
[22.601s] -- Up-to-date: /media/karthi/New Volume/Warrior/Projects/ROS/dev_ws/install/turtlesim/include/turtlesim
[22.602s] -- Up-to-date: /media/karthi/New Volume/Warrior/Projects/ROS/dev_ws/install/turtlesim/include/turtlesim/action
[22.603s] -- Up-to-date: /media/karthi/New Volume/Warrior/Projects/ROS/dev_ws/install/turtlesim/include/turtlesim/action/detail
[22.605s] -- Installing: /media/karthi/New Volume/Warrior/Projects/ROS/dev_ws/install/turtlesim/include/turtlesim/action/detail/rotate_absolute__rosidl_typesupport_fastrtps_c.h
[22.608s] -- Up-to-date: /media/karthi/New Volume/Warrior/Projects/ROS/dev_ws/install/turtlesim/include/turtlesim/msg
[22.609s] -- Up-to-date: /media/karthi/New Volume/Warrior/Projects/ROS/dev_ws/install/turtlesim/include/turtlesim/msg/detail
[22.610s] -- Installing: /media/karthi/New Volume/Warrior/Projects/ROS/dev_ws/install/turtlesim/include/turtlesim/msg/detail/color__rosidl_typesupport_fastrtps_c.h
[22.614s] -- Installing: /media/karthi/New Volume/Warrior/Projects/ROS/dev_ws/install/turtlesim/include/turtlesim/msg/detail/pose__rosidl_typesupport_fastrtps_c.h
[22.617s] -- Installing: /media/karthi/New Volume/Warrior/Projects/ROS/dev_ws/install/turtlesim/include/turtlesim/msg/rosidl_typesupport_fastrtps_c__visibility_control.h
[22.620s] -- Up-to-date: /media/karthi/New Volume/Warrior/Projects/ROS/dev_ws/install/turtlesim/include/turtlesim/srv
[22.621s] -- Up-to-date: /media/karthi/New Volume/Warrior/Projects/ROS/dev_ws/install/turtlesim/include/turtlesim/srv/detail
[22.623s] -- Installing: /media/karthi/New Volume/Warrior/Projects/ROS/dev_ws/install/turtlesim/include/turtlesim/srv/detail/kill__rosidl_typesupport_fastrtps_c.h
[22.626s] -- Installing: /media/karthi/New Volume/Warrior/Projects/ROS/dev_ws/install/turtlesim/include/turtlesim/srv/detail/set_pen__rosidl_typesupport_fastrtps_c.h
[22.629s] -- Installing: /media/karthi/New Volume/Warrior/Projects/ROS/dev_ws/install/turtlesim/include/turtlesim/srv/detail/spawn__rosidl_typesupport_fastrtps_c.h
[22.633s] -- Installing: /media/karthi/New Volume/Warrior/Projects/ROS/dev_ws/install/turtlesim/include/turtlesim/srv/detail/teleport_absolute__rosidl_typesupport_fastrtps_c.h
[22.636s] -- Installing: /media/karthi/New Volume/Warrior/Projects/ROS/dev_ws/install/turtlesim/include/turtlesim/srv/detail/teleport_relative__rosidl_typesupport_fastrtps_c.h
[22.640s] -- Installing: /media/karthi/New Volume/Warrior/Projects/ROS/dev_ws/install/turtlesim/lib/libturtlesim__rosidl_typesupport_fastrtps_c.so
[22.644s] -- Set runtime path of "/media/karthi/New Volume/Warrior/Projects/ROS/dev_ws/install/turtlesim/lib/libturtlesim__rosidl_typesupport_fastrtps_c.so" to ""
[22.645s] -- Up-to-date: /media/karthi/New Volume/Warrior/Projects/ROS/dev_ws/install/turtlesim/include/turtlesim
[22.646s] -- Up-to-date: /media/karthi/New Volume/Warrior/Projects/ROS/dev_ws/install/turtlesim/include/turtlesim/action
[22.647s] -- Up-to-date: /media/karthi/New Volume/Warrior/Projects/ROS/dev_ws/install/turtlesim/include/turtlesim/action/detail
[22.649s] -- Installing: /media/karthi/New Volume/Warrior/Projects/ROS/dev_ws/install/turtlesim/include/turtlesim/action/detail/dds_fastrtps
[22.650s] -- Installing: /media/karthi/New Volume/Warrior/Projects/ROS/dev_ws/install/turtlesim/include/turtlesim/action/detail/rotate_absolute__rosidl_typesupport_fastrtps_cpp.hpp
[22.654s] -- Up-to-date: /media/karthi/New Volume/Warrior/Projects/ROS/dev_ws/install/turtlesim/include/turtlesim/msg
[22.655s] -- Up-to-date: /media/karthi/New Volume/Warrior/Projects/ROS/dev_ws/install/turtlesim/include/turtlesim/msg/detail
[22.656s] -- Installing: /media/karthi/New Volume/Warrior/Projects/ROS/dev_ws/install/turtlesim/include/turtlesim/msg/detail/color__rosidl_typesupport_fastrtps_cpp.hpp
[22.660s] -- Installing: /media/karthi/New Volume/Warrior/Projects/ROS/dev_ws/install/turtlesim/include/turtlesim/msg/detail/dds_fastrtps
[22.662s] -- Installing: /media/karthi/New Volume/Warrior/Projects/ROS/dev_ws/install/turtlesim/include/turtlesim/msg/detail/pose__rosidl_typesupport_fastrtps_cpp.hpp
[22.665s] -- Installing: /media/karthi/New Volume/Warrior/Projects/ROS/dev_ws/install/turtlesim/include/turtlesim/msg/rosidl_typesupport_fastrtps_cpp__visibility_control.h
[22.669s] -- Up-to-date: /media/karthi/New Volume/Warrior/Projects/ROS/dev_ws/install/turtlesim/include/turtlesim/srv
[22.670s] -- Up-to-date: /media/karthi/New Volume/Warrior/Projects/ROS/dev_ws/install/turtlesim/include/turtlesim/srv/detail
[22.671s] -- Installing: /media/karthi/New Volume/Warrior/Projects/ROS/dev_ws/install/turtlesim/include/turtlesim/srv/detail/dds_fastrtps
[22.673s] -- Installing: /media/karthi/New Volume/Warrior/Projects/ROS/dev_ws/install/turtlesim/include/turtlesim/srv/detail/kill__rosidl_typesupport_fastrtps_cpp.hpp
[22.677s] -- Installing: /media/karthi/New Volume/Warrior/Projects/ROS/dev_ws/install/turtlesim/include/turtlesim/srv/detail/set_pen__rosidl_typesupport_fastrtps_cpp.hpp
[22.680s] -- Installing: /media/karthi/New Volume/Warrior/Projects/ROS/dev_ws/install/turtlesim/include/turtlesim/srv/detail/spawn__rosidl_typesupport_fastrtps_cpp.hpp
[22.684s] -- Installing: /media/karthi/New Volume/Warrior/Projects/ROS/dev_ws/install/turtlesim/include/turtlesim/srv/detail/teleport_absolute__rosidl_typesupport_fastrtps_cpp.hpp
[22.688s] -- Installing: /media/karthi/New Volume/Warrior/Projects/ROS/dev_ws/install/turtlesim/include/turtlesim/srv/detail/teleport_relative__rosidl_typesupport_fastrtps_cpp.hpp
[22.692s] -- Installing: /media/karthi/New Volume/Warrior/Projects/ROS/dev_ws/install/turtlesim/lib/libturtlesim__rosidl_typesupport_fastrtps_cpp.so
[22.696s] -- Set runtime path of "/media/karthi/New Volume/Warrior/Projects/ROS/dev_ws/install/turtlesim/lib/libturtlesim__rosidl_typesupport_fastrtps_cpp.so" to ""
[22.697s] -- Up-to-date: /media/karthi/New Volume/Warrior/Projects/ROS/dev_ws/install/turtlesim/include/turtlesim
[22.698s] -- Up-to-date: /media/karthi/New Volume/Warrior/Projects/ROS/dev_ws/install/turtlesim/include/turtlesim/action
[22.699s] -- Up-to-date: /media/karthi/New Volume/Warrior/Projects/ROS/dev_ws/install/turtlesim/include/turtlesim/action/detail
[22.700s] -- Installing: /media/karthi/New Volume/Warrior/Projects/ROS/dev_ws/install/turtlesim/include/turtlesim/action/detail/rotate_absolute__rosidl_typesupport_introspection_c.h
[22.704s] -- Installing: /media/karthi/New Volume/Warrior/Projects/ROS/dev_ws/install/turtlesim/include/turtlesim/action/detail/rotate_absolute__type_support.c
[22.707s] -- Up-to-date: /media/karthi/New Volume/Warrior/Projects/ROS/dev_ws/install/turtlesim/include/turtlesim/msg
[22.708s] -- Up-to-date: /media/karthi/New Volume/Warrior/Projects/ROS/dev_ws/install/turtlesim/include/turtlesim/msg/detail
[22.710s] -- Installing: /media/karthi/New Volume/Warrior/Projects/ROS/dev_ws/install/turtlesim/include/turtlesim/msg/detail/color__rosidl_typesupport_introspection_c.h
[22.713s] -- Installing: /media/karthi/New Volume/Warrior/Projects/ROS/dev_ws/install/turtlesim/include/turtlesim/msg/detail/color__type_support.c
[22.716s] -- Installing: /media/karthi/New Volume/Warrior/Projects/ROS/dev_ws/install/turtlesim/include/turtlesim/msg/detail/pose__rosidl_typesupport_introspection_c.h
[22.719s] -- Installing: /media/karthi/New Volume/Warrior/Projects/ROS/dev_ws/install/turtlesim/include/turtlesim/msg/detail/pose__type_support.c
[22.723s] -- Installing: /media/karthi/New Volume/Warrior/Projects/ROS/dev_ws/install/turtlesim/include/turtlesim/msg/rosidl_typesupport_introspection_c__visibility_control.h
[22.726s] -- Up-to-date: /media/karthi/New Volume/Warrior/Projects/ROS/dev_ws/install/turtlesim/include/turtlesim/srv
[22.727s] -- Up-to-date: /media/karthi/New Volume/Warrior/Projects/ROS/dev_ws/install/turtlesim/include/turtlesim/srv/detail
[22.728s] -- Installing: /media/karthi/New Volume/Warrior/Projects/ROS/dev_ws/install/turtlesim/include/turtlesim/srv/detail/kill__rosidl_typesupport_introspection_c.h
[22.731s] -- Installing: /media/karthi/New Volume/Warrior/Projects/ROS/dev_ws/install/turtlesim/include/turtlesim/srv/detail/kill__type_support.c
[22.735s] -- Installing: /media/karthi/New Volume/Warrior/Projects/ROS/dev_ws/install/turtlesim/include/turtlesim/srv/detail/set_pen__rosidl_typesupport_introspection_c.h
[22.738s] -- Installing: /media/karthi/New Volume/Warrior/Projects/ROS/dev_ws/install/turtlesim/include/turtlesim/srv/detail/set_pen__type_support.c
[22.741s] -- Installing: /media/karthi/New Volume/Warrior/Projects/ROS/dev_ws/install/turtlesim/include/turtlesim/srv/detail/spawn__rosidl_typesupport_introspection_c.h
[22.744s] -- Installing: /media/karthi/New Volume/Warrior/Projects/ROS/dev_ws/install/turtlesim/include/turtlesim/srv/detail/spawn__type_support.c
[22.748s] -- Installing: /media/karthi/New Volume/Warrior/Projects/ROS/dev_ws/install/turtlesim/include/turtlesim/srv/detail/teleport_absolute__rosidl_typesupport_introspection_c.h
[22.751s] -- Installing: /media/karthi/New Volume/Warrior/Projects/ROS/dev_ws/install/turtlesim/include/turtlesim/srv/detail/teleport_absolute__type_support.c
[22.754s] -- Installing: /media/karthi/New Volume/Warrior/Projects/ROS/dev_ws/install/turtlesim/include/turtlesim/srv/detail/teleport_relative__rosidl_typesupport_introspection_c.h
[22.758s] -- Installing: /media/karthi/New Volume/Warrior/Projects/ROS/dev_ws/install/turtlesim/include/turtlesim/srv/detail/teleport_relative__type_support.c
[22.761s] -- Installing: /media/karthi/New Volume/Warrior/Projects/ROS/dev_ws/install/turtlesim/lib/libturtlesim__rosidl_typesupport_introspection_c.so
[22.766s] -- Set runtime path of "/media/karthi/New Volume/Warrior/Projects/ROS/dev_ws/install/turtlesim/lib/libturtlesim__rosidl_typesupport_introspection_c.so" to ""
[22.767s] -- Installing: /media/karthi/New Volume/Warrior/Projects/ROS/dev_ws/install/turtlesim/lib/libturtlesim__rosidl_typesupport_c.so
[22.771s] -- Set runtime path of "/media/karthi/New Volume/Warrior/Projects/ROS/dev_ws/install/turtlesim/lib/libturtlesim__rosidl_typesupport_c.so" to ""
[22.771s] -- Up-to-date: /media/karthi/New Volume/Warrior/Projects/ROS/dev_ws/install/turtlesim/include/turtlesim
[22.772s] -- Up-to-date: /media/karthi/New Volume/Warrior/Projects/ROS/dev_ws/install/turtlesim/include/turtlesim/action
[22.773s] -- Up-to-date: /media/karthi/New Volume/Warrior/Projects/ROS/dev_ws/install/turtlesim/include/turtlesim/action/detail
[22.775s] -- Installing: /media/karthi/New Volume/Warrior/Projects/ROS/dev_ws/install/turtlesim/include/turtlesim/action/detail/rotate_absolute__builder.hpp
[22.778s] -- Installing: /media/karthi/New Volume/Warrior/Projects/ROS/dev_ws/install/turtlesim/include/turtlesim/action/detail/rotate_absolute__struct.hpp
[22.782s] -- Installing: /media/karthi/New Volume/Warrior/Projects/ROS/dev_ws/install/turtlesim/include/turtlesim/action/detail/rotate_absolute__traits.hpp
[22.786s] -- Installing: /media/karthi/New Volume/Warrior/Projects/ROS/dev_ws/install/turtlesim/include/turtlesim/action/rotate_absolute.hpp
[22.788s] -- Up-to-date: /media/karthi/New Volume/Warrior/Projects/ROS/dev_ws/install/turtlesim/include/turtlesim/msg
[22.790s] -- Installing: /media/karthi/New Volume/Warrior/Projects/ROS/dev_ws/install/turtlesim/include/turtlesim/msg/color.hpp
[22.792s] -- Up-to-date: /media/karthi/New Volume/Warrior/Projects/ROS/dev_ws/install/turtlesim/include/turtlesim/msg/detail
[22.793s] -- Installing: /media/karthi/New Volume/Warrior/Projects/ROS/dev_ws/install/turtlesim/include/turtlesim/msg/detail/color__builder.hpp
[22.797s] -- Installing: /media/karthi/New Volume/Warrior/Projects/ROS/dev_ws/install/turtlesim/include/turtlesim/msg/detail/color__struct.hpp
[22.800s] -- Installing: /media/karthi/New Volume/Warrior/Projects/ROS/dev_ws/install/turtlesim/include/turtlesim/msg/detail/color__traits.hpp
[22.803s] -- Installing: /media/karthi/New Volume/Warrior/Projects/ROS/dev_ws/install/turtlesim/include/turtlesim/msg/detail/pose__builder.hpp
[22.806s] -- Installing: /media/karthi/New Volume/Warrior/Projects/ROS/dev_ws/install/turtlesim/include/turtlesim/msg/detail/pose__struct.hpp
[22.809s] -- Installing: /media/karthi/New Volume/Warrior/Projects/ROS/dev_ws/install/turtlesim/include/turtlesim/msg/detail/pose__traits.hpp
[22.812s] -- Installing: /media/karthi/New Volume/Warrior/Projects/ROS/dev_ws/install/turtlesim/include/turtlesim/msg/pose.hpp
[22.815s] -- Up-to-date: /media/karthi/New Volume/Warrior/Projects/ROS/dev_ws/install/turtlesim/include/turtlesim/srv
[22.816s] -- Up-to-date: /media/karthi/New Volume/Warrior/Projects/ROS/dev_ws/install/turtlesim/include/turtlesim/srv/detail
[22.817s] -- Installing: /media/karthi/New Volume/Warrior/Projects/ROS/dev_ws/install/turtlesim/include/turtlesim/srv/detail/kill__builder.hpp
[22.820s] -- Installing: /media/karthi/New Volume/Warrior/Projects/ROS/dev_ws/install/turtlesim/include/turtlesim/srv/detail/kill__struct.hpp
[22.823s] -- Installing: /media/karthi/New Volume/Warrior/Projects/ROS/dev_ws/install/turtlesim/include/turtlesim/srv/detail/kill__traits.hpp
[22.826s] -- Installing: /media/karthi/New Volume/Warrior/Projects/ROS/dev_ws/install/turtlesim/include/turtlesim/srv/detail/set_pen__builder.hpp
[22.829s] -- Installing: /media/karthi/New Volume/Warrior/Projects/ROS/dev_ws/install/turtlesim/include/turtlesim/srv/detail/set_pen__struct.hpp
[22.832s] -- Installing: /media/karthi/New Volume/Warrior/Projects/ROS/dev_ws/install/turtlesim/include/turtlesim/srv/detail/set_pen__traits.hpp
[22.835s] -- Installing: /media/karthi/New Volume/Warrior/Projects/ROS/dev_ws/install/turtlesim/include/turtlesim/srv/detail/spawn__builder.hpp
[22.839s] -- Installing: /media/karthi/New Volume/Warrior/Projects/ROS/dev_ws/install/turtlesim/include/turtlesim/srv/detail/spawn__struct.hpp
[22.842s] -- Installing: /media/karthi/New Volume/Warrior/Projects/ROS/dev_ws/install/turtlesim/include/turtlesim/srv/detail/spawn__traits.hpp
[22.845s] -- Installing: /media/karthi/New Volume/Warrior/Projects/ROS/dev_ws/install/turtlesim/include/turtlesim/srv/detail/teleport_absolute__builder.hpp
[22.848s] -- Installing: /media/karthi/New Volume/Warrior/Projects/ROS/dev_ws/install/turtlesim/include/turtlesim/srv/detail/teleport_absolute__struct.hpp
[22.851s] -- Installing: /media/karthi/New Volume/Warrior/Projects/ROS/dev_ws/install/turtlesim/include/turtlesim/srv/detail/teleport_absolute__traits.hpp
[22.854s] -- Installing: /media/karthi/New Volume/Warrior/Projects/ROS/dev_ws/install/turtlesim/include/turtlesim/srv/detail/teleport_relative__builder.hpp
[22.857s] -- Installing: /media/karthi/New Volume/Warrior/Projects/ROS/dev_ws/install/turtlesim/include/turtlesim/srv/detail/teleport_relative__struct.hpp
[22.860s] -- Installing: /media/karthi/New Volume/Warrior/Projects/ROS/dev_ws/install/turtlesim/include/turtlesim/srv/detail/teleport_relative__traits.hpp
[22.863s] -- Installing: /media/karthi/New Volume/Warrior/Projects/ROS/dev_ws/install/turtlesim/include/turtlesim/srv/kill.hpp
[22.866s] -- Installing: /media/karthi/New Volume/Warrior/Projects/ROS/dev_ws/install/turtlesim/include/turtlesim/srv/set_pen.hpp
[22.869s] -- Installing: /media/karthi/New Volume/Warrior/Projects/ROS/dev_ws/install/turtlesim/include/turtlesim/srv/spawn.hpp
[22.872s] -- Installing: /media/karthi/New Volume/Warrior/Projects/ROS/dev_ws/install/turtlesim/include/turtlesim/srv/teleport_absolute.hpp
[22.875s] -- Installing: /media/karthi/New Volume/Warrior/Projects/ROS/dev_ws/install/turtlesim/include/turtlesim/srv/teleport_relative.hpp
[22.877s] -- Up-to-date: /media/karthi/New Volume/Warrior/Projects/ROS/dev_ws/install/turtlesim/include/turtlesim
[22.878s] -- Up-to-date: /media/karthi/New Volume/Warrior/Projects/ROS/dev_ws/install/turtlesim/include/turtlesim/action
[22.880s] -- Up-to-date: /media/karthi/New Volume/Warrior/Projects/ROS/dev_ws/install/turtlesim/include/turtlesim/action/detail
[22.881s] -- Installing: /media/karthi/New Volume/Warrior/Projects/ROS/dev_ws/install/turtlesim/include/turtlesim/action/detail/rotate_absolute__rosidl_typesupport_introspection_cpp.hpp
[22.886s] -- Installing: /media/karthi/New Volume/Warrior/Projects/ROS/dev_ws/install/turtlesim/include/turtlesim/action/detail/rotate_absolute__type_support.cpp
[22.889s] -- Up-to-date: /media/karthi/New Volume/Warrior/Projects/ROS/dev_ws/install/turtlesim/include/turtlesim/msg
[22.890s] -- Up-to-date: /media/karthi/New Volume/Warrior/Projects/ROS/dev_ws/install/turtlesim/include/turtlesim/msg/detail
[22.892s] -- Installing: /media/karthi/New Volume/Warrior/Projects/ROS/dev_ws/install/turtlesim/include/turtlesim/msg/detail/color__rosidl_typesupport_introspection_cpp.hpp
[22.895s] -- Installing: /media/karthi/New Volume/Warrior/Projects/ROS/dev_ws/install/turtlesim/include/turtlesim/msg/detail/color__type_support.cpp
[22.898s] -- Installing: /media/karthi/New Volume/Warrior/Projects/ROS/dev_ws/install/turtlesim/include/turtlesim/msg/detail/pose__rosidl_typesupport_introspection_cpp.hpp
[22.901s] -- Installing: /media/karthi/New Volume/Warrior/Projects/ROS/dev_ws/install/turtlesim/include/turtlesim/msg/detail/pose__type_support.cpp
[22.904s] -- Up-to-date: /media/karthi/New Volume/Warrior/Projects/ROS/dev_ws/install/turtlesim/include/turtlesim/srv
[22.905s] -- Up-to-date: /media/karthi/New Volume/Warrior/Projects/ROS/dev_ws/install/turtlesim/include/turtlesim/srv/detail
[22.907s] -- Installing: /media/karthi/New Volume/Warrior/Projects/ROS/dev_ws/install/turtlesim/include/turtlesim/srv/detail/kill__rosidl_typesupport_introspection_cpp.hpp
[22.910s] -- Installing: /media/karthi/New Volume/Warrior/Projects/ROS/dev_ws/install/turtlesim/include/turtlesim/srv/detail/kill__type_support.cpp
[22.913s] -- Installing: /media/karthi/New Volume/Warrior/Projects/ROS/dev_ws/install/turtlesim/include/turtlesim/srv/detail/set_pen__rosidl_typesupport_introspection_cpp.hpp
[22.916s] -- Installing: /media/karthi/New Volume/Warrior/Projects/ROS/dev_ws/install/turtlesim/include/turtlesim/srv/detail/set_pen__type_support.cpp
[22.919s] -- Installing: /media/karthi/New Volume/Warrior/Projects/ROS/dev_ws/install/turtlesim/include/turtlesim/srv/detail/spawn__rosidl_typesupport_introspection_cpp.hpp
[22.922s] -- Installing: /media/karthi/New Volume/Warrior/Projects/ROS/dev_ws/install/turtlesim/include/turtlesim/srv/detail/spawn__type_support.cpp
[22.926s] -- Installing: /media/karthi/New Volume/Warrior/Projects/ROS/dev_ws/install/turtlesim/include/turtlesim/srv/detail/teleport_absolute__rosidl_typesupport_introspection_cpp.hpp
[22.929s] -- Installing: /media/karthi/New Volume/Warrior/Projects/ROS/dev_ws/install/turtlesim/include/turtlesim/srv/detail/teleport_absolute__type_support.cpp
[22.932s] -- Installing: /media/karthi/New Volume/Warrior/Projects/ROS/dev_ws/install/turtlesim/include/turtlesim/srv/detail/teleport_relative__rosidl_typesupport_introspection_cpp.hpp
[22.935s] -- Installing: /media/karthi/New Volume/Warrior/Projects/ROS/dev_ws/install/turtlesim/include/turtlesim/srv/detail/teleport_relative__type_support.cpp
[22.938s] -- Installing: /media/karthi/New Volume/Warrior/Projects/ROS/dev_ws/install/turtlesim/lib/libturtlesim__rosidl_typesupport_introspection_cpp.so
[22.942s] -- Set runtime path of "/media/karthi/New Volume/Warrior/Projects/ROS/dev_ws/install/turtlesim/lib/libturtlesim__rosidl_typesupport_introspection_cpp.so" to ""
[22.943s] -- Installing: /media/karthi/New Volume/Warrior/Projects/ROS/dev_ws/install/turtlesim/lib/libturtlesim__rosidl_typesupport_cpp.so
[22.947s] -- Set runtime path of "/media/karthi/New Volume/Warrior/Projects/ROS/dev_ws/install/turtlesim/lib/libturtlesim__rosidl_typesupport_cpp.so" to ""
[22.947s] -- Installing: /media/karthi/New Volume/Warrior/Projects/ROS/dev_ws/install/turtlesim/share/turtlesim/environment/pythonpath.sh
[22.950s] -- Installing: /media/karthi/New Volume/Warrior/Projects/ROS/dev_ws/install/turtlesim/share/turtlesim/environment/pythonpath.dsv
[22.953s] -- Installing: /media/karthi/New Volume/Warrior/Projects/ROS/dev_ws/install/turtlesim/lib/python3.8/site-packages/turtlesim/__init__.py
[23.002s] Compiling '/media/karthi/New Volume/Warrior/Projects/ROS/dev_ws/install/turtlesim/lib/python3.8/site-packages/turtlesim/__init__.py'...
[23.006s] -- Installing: /media/karthi/New Volume/Warrior/Projects/ROS/dev_ws/install/turtlesim/lib/python3.8/site-packages/turtlesim/action
[23.008s] -- Installing: /media/karthi/New Volume/Warrior/Projects/ROS/dev_ws/install/turtlesim/lib/python3.8/site-packages/turtlesim/action/_rotate_absolute.py
[23.012s] -- Installing: /media/karthi/New Volume/Warrior/Projects/ROS/dev_ws/install/turtlesim/lib/python3.8/site-packages/turtlesim/action/_rotate_absolute_s.c
[23.015s] -- Installing: /media/karthi/New Volume/Warrior/Projects/ROS/dev_ws/install/turtlesim/lib/python3.8/site-packages/turtlesim/action/__init__.py
[23.018s] -- Installing: /media/karthi/New Volume/Warrior/Projects/ROS/dev_ws/install/turtlesim/lib/python3.8/site-packages/turtlesim/msg
[23.019s] -- Installing: /media/karthi/New Volume/Warrior/Projects/ROS/dev_ws/install/turtlesim/lib/python3.8/site-packages/turtlesim/msg/_color.py
[23.022s] -- Installing: /media/karthi/New Volume/Warrior/Projects/ROS/dev_ws/install/turtlesim/lib/python3.8/site-packages/turtlesim/msg/_color_s.c
[23.025s] -- Installing: /media/karthi/New Volume/Warrior/Projects/ROS/dev_ws/install/turtlesim/lib/python3.8/site-packages/turtlesim/msg/_pose.py
[23.028s] -- Installing: /media/karthi/New Volume/Warrior/Projects/ROS/dev_ws/install/turtlesim/lib/python3.8/site-packages/turtlesim/msg/_pose_s.c
[23.031s] -- Installing: /media/karthi/New Volume/Warrior/Projects/ROS/dev_ws/install/turtlesim/lib/python3.8/site-packages/turtlesim/msg/__init__.py
[23.034s] -- Installing: /media/karthi/New Volume/Warrior/Projects/ROS/dev_ws/install/turtlesim/lib/python3.8/site-packages/turtlesim/srv
[23.036s] -- Installing: /media/karthi/New Volume/Warrior/Projects/ROS/dev_ws/install/turtlesim/lib/python3.8/site-packages/turtlesim/srv/_kill.py
[23.038s] -- Installing: /media/karthi/New Volume/Warrior/Projects/ROS/dev_ws/install/turtlesim/lib/python3.8/site-packages/turtlesim/srv/_kill_s.c
[23.041s] -- Installing: /media/karthi/New Volume/Warrior/Projects/ROS/dev_ws/install/turtlesim/lib/python3.8/site-packages/turtlesim/srv/_set_pen.py
[23.044s] -- Installing: /media/karthi/New Volume/Warrior/Projects/ROS/dev_ws/install/turtlesim/lib/python3.8/site-packages/turtlesim/srv/_set_pen_s.c
[23.047s] -- Installing: /media/karthi/New Volume/Warrior/Projects/ROS/dev_ws/install/turtlesim/lib/python3.8/site-packages/turtlesim/srv/_spawn.py
[23.050s] -- Installing: /media/karthi/New Volume/Warrior/Projects/ROS/dev_ws/install/turtlesim/lib/python3.8/site-packages/turtlesim/srv/_spawn_s.c
[23.052s] -- Installing: /media/karthi/New Volume/Warrior/Projects/ROS/dev_ws/install/turtlesim/lib/python3.8/site-packages/turtlesim/srv/_teleport_absolute.py
[23.055s] -- Installing: /media/karthi/New Volume/Warrior/Projects/ROS/dev_ws/install/turtlesim/lib/python3.8/site-packages/turtlesim/srv/_teleport_absolute_s.c
[23.058s] -- Installing: /media/karthi/New Volume/Warrior/Projects/ROS/dev_ws/install/turtlesim/lib/python3.8/site-packages/turtlesim/srv/_teleport_relative.py
[23.061s] -- Installing: /media/karthi/New Volume/Warrior/Projects/ROS/dev_ws/install/turtlesim/lib/python3.8/site-packages/turtlesim/srv/_teleport_relative_s.c
[23.064s] -- Installing: /media/karthi/New Volume/Warrior/Projects/ROS/dev_ws/install/turtlesim/lib/python3.8/site-packages/turtlesim/srv/__init__.py
[23.067s] -- Installing: /media/karthi/New Volume/Warrior/Projects/ROS/dev_ws/install/turtlesim/lib/python3.8/site-packages/turtlesim/turtlesim_s__rosidl_typesupport_fastrtps_c.cpython-38-x86_64-linux-gnu.so
[23.071s] -- Set runtime path of "/media/karthi/New Volume/Warrior/Projects/ROS/dev_ws/install/turtlesim/lib/python3.8/site-packages/turtlesim/turtlesim_s__rosidl_typesupport_fastrtps_c.cpython-38-x86_64-linux-gnu.so" to ""
[23.072s] -- Installing: /media/karthi/New Volume/Warrior/Projects/ROS/dev_ws/install/turtlesim/lib/python3.8/site-packages/turtlesim/turtlesim_s__rosidl_typesupport_introspection_c.cpython-38-x86_64-linux-gnu.so
[23.076s] -- Set runtime path of "/media/karthi/New Volume/Warrior/Projects/ROS/dev_ws/install/turtlesim/lib/python3.8/site-packages/turtlesim/turtlesim_s__rosidl_typesupport_introspection_c.cpython-38-x86_64-linux-gnu.so" to ""
[23.077s] -- Installing: /media/karthi/New Volume/Warrior/Projects/ROS/dev_ws/install/turtlesim/lib/python3.8/site-packages/turtlesim/turtlesim_s__rosidl_typesupport_c.cpython-38-x86_64-linux-gnu.so
[23.082s] -- Set runtime path of "/media/karthi/New Volume/Warrior/Projects/ROS/dev_ws/install/turtlesim/lib/python3.8/site-packages/turtlesim/turtlesim_s__rosidl_typesupport_c.cpython-38-x86_64-linux-gnu.so" to ""
[23.083s] -- Installing: /media/karthi/New Volume/Warrior/Projects/ROS/dev_ws/install/turtlesim/lib/libturtlesim__python.so
[23.087s] -- Set runtime path of "/media/karthi/New Volume/Warrior/Projects/ROS/dev_ws/install/turtlesim/lib/libturtlesim__python.so" to ""
[23.089s] -- Installing: /media/karthi/New Volume/Warrior/Projects/ROS/dev_ws/install/turtlesim/share/turtlesim/action/RotateAbsolute.idl
[23.092s] -- Installing: /media/karthi/New Volume/Warrior/Projects/ROS/dev_ws/install/turtlesim/share/turtlesim/msg/Color.idl
[23.095s] -- Installing: /media/karthi/New Volume/Warrior/Projects/ROS/dev_ws/install/turtlesim/share/turtlesim/msg/Pose.idl
[23.098s] -- Installing: /media/karthi/New Volume/Warrior/Projects/ROS/dev_ws/install/turtlesim/share/turtlesim/srv/Kill.idl
[23.101s] -- Installing: /media/karthi/New Volume/Warrior/Projects/ROS/dev_ws/install/turtlesim/share/turtlesim/srv/SetPen.idl
[23.104s] -- Installing: /media/karthi/New Volume/Warrior/Projects/ROS/dev_ws/install/turtlesim/share/turtlesim/srv/Spawn.idl
[23.107s] -- Installing: /media/karthi/New Volume/Warrior/Projects/ROS/dev_ws/install/turtlesim/share/turtlesim/srv/TeleportAbsolute.idl
[23.109s] -- Installing: /media/karthi/New Volume/Warrior/Projects/ROS/dev_ws/install/turtlesim/share/turtlesim/srv/TeleportRelative.idl
[23.112s] -- Installing: /media/karthi/New Volume/Warrior/Projects/ROS/dev_ws/install/turtlesim/share/turtlesim/action/RotateAbsolute.action
[23.114s] -- Installing: /media/karthi/New Volume/Warrior/Projects/ROS/dev_ws/install/turtlesim/share/turtlesim/msg/Color.msg
[23.117s] -- Installing: /media/karthi/New Volume/Warrior/Projects/ROS/dev_ws/install/turtlesim/share/turtlesim/msg/Pose.msg
[23.119s] -- Installing: /media/karthi/New Volume/Warrior/Projects/ROS/dev_ws/install/turtlesim/share/turtlesim/srv/Kill.srv
[23.122s] -- Installing: /media/karthi/New Volume/Warrior/Projects/ROS/dev_ws/install/turtlesim/share/turtlesim/srv/Kill_Request.msg
[23.124s] -- Installing: /media/karthi/New Volume/Warrior/Projects/ROS/dev_ws/install/turtlesim/share/turtlesim/srv/Kill_Response.msg
[23.127s] -- Installing: /media/karthi/New Volume/Warrior/Projects/ROS/dev_ws/install/turtlesim/share/turtlesim/srv/SetPen.srv
[23.129s] -- Installing: /media/karthi/New Volume/Warrior/Projects/ROS/dev_ws/install/turtlesim/share/turtlesim/srv/SetPen_Request.msg
[23.132s] -- Installing: /media/karthi/New Volume/Warrior/Projects/ROS/dev_ws/install/turtlesim/share/turtlesim/srv/SetPen_Response.msg
[23.134s] -- Installing: /media/karthi/New Volume/Warrior/Projects/ROS/dev_ws/install/turtlesim/share/turtlesim/srv/Spawn.srv
[23.137s] -- Installing: /media/karthi/New Volume/Warrior/Projects/ROS/dev_ws/install/turtlesim/share/turtlesim/srv/Spawn_Request.msg
[23.139s] -- Installing: /media/karthi/New Volume/Warrior/Projects/ROS/dev_ws/install/turtlesim/share/turtlesim/srv/Spawn_Response.msg
[23.142s] -- Installing: /media/karthi/New Volume/Warrior/Projects/ROS/dev_ws/install/turtlesim/share/turtlesim/srv/TeleportAbsolute.srv
[23.144s] -- Installing: /media/karthi/New Volume/Warrior/Projects/ROS/dev_ws/install/turtlesim/share/turtlesim/srv/TeleportAbsolute_Request.msg
[23.147s] -- Installing: /media/karthi/New Volume/Warrior/Projects/ROS/dev_ws/install/turtlesim/share/turtlesim/srv/TeleportAbsolute_Response.msg
[23.149s] -- Installing: /media/karthi/New Volume/Warrior/Projects/ROS/dev_ws/install/turtlesim/share/turtlesim/srv/TeleportRelative.srv
[23.152s] -- Installing: /media/karthi/New Volume/Warrior/Projects/ROS/dev_ws/install/turtlesim/share/turtlesim/srv/TeleportRelative_Request.msg
[23.154s] -- Installing: /media/karthi/New Volume/Warrior/Projects/ROS/dev_ws/install/turtlesim/share/turtlesim/srv/TeleportRelative_Response.msg
[23.157s] -- Installing: /media/karthi/New Volume/Warrior/Projects/ROS/dev_ws/install/turtlesim/lib/turtlesim/turtlesim_node
[23.192s] -- Set runtime path of "/media/karthi/New Volume/Warrior/Projects/ROS/dev_ws/install/turtlesim/lib/turtlesim/turtlesim_node" to ""
[23.193s] -- Installing: /media/karthi/New Volume/Warrior/Projects/ROS/dev_ws/install/turtlesim/lib/turtlesim/turtle_teleop_key
[23.205s] -- Set runtime path of "/media/karthi/New Volume/Warrior/Projects/ROS/dev_ws/install/turtlesim/lib/turtlesim/turtle_teleop_key" to ""
[23.206s] -- Installing: /media/karthi/New Volume/Warrior/Projects/ROS/dev_ws/install/turtlesim/lib/turtlesim/draw_square
[23.224s] -- Set runtime path of "/media/karthi/New Volume/Warrior/Projects/ROS/dev_ws/install/turtlesim/lib/turtlesim/draw_square" to ""
[23.225s] -- Installing: /media/karthi/New Volume/Warrior/Projects/ROS/dev_ws/install/turtlesim/lib/turtlesim/mimic
[23.241s] -- Set runtime path of "/media/karthi/New Volume/Warrior/Projects/ROS/dev_ws/install/turtlesim/lib/turtlesim/mimic" to ""
[23.241s] -- Installing: /media/karthi/New Volume/Warrior/Projects/ROS/dev_ws/install/turtlesim/share/turtlesim/images
[23.243s] -- Installing: /media/karthi/New Volume/Warrior/Projects/ROS/dev_ws/install/turtlesim/share/turtlesim/images/ardent.png
[23.245s] -- Installing: /media/karthi/New Volume/Warrior/Projects/ROS/dev_ws/install/turtlesim/share/turtlesim/images/bouncy.png
[23.247s] -- Installing: /media/karthi/New Volume/Warrior/Projects/ROS/dev_ws/install/turtlesim/share/turtlesim/images/crystal.png
[23.249s] -- Installing: /media/karthi/New Volume/Warrior/Projects/ROS/dev_ws/install/turtlesim/share/turtlesim/images/dashing.png
[23.252s] -- Installing: /media/karthi/New Volume/Warrior/Projects/ROS/dev_ws/install/turtlesim/share/turtlesim/images/eloquent.png
[23.255s] -- Installing: /media/karthi/New Volume/Warrior/Projects/ROS/dev_ws/install/turtlesim/share/turtlesim/images/foxy.png
[23.257s] -- Installing: /media/karthi/New Volume/Warrior/Projects/ROS/dev_ws/install/turtlesim/share/turtlesim/launch
[23.258s] -- Installing: /media/karthi/New Volume/Warrior/Projects/ROS/dev_ws/install/turtlesim/share/turtlesim/launch/multisim.launch.py
[23.262s] -- Installing: /media/karthi/New Volume/Warrior/Projects/ROS/dev_ws/install/turtlesim/share/ament_index/resource_index/package_run_dependencies/turtlesim
[23.265s] -- Installing: /media/karthi/New Volume/Warrior/Projects/ROS/dev_ws/install/turtlesim/share/ament_index/resource_index/parent_prefix_path/turtlesim
[23.267s] -- Installing: /media/karthi/New Volume/Warrior/Projects/ROS/dev_ws/install/turtlesim/share/turtlesim/environment/ament_prefix_path.sh
[23.270s] -- Installing: /media/karthi/New Volume/Warrior/Projects/ROS/dev_ws/install/turtlesim/share/turtlesim/environment/ament_prefix_path.dsv
[23.272s] -- Installing: /media/karthi/New Volume/Warrior/Projects/ROS/dev_ws/install/turtlesim/share/turtlesim/environment/path.sh
[23.274s] -- Installing: /media/karthi/New Volume/Warrior/Projects/ROS/dev_ws/install/turtlesim/share/turtlesim/environment/path.dsv
[23.276s] -- Installing: /media/karthi/New Volume/Warrior/Projects/ROS/dev_ws/install/turtlesim/share/turtlesim/local_setup.bash
[23.279s] -- Installing: /media/karthi/New Volume/Warrior/Projects/ROS/dev_ws/install/turtlesim/share/turtlesim/local_setup.sh
[23.281s] -- Installing: /media/karthi/New Volume/Warrior/Projects/ROS/dev_ws/install/turtlesim/share/turtlesim/local_setup.zsh
[23.284s] -- Installing: /media/karthi/New Volume/Warrior/Projects/ROS/dev_ws/install/turtlesim/share/turtlesim/local_setup.dsv
[23.286s] -- Installing: /media/karthi/New Volume/Warrior/Projects/ROS/dev_ws/install/turtlesim/share/turtlesim/package.dsv
[23.290s] -- Installing: /media/karthi/New Volume/Warrior/Projects/ROS/dev_ws/install/turtlesim/share/ament_index/resource_index/packages/turtlesim
[23.293s] -- Installing: /media/karthi/New Volume/Warrior/Projects/ROS/dev_ws/install/turtlesim/share/turtlesim/cmake/turtlesim__rosidl_generator_cExport.cmake
[23.296s] -- Installing: /media/karthi/New Volume/Warrior/Projects/ROS/dev_ws/install/turtlesim/share/turtlesim/cmake/turtlesim__rosidl_generator_cExport-noconfig.cmake
[23.299s] -- Installing: /media/karthi/New Volume/Warrior/Projects/ROS/dev_ws/install/turtlesim/share/turtlesim/cmake/turtlesim__rosidl_typesupport_introspection_cExport.cmake
[23.302s] -- Installing: /media/karthi/New Volume/Warrior/Projects/ROS/dev_ws/install/turtlesim/share/turtlesim/cmake/turtlesim__rosidl_typesupport_introspection_cExport-noconfig.cmake
[23.305s] -- Installing: /media/karthi/New Volume/Warrior/Projects/ROS/dev_ws/install/turtlesim/share/turtlesim/cmake/turtlesim__rosidl_typesupport_cExport.cmake
[23.308s] -- Installing: /media/karthi/New Volume/Warrior/Projects/ROS/dev_ws/install/turtlesim/share/turtlesim/cmake/turtlesim__rosidl_typesupport_cExport-noconfig.cmake
[23.311s] -- Installing: /media/karthi/New Volume/Warrior/Projects/ROS/dev_ws/install/turtlesim/share/turtlesim/cmake/turtlesim__rosidl_generator_cppExport.cmake
[23.314s] -- Installing: /media/karthi/New Volume/Warrior/Projects/ROS/dev_ws/install/turtlesim/share/turtlesim/cmake/turtlesim__rosidl_typesupport_introspection_cppExport.cmake
[23.317s] -- Installing: /media/karthi/New Volume/Warrior/Projects/ROS/dev_ws/install/turtlesim/share/turtlesim/cmake/turtlesim__rosidl_typesupport_introspection_cppExport-noconfig.cmake
[23.320s] -- Installing: /media/karthi/New Volume/Warrior/Projects/ROS/dev_ws/install/turtlesim/share/turtlesim/cmake/turtlesim__rosidl_typesupport_cppExport.cmake
[23.323s] -- Installing: /media/karthi/New Volume/Warrior/Projects/ROS/dev_ws/install/turtlesim/share/turtlesim/cmake/turtlesim__rosidl_typesupport_cppExport-noconfig.cmake
[23.325s] -- Installing: /media/karthi/New Volume/Warrior/Projects/ROS/dev_ws/install/turtlesim/share/turtlesim/cmake/rosidl_cmake-extras.cmake
[23.328s] -- Installing: /media/karthi/New Volume/Warrior/Projects/ROS/dev_ws/install/turtlesim/share/turtlesim/cmake/ament_cmake_export_dependencies-extras.cmake
[23.330s] -- Installing: /media/karthi/New Volume/Warrior/Projects/ROS/dev_ws/install/turtlesim/share/turtlesim/cmake/ament_cmake_export_libraries-extras.cmake
[23.333s] -- Installing: /media/karthi/New Volume/Warrior/Projects/ROS/dev_ws/install/turtlesim/share/turtlesim/cmake/ament_cmake_export_targets-extras.cmake
[23.335s] -- Installing: /media/karthi/New Volume/Warrior/Projects/ROS/dev_ws/install/turtlesim/share/turtlesim/cmake/ament_cmake_export_include_directories-extras.cmake
[23.338s] -- Installing: /media/karthi/New Volume/Warrior/Projects/ROS/dev_ws/install/turtlesim/share/turtlesim/cmake/rosidl_cmake_export_typesupport_libraries-extras.cmake
[23.341s] -- Installing: /media/karthi/New Volume/Warrior/Projects/ROS/dev_ws/install/turtlesim/share/turtlesim/cmake/rosidl_cmake_export_typesupport_targets-extras.cmake
[23.345s] -- Installing: /media/karthi/New Volume/Warrior/Projects/ROS/dev_ws/install/turtlesim/share/turtlesim/cmake/turtlesimConfig.cmake
[23.349s] -- Installing: /media/karthi/New Volume/Warrior/Projects/ROS/dev_ws/install/turtlesim/share/turtlesim/cmake/turtlesimConfig-version.cmake
[23.353s] -- Installing: /media/karthi/New Volume/Warrior/Projects/ROS/dev_ws/install/turtlesim/share/turtlesim/package.xml
[23.360s] Invoked command in '/media/karthi/New Volume/Warrior/Projects/ROS/dev_ws/build/turtlesim' returned '0': CMAKE_PREFIX_PATH=${CMAKE_PREFIX_PATH}:/media/karthi/New Volume/Warrior/Projects/ROS/dev_ws/install/py_srvcli:/media/karthi/New Volume/Warrior/Projects/ROS/dev_ws/install/py_pubsub:/opt/ros/foxy /usr/bin/cmake --install /media/karthi/New Volume/Warrior/Projects/ROS/dev_ws/build/turtlesim
