[0.948s] Invoking command in '/media/karthi/New Volume/Warrior/Projects/ROS/dev_ws/build/turtlesim': CMAKE_PREFIX_PATH=${CMAKE_PREFIX_PATH}:/media/karthi/New Volume/Warrior/Projects/ROS/dev_ws/install/turtle_control:/opt/ros/foxy /usr/bin/cmake --build /media/karthi/New Volume/Warrior/Projects/ROS/dev_ws/build/turtlesim -- -j12 -l12
[1.498s] [  1%] Built target turtlesim__cpp
[1.588s] [ 11%] Built target turtlesim__rosidl_generator_c
[1.858s] [ 21%] Built target turtlesim__rosidl_typesupport_cpp
[1.890s] [ 31%] Built target turtlesim__rosidl_typesupport_introspection_cpp
[1.945s] [ 48%] Built target turtlesim__rosidl_typesupport_c
[1.950s] [ 53%] Built target turtlesim__rosidl_typesupport_fastrtps_cpp
[1.988s] [ 63%] Built target turtlesim__rosidl_typesupport_introspection_c
[2.206s] [ 74%] Built target turtlesim__rosidl_typesupport_fastrtps_c
[2.336s] [ 74%] Built target turtlesim
[2.682s] [ 74%] Built target turtlesim__py
[2.711s] [ 76%] Built target draw_square
[2.715s] [ 78%] Built target mimic
[2.719s] [ 79%] Built target turtle_teleop_key
[2.788s] [ 85%] Built target turtlesim_node
[2.978s] [ 95%] Built target turtlesim__python
[3.256s] [ 96%] Built target turtlesim__rosidl_typesupport_fastrtps_c__pyext
[3.262s] [ 98%] Built target turtlesim__rosidl_typesupport_introspection_c__pyext
[3.281s] [100%] Built target turtlesim__rosidl_typesupport_c__pyext
[3.451s] Invoked command in '/media/karthi/New Volume/Warrior/Projects/ROS/dev_ws/build/turtlesim' returned '0': CMAKE_PREFIX_PATH=${CMAKE_PREFIX_PATH}:/media/karthi/New Volume/Warrior/Projects/ROS/dev_ws/install/turtle_control:/opt/ros/foxy /usr/bin/cmake --build /media/karthi/New Volume/Warrior/Projects/ROS/dev_ws/build/turtlesim -- -j12 -l12
[5.690s] Invoking command in '/media/karthi/New Volume/Warrior/Projects/ROS/dev_ws/build/turtlesim': CMAKE_PREFIX_PATH=${CMAKE_PREFIX_PATH}:/media/karthi/New Volume/Warrior/Projects/ROS/dev_ws/install/turtle_control:/opt/ros/foxy /usr/bin/cmake --install /media/karthi/New Volume/Warrior/Projects/ROS/dev_ws/build/turtlesim
[5.734s] -- Install configuration: ""
[5.736s] -- Up-to-date: /media/karthi/New Volume/Warrior/Projects/ROS/dev_ws/install/turtlesim/share/ament_index/resource_index/rosidl_interfaces/turtlesim
[5.738s] -- Up-to-date: /media/karthi/New Volume/Warrior/Projects/ROS/dev_ws/install/turtlesim/include/turtlesim
[5.741s] -- Up-to-date: /media/karthi/New Volume/Warrior/Projects/ROS/dev_ws/install/turtlesim/include/turtlesim/action
[5.743s] -- Up-to-date: /media/karthi/New Volume/Warrior/Projects/ROS/dev_ws/install/turtlesim/include/turtlesim/action/detail
[5.746s] -- Up-to-date: /media/karthi/New Volume/Warrior/Projects/ROS/dev_ws/install/turtlesim/include/turtlesim/action/detail/rotate_absolute__functions.c
[5.748s] -- Up-to-date: /media/karthi/New Volume/Warrior/Projects/ROS/dev_ws/install/turtlesim/include/turtlesim/action/detail/rotate_absolute__functions.h
[5.750s] -- Up-to-date: /media/karthi/New Volume/Warrior/Projects/ROS/dev_ws/install/turtlesim/include/turtlesim/action/detail/rotate_absolute__struct.h
[5.752s] -- Up-to-date: /media/karthi/New Volume/Warrior/Projects/ROS/dev_ws/install/turtlesim/include/turtlesim/action/detail/rotate_absolute__type_support.h
[5.754s] -- Up-to-date: /media/karthi/New Volume/Warrior/Projects/ROS/dev_ws/install/turtlesim/include/turtlesim/action/rotate_absolute.h
[5.755s] -- Up-to-date: /media/karthi/New Volume/Warrior/Projects/ROS/dev_ws/install/turtlesim/include/turtlesim/msg
[5.757s] -- Up-to-date: /media/karthi/New Volume/Warrior/Projects/ROS/dev_ws/install/turtlesim/include/turtlesim/msg/color.h
[5.759s] -- Up-to-date: /media/karthi/New Volume/Warrior/Projects/ROS/dev_ws/install/turtlesim/include/turtlesim/msg/detail
[5.762s] -- Up-to-date: /media/karthi/New Volume/Warrior/Projects/ROS/dev_ws/install/turtlesim/include/turtlesim/msg/detail/color__functions.c
[5.764s] -- Up-to-date: /media/karthi/New Volume/Warrior/Projects/ROS/dev_ws/install/turtlesim/include/turtlesim/msg/detail/color__functions.h
[5.766s] -- Up-to-date: /media/karthi/New Volume/Warrior/Projects/ROS/dev_ws/install/turtlesim/include/turtlesim/msg/detail/color__struct.h
[5.768s] -- Up-to-date: /media/karthi/New Volume/Warrior/Projects/ROS/dev_ws/install/turtlesim/include/turtlesim/msg/detail/color__type_support.h
[5.771s] -- Up-to-date: /media/karthi/New Volume/Warrior/Projects/ROS/dev_ws/install/turtlesim/include/turtlesim/msg/detail/main_bg__functions.c
[5.773s] -- Up-to-date: /media/karthi/New Volume/Warrior/Projects/ROS/dev_ws/install/turtlesim/include/turtlesim/msg/detail/main_bg__functions.h
[5.774s] -- Up-to-date: /media/karthi/New Volume/Warrior/Projects/ROS/dev_ws/install/turtlesim/include/turtlesim/msg/detail/main_bg__struct.h
[5.776s] -- Up-to-date: /media/karthi/New Volume/Warrior/Projects/ROS/dev_ws/install/turtlesim/include/turtlesim/msg/detail/main_bg__type_support.h
[5.781s] -- Up-to-date: /media/karthi/New Volume/Warrior/Projects/ROS/dev_ws/install/turtlesim/include/turtlesim/msg/detail/pose__functions.c
[5.784s] -- Up-to-date: /media/karthi/New Volume/Warrior/Projects/ROS/dev_ws/install/turtlesim/include/turtlesim/msg/detail/pose__functions.h
[5.786s] -- Up-to-date: /media/karthi/New Volume/Warrior/Projects/ROS/dev_ws/install/turtlesim/include/turtlesim/msg/detail/pose__struct.h
[5.789s] -- Up-to-date: /media/karthi/New Volume/Warrior/Projects/ROS/dev_ws/install/turtlesim/include/turtlesim/msg/detail/pose__type_support.h
[5.791s] -- Up-to-date: /media/karthi/New Volume/Warrior/Projects/ROS/dev_ws/install/turtlesim/include/turtlesim/msg/main_bg.h
[5.794s] -- Up-to-date: /media/karthi/New Volume/Warrior/Projects/ROS/dev_ws/install/turtlesim/include/turtlesim/msg/pose.h
[5.797s] -- Up-to-date: /media/karthi/New Volume/Warrior/Projects/ROS/dev_ws/install/turtlesim/include/turtlesim/msg/rosidl_generator_c__visibility_control.h
[5.800s] -- Up-to-date: /media/karthi/New Volume/Warrior/Projects/ROS/dev_ws/install/turtlesim/include/turtlesim/srv
[5.802s] -- Up-to-date: /media/karthi/New Volume/Warrior/Projects/ROS/dev_ws/install/turtlesim/include/turtlesim/srv/detail
[5.806s] -- Up-to-date: /media/karthi/New Volume/Warrior/Projects/ROS/dev_ws/install/turtlesim/include/turtlesim/srv/detail/kill__functions.c
[5.811s] -- Up-to-date: /media/karthi/New Volume/Warrior/Projects/ROS/dev_ws/install/turtlesim/include/turtlesim/srv/detail/kill__functions.h
[5.815s] -- Up-to-date: /media/karthi/New Volume/Warrior/Projects/ROS/dev_ws/install/turtlesim/include/turtlesim/srv/detail/kill__struct.h
[5.817s] -- Up-to-date: /media/karthi/New Volume/Warrior/Projects/ROS/dev_ws/install/turtlesim/include/turtlesim/srv/detail/kill__type_support.h
[5.820s] -- Up-to-date: /media/karthi/New Volume/Warrior/Projects/ROS/dev_ws/install/turtlesim/include/turtlesim/srv/detail/main_bg__functions.c
[5.822s] -- Up-to-date: /media/karthi/New Volume/Warrior/Projects/ROS/dev_ws/install/turtlesim/include/turtlesim/srv/detail/main_bg__functions.h
[5.824s] -- Up-to-date: /media/karthi/New Volume/Warrior/Projects/ROS/dev_ws/install/turtlesim/include/turtlesim/srv/detail/main_bg__struct.h
[5.826s] -- Up-to-date: /media/karthi/New Volume/Warrior/Projects/ROS/dev_ws/install/turtlesim/include/turtlesim/srv/detail/main_bg__type_support.h
[5.829s] -- Up-to-date: /media/karthi/New Volume/Warrior/Projects/ROS/dev_ws/install/turtlesim/include/turtlesim/srv/detail/set_pen__functions.c
[5.831s] -- Up-to-date: /media/karthi/New Volume/Warrior/Projects/ROS/dev_ws/install/turtlesim/include/turtlesim/srv/detail/set_pen__functions.h
[5.834s] -- Up-to-date: /media/karthi/New Volume/Warrior/Projects/ROS/dev_ws/install/turtlesim/include/turtlesim/srv/detail/set_pen__struct.h
[5.836s] -- Up-to-date: /media/karthi/New Volume/Warrior/Projects/ROS/dev_ws/install/turtlesim/include/turtlesim/srv/detail/set_pen__type_support.h
[5.838s] -- Up-to-date: /media/karthi/New Volume/Warrior/Projects/ROS/dev_ws/install/turtlesim/include/turtlesim/srv/detail/spawn__functions.c
[5.840s] -- Up-to-date: /media/karthi/New Volume/Warrior/Projects/ROS/dev_ws/install/turtlesim/include/turtlesim/srv/detail/spawn__functions.h
[5.842s] -- Up-to-date: /media/karthi/New Volume/Warrior/Projects/ROS/dev_ws/install/turtlesim/include/turtlesim/srv/detail/spawn__struct.h
[5.845s] -- Up-to-date: /media/karthi/New Volume/Warrior/Projects/ROS/dev_ws/install/turtlesim/include/turtlesim/srv/detail/spawn__type_support.h
[5.847s] -- Up-to-date: /media/karthi/New Volume/Warrior/Projects/ROS/dev_ws/install/turtlesim/include/turtlesim/srv/detail/teleport_absolute__functions.c
[5.850s] -- Up-to-date: /media/karthi/New Volume/Warrior/Projects/ROS/dev_ws/install/turtlesim/include/turtlesim/srv/detail/teleport_absolute__functions.h
[5.853s] -- Up-to-date: /media/karthi/New Volume/Warrior/Projects/ROS/dev_ws/install/turtlesim/include/turtlesim/srv/detail/teleport_absolute__struct.h
[5.855s] -- Up-to-date: /media/karthi/New Volume/Warrior/Projects/ROS/dev_ws/install/turtlesim/include/turtlesim/srv/detail/teleport_absolute__type_support.h
[5.857s] -- Up-to-date: /media/karthi/New Volume/Warrior/Projects/ROS/dev_ws/install/turtlesim/include/turtlesim/srv/detail/teleport_relative__functions.c
[5.860s] -- Up-to-date: /media/karthi/New Volume/Warrior/Projects/ROS/dev_ws/install/turtlesim/include/turtlesim/srv/detail/teleport_relative__functions.h
[5.868s] -- Up-to-date: /media/karthi/New Volume/Warrior/Projects/ROS/dev_ws/install/turtlesim/include/turtlesim/srv/detail/teleport_relative__struct.h
[5.871s] -- Up-to-date: /media/karthi/New Volume/Warrior/Projects/ROS/dev_ws/install/turtlesim/include/turtlesim/srv/detail/teleport_relative__type_support.h
[5.874s] -- Up-to-date: /media/karthi/New Volume/Warrior/Projects/ROS/dev_ws/install/turtlesim/include/turtlesim/srv/kill.h
[5.876s] -- Up-to-date: /media/karthi/New Volume/Warrior/Projects/ROS/dev_ws/install/turtlesim/include/turtlesim/srv/main_bg.h
[5.878s] -- Up-to-date: /media/karthi/New Volume/Warrior/Projects/ROS/dev_ws/install/turtlesim/include/turtlesim/srv/set_pen.h
[5.881s] -- Up-to-date: /media/karthi/New Volume/Warrior/Projects/ROS/dev_ws/install/turtlesim/include/turtlesim/srv/spawn.h
[5.883s] -- Up-to-date: /media/karthi/New Volume/Warrior/Projects/ROS/dev_ws/install/turtlesim/include/turtlesim/srv/teleport_absolute.h
[5.886s] -- Up-to-date: /media/karthi/New Volume/Warrior/Projects/ROS/dev_ws/install/turtlesim/include/turtlesim/srv/teleport_relative.h
[5.888s] -- Up-to-date: /media/karthi/New Volume/Warrior/Projects/ROS/dev_ws/install/turtlesim/share/turtlesim/environment/library_path.sh
[5.891s] -- Up-to-date: /media/karthi/New Volume/Warrior/Projects/ROS/dev_ws/install/turtlesim/share/turtlesim/environment/library_path.dsv
[5.901s] -- Up-to-date: /media/karthi/New Volume/Warrior/Projects/ROS/dev_ws/install/turtlesim/lib/libturtlesim__rosidl_generator_c.so
[5.906s] -- Up-to-date: /media/karthi/New Volume/Warrior/Projects/ROS/dev_ws/install/turtlesim/include/turtlesim
[5.909s] -- Up-to-date: /media/karthi/New Volume/Warrior/Projects/ROS/dev_ws/install/turtlesim/include/turtlesim/action
[5.912s] -- Up-to-date: /media/karthi/New Volume/Warrior/Projects/ROS/dev_ws/install/turtlesim/include/turtlesim/action/detail
[5.916s] -- Up-to-date: /media/karthi/New Volume/Warrior/Projects/ROS/dev_ws/install/turtlesim/include/turtlesim/action/detail/rotate_absolute__rosidl_typesupport_fastrtps_c.h
[5.918s] -- Up-to-date: /media/karthi/New Volume/Warrior/Projects/ROS/dev_ws/install/turtlesim/include/turtlesim/msg
[5.920s] -- Up-to-date: /media/karthi/New Volume/Warrior/Projects/ROS/dev_ws/install/turtlesim/include/turtlesim/msg/detail
[5.923s] -- Up-to-date: /media/karthi/New Volume/Warrior/Projects/ROS/dev_ws/install/turtlesim/include/turtlesim/msg/detail/color__rosidl_typesupport_fastrtps_c.h
[5.925s] -- Up-to-date: /media/karthi/New Volume/Warrior/Projects/ROS/dev_ws/install/turtlesim/include/turtlesim/msg/detail/main_bg__rosidl_typesupport_fastrtps_c.h
[5.928s] -- Up-to-date: /media/karthi/New Volume/Warrior/Projects/ROS/dev_ws/install/turtlesim/include/turtlesim/msg/detail/pose__rosidl_typesupport_fastrtps_c.h
[5.930s] -- Up-to-date: /media/karthi/New Volume/Warrior/Projects/ROS/dev_ws/install/turtlesim/include/turtlesim/msg/rosidl_typesupport_fastrtps_c__visibility_control.h
[5.932s] -- Up-to-date: /media/karthi/New Volume/Warrior/Projects/ROS/dev_ws/install/turtlesim/include/turtlesim/srv
[5.934s] -- Up-to-date: /media/karthi/New Volume/Warrior/Projects/ROS/dev_ws/install/turtlesim/include/turtlesim/srv/detail
[5.937s] -- Up-to-date: /media/karthi/New Volume/Warrior/Projects/ROS/dev_ws/install/turtlesim/include/turtlesim/srv/detail/kill__rosidl_typesupport_fastrtps_c.h
[5.939s] -- Up-to-date: /media/karthi/New Volume/Warrior/Projects/ROS/dev_ws/install/turtlesim/include/turtlesim/srv/detail/main_bg__rosidl_typesupport_fastrtps_c.h
[5.941s] -- Up-to-date: /media/karthi/New Volume/Warrior/Projects/ROS/dev_ws/install/turtlesim/include/turtlesim/srv/detail/set_pen__rosidl_typesupport_fastrtps_c.h
[5.944s] -- Up-to-date: /media/karthi/New Volume/Warrior/Projects/ROS/dev_ws/install/turtlesim/include/turtlesim/srv/detail/spawn__rosidl_typesupport_fastrtps_c.h
[5.950s] -- Up-to-date: /media/karthi/New Volume/Warrior/Projects/ROS/dev_ws/install/turtlesim/include/turtlesim/srv/detail/teleport_absolute__rosidl_typesupport_fastrtps_c.h
[5.953s] -- Up-to-date: /media/karthi/New Volume/Warrior/Projects/ROS/dev_ws/install/turtlesim/include/turtlesim/srv/detail/teleport_relative__rosidl_typesupport_fastrtps_c.h
[5.958s] -- Up-to-date: /media/karthi/New Volume/Warrior/Projects/ROS/dev_ws/install/turtlesim/lib/libturtlesim__rosidl_typesupport_fastrtps_c.so
[5.963s] -- Up-to-date: /media/karthi/New Volume/Warrior/Projects/ROS/dev_ws/install/turtlesim/include/turtlesim
[5.965s] -- Up-to-date: /media/karthi/New Volume/Warrior/Projects/ROS/dev_ws/install/turtlesim/include/turtlesim/action
[5.968s] -- Up-to-date: /media/karthi/New Volume/Warrior/Projects/ROS/dev_ws/install/turtlesim/include/turtlesim/action/detail
[5.970s] -- Up-to-date: /media/karthi/New Volume/Warrior/Projects/ROS/dev_ws/install/turtlesim/include/turtlesim/action/detail/dds_fastrtps
[5.973s] -- Up-to-date: /media/karthi/New Volume/Warrior/Projects/ROS/dev_ws/install/turtlesim/include/turtlesim/action/detail/rotate_absolute__rosidl_typesupport_fastrtps_cpp.hpp
[5.975s] -- Up-to-date: /media/karthi/New Volume/Warrior/Projects/ROS/dev_ws/install/turtlesim/include/turtlesim/msg
[5.977s] -- Up-to-date: /media/karthi/New Volume/Warrior/Projects/ROS/dev_ws/install/turtlesim/include/turtlesim/msg/detail
[5.980s] -- Up-to-date: /media/karthi/New Volume/Warrior/Projects/ROS/dev_ws/install/turtlesim/include/turtlesim/msg/detail/color__rosidl_typesupport_fastrtps_cpp.hpp
[5.982s] -- Up-to-date: /media/karthi/New Volume/Warrior/Projects/ROS/dev_ws/install/turtlesim/include/turtlesim/msg/detail/dds_fastrtps
[5.985s] -- Up-to-date: /media/karthi/New Volume/Warrior/Projects/ROS/dev_ws/install/turtlesim/include/turtlesim/msg/detail/main_bg__rosidl_typesupport_fastrtps_cpp.hpp
[5.987s] -- Up-to-date: /media/karthi/New Volume/Warrior/Projects/ROS/dev_ws/install/turtlesim/include/turtlesim/msg/detail/pose__rosidl_typesupport_fastrtps_cpp.hpp
[5.989s] -- Up-to-date: /media/karthi/New Volume/Warrior/Projects/ROS/dev_ws/install/turtlesim/include/turtlesim/msg/rosidl_typesupport_fastrtps_cpp__visibility_control.h
[5.991s] -- Up-to-date: /media/karthi/New Volume/Warrior/Projects/ROS/dev_ws/install/turtlesim/include/turtlesim/srv
[5.994s] -- Up-to-date: /media/karthi/New Volume/Warrior/Projects/ROS/dev_ws/install/turtlesim/include/turtlesim/srv/detail
[5.999s] -- Up-to-date: /media/karthi/New Volume/Warrior/Projects/ROS/dev_ws/install/turtlesim/include/turtlesim/srv/detail/dds_fastrtps
[6.004s] -- Up-to-date: /media/karthi/New Volume/Warrior/Projects/ROS/dev_ws/install/turtlesim/include/turtlesim/srv/detail/kill__rosidl_typesupport_fastrtps_cpp.hpp
[6.006s] -- Up-to-date: /media/karthi/New Volume/Warrior/Projects/ROS/dev_ws/install/turtlesim/include/turtlesim/srv/detail/main_bg__rosidl_typesupport_fastrtps_cpp.hpp
[6.009s] -- Up-to-date: /media/karthi/New Volume/Warrior/Projects/ROS/dev_ws/install/turtlesim/include/turtlesim/srv/detail/set_pen__rosidl_typesupport_fastrtps_cpp.hpp
[6.012s] -- Up-to-date: /media/karthi/New Volume/Warrior/Projects/ROS/dev_ws/install/turtlesim/include/turtlesim/srv/detail/spawn__rosidl_typesupport_fastrtps_cpp.hpp
[6.014s] -- Up-to-date: /media/karthi/New Volume/Warrior/Projects/ROS/dev_ws/install/turtlesim/include/turtlesim/srv/detail/teleport_absolute__rosidl_typesupport_fastrtps_cpp.hpp
[6.016s] -- Up-to-date: /media/karthi/New Volume/Warrior/Projects/ROS/dev_ws/install/turtlesim/include/turtlesim/srv/detail/teleport_relative__rosidl_typesupport_fastrtps_cpp.hpp
[6.021s] -- Up-to-date: /media/karthi/New Volume/Warrior/Projects/ROS/dev_ws/install/turtlesim/lib/libturtlesim__rosidl_typesupport_fastrtps_cpp.so
[6.025s] -- Up-to-date: /media/karthi/New Volume/Warrior/Projects/ROS/dev_ws/install/turtlesim/include/turtlesim
[6.027s] -- Up-to-date: /media/karthi/New Volume/Warrior/Projects/ROS/dev_ws/install/turtlesim/include/turtlesim/action
[6.032s] -- Up-to-date: /media/karthi/New Volume/Warrior/Projects/ROS/dev_ws/install/turtlesim/include/turtlesim/action/detail
[6.034s] -- Up-to-date: /media/karthi/New Volume/Warrior/Projects/ROS/dev_ws/install/turtlesim/include/turtlesim/action/detail/rotate_absolute__rosidl_typesupport_introspection_c.h
[6.037s] -- Up-to-date: /media/karthi/New Volume/Warrior/Projects/ROS/dev_ws/install/turtlesim/include/turtlesim/action/detail/rotate_absolute__type_support.c
[6.038s] -- Up-to-date: /media/karthi/New Volume/Warrior/Projects/ROS/dev_ws/install/turtlesim/include/turtlesim/msg
[6.040s] -- Up-to-date: /media/karthi/New Volume/Warrior/Projects/ROS/dev_ws/install/turtlesim/include/turtlesim/msg/detail
[6.043s] -- Up-to-date: /media/karthi/New Volume/Warrior/Projects/ROS/dev_ws/install/turtlesim/include/turtlesim/msg/detail/color__rosidl_typesupport_introspection_c.h
[6.046s] -- Up-to-date: /media/karthi/New Volume/Warrior/Projects/ROS/dev_ws/install/turtlesim/include/turtlesim/msg/detail/color__type_support.c
[6.049s] -- Up-to-date: /media/karthi/New Volume/Warrior/Projects/ROS/dev_ws/install/turtlesim/include/turtlesim/msg/detail/main_bg__rosidl_typesupport_introspection_c.h
[6.051s] -- Up-to-date: /media/karthi/New Volume/Warrior/Projects/ROS/dev_ws/install/turtlesim/include/turtlesim/msg/detail/main_bg__type_support.c
[6.053s] -- Up-to-date: /media/karthi/New Volume/Warrior/Projects/ROS/dev_ws/install/turtlesim/include/turtlesim/msg/detail/pose__rosidl_typesupport_introspection_c.h
[6.055s] -- Up-to-date: /media/karthi/New Volume/Warrior/Projects/ROS/dev_ws/install/turtlesim/include/turtlesim/msg/detail/pose__type_support.c
[6.057s] -- Up-to-date: /media/karthi/New Volume/Warrior/Projects/ROS/dev_ws/install/turtlesim/include/turtlesim/msg/rosidl_typesupport_introspection_c__visibility_control.h
[6.059s] -- Up-to-date: /media/karthi/New Volume/Warrior/Projects/ROS/dev_ws/install/turtlesim/include/turtlesim/srv
[6.062s] -- Up-to-date: /media/karthi/New Volume/Warrior/Projects/ROS/dev_ws/install/turtlesim/include/turtlesim/srv/detail
[6.065s] -- Up-to-date: /media/karthi/New Volume/Warrior/Projects/ROS/dev_ws/install/turtlesim/include/turtlesim/srv/detail/kill__rosidl_typesupport_introspection_c.h
[6.067s] -- Up-to-date: /media/karthi/New Volume/Warrior/Projects/ROS/dev_ws/install/turtlesim/include/turtlesim/srv/detail/kill__type_support.c
[6.069s] -- Up-to-date: /media/karthi/New Volume/Warrior/Projects/ROS/dev_ws/install/turtlesim/include/turtlesim/srv/detail/main_bg__rosidl_typesupport_introspection_c.h
[6.072s] -- Up-to-date: /media/karthi/New Volume/Warrior/Projects/ROS/dev_ws/install/turtlesim/include/turtlesim/srv/detail/main_bg__type_support.c
[6.074s] -- Up-to-date: /media/karthi/New Volume/Warrior/Projects/ROS/dev_ws/install/turtlesim/include/turtlesim/srv/detail/set_pen__rosidl_typesupport_introspection_c.h
[6.076s] -- Up-to-date: /media/karthi/New Volume/Warrior/Projects/ROS/dev_ws/install/turtlesim/include/turtlesim/srv/detail/set_pen__type_support.c
[6.078s] -- Up-to-date: /media/karthi/New Volume/Warrior/Projects/ROS/dev_ws/install/turtlesim/include/turtlesim/srv/detail/spawn__rosidl_typesupport_introspection_c.h
[6.081s] -- Up-to-date: /media/karthi/New Volume/Warrior/Projects/ROS/dev_ws/install/turtlesim/include/turtlesim/srv/detail/spawn__type_support.c
[6.083s] -- Up-to-date: /media/karthi/New Volume/Warrior/Projects/ROS/dev_ws/install/turtlesim/include/turtlesim/srv/detail/teleport_absolute__rosidl_typesupport_introspection_c.h
[6.086s] -- Up-to-date: /media/karthi/New Volume/Warrior/Projects/ROS/dev_ws/install/turtlesim/include/turtlesim/srv/detail/teleport_absolute__type_support.c
[6.088s] -- Up-to-date: /media/karthi/New Volume/Warrior/Projects/ROS/dev_ws/install/turtlesim/include/turtlesim/srv/detail/teleport_relative__rosidl_typesupport_introspection_c.h
[6.091s] -- Up-to-date: /media/karthi/New Volume/Warrior/Projects/ROS/dev_ws/install/turtlesim/include/turtlesim/srv/detail/teleport_relative__type_support.c
[6.097s] -- Up-to-date: /media/karthi/New Volume/Warrior/Projects/ROS/dev_ws/install/turtlesim/lib/libturtlesim__rosidl_typesupport_introspection_c.so
[6.105s] -- Up-to-date: /media/karthi/New Volume/Warrior/Projects/ROS/dev_ws/install/turtlesim/lib/libturtlesim__rosidl_typesupport_c.so
[6.110s] -- Up-to-date: /media/karthi/New Volume/Warrior/Projects/ROS/dev_ws/install/turtlesim/include/turtlesim
[6.115s] -- Up-to-date: /media/karthi/New Volume/Warrior/Projects/ROS/dev_ws/install/turtlesim/include/turtlesim/action
[6.118s] -- Up-to-date: /media/karthi/New Volume/Warrior/Projects/ROS/dev_ws/install/turtlesim/include/turtlesim/action/detail
[6.121s] -- Up-to-date: /media/karthi/New Volume/Warrior/Projects/ROS/dev_ws/install/turtlesim/include/turtlesim/action/detail/rotate_absolute__builder.hpp
[6.123s] -- Up-to-date: /media/karthi/New Volume/Warrior/Projects/ROS/dev_ws/install/turtlesim/include/turtlesim/action/detail/rotate_absolute__struct.hpp
[6.126s] -- Up-to-date: /media/karthi/New Volume/Warrior/Projects/ROS/dev_ws/install/turtlesim/include/turtlesim/action/detail/rotate_absolute__traits.hpp
[6.129s] -- Up-to-date: /media/karthi/New Volume/Warrior/Projects/ROS/dev_ws/install/turtlesim/include/turtlesim/action/rotate_absolute.hpp
[6.131s] -- Up-to-date: /media/karthi/New Volume/Warrior/Projects/ROS/dev_ws/install/turtlesim/include/turtlesim/msg
[6.135s] -- Up-to-date: /media/karthi/New Volume/Warrior/Projects/ROS/dev_ws/install/turtlesim/include/turtlesim/msg/color.hpp
[6.137s] -- Up-to-date: /media/karthi/New Volume/Warrior/Projects/ROS/dev_ws/install/turtlesim/include/turtlesim/msg/detail
[6.140s] -- Up-to-date: /media/karthi/New Volume/Warrior/Projects/ROS/dev_ws/install/turtlesim/include/turtlesim/msg/detail/color__builder.hpp
[6.143s] -- Up-to-date: /media/karthi/New Volume/Warrior/Projects/ROS/dev_ws/install/turtlesim/include/turtlesim/msg/detail/color__struct.hpp
[6.148s] -- Up-to-date: /media/karthi/New Volume/Warrior/Projects/ROS/dev_ws/install/turtlesim/include/turtlesim/msg/detail/color__traits.hpp
[6.152s] -- Up-to-date: /media/karthi/New Volume/Warrior/Projects/ROS/dev_ws/install/turtlesim/include/turtlesim/msg/detail/main_bg__builder.hpp
[6.155s] -- Up-to-date: /media/karthi/New Volume/Warrior/Projects/ROS/dev_ws/install/turtlesim/include/turtlesim/msg/detail/main_bg__struct.hpp
[6.158s] -- Up-to-date: /media/karthi/New Volume/Warrior/Projects/ROS/dev_ws/install/turtlesim/include/turtlesim/msg/detail/main_bg__traits.hpp
[6.162s] -- Up-to-date: /media/karthi/New Volume/Warrior/Projects/ROS/dev_ws/install/turtlesim/include/turtlesim/msg/detail/pose__builder.hpp
[6.165s] -- Up-to-date: /media/karthi/New Volume/Warrior/Projects/ROS/dev_ws/install/turtlesim/include/turtlesim/msg/detail/pose__struct.hpp
[6.169s] -- Up-to-date: /media/karthi/New Volume/Warrior/Projects/ROS/dev_ws/install/turtlesim/include/turtlesim/msg/detail/pose__traits.hpp
[6.172s] -- Up-to-date: /media/karthi/New Volume/Warrior/Projects/ROS/dev_ws/install/turtlesim/include/turtlesim/msg/main_bg.hpp
[6.175s] -- Up-to-date: /media/karthi/New Volume/Warrior/Projects/ROS/dev_ws/install/turtlesim/include/turtlesim/msg/pose.hpp
[6.177s] -- Up-to-date: /media/karthi/New Volume/Warrior/Projects/ROS/dev_ws/install/turtlesim/include/turtlesim/srv
[6.181s] -- Up-to-date: /media/karthi/New Volume/Warrior/Projects/ROS/dev_ws/install/turtlesim/include/turtlesim/srv/detail
[6.185s] -- Up-to-date: /media/karthi/New Volume/Warrior/Projects/ROS/dev_ws/install/turtlesim/include/turtlesim/srv/detail/kill__builder.hpp
[6.187s] -- Up-to-date: /media/karthi/New Volume/Warrior/Projects/ROS/dev_ws/install/turtlesim/include/turtlesim/srv/detail/kill__struct.hpp
[6.190s] -- Up-to-date: /media/karthi/New Volume/Warrior/Projects/ROS/dev_ws/install/turtlesim/include/turtlesim/srv/detail/kill__traits.hpp
[6.192s] -- Up-to-date: /media/karthi/New Volume/Warrior/Projects/ROS/dev_ws/install/turtlesim/include/turtlesim/srv/detail/main_bg__builder.hpp
[6.200s] -- Up-to-date: /media/karthi/New Volume/Warrior/Projects/ROS/dev_ws/install/turtlesim/include/turtlesim/srv/detail/main_bg__struct.hpp
[6.203s] -- Up-to-date: /media/karthi/New Volume/Warrior/Projects/ROS/dev_ws/install/turtlesim/include/turtlesim/srv/detail/main_bg__traits.hpp
[6.206s] -- Up-to-date: /media/karthi/New Volume/Warrior/Projects/ROS/dev_ws/install/turtlesim/include/turtlesim/srv/detail/set_pen__builder.hpp
[6.210s] -- Up-to-date: /media/karthi/New Volume/Warrior/Projects/ROS/dev_ws/install/turtlesim/include/turtlesim/srv/detail/set_pen__struct.hpp
[6.213s] -- Up-to-date: /media/karthi/New Volume/Warrior/Projects/ROS/dev_ws/install/turtlesim/include/turtlesim/srv/detail/set_pen__traits.hpp
[6.215s] -- Up-to-date: /media/karthi/New Volume/Warrior/Projects/ROS/dev_ws/install/turtlesim/include/turtlesim/srv/detail/spawn__builder.hpp
[6.218s] -- Up-to-date: /media/karthi/New Volume/Warrior/Projects/ROS/dev_ws/install/turtlesim/include/turtlesim/srv/detail/spawn__struct.hpp
[6.221s] -- Up-to-date: /media/karthi/New Volume/Warrior/Projects/ROS/dev_ws/install/turtlesim/include/turtlesim/srv/detail/spawn__traits.hpp
[6.223s] -- Up-to-date: /media/karthi/New Volume/Warrior/Projects/ROS/dev_ws/install/turtlesim/include/turtlesim/srv/detail/teleport_absolute__builder.hpp
[6.225s] -- Up-to-date: /media/karthi/New Volume/Warrior/Projects/ROS/dev_ws/install/turtlesim/include/turtlesim/srv/detail/teleport_absolute__struct.hpp
[6.228s] -- Up-to-date: /media/karthi/New Volume/Warrior/Projects/ROS/dev_ws/install/turtlesim/include/turtlesim/srv/detail/teleport_absolute__traits.hpp
[6.230s] -- Up-to-date: /media/karthi/New Volume/Warrior/Projects/ROS/dev_ws/install/turtlesim/include/turtlesim/srv/detail/teleport_relative__builder.hpp
[6.233s] -- Up-to-date: /media/karthi/New Volume/Warrior/Projects/ROS/dev_ws/install/turtlesim/include/turtlesim/srv/detail/teleport_relative__struct.hpp
[6.235s] -- Up-to-date: /media/karthi/New Volume/Warrior/Projects/ROS/dev_ws/install/turtlesim/include/turtlesim/srv/detail/teleport_relative__traits.hpp
[6.237s] -- Up-to-date: /media/karthi/New Volume/Warrior/Projects/ROS/dev_ws/install/turtlesim/include/turtlesim/srv/kill.hpp
[6.239s] -- Up-to-date: /media/karthi/New Volume/Warrior/Projects/ROS/dev_ws/install/turtlesim/include/turtlesim/srv/main_bg.hpp
[6.241s] -- Up-to-date: /media/karthi/New Volume/Warrior/Projects/ROS/dev_ws/install/turtlesim/include/turtlesim/srv/set_pen.hpp
[6.244s] -- Up-to-date: /media/karthi/New Volume/Warrior/Projects/ROS/dev_ws/install/turtlesim/include/turtlesim/srv/spawn.hpp
[6.248s] -- Up-to-date: /media/karthi/New Volume/Warrior/Projects/ROS/dev_ws/install/turtlesim/include/turtlesim/srv/teleport_absolute.hpp
[6.250s] -- Up-to-date: /media/karthi/New Volume/Warrior/Projects/ROS/dev_ws/install/turtlesim/include/turtlesim/srv/teleport_relative.hpp
[6.252s] -- Up-to-date: /media/karthi/New Volume/Warrior/Projects/ROS/dev_ws/install/turtlesim/include/turtlesim
[6.255s] -- Up-to-date: /media/karthi/New Volume/Warrior/Projects/ROS/dev_ws/install/turtlesim/include/turtlesim/action
[6.258s] -- Up-to-date: /media/karthi/New Volume/Warrior/Projects/ROS/dev_ws/install/turtlesim/include/turtlesim/action/detail
[6.261s] -- Up-to-date: /media/karthi/New Volume/Warrior/Projects/ROS/dev_ws/install/turtlesim/include/turtlesim/action/detail/rotate_absolute__rosidl_typesupport_introspection_cpp.hpp
[6.264s] -- Up-to-date: /media/karthi/New Volume/Warrior/Projects/ROS/dev_ws/install/turtlesim/include/turtlesim/action/detail/rotate_absolute__type_support.cpp
[6.267s] -- Up-to-date: /media/karthi/New Volume/Warrior/Projects/ROS/dev_ws/install/turtlesim/include/turtlesim/msg
[6.269s] -- Up-to-date: /media/karthi/New Volume/Warrior/Projects/ROS/dev_ws/install/turtlesim/include/turtlesim/msg/detail
[6.272s] -- Up-to-date: /media/karthi/New Volume/Warrior/Projects/ROS/dev_ws/install/turtlesim/include/turtlesim/msg/detail/color__rosidl_typesupport_introspection_cpp.hpp
[6.274s] -- Up-to-date: /media/karthi/New Volume/Warrior/Projects/ROS/dev_ws/install/turtlesim/include/turtlesim/msg/detail/color__type_support.cpp
[6.279s] -- Up-to-date: /media/karthi/New Volume/Warrior/Projects/ROS/dev_ws/install/turtlesim/include/turtlesim/msg/detail/main_bg__rosidl_typesupport_introspection_cpp.hpp
[6.285s] -- Up-to-date: /media/karthi/New Volume/Warrior/Projects/ROS/dev_ws/install/turtlesim/include/turtlesim/msg/detail/main_bg__type_support.cpp
[6.290s] -- Up-to-date: /media/karthi/New Volume/Warrior/Projects/ROS/dev_ws/install/turtlesim/include/turtlesim/msg/detail/pose__rosidl_typesupport_introspection_cpp.hpp
[6.295s] -- Up-to-date: /media/karthi/New Volume/Warrior/Projects/ROS/dev_ws/install/turtlesim/include/turtlesim/msg/detail/pose__type_support.cpp
[6.299s] -- Up-to-date: /media/karthi/New Volume/Warrior/Projects/ROS/dev_ws/install/turtlesim/include/turtlesim/srv
[6.303s] -- Up-to-date: /media/karthi/New Volume/Warrior/Projects/ROS/dev_ws/install/turtlesim/include/turtlesim/srv/detail
[6.309s] -- Up-to-date: /media/karthi/New Volume/Warrior/Projects/ROS/dev_ws/install/turtlesim/include/turtlesim/srv/detail/kill__rosidl_typesupport_introspection_cpp.hpp
[6.314s] -- Up-to-date: /media/karthi/New Volume/Warrior/Projects/ROS/dev_ws/install/turtlesim/include/turtlesim/srv/detail/kill__type_support.cpp
[6.318s] -- Up-to-date: /media/karthi/New Volume/Warrior/Projects/ROS/dev_ws/install/turtlesim/include/turtlesim/srv/detail/main_bg__rosidl_typesupport_introspection_cpp.hpp
[6.321s] -- Up-to-date: /media/karthi/New Volume/Warrior/Projects/ROS/dev_ws/install/turtlesim/include/turtlesim/srv/detail/main_bg__type_support.cpp
[6.325s] -- Up-to-date: /media/karthi/New Volume/Warrior/Projects/ROS/dev_ws/install/turtlesim/include/turtlesim/srv/detail/set_pen__rosidl_typesupport_introspection_cpp.hpp
[6.331s] -- Up-to-date: /media/karthi/New Volume/Warrior/Projects/ROS/dev_ws/install/turtlesim/include/turtlesim/srv/detail/set_pen__type_support.cpp
[6.335s] -- Up-to-date: /media/karthi/New Volume/Warrior/Projects/ROS/dev_ws/install/turtlesim/include/turtlesim/srv/detail/spawn__rosidl_typesupport_introspection_cpp.hpp
[6.338s] -- Up-to-date: /media/karthi/New Volume/Warrior/Projects/ROS/dev_ws/install/turtlesim/include/turtlesim/srv/detail/spawn__type_support.cpp
[6.342s] -- Up-to-date: /media/karthi/New Volume/Warrior/Projects/ROS/dev_ws/install/turtlesim/include/turtlesim/srv/detail/teleport_absolute__rosidl_typesupport_introspection_cpp.hpp
[6.346s] -- Up-to-date: /media/karthi/New Volume/Warrior/Projects/ROS/dev_ws/install/turtlesim/include/turtlesim/srv/detail/teleport_absolute__type_support.cpp
[6.349s] -- Up-to-date: /media/karthi/New Volume/Warrior/Projects/ROS/dev_ws/install/turtlesim/include/turtlesim/srv/detail/teleport_relative__rosidl_typesupport_introspection_cpp.hpp
[6.352s] -- Up-to-date: /media/karthi/New Volume/Warrior/Projects/ROS/dev_ws/install/turtlesim/include/turtlesim/srv/detail/teleport_relative__type_support.cpp
[6.373s] -- Up-to-date: /media/karthi/New Volume/Warrior/Projects/ROS/dev_ws/install/turtlesim/lib/libturtlesim__rosidl_typesupport_introspection_cpp.so
[6.399s] -- Up-to-date: /media/karthi/New Volume/Warrior/Projects/ROS/dev_ws/install/turtlesim/lib/libturtlesim__rosidl_typesupport_cpp.so
[6.407s] -- Up-to-date: /media/karthi/New Volume/Warrior/Projects/ROS/dev_ws/install/turtlesim/share/turtlesim/environment/pythonpath.sh
[6.411s] -- Up-to-date: /media/karthi/New Volume/Warrior/Projects/ROS/dev_ws/install/turtlesim/share/turtlesim/environment/pythonpath.dsv
[6.414s] -- Up-to-date: /media/karthi/New Volume/Warrior/Projects/ROS/dev_ws/install/turtlesim/lib/python3.8/site-packages/turtlesim/__init__.py
[6.573s] -- Up-to-date: /media/karthi/New Volume/Warrior/Projects/ROS/dev_ws/install/turtlesim/lib/python3.8/site-packages/turtlesim/msg
[6.580s] -- Up-to-date: /media/karthi/New Volume/Warrior/Projects/ROS/dev_ws/install/turtlesim/lib/python3.8/site-packages/turtlesim/msg/_color.py
[6.585s] -- Up-to-date: /media/karthi/New Volume/Warrior/Projects/ROS/dev_ws/install/turtlesim/lib/python3.8/site-packages/turtlesim/msg/_color_s.c
[6.588s] -- Up-to-date: /media/karthi/New Volume/Warrior/Projects/ROS/dev_ws/install/turtlesim/lib/python3.8/site-packages/turtlesim/msg/_main_bg.py
[6.592s] -- Up-to-date: /media/karthi/New Volume/Warrior/Projects/ROS/dev_ws/install/turtlesim/lib/python3.8/site-packages/turtlesim/msg/_main_bg_s.c
[6.597s] -- Up-to-date: /media/karthi/New Volume/Warrior/Projects/ROS/dev_ws/install/turtlesim/lib/python3.8/site-packages/turtlesim/msg/_pose.py
[6.602s] -- Up-to-date: /media/karthi/New Volume/Warrior/Projects/ROS/dev_ws/install/turtlesim/lib/python3.8/site-packages/turtlesim/msg/_pose_s.c
[6.605s] -- Up-to-date: /media/karthi/New Volume/Warrior/Projects/ROS/dev_ws/install/turtlesim/lib/python3.8/site-packages/turtlesim/msg/__init__.py
[6.608s] -- Up-to-date: /media/karthi/New Volume/Warrior/Projects/ROS/dev_ws/install/turtlesim/lib/python3.8/site-packages/turtlesim/srv
[6.623s] -- Up-to-date: /media/karthi/New Volume/Warrior/Projects/ROS/dev_ws/install/turtlesim/lib/python3.8/site-packages/turtlesim/srv/_kill.py
[6.628s] -- Up-to-date: /media/karthi/New Volume/Warrior/Projects/ROS/dev_ws/install/turtlesim/lib/python3.8/site-packages/turtlesim/srv/_kill_s.c
[6.633s] -- Up-to-date: /media/karthi/New Volume/Warrior/Projects/ROS/dev_ws/install/turtlesim/lib/python3.8/site-packages/turtlesim/srv/_main_bg.py
[6.637s] -- Up-to-date: /media/karthi/New Volume/Warrior/Projects/ROS/dev_ws/install/turtlesim/lib/python3.8/site-packages/turtlesim/srv/_main_bg_s.c
[6.641s] -- Up-to-date: /media/karthi/New Volume/Warrior/Projects/ROS/dev_ws/install/turtlesim/lib/python3.8/site-packages/turtlesim/srv/_set_pen.py
[6.645s] -- Up-to-date: /media/karthi/New Volume/Warrior/Projects/ROS/dev_ws/install/turtlesim/lib/python3.8/site-packages/turtlesim/srv/_set_pen_s.c
[6.648s] -- Up-to-date: /media/karthi/New Volume/Warrior/Projects/ROS/dev_ws/install/turtlesim/lib/python3.8/site-packages/turtlesim/srv/_spawn.py
[6.652s] -- Up-to-date: /media/karthi/New Volume/Warrior/Projects/ROS/dev_ws/install/turtlesim/lib/python3.8/site-packages/turtlesim/srv/_spawn_s.c
[6.655s] -- Up-to-date: /media/karthi/New Volume/Warrior/Projects/ROS/dev_ws/install/turtlesim/lib/python3.8/site-packages/turtlesim/srv/_teleport_absolute.py
[6.658s] -- Up-to-date: /media/karthi/New Volume/Warrior/Projects/ROS/dev_ws/install/turtlesim/lib/python3.8/site-packages/turtlesim/srv/_teleport_absolute_s.c
[6.664s] -- Up-to-date: /media/karthi/New Volume/Warrior/Projects/ROS/dev_ws/install/turtlesim/lib/python3.8/site-packages/turtlesim/srv/_teleport_relative.py
[6.669s] -- Up-to-date: /media/karthi/New Volume/Warrior/Projects/ROS/dev_ws/install/turtlesim/lib/python3.8/site-packages/turtlesim/srv/_teleport_relative_s.c
[6.673s] -- Up-to-date: /media/karthi/New Volume/Warrior/Projects/ROS/dev_ws/install/turtlesim/lib/python3.8/site-packages/turtlesim/srv/__init__.py
[6.675s] -- Up-to-date: /media/karthi/New Volume/Warrior/Projects/ROS/dev_ws/install/turtlesim/lib/python3.8/site-packages/turtlesim/action
[6.681s] -- Up-to-date: /media/karthi/New Volume/Warrior/Projects/ROS/dev_ws/install/turtlesim/lib/python3.8/site-packages/turtlesim/action/_rotate_absolute.py
[6.683s] -- Up-to-date: /media/karthi/New Volume/Warrior/Projects/ROS/dev_ws/install/turtlesim/lib/python3.8/site-packages/turtlesim/action/_rotate_absolute_s.c
[6.686s] -- Up-to-date: /media/karthi/New Volume/Warrior/Projects/ROS/dev_ws/install/turtlesim/lib/python3.8/site-packages/turtlesim/action/__init__.py
[6.707s] -- Up-to-date: /media/karthi/New Volume/Warrior/Projects/ROS/dev_ws/install/turtlesim/lib/python3.8/site-packages/turtlesim/turtlesim_s__rosidl_typesupport_fastrtps_c.cpython-38-x86_64-linux-gnu.so
[6.721s] -- Up-to-date: /media/karthi/New Volume/Warrior/Projects/ROS/dev_ws/install/turtlesim/lib/python3.8/site-packages/turtlesim/turtlesim_s__rosidl_typesupport_introspection_c.cpython-38-x86_64-linux-gnu.so
[6.736s] -- Up-to-date: /media/karthi/New Volume/Warrior/Projects/ROS/dev_ws/install/turtlesim/lib/python3.8/site-packages/turtlesim/turtlesim_s__rosidl_typesupport_c.cpython-38-x86_64-linux-gnu.so
[6.750s] -- Up-to-date: /media/karthi/New Volume/Warrior/Projects/ROS/dev_ws/install/turtlesim/lib/libturtlesim__python.so
[6.759s] -- Up-to-date: /media/karthi/New Volume/Warrior/Projects/ROS/dev_ws/install/turtlesim/share/turtlesim/msg/MainBG.idl
[6.764s] -- Up-to-date: /media/karthi/New Volume/Warrior/Projects/ROS/dev_ws/install/turtlesim/share/turtlesim/srv/MainBG.idl
[6.769s] -- Up-to-date: /media/karthi/New Volume/Warrior/Projects/ROS/dev_ws/install/turtlesim/share/turtlesim/action/RotateAbsolute.idl
[6.772s] -- Up-to-date: /media/karthi/New Volume/Warrior/Projects/ROS/dev_ws/install/turtlesim/share/turtlesim/msg/Color.idl
[6.776s] -- Up-to-date: /media/karthi/New Volume/Warrior/Projects/ROS/dev_ws/install/turtlesim/share/turtlesim/msg/Pose.idl
[6.783s] -- Up-to-date: /media/karthi/New Volume/Warrior/Projects/ROS/dev_ws/install/turtlesim/share/turtlesim/srv/Kill.idl
[6.787s] -- Up-to-date: /media/karthi/New Volume/Warrior/Projects/ROS/dev_ws/install/turtlesim/share/turtlesim/srv/SetPen.idl
[6.791s] -- Up-to-date: /media/karthi/New Volume/Warrior/Projects/ROS/dev_ws/install/turtlesim/share/turtlesim/srv/Spawn.idl
[6.794s] -- Up-to-date: /media/karthi/New Volume/Warrior/Projects/ROS/dev_ws/install/turtlesim/share/turtlesim/srv/TeleportAbsolute.idl
[6.798s] -- Up-to-date: /media/karthi/New Volume/Warrior/Projects/ROS/dev_ws/install/turtlesim/share/turtlesim/srv/TeleportRelative.idl
[6.802s] -- Up-to-date: /media/karthi/New Volume/Warrior/Projects/ROS/dev_ws/install/turtlesim/share/turtlesim/msg/MainBG.msg
[6.806s] -- Up-to-date: /media/karthi/New Volume/Warrior/Projects/ROS/dev_ws/install/turtlesim/share/turtlesim/srv/MainBG.srv
[6.810s] -- Up-to-date: /media/karthi/New Volume/Warrior/Projects/ROS/dev_ws/install/turtlesim/share/turtlesim/srv/MainBG_Request.msg
[6.814s] -- Up-to-date: /media/karthi/New Volume/Warrior/Projects/ROS/dev_ws/install/turtlesim/share/turtlesim/srv/MainBG_Response.msg
[6.817s] -- Up-to-date: /media/karthi/New Volume/Warrior/Projects/ROS/dev_ws/install/turtlesim/share/turtlesim/action/RotateAbsolute.action
[6.819s] -- Up-to-date: /media/karthi/New Volume/Warrior/Projects/ROS/dev_ws/install/turtlesim/share/turtlesim/msg/Color.msg
[6.822s] -- Up-to-date: /media/karthi/New Volume/Warrior/Projects/ROS/dev_ws/install/turtlesim/share/turtlesim/msg/Pose.msg
[6.824s] -- Up-to-date: /media/karthi/New Volume/Warrior/Projects/ROS/dev_ws/install/turtlesim/share/turtlesim/srv/Kill.srv
[6.827s] -- Up-to-date: /media/karthi/New Volume/Warrior/Projects/ROS/dev_ws/install/turtlesim/share/turtlesim/srv/Kill_Request.msg
[6.829s] -- Up-to-date: /media/karthi/New Volume/Warrior/Projects/ROS/dev_ws/install/turtlesim/share/turtlesim/srv/Kill_Response.msg
[6.832s] -- Up-to-date: /media/karthi/New Volume/Warrior/Projects/ROS/dev_ws/install/turtlesim/share/turtlesim/srv/SetPen.srv
[6.834s] -- Up-to-date: /media/karthi/New Volume/Warrior/Projects/ROS/dev_ws/install/turtlesim/share/turtlesim/srv/SetPen_Request.msg
[6.837s] -- Up-to-date: /media/karthi/New Volume/Warrior/Projects/ROS/dev_ws/install/turtlesim/share/turtlesim/srv/SetPen_Response.msg
[6.839s] -- Up-to-date: /media/karthi/New Volume/Warrior/Projects/ROS/dev_ws/install/turtlesim/share/turtlesim/srv/Spawn.srv
[6.841s] -- Up-to-date: /media/karthi/New Volume/Warrior/Projects/ROS/dev_ws/install/turtlesim/share/turtlesim/srv/Spawn_Request.msg
[6.844s] -- Up-to-date: /media/karthi/New Volume/Warrior/Projects/ROS/dev_ws/install/turtlesim/share/turtlesim/srv/Spawn_Response.msg
[6.847s] -- Up-to-date: /media/karthi/New Volume/Warrior/Projects/ROS/dev_ws/install/turtlesim/share/turtlesim/srv/TeleportAbsolute.srv
[6.849s] -- Up-to-date: /media/karthi/New Volume/Warrior/Projects/ROS/dev_ws/install/turtlesim/share/turtlesim/srv/TeleportAbsolute_Request.msg
[6.852s] -- Up-to-date: /media/karthi/New Volume/Warrior/Projects/ROS/dev_ws/install/turtlesim/share/turtlesim/srv/TeleportAbsolute_Response.msg
[6.855s] -- Up-to-date: /media/karthi/New Volume/Warrior/Projects/ROS/dev_ws/install/turtlesim/share/turtlesim/srv/TeleportRelative.srv
[6.858s] -- Up-to-date: /media/karthi/New Volume/Warrior/Projects/ROS/dev_ws/install/turtlesim/share/turtlesim/srv/TeleportRelative_Request.msg
[6.864s] -- Up-to-date: /media/karthi/New Volume/Warrior/Projects/ROS/dev_ws/install/turtlesim/share/turtlesim/srv/TeleportRelative_Response.msg
[6.871s] -- Up-to-date: /media/karthi/New Volume/Warrior/Projects/ROS/dev_ws/install/turtlesim/lib/turtlesim/turtlesim_node
[6.884s] -- Up-to-date: /media/karthi/New Volume/Warrior/Projects/ROS/dev_ws/install/turtlesim/lib/turtlesim/turtle_teleop_key
[6.898s] -- Up-to-date: /media/karthi/New Volume/Warrior/Projects/ROS/dev_ws/install/turtlesim/lib/turtlesim/draw_square
[6.916s] -- Up-to-date: /media/karthi/New Volume/Warrior/Projects/ROS/dev_ws/install/turtlesim/lib/turtlesim/mimic
[6.922s] -- Up-to-date: /media/karthi/New Volume/Warrior/Projects/ROS/dev_ws/install/turtlesim/share/turtlesim/images
[6.926s] -- Up-to-date: /media/karthi/New Volume/Warrior/Projects/ROS/dev_ws/install/turtlesim/share/turtlesim/images/ardent.png
[6.930s] -- Up-to-date: /media/karthi/New Volume/Warrior/Projects/ROS/dev_ws/install/turtlesim/share/turtlesim/images/bouncy.png
[6.932s] -- Up-to-date: /media/karthi/New Volume/Warrior/Projects/ROS/dev_ws/install/turtlesim/share/turtlesim/images/crystal.png
[6.936s] -- Up-to-date: /media/karthi/New Volume/Warrior/Projects/ROS/dev_ws/install/turtlesim/share/turtlesim/images/dashing.png
[6.939s] -- Up-to-date: /media/karthi/New Volume/Warrior/Projects/ROS/dev_ws/install/turtlesim/share/turtlesim/images/eloquent.png
[6.942s] -- Up-to-date: /media/karthi/New Volume/Warrior/Projects/ROS/dev_ws/install/turtlesim/share/turtlesim/images/foxy.png
[6.947s] -- Up-to-date: /media/karthi/New Volume/Warrior/Projects/ROS/dev_ws/install/turtlesim/share/turtlesim/launch
[6.951s] -- Up-to-date: /media/karthi/New Volume/Warrior/Projects/ROS/dev_ws/install/turtlesim/share/turtlesim/launch/multisim.launch.py
[6.956s] -- Up-to-date: /media/karthi/New Volume/Warrior/Projects/ROS/dev_ws/install/turtlesim/share/ament_index/resource_index/package_run_dependencies/turtlesim
[6.960s] -- Up-to-date: /media/karthi/New Volume/Warrior/Projects/ROS/dev_ws/install/turtlesim/share/ament_index/resource_index/parent_prefix_path/turtlesim
[6.962s] -- Up-to-date: /media/karthi/New Volume/Warrior/Projects/ROS/dev_ws/install/turtlesim/share/turtlesim/environment/ament_prefix_path.sh
[6.966s] -- Up-to-date: /media/karthi/New Volume/Warrior/Projects/ROS/dev_ws/install/turtlesim/share/turtlesim/environment/ament_prefix_path.dsv
[6.969s] -- Up-to-date: /media/karthi/New Volume/Warrior/Projects/ROS/dev_ws/install/turtlesim/share/turtlesim/environment/path.sh
[6.972s] -- Up-to-date: /media/karthi/New Volume/Warrior/Projects/ROS/dev_ws/install/turtlesim/share/turtlesim/environment/path.dsv
[6.976s] -- Up-to-date: /media/karthi/New Volume/Warrior/Projects/ROS/dev_ws/install/turtlesim/share/turtlesim/local_setup.bash
[6.979s] -- Up-to-date: /media/karthi/New Volume/Warrior/Projects/ROS/dev_ws/install/turtlesim/share/turtlesim/local_setup.sh
[6.983s] -- Up-to-date: /media/karthi/New Volume/Warrior/Projects/ROS/dev_ws/install/turtlesim/share/turtlesim/local_setup.zsh
[6.987s] -- Up-to-date: /media/karthi/New Volume/Warrior/Projects/ROS/dev_ws/install/turtlesim/share/turtlesim/local_setup.dsv
[6.992s] -- Installing: /media/karthi/New Volume/Warrior/Projects/ROS/dev_ws/install/turtlesim/share/turtlesim/package.dsv
[7.014s] -- Up-to-date: /media/karthi/New Volume/Warrior/Projects/ROS/dev_ws/install/turtlesim/share/ament_index/resource_index/packages/turtlesim
[7.024s] -- Up-to-date: /media/karthi/New Volume/Warrior/Projects/ROS/dev_ws/install/turtlesim/share/turtlesim/cmake/turtlesim__rosidl_generator_cExport.cmake
[7.033s] -- Up-to-date: /media/karthi/New Volume/Warrior/Projects/ROS/dev_ws/install/turtlesim/share/turtlesim/cmake/turtlesim__rosidl_generator_cExport-noconfig.cmake
[7.048s] -- Up-to-date: /media/karthi/New Volume/Warrior/Projects/ROS/dev_ws/install/turtlesim/share/turtlesim/cmake/turtlesim__rosidl_typesupport_introspection_cExport.cmake
[7.054s] -- Up-to-date: /media/karthi/New Volume/Warrior/Projects/ROS/dev_ws/install/turtlesim/share/turtlesim/cmake/turtlesim__rosidl_typesupport_introspection_cExport-noconfig.cmake
[7.060s] -- Up-to-date: /media/karthi/New Volume/Warrior/Projects/ROS/dev_ws/install/turtlesim/share/turtlesim/cmake/turtlesim__rosidl_typesupport_cExport.cmake
[7.064s] -- Up-to-date: /media/karthi/New Volume/Warrior/Projects/ROS/dev_ws/install/turtlesim/share/turtlesim/cmake/turtlesim__rosidl_typesupport_cExport-noconfig.cmake
[7.073s] -- Up-to-date: /media/karthi/New Volume/Warrior/Projects/ROS/dev_ws/install/turtlesim/share/turtlesim/cmake/turtlesim__rosidl_generator_cppExport.cmake
[7.080s] -- Up-to-date: /media/karthi/New Volume/Warrior/Projects/ROS/dev_ws/install/turtlesim/share/turtlesim/cmake/turtlesim__rosidl_typesupport_introspection_cppExport.cmake
[7.083s] -- Up-to-date: /media/karthi/New Volume/Warrior/Projects/ROS/dev_ws/install/turtlesim/share/turtlesim/cmake/turtlesim__rosidl_typesupport_introspection_cppExport-noconfig.cmake
[7.089s] -- Up-to-date: /media/karthi/New Volume/Warrior/Projects/ROS/dev_ws/install/turtlesim/share/turtlesim/cmake/turtlesim__rosidl_typesupport_cppExport.cmake
[7.093s] -- Up-to-date: /media/karthi/New Volume/Warrior/Projects/ROS/dev_ws/install/turtlesim/share/turtlesim/cmake/turtlesim__rosidl_typesupport_cppExport-noconfig.cmake
[7.096s] -- Up-to-date: /media/karthi/New Volume/Warrior/Projects/ROS/dev_ws/install/turtlesim/share/turtlesim/cmake/rosidl_cmake-extras.cmake
[7.100s] -- Up-to-date: /media/karthi/New Volume/Warrior/Projects/ROS/dev_ws/install/turtlesim/share/turtlesim/cmake/ament_cmake_export_dependencies-extras.cmake
[7.104s] -- Up-to-date: /media/karthi/New Volume/Warrior/Projects/ROS/dev_ws/install/turtlesim/share/turtlesim/cmake/ament_cmake_export_libraries-extras.cmake
[7.107s] -- Up-to-date: /media/karthi/New Volume/Warrior/Projects/ROS/dev_ws/install/turtlesim/share/turtlesim/cmake/ament_cmake_export_targets-extras.cmake
[7.113s] -- Up-to-date: /media/karthi/New Volume/Warrior/Projects/ROS/dev_ws/install/turtlesim/share/turtlesim/cmake/ament_cmake_export_include_directories-extras.cmake
[7.117s] -- Up-to-date: /media/karthi/New Volume/Warrior/Projects/ROS/dev_ws/install/turtlesim/share/turtlesim/cmake/rosidl_cmake_export_typesupport_libraries-extras.cmake
[7.121s] -- Up-to-date: /media/karthi/New Volume/Warrior/Projects/ROS/dev_ws/install/turtlesim/share/turtlesim/cmake/rosidl_cmake_export_typesupport_targets-extras.cmake
[7.124s] -- Up-to-date: /media/karthi/New Volume/Warrior/Projects/ROS/dev_ws/install/turtlesim/share/turtlesim/cmake/turtlesimConfig.cmake
[7.128s] -- Up-to-date: /media/karthi/New Volume/Warrior/Projects/ROS/dev_ws/install/turtlesim/share/turtlesim/cmake/turtlesimConfig-version.cmake
[7.132s] -- Up-to-date: /media/karthi/New Volume/Warrior/Projects/ROS/dev_ws/install/turtlesim/share/turtlesim/package.xml
[7.147s] Invoked command in '/media/karthi/New Volume/Warrior/Projects/ROS/dev_ws/build/turtlesim' returned '0': CMAKE_PREFIX_PATH=${CMAKE_PREFIX_PATH}:/media/karthi/New Volume/Warrior/Projects/ROS/dev_ws/install/turtle_control:/opt/ros/foxy /usr/bin/cmake --install /media/karthi/New Volume/Warrior/Projects/ROS/dev_ws/build/turtlesim
