[0.105s] DEBUG:colcon:Command line arguments: ['/usr/bin/colcon', 'build', '--packages-select', 'pyturtle_interfaces']
[0.105s] DEBUG:colcon:Parsed command line arguments: Namespace(allow_overriding=[], ament_cmake_args=None, base_paths=['.'], build_base='build', catkin_cmake_args=None, catkin_skip_building_tests=False, cmake_args=None, cmake_clean_cache=False, cmake_clean_first=False, cmake_force_configure=False, cmake_target=None, cmake_target_skip_unavailable=False, continue_on_error=False, event_handlers=None, executor='parallel', ignore_user_meta=False, install_base='install', log_base=None, log_level=None, main=<bound method BuildVerb.main of <colcon_core.verb.build.BuildVerb object at 0x7f31e8ff0c40>>, merge_install=False, metas=['./colcon.meta'], packages_above=None, packages_above_and_dependencies=None, packages_above_depth=None, packages_end=None, packages_ignore=None, packages_ignore_regex=None, packages_select=['pyturtle_interfaces'], packages_select_build_failed=False, packages_select_by_dep=None, packages_select_regex=None, packages_select_test_failures=False, packages_skip=None, packages_skip_build_finished=False, packages_skip_by_dep=None, packages_skip_regex=None, packages_skip_test_passed=False, packages_skip_up_to=None, packages_start=None, packages_up_to=None, packages_up_to_regex=None, parallel_workers=12, paths=None, symlink_install=False, test_result_base=None, verb_extension=<colcon_core.verb.build.BuildVerb object at 0x7f31e8ff0c40>, verb_name='build', verb_parser=<colcon_defaults.argument_parser.defaults.DefaultArgumentsDecorator object at 0x7f31e8ffb1f0>)
[0.109s] Level 1:colcon.colcon_core.package_discovery:discover_packages(colcon_meta) check parameters
[0.109s] Level 1:colcon.colcon_core.package_discovery:discover_packages(recursive) check parameters
[0.109s] Level 1:colcon.colcon_core.package_discovery:discover_packages(ignore) check parameters
[0.110s] Level 1:colcon.colcon_core.package_discovery:discover_packages(path) check parameters
[0.110s] Level 1:colcon.colcon_core.package_discovery:discover_packages(colcon_meta) discover
[0.110s] Level 1:colcon.colcon_core.package_discovery:discover_packages(recursive) discover
[0.110s] INFO:colcon.colcon_core.package_discovery:Crawling recursively for packages in '/media/karthi/New Volume/Warrior/Projects/ROS/dev_ws'
[0.110s] Level 1:colcon.colcon_core.package_identification:_identify(.) by extensions ['ignore', 'ignore_ament_install']
[0.110s] Level 1:colcon.colcon_core.package_identification:_identify(.) by extension 'ignore'
[0.110s] Level 1:colcon.colcon_core.package_identification:_identify(.) by extension 'ignore_ament_install'
[0.110s] Level 1:colcon.colcon_core.package_identification:_identify(.) by extensions ['colcon_pkg']
[0.110s] Level 1:colcon.colcon_core.package_identification:_identify(.) by extension 'colcon_pkg'
[0.110s] Level 1:colcon.colcon_core.package_identification:_identify(.) by extensions ['colcon_meta']
[0.110s] Level 1:colcon.colcon_core.package_identification:_identify(.) by extension 'colcon_meta'
[0.111s] Level 1:colcon.colcon_core.package_identification:_identify(.) by extensions ['ros']
[0.111s] Level 1:colcon.colcon_core.package_identification:_identify(.) by extension 'ros'
[0.120s] Level 1:colcon.colcon_core.package_identification:_identify(.) by extensions ['cmake', 'python']
[0.120s] Level 1:colcon.colcon_core.package_identification:_identify(.) by extension 'cmake'
[0.120s] Level 1:colcon.colcon_core.package_identification:_identify(.) by extension 'python'
[0.120s] Level 1:colcon.colcon_core.package_identification:_identify(.) by extensions ['python_setup_py']
[0.120s] Level 1:colcon.colcon_core.package_identification:_identify(.) by extension 'python_setup_py'
[0.120s] Level 1:colcon.colcon_core.package_identification:_identify(build) by extensions ['ignore', 'ignore_ament_install']
[0.120s] Level 1:colcon.colcon_core.package_identification:_identify(build) by extension 'ignore'
[0.121s] Level 1:colcon.colcon_core.package_identification:_identify(build) ignored
[0.121s] Level 1:colcon.colcon_core.package_identification:_identify(install) by extensions ['ignore', 'ignore_ament_install']
[0.121s] Level 1:colcon.colcon_core.package_identification:_identify(install) by extension 'ignore'
[0.121s] Level 1:colcon.colcon_core.package_identification:_identify(install) ignored
[0.121s] Level 1:colcon.colcon_core.package_identification:_identify(log) by extensions ['ignore', 'ignore_ament_install']
[0.121s] Level 1:colcon.colcon_core.package_identification:_identify(log) by extension 'ignore'
[0.122s] Level 1:colcon.colcon_core.package_identification:_identify(log) ignored
[0.122s] Level 1:colcon.colcon_core.package_identification:_identify(src) by extensions ['ignore', 'ignore_ament_install']
[0.122s] Level 1:colcon.colcon_core.package_identification:_identify(src) by extension 'ignore'
[0.122s] Level 1:colcon.colcon_core.package_identification:_identify(src) by extension 'ignore_ament_install'
[0.122s] Level 1:colcon.colcon_core.package_identification:_identify(src) by extensions ['colcon_pkg']
[0.122s] Level 1:colcon.colcon_core.package_identification:_identify(src) by extension 'colcon_pkg'
[0.122s] Level 1:colcon.colcon_core.package_identification:_identify(src) by extensions ['colcon_meta']
[0.122s] Level 1:colcon.colcon_core.package_identification:_identify(src) by extension 'colcon_meta'
[0.122s] Level 1:colcon.colcon_core.package_identification:_identify(src) by extensions ['ros']
[0.122s] Level 1:colcon.colcon_core.package_identification:_identify(src) by extension 'ros'
[0.122s] Level 1:colcon.colcon_core.package_identification:_identify(src) by extensions ['cmake', 'python']
[0.123s] Level 1:colcon.colcon_core.package_identification:_identify(src) by extension 'cmake'
[0.123s] Level 1:colcon.colcon_core.package_identification:_identify(src) by extension 'python'
[0.123s] Level 1:colcon.colcon_core.package_identification:_identify(src) by extensions ['python_setup_py']
[0.123s] Level 1:colcon.colcon_core.package_identification:_identify(src) by extension 'python_setup_py'
[0.123s] Level 1:colcon.colcon_core.package_identification:_identify(src/pyturtle_interfaces) by extensions ['ignore', 'ignore_ament_install']
[0.123s] Level 1:colcon.colcon_core.package_identification:_identify(src/pyturtle_interfaces) by extension 'ignore'
[0.123s] Level 1:colcon.colcon_core.package_identification:_identify(src/pyturtle_interfaces) by extension 'ignore_ament_install'
[0.123s] Level 1:colcon.colcon_core.package_identification:_identify(src/pyturtle_interfaces) by extensions ['colcon_pkg']
[0.123s] Level 1:colcon.colcon_core.package_identification:_identify(src/pyturtle_interfaces) by extension 'colcon_pkg'
[0.124s] Level 1:colcon.colcon_core.package_identification:_identify(src/pyturtle_interfaces) by extensions ['colcon_meta']
[0.124s] Level 1:colcon.colcon_core.package_identification:_identify(src/pyturtle_interfaces) by extension 'colcon_meta'
[0.124s] Level 1:colcon.colcon_core.package_identification:_identify(src/pyturtle_interfaces) by extensions ['ros']
[0.124s] Level 1:colcon.colcon_core.package_identification:_identify(src/pyturtle_interfaces) by extension 'ros'
[0.126s] DEBUG:colcon.colcon_core.package_identification:Package 'src/pyturtle_interfaces' with type 'ros.ament_cmake' and name 'pyturtle_interfaces'
[0.126s] Level 1:colcon.colcon_core.package_identification:_identify(src/turtle_control) by extensions ['ignore', 'ignore_ament_install']
[0.126s] Level 1:colcon.colcon_core.package_identification:_identify(src/turtle_control) by extension 'ignore'
[0.126s] Level 1:colcon.colcon_core.package_identification:_identify(src/turtle_control) by extension 'ignore_ament_install'
[0.126s] Level 1:colcon.colcon_core.package_identification:_identify(src/turtle_control) by extensions ['colcon_pkg']
[0.126s] Level 1:colcon.colcon_core.package_identification:_identify(src/turtle_control) by extension 'colcon_pkg'
[0.126s] Level 1:colcon.colcon_core.package_identification:_identify(src/turtle_control) by extensions ['colcon_meta']
[0.127s] Level 1:colcon.colcon_core.package_identification:_identify(src/turtle_control) by extension 'colcon_meta'
[0.127s] Level 1:colcon.colcon_core.package_identification:_identify(src/turtle_control) by extensions ['ros']
[0.127s] Level 1:colcon.colcon_core.package_identification:_identify(src/turtle_control) by extension 'ros'
[0.127s] DEBUG:colcon.colcon_core.package_identification:Package 'src/turtle_control' with type 'ros.ament_python' and name 'turtle_control'
[0.128s] Level 1:colcon.colcon_core.package_identification:_identify(src/turtlesim) by extensions ['ignore', 'ignore_ament_install']
[0.128s] Level 1:colcon.colcon_core.package_identification:_identify(src/turtlesim) by extension 'ignore'
[0.128s] Level 1:colcon.colcon_core.package_identification:_identify(src/turtlesim) by extension 'ignore_ament_install'
[0.128s] Level 1:colcon.colcon_core.package_identification:_identify(src/turtlesim) by extensions ['colcon_pkg']
[0.128s] Level 1:colcon.colcon_core.package_identification:_identify(src/turtlesim) by extension 'colcon_pkg'
[0.128s] Level 1:colcon.colcon_core.package_identification:_identify(src/turtlesim) by extensions ['colcon_meta']
[0.128s] Level 1:colcon.colcon_core.package_identification:_identify(src/turtlesim) by extension 'colcon_meta'
[0.128s] Level 1:colcon.colcon_core.package_identification:_identify(src/turtlesim) by extensions ['ros']
[0.128s] Level 1:colcon.colcon_core.package_identification:_identify(src/turtlesim) by extension 'ros'
[0.129s] DEBUG:colcon.colcon_core.package_identification:Package 'src/turtlesim' with type 'ros.ament_cmake' and name 'turtlesim'
[0.130s] Level 1:colcon.colcon_core.package_discovery:discover_packages(recursive) using defaults
[0.130s] Level 1:colcon.colcon_core.package_discovery:discover_packages(ignore) discover
[0.130s] Level 1:colcon.colcon_core.package_discovery:discover_packages(ignore) using defaults
[0.130s] Level 1:colcon.colcon_core.package_discovery:discover_packages(path) discover
[0.130s] Level 1:colcon.colcon_core.package_discovery:discover_packages(path) using defaults
[0.143s] INFO:colcon.colcon_core.package_selection:Skipping not selected package 'turtlesim' in 'src/turtlesim'
[0.143s] INFO:colcon.colcon_core.package_selection:Skipping not selected package 'turtle_control' in 'src/turtle_control'
[0.144s] Level 5:colcon.colcon_core.verb:set package 'pyturtle_interfaces' build argument 'cmake_args' from command line to 'None'
[0.144s] Level 5:colcon.colcon_core.verb:set package 'pyturtle_interfaces' build argument 'cmake_target' from command line to 'None'
[0.144s] Level 5:colcon.colcon_core.verb:set package 'pyturtle_interfaces' build argument 'cmake_target_skip_unavailable' from command line to 'False'
[0.144s] Level 5:colcon.colcon_core.verb:set package 'pyturtle_interfaces' build argument 'cmake_clean_cache' from command line to 'False'
[0.144s] Level 5:colcon.colcon_core.verb:set package 'pyturtle_interfaces' build argument 'cmake_clean_first' from command line to 'False'
[0.144s] Level 5:colcon.colcon_core.verb:set package 'pyturtle_interfaces' build argument 'cmake_force_configure' from command line to 'False'
[0.144s] Level 5:colcon.colcon_core.verb:set package 'pyturtle_interfaces' build argument 'ament_cmake_args' from command line to 'None'
[0.144s] Level 5:colcon.colcon_core.verb:set package 'pyturtle_interfaces' build argument 'catkin_cmake_args' from command line to 'None'
[0.144s] Level 5:colcon.colcon_core.verb:set package 'pyturtle_interfaces' build argument 'catkin_skip_building_tests' from command line to 'False'
[0.144s] DEBUG:colcon.colcon_core.verb:Building package 'pyturtle_interfaces' with the following arguments: {'ament_cmake_args': None, 'build_base': '/media/karthi/New Volume/Warrior/Projects/ROS/dev_ws/build/pyturtle_interfaces', 'catkin_cmake_args': None, 'catkin_skip_building_tests': False, 'cmake_args': None, 'cmake_clean_cache': False, 'cmake_clean_first': False, 'cmake_force_configure': False, 'cmake_target': None, 'cmake_target_skip_unavailable': False, 'install_base': '/media/karthi/New Volume/Warrior/Projects/ROS/dev_ws/install/pyturtle_interfaces', 'merge_install': False, 'path': '/media/karthi/New Volume/Warrior/Projects/ROS/dev_ws/src/pyturtle_interfaces', 'symlink_install': False, 'test_result_base': None}
[0.147s] INFO:colcon.colcon_core.executor:Executing jobs using 'parallel' executor
[0.148s] DEBUG:colcon.colcon_parallel_executor.executor.parallel:run_until_complete
[0.149s] INFO:colcon.colcon_ros.task.ament_cmake.build:Building ROS package in '/media/karthi/New Volume/Warrior/Projects/ROS/dev_ws/src/pyturtle_interfaces' with build type 'ament_cmake'
[0.149s] INFO:colcon.colcon_cmake.task.cmake.build:Building CMake package in '/media/karthi/New Volume/Warrior/Projects/ROS/dev_ws/src/pyturtle_interfaces'
[0.152s] INFO:colcon.colcon_core.plugin_system:Skipping extension 'colcon_core.shell.bat': Not used on non-Windows systems
[0.152s] INFO:colcon.colcon_core.shell:Skip shell extension 'powershell' for command environment: Not usable outside of PowerShell
[0.152s] DEBUG:colcon.colcon_core.shell:Skip shell extension 'dsv' for command environment
[0.165s] DEBUG:colcon.colcon_core.event_handler.log_command:Invoking command in '/media/karthi/New Volume/Warrior/Projects/ROS/dev_ws/build/pyturtle_interfaces': CMAKE_PREFIX_PATH=/opt/ros/foxy /usr/bin/cmake --build /media/karthi/New Volume/Warrior/Projects/ROS/dev_ws/build/pyturtle_interfaces -- -j12 -l12
[3.558s] DEBUG:colcon.colcon_core.event_handler.log_command:Invoked command in '/media/karthi/New Volume/Warrior/Projects/ROS/dev_ws/build/pyturtle_interfaces' returned '0': CMAKE_PREFIX_PATH=/opt/ros/foxy /usr/bin/cmake --build /media/karthi/New Volume/Warrior/Projects/ROS/dev_ws/build/pyturtle_interfaces -- -j12 -l12
[3.610s] DEBUG:colcon.colcon_core.event_handler.log_command:Invoking command in '/media/karthi/New Volume/Warrior/Projects/ROS/dev_ws/build/pyturtle_interfaces': CMAKE_PREFIX_PATH=/opt/ros/foxy /usr/bin/cmake --install /media/karthi/New Volume/Warrior/Projects/ROS/dev_ws/build/pyturtle_interfaces
[3.849s] Level 1:colcon.colcon_core.environment:create_environment_scripts_only(pyturtle_interfaces)
[3.851s] DEBUG:colcon.colcon_core.event_handler.log_command:Invoked command in '/media/karthi/New Volume/Warrior/Projects/ROS/dev_ws/build/pyturtle_interfaces' returned '0': CMAKE_PREFIX_PATH=/opt/ros/foxy /usr/bin/cmake --install /media/karthi/New Volume/Warrior/Projects/ROS/dev_ws/build/pyturtle_interfaces
[3.854s] Level 1:colcon.colcon_core.environment:checking '/media/karthi/New Volume/Warrior/Projects/ROS/dev_ws/install/pyturtle_interfaces' for CMake module files
[3.859s] Level 1:colcon.colcon_core.environment:checking '/media/karthi/New Volume/Warrior/Projects/ROS/dev_ws/install/pyturtle_interfaces' for CMake config files
[3.863s] Level 1:colcon.colcon_core.shell:create_environment_hook('pyturtle_interfaces', 'cmake_prefix_path')
[3.864s] INFO:colcon.colcon_core.shell:Creating environment hook '/media/karthi/New Volume/Warrior/Projects/ROS/dev_ws/install/pyturtle_interfaces/share/pyturtle_interfaces/hook/cmake_prefix_path.ps1'
[3.865s] INFO:colcon.colcon_core.shell:Creating environment descriptor '/media/karthi/New Volume/Warrior/Projects/ROS/dev_ws/install/pyturtle_interfaces/share/pyturtle_interfaces/hook/cmake_prefix_path.dsv'
[3.866s] INFO:colcon.colcon_core.shell:Creating environment hook '/media/karthi/New Volume/Warrior/Projects/ROS/dev_ws/install/pyturtle_interfaces/share/pyturtle_interfaces/hook/cmake_prefix_path.sh'
[3.868s] Level 1:colcon.colcon_core.environment:checking '/media/karthi/New Volume/Warrior/Projects/ROS/dev_ws/install/pyturtle_interfaces/lib'
[3.868s] Level 1:colcon.colcon_core.shell:create_environment_hook('pyturtle_interfaces', 'ld_library_path_lib')
[3.869s] INFO:colcon.colcon_core.shell:Creating environment hook '/media/karthi/New Volume/Warrior/Projects/ROS/dev_ws/install/pyturtle_interfaces/share/pyturtle_interfaces/hook/ld_library_path_lib.ps1'
[3.869s] INFO:colcon.colcon_core.shell:Creating environment descriptor '/media/karthi/New Volume/Warrior/Projects/ROS/dev_ws/install/pyturtle_interfaces/share/pyturtle_interfaces/hook/ld_library_path_lib.dsv'
[3.870s] INFO:colcon.colcon_core.shell:Creating environment hook '/media/karthi/New Volume/Warrior/Projects/ROS/dev_ws/install/pyturtle_interfaces/share/pyturtle_interfaces/hook/ld_library_path_lib.sh'
[3.871s] Level 1:colcon.colcon_core.environment:checking '/media/karthi/New Volume/Warrior/Projects/ROS/dev_ws/install/pyturtle_interfaces/bin'
[3.871s] Level 1:colcon.colcon_core.environment:checking '/media/karthi/New Volume/Warrior/Projects/ROS/dev_ws/install/pyturtle_interfaces/lib/pkgconfig/pyturtle_interfaces.pc'
[3.871s] Level 1:colcon.colcon_core.environment:checking '/media/karthi/New Volume/Warrior/Projects/ROS/dev_ws/install/pyturtle_interfaces/lib/python3.8/site-packages'
[3.872s] Level 1:colcon.colcon_core.shell:create_environment_hook('pyturtle_interfaces', 'pythonpath')
[3.872s] INFO:colcon.colcon_core.shell:Creating environment hook '/media/karthi/New Volume/Warrior/Projects/ROS/dev_ws/install/pyturtle_interfaces/share/pyturtle_interfaces/hook/pythonpath.ps1'
[3.873s] INFO:colcon.colcon_core.shell:Creating environment descriptor '/media/karthi/New Volume/Warrior/Projects/ROS/dev_ws/install/pyturtle_interfaces/share/pyturtle_interfaces/hook/pythonpath.dsv'
[3.874s] INFO:colcon.colcon_core.shell:Creating environment hook '/media/karthi/New Volume/Warrior/Projects/ROS/dev_ws/install/pyturtle_interfaces/share/pyturtle_interfaces/hook/pythonpath.sh'
[3.875s] INFO:colcon.colcon_core.shell:Creating package script '/media/karthi/New Volume/Warrior/Projects/ROS/dev_ws/install/pyturtle_interfaces/share/pyturtle_interfaces/package.ps1'
[3.877s] INFO:colcon.colcon_core.shell:Creating package descriptor '/media/karthi/New Volume/Warrior/Projects/ROS/dev_ws/install/pyturtle_interfaces/share/pyturtle_interfaces/package.dsv'
[3.878s] INFO:colcon.colcon_core.shell:Creating package script '/media/karthi/New Volume/Warrior/Projects/ROS/dev_ws/install/pyturtle_interfaces/share/pyturtle_interfaces/package.sh'
[3.879s] INFO:colcon.colcon_core.shell:Creating package script '/media/karthi/New Volume/Warrior/Projects/ROS/dev_ws/install/pyturtle_interfaces/share/pyturtle_interfaces/package.bash'
[3.880s] INFO:colcon.colcon_core.shell:Creating package script '/media/karthi/New Volume/Warrior/Projects/ROS/dev_ws/install/pyturtle_interfaces/share/pyturtle_interfaces/package.zsh'
[3.882s] Level 1:colcon.colcon_core.environment:create_file_with_runtime_dependencies(/media/karthi/New Volume/Warrior/Projects/ROS/dev_ws/install/pyturtle_interfaces/share/colcon-core/packages/pyturtle_interfaces)
[3.921s] Level 1:colcon.colcon_core.environment:create_environment_scripts_only(pyturtle_interfaces)
[3.923s] Level 1:colcon.colcon_core.environment:checking '/media/karthi/New Volume/Warrior/Projects/ROS/dev_ws/install/pyturtle_interfaces' for CMake module files
[3.927s] Level 1:colcon.colcon_core.environment:checking '/media/karthi/New Volume/Warrior/Projects/ROS/dev_ws/install/pyturtle_interfaces' for CMake config files
[3.930s] Level 1:colcon.colcon_core.shell:create_environment_hook('pyturtle_interfaces', 'cmake_prefix_path')
[3.931s] INFO:colcon.colcon_core.shell:Creating environment hook '/media/karthi/New Volume/Warrior/Projects/ROS/dev_ws/install/pyturtle_interfaces/share/pyturtle_interfaces/hook/cmake_prefix_path.ps1'
[3.932s] INFO:colcon.colcon_core.shell:Creating environment descriptor '/media/karthi/New Volume/Warrior/Projects/ROS/dev_ws/install/pyturtle_interfaces/share/pyturtle_interfaces/hook/cmake_prefix_path.dsv'
[3.932s] INFO:colcon.colcon_core.shell:Creating environment hook '/media/karthi/New Volume/Warrior/Projects/ROS/dev_ws/install/pyturtle_interfaces/share/pyturtle_interfaces/hook/cmake_prefix_path.sh'
[3.933s] Level 1:colcon.colcon_core.environment:checking '/media/karthi/New Volume/Warrior/Projects/ROS/dev_ws/install/pyturtle_interfaces/lib'
[3.933s] Level 1:colcon.colcon_core.shell:create_environment_hook('pyturtle_interfaces', 'ld_library_path_lib')
[3.934s] INFO:colcon.colcon_core.shell:Creating environment hook '/media/karthi/New Volume/Warrior/Projects/ROS/dev_ws/install/pyturtle_interfaces/share/pyturtle_interfaces/hook/ld_library_path_lib.ps1'
[3.934s] INFO:colcon.colcon_core.shell:Creating environment descriptor '/media/karthi/New Volume/Warrior/Projects/ROS/dev_ws/install/pyturtle_interfaces/share/pyturtle_interfaces/hook/ld_library_path_lib.dsv'
[3.935s] INFO:colcon.colcon_core.shell:Creating environment hook '/media/karthi/New Volume/Warrior/Projects/ROS/dev_ws/install/pyturtle_interfaces/share/pyturtle_interfaces/hook/ld_library_path_lib.sh'
[3.935s] Level 1:colcon.colcon_core.environment:checking '/media/karthi/New Volume/Warrior/Projects/ROS/dev_ws/install/pyturtle_interfaces/bin'
[3.936s] Level 1:colcon.colcon_core.environment:checking '/media/karthi/New Volume/Warrior/Projects/ROS/dev_ws/install/pyturtle_interfaces/lib/pkgconfig/pyturtle_interfaces.pc'
[3.936s] Level 1:colcon.colcon_core.environment:checking '/media/karthi/New Volume/Warrior/Projects/ROS/dev_ws/install/pyturtle_interfaces/lib/python3.8/site-packages'
[3.936s] Level 1:colcon.colcon_core.shell:create_environment_hook('pyturtle_interfaces', 'pythonpath')
[3.936s] INFO:colcon.colcon_core.shell:Creating environment hook '/media/karthi/New Volume/Warrior/Projects/ROS/dev_ws/install/pyturtle_interfaces/share/pyturtle_interfaces/hook/pythonpath.ps1'
[3.937s] INFO:colcon.colcon_core.shell:Creating environment descriptor '/media/karthi/New Volume/Warrior/Projects/ROS/dev_ws/install/pyturtle_interfaces/share/pyturtle_interfaces/hook/pythonpath.dsv'
[3.937s] INFO:colcon.colcon_core.shell:Creating environment hook '/media/karthi/New Volume/Warrior/Projects/ROS/dev_ws/install/pyturtle_interfaces/share/pyturtle_interfaces/hook/pythonpath.sh'
[3.938s] INFO:colcon.colcon_core.shell:Creating package script '/media/karthi/New Volume/Warrior/Projects/ROS/dev_ws/install/pyturtle_interfaces/share/pyturtle_interfaces/package.ps1'
[3.939s] INFO:colcon.colcon_core.shell:Creating package descriptor '/media/karthi/New Volume/Warrior/Projects/ROS/dev_ws/install/pyturtle_interfaces/share/pyturtle_interfaces/package.dsv'
[3.940s] INFO:colcon.colcon_core.shell:Creating package script '/media/karthi/New Volume/Warrior/Projects/ROS/dev_ws/install/pyturtle_interfaces/share/pyturtle_interfaces/package.sh'
[3.941s] INFO:colcon.colcon_core.shell:Creating package script '/media/karthi/New Volume/Warrior/Projects/ROS/dev_ws/install/pyturtle_interfaces/share/pyturtle_interfaces/package.bash'
[3.941s] INFO:colcon.colcon_core.shell:Creating package script '/media/karthi/New Volume/Warrior/Projects/ROS/dev_ws/install/pyturtle_interfaces/share/pyturtle_interfaces/package.zsh'
[3.942s] Level 1:colcon.colcon_core.environment:create_file_with_runtime_dependencies(/media/karthi/New Volume/Warrior/Projects/ROS/dev_ws/install/pyturtle_interfaces/share/colcon-core/packages/pyturtle_interfaces)
[3.942s] DEBUG:colcon.colcon_parallel_executor.executor.parallel:closing loop
[3.943s] DEBUG:colcon.colcon_parallel_executor.executor.parallel:loop closed
[3.943s] DEBUG:colcon.colcon_parallel_executor.executor.parallel:run_until_complete finished with '0'
[3.943s] DEBUG:colcon.colcon_core.event_reactor:joining thread
[3.948s] INFO:colcon.colcon_core.plugin_system:Skipping extension 'colcon_notification.desktop_notification.terminal_notifier': Not used on non-Darwin systems
[3.948s] INFO:colcon.colcon_core.plugin_system:Skipping extension 'colcon_notification.desktop_notification.win32': Not used on non-Windows systems
[3.948s] INFO:colcon.colcon_notification.desktop_notification:Sending desktop notification using 'notify2'
[3.972s] DEBUG:colcon.colcon_core.event_reactor:joined thread
[3.973s] INFO:colcon.colcon_core.shell:Creating prefix script '/media/karthi/New Volume/Warrior/Projects/ROS/dev_ws/install/local_setup.ps1'
[3.974s] INFO:colcon.colcon_core.shell:Creating prefix util module '/media/karthi/New Volume/Warrior/Projects/ROS/dev_ws/install/_local_setup_util_ps1.py'
[3.976s] INFO:colcon.colcon_core.shell:Creating prefix chain script '/media/karthi/New Volume/Warrior/Projects/ROS/dev_ws/install/setup.ps1'
[3.977s] INFO:colcon.colcon_core.shell:Creating prefix script '/media/karthi/New Volume/Warrior/Projects/ROS/dev_ws/install/local_setup.sh'
[3.978s] INFO:colcon.colcon_core.shell:Creating prefix util module '/media/karthi/New Volume/Warrior/Projects/ROS/dev_ws/install/_local_setup_util_sh.py'
[3.979s] INFO:colcon.colcon_core.shell:Creating prefix chain script '/media/karthi/New Volume/Warrior/Projects/ROS/dev_ws/install/setup.sh'
[3.980s] INFO:colcon.colcon_core.shell:Creating prefix script '/media/karthi/New Volume/Warrior/Projects/ROS/dev_ws/install/local_setup.bash'
[3.981s] INFO:colcon.colcon_core.shell:Creating prefix chain script '/media/karthi/New Volume/Warrior/Projects/ROS/dev_ws/install/setup.bash'
[3.982s] INFO:colcon.colcon_core.shell:Creating prefix script '/media/karthi/New Volume/Warrior/Projects/ROS/dev_ws/install/local_setup.zsh'
[3.983s] INFO:colcon.colcon_core.shell:Creating prefix chain script '/media/karthi/New Volume/Warrior/Projects/ROS/dev_ws/install/setup.zsh'
