[0.819s] Invoking command in '/media/karthi/New Volume/Warrior/Projects/ROS/dev_ws/src/py_srvcli': PYTHONPATH=/media/karthi/New Volume/Warrior/Projects/ROS/dev_ws/install/py_srvcli/lib/python3.8/site-packages:${PYTHONPATH} /usr/bin/python3 setup.py egg_info --egg-base ../../build/py_srvcli build --build-base /media/karthi/New Volume/Warrior/Projects/ROS/dev_ws/build/py_srvcli/build install --prefix /media/karthi/New Volume/Warrior/Projects/ROS/dev_ws/install/py_srvcli --record /media/karthi/New Volume/Warrior/Projects/ROS/dev_ws/build/py_srvcli/install.log --single-version-externally-managed
[1.031s] running egg_info
[1.032s] writing ../../build/py_srvcli/py_srvcli.egg-info/PKG-INFO
[1.032s] writing dependency_links to ../../build/py_srvcli/py_srvcli.egg-info/dependency_links.txt
[1.033s] writing entry points to ../../build/py_srvcli/py_srvcli.egg-info/entry_points.txt
[1.033s] writing requirements to ../../build/py_srvcli/py_srvcli.egg-info/requires.txt
[1.033s] writing top-level names to ../../build/py_srvcli/py_srvcli.egg-info/top_level.txt
[1.069s] reading manifest file '../../build/py_srvcli/py_srvcli.egg-info/SOURCES.txt'
[1.073s] writing manifest file '../../build/py_srvcli/py_srvcli.egg-info/SOURCES.txt'
[1.073s] running build
[1.073s] running build_py
[1.075s] running install
[1.076s] running install_lib
[1.080s] running install_data
[1.081s] running install_egg_info
[1.084s] removing '/media/karthi/New Volume/Warrior/Projects/ROS/dev_ws/install/py_srvcli/lib/python3.8/site-packages/py_srvcli-0.0.0-py3.8.egg-info' (and everything under it)
[1.086s] Copying ../../build/py_srvcli/py_srvcli.egg-info to /media/karthi/New Volume/Warrior/Projects/ROS/dev_ws/install/py_srvcli/lib/python3.8/site-packages/py_srvcli-0.0.0-py3.8.egg-info
[1.092s] running install_scripts
[1.107s] Installing client script to /media/karthi/New Volume/Warrior/Projects/ROS/dev_ws/install/py_srvcli/lib/py_srvcli
[1.108s] Installing service script to /media/karthi/New Volume/Warrior/Projects/ROS/dev_ws/install/py_srvcli/lib/py_srvcli
[1.109s] writing list of installed files to '/media/karthi/New Volume/Warrior/Projects/ROS/dev_ws/build/py_srvcli/install.log'
