[0.704s] Invoking command in '/media/karthi/New Volume/Warrior/Projects/ROS/dev_ws/src/turtle_control': PYTHONPATH=/media/karthi/New Volume/Warrior/Projects/ROS/dev_ws/install/turtle_control/lib/python3.8/site-packages:${PYTHONPATH} /usr/bin/python3 setup.py egg_info --egg-base ../../build/turtle_control build --build-base /media/karthi/New Volume/Warrior/Projects/ROS/dev_ws/build/turtle_control/build install --prefix /media/karthi/New Volume/Warrior/Projects/ROS/dev_ws/install/turtle_control --record /media/karthi/New Volume/Warrior/Projects/ROS/dev_ws/build/turtle_control/install.log --single-version-externally-managed
[0.919s] running egg_info
[0.919s] writing ../../build/turtle_control/turtle_control.egg-info/PKG-INFO
[0.920s] writing dependency_links to ../../build/turtle_control/turtle_control.egg-info/dependency_links.txt
[0.920s] writing entry points to ../../build/turtle_control/turtle_control.egg-info/entry_points.txt
[0.920s] writing requirements to ../../build/turtle_control/turtle_control.egg-info/requires.txt
[0.921s] writing top-level names to ../../build/turtle_control/turtle_control.egg-info/top_level.txt
[0.950s] reading manifest file '../../build/turtle_control/turtle_control.egg-info/SOURCES.txt'
[0.953s] writing manifest file '../../build/turtle_control/turtle_control.egg-info/SOURCES.txt'
[0.953s] running build
[0.953s] running build_py
[0.954s] running install
[0.955s] running install_lib
[0.958s] running install_data
[0.960s] running install_egg_info
[0.961s] removing '/media/karthi/New Volume/Warrior/Projects/ROS/dev_ws/install/turtle_control/lib/python3.8/site-packages/turtle_control-0.0.0-py3.8.egg-info' (and everything under it)
[0.963s] Copying ../../build/turtle_control/turtle_control.egg-info to /media/karthi/New Volume/Warrior/Projects/ROS/dev_ws/install/turtle_control/lib/python3.8/site-packages/turtle_control-0.0.0-py3.8.egg-info
[0.970s] running install_scripts
[0.986s] Installing squaredo script to /media/karthi/New Volume/Warrior/Projects/ROS/dev_ws/install/turtle_control/lib/turtle_control
[0.987s] writing list of installed files to '/media/karthi/New Volume/Warrior/Projects/ROS/dev_ws/build/turtle_control/install.log'
[1.002s] Invoked command in '/media/karthi/New Volume/Warrior/Projects/ROS/dev_ws/src/turtle_control' returned '0': PYTHONPATH=/media/karthi/New Volume/Warrior/Projects/ROS/dev_ws/install/turtle_control/lib/python3.8/site-packages:${PYTHONPATH} /usr/bin/python3 setup.py egg_info --egg-base ../../build/turtle_control build --build-base /media/karthi/New Volume/Warrior/Projects/ROS/dev_ws/build/turtle_control/build install --prefix /media/karthi/New Volume/Warrior/Projects/ROS/dev_ws/install/turtle_control --record /media/karthi/New Volume/Warrior/Projects/ROS/dev_ws/build/turtle_control/install.log --single-version-externally-managed
