[0.608s] Invoking command in '/media/karthi/New Volume/Warrior/Projects/ROS/dev_ws/src/py_pubsub': PYTHONPATH=/media/karthi/New Volume/Warrior/Projects/ROS/dev_ws/install/py_pubsub/lib/python3.8/site-packages:${PYTHONPATH} /usr/bin/python3 setup.py egg_info --egg-base ../../build/py_pubsub build --build-base /media/karthi/New Volume/Warrior/Projects/ROS/dev_ws/build/py_pubsub/build install --prefix /media/karthi/New Volume/Warrior/Projects/ROS/dev_ws/install/py_pubsub --record /media/karthi/New Volume/Warrior/Projects/ROS/dev_ws/build/py_pubsub/install.log --single-version-externally-managed
[0.787s] running egg_info
[0.787s] writing ../../build/py_pubsub/py_pubsub.egg-info/PKG-INFO
[0.787s] writing dependency_links to ../../build/py_pubsub/py_pubsub.egg-info/dependency_links.txt
[0.788s] writing entry points to ../../build/py_pubsub/py_pubsub.egg-info/entry_points.txt
[0.788s] writing requirements to ../../build/py_pubsub/py_pubsub.egg-info/requires.txt
[0.788s] writing top-level names to ../../build/py_pubsub/py_pubsub.egg-info/top_level.txt
[0.817s] reading manifest file '../../build/py_pubsub/py_pubsub.egg-info/SOURCES.txt'
[0.819s] writing manifest file '../../build/py_pubsub/py_pubsub.egg-info/SOURCES.txt'
[0.819s] running build
[0.819s] running build_py
[0.820s] copying py_pubsub/publisher_member_function.py -> /media/karthi/New Volume/Warrior/Projects/ROS/dev_ws/build/py_pubsub/build/lib/py_pubsub
[0.821s] running install
[0.822s] running install_lib
[0.823s] copying /media/karthi/New Volume/Warrior/Projects/ROS/dev_ws/build/py_pubsub/build/lib/py_pubsub/publisher_member_function.py -> /media/karthi/New Volume/Warrior/Projects/ROS/dev_ws/install/py_pubsub/lib/python3.8/site-packages/py_pubsub
[0.826s] byte-compiling /media/karthi/New Volume/Warrior/Projects/ROS/dev_ws/install/py_pubsub/lib/python3.8/site-packages/py_pubsub/publisher_member_function.py to publisher_member_function.cpython-38.pyc
[0.828s] running install_data
[0.829s] running install_egg_info
[0.831s] removing '/media/karthi/New Volume/Warrior/Projects/ROS/dev_ws/install/py_pubsub/lib/python3.8/site-packages/py_pubsub-0.0.0-py3.8.egg-info' (and everything under it)
[0.832s] Copying ../../build/py_pubsub/py_pubsub.egg-info to /media/karthi/New Volume/Warrior/Projects/ROS/dev_ws/install/py_pubsub/lib/python3.8/site-packages/py_pubsub-0.0.0-py3.8.egg-info
[0.839s] running install_scripts
[0.853s] Installing listener script to /media/karthi/New Volume/Warrior/Projects/ROS/dev_ws/install/py_pubsub/lib/py_pubsub
[0.853s] Installing talker script to /media/karthi/New Volume/Warrior/Projects/ROS/dev_ws/install/py_pubsub/lib/py_pubsub
[0.854s] writing list of installed files to '/media/karthi/New Volume/Warrior/Projects/ROS/dev_ws/build/py_pubsub/install.log'
[0.868s] Invoked command in '/media/karthi/New Volume/Warrior/Projects/ROS/dev_ws/src/py_pubsub' returned '0': PYTHONPATH=/media/karthi/New Volume/Warrior/Projects/ROS/dev_ws/install/py_pubsub/lib/python3.8/site-packages:${PYTHONPATH} /usr/bin/python3 setup.py egg_info --egg-base ../../build/py_pubsub build --build-base /media/karthi/New Volume/Warrior/Projects/ROS/dev_ws/build/py_pubsub/build install --prefix /media/karthi/New Volume/Warrior/Projects/ROS/dev_ws/install/py_pubsub --record /media/karthi/New Volume/Warrior/Projects/ROS/dev_ws/build/py_pubsub/install.log --single-version-externally-managed
