[0.217s] Invoking command in '/media/karthi/New Volume/Warrior/Projects/ROS/dev_ws/build/turtlesim': CMAKE_PREFIX_PATH=/opt/ros/foxy /usr/bin/cmake --build /media/karthi/New Volume/Warrior/Projects/ROS/dev_ws/build/turtlesim -- -j12 -l12
[0.281s] [  1%] Built target turtlesim__cpp
[0.295s] [ 11%] Built target turtlesim__rosidl_generator_c
[0.321s] [ 21%] Built target turtlesim__rosidl_typesupport_cpp
[0.323s] [ 31%] Built target turtlesim__rosidl_typesupport_introspection_cpp
[0.332s] [ 41%] Built target turtlesim__rosidl_typesupport_fastrtps_cpp
[0.333s] [ 51%] Built target turtlesim__rosidl_typesupport_c
[0.339s] [ 61%] Built target turtlesim__rosidl_typesupport_introspection_c
[0.371s] [ 71%] Built target turtlesim__rosidl_typesupport_fastrtps_c
[0.391s] [ 71%] Built target turtlesim
[0.413s] [35m[1mScanning dependencies of target turtlesim_node[0m
[0.423s] [ 72%] Built target turtlesim__py
[0.424s] [ 74%] Built target mimic
[0.426s] [ 76%] Built target turtle_teleop_key
[0.431s] [ 78%] Built target draw_square
[0.465s] [ 87%] Built target turtlesim__python
[0.503s] [ 89%] Built target turtlesim__rosidl_typesupport_fastrtps_c__pyext
[0.504s] [ 93%] Built target turtlesim__rosidl_typesupport_introspection_c__pyext
[0.504s] [ 93%] Built target turtlesim__rosidl_typesupport_c__pyext
[0.764s] [ 94%] [32mBuilding CXX object CMakeFiles/turtlesim_node.dir/src/turtle_frame.cpp.o[0m
[6.362s] [ 95%] [32m[1mLinking CXX executable turtlesim_node[0m
[7.966s] [100%] Built target turtlesim_node
[8.013s] Invoked command in '/media/karthi/New Volume/Warrior/Projects/ROS/dev_ws/build/turtlesim' returned '0': CMAKE_PREFIX_PATH=/opt/ros/foxy /usr/bin/cmake --build /media/karthi/New Volume/Warrior/Projects/ROS/dev_ws/build/turtlesim -- -j12 -l12
[8.168s] Invoking command in '/media/karthi/New Volume/Warrior/Projects/ROS/dev_ws/build/turtlesim': CMAKE_PREFIX_PATH=/opt/ros/foxy /usr/bin/cmake --install /media/karthi/New Volume/Warrior/Projects/ROS/dev_ws/build/turtlesim
[8.175s] -- Install configuration: ""
[8.175s] -- Up-to-date: /media/karthi/New Volume/Warrior/Projects/ROS/dev_ws/install/turtlesim/share/ament_index/resource_index/rosidl_interfaces/turtlesim
[8.176s] -- Up-to-date: /media/karthi/New Volume/Warrior/Projects/ROS/dev_ws/install/turtlesim/include/turtlesim
[8.177s] -- Up-to-date: /media/karthi/New Volume/Warrior/Projects/ROS/dev_ws/install/turtlesim/include/turtlesim/action
[8.178s] -- Up-to-date: /media/karthi/New Volume/Warrior/Projects/ROS/dev_ws/install/turtlesim/include/turtlesim/action/detail
[8.179s] -- Up-to-date: /media/karthi/New Volume/Warrior/Projects/ROS/dev_ws/install/turtlesim/include/turtlesim/action/detail/rotate_absolute__functions.c
[8.179s] -- Up-to-date: /media/karthi/New Volume/Warrior/Projects/ROS/dev_ws/install/turtlesim/include/turtlesim/action/detail/rotate_absolute__functions.h
[8.180s] -- Up-to-date: /media/karthi/New Volume/Warrior/Projects/ROS/dev_ws/install/turtlesim/include/turtlesim/action/detail/rotate_absolute__struct.h
[8.181s] -- Up-to-date: /media/karthi/New Volume/Warrior/Projects/ROS/dev_ws/install/turtlesim/include/turtlesim/action/detail/rotate_absolute__type_support.h
[8.182s] -- Up-to-date: /media/karthi/New Volume/Warrior/Projects/ROS/dev_ws/install/turtlesim/include/turtlesim/action/rotate_absolute.h
[8.182s] -- Up-to-date: /media/karthi/New Volume/Warrior/Projects/ROS/dev_ws/install/turtlesim/include/turtlesim/msg
[8.183s] -- Up-to-date: /media/karthi/New Volume/Warrior/Projects/ROS/dev_ws/install/turtlesim/include/turtlesim/msg/color.h
[8.184s] -- Up-to-date: /media/karthi/New Volume/Warrior/Projects/ROS/dev_ws/install/turtlesim/include/turtlesim/msg/detail
[8.185s] -- Up-to-date: /media/karthi/New Volume/Warrior/Projects/ROS/dev_ws/install/turtlesim/include/turtlesim/msg/detail/color__functions.c
[8.186s] -- Up-to-date: /media/karthi/New Volume/Warrior/Projects/ROS/dev_ws/install/turtlesim/include/turtlesim/msg/detail/color__functions.h
[8.186s] -- Up-to-date: /media/karthi/New Volume/Warrior/Projects/ROS/dev_ws/install/turtlesim/include/turtlesim/msg/detail/color__struct.h
[8.187s] -- Up-to-date: /media/karthi/New Volume/Warrior/Projects/ROS/dev_ws/install/turtlesim/include/turtlesim/msg/detail/color__type_support.h
[8.188s] -- Up-to-date: /media/karthi/New Volume/Warrior/Projects/ROS/dev_ws/install/turtlesim/include/turtlesim/msg/detail/pose__functions.c
[8.189s] -- Up-to-date: /media/karthi/New Volume/Warrior/Projects/ROS/dev_ws/install/turtlesim/include/turtlesim/msg/detail/pose__functions.h
[8.190s] -- Up-to-date: /media/karthi/New Volume/Warrior/Projects/ROS/dev_ws/install/turtlesim/include/turtlesim/msg/detail/pose__struct.h
[8.190s] -- Up-to-date: /media/karthi/New Volume/Warrior/Projects/ROS/dev_ws/install/turtlesim/include/turtlesim/msg/detail/pose__type_support.h
[8.191s] -- Up-to-date: /media/karthi/New Volume/Warrior/Projects/ROS/dev_ws/install/turtlesim/include/turtlesim/msg/pose.h
[8.192s] -- Up-to-date: /media/karthi/New Volume/Warrior/Projects/ROS/dev_ws/install/turtlesim/include/turtlesim/msg/rosidl_generator_c__visibility_control.h
[8.193s] -- Up-to-date: /media/karthi/New Volume/Warrior/Projects/ROS/dev_ws/install/turtlesim/include/turtlesim/srv
[8.193s] -- Up-to-date: /media/karthi/New Volume/Warrior/Projects/ROS/dev_ws/install/turtlesim/include/turtlesim/srv/detail
[8.194s] -- Up-to-date: /media/karthi/New Volume/Warrior/Projects/ROS/dev_ws/install/turtlesim/include/turtlesim/srv/detail/kill__functions.c
[8.195s] -- Up-to-date: /media/karthi/New Volume/Warrior/Projects/ROS/dev_ws/install/turtlesim/include/turtlesim/srv/detail/kill__functions.h
[8.196s] -- Up-to-date: /media/karthi/New Volume/Warrior/Projects/ROS/dev_ws/install/turtlesim/include/turtlesim/srv/detail/kill__struct.h
[8.197s] -- Up-to-date: /media/karthi/New Volume/Warrior/Projects/ROS/dev_ws/install/turtlesim/include/turtlesim/srv/detail/kill__type_support.h
[8.198s] -- Up-to-date: /media/karthi/New Volume/Warrior/Projects/ROS/dev_ws/install/turtlesim/include/turtlesim/srv/detail/set_pen__functions.c
[8.198s] -- Up-to-date: /media/karthi/New Volume/Warrior/Projects/ROS/dev_ws/install/turtlesim/include/turtlesim/srv/detail/set_pen__functions.h
[8.199s] -- Up-to-date: /media/karthi/New Volume/Warrior/Projects/ROS/dev_ws/install/turtlesim/include/turtlesim/srv/detail/set_pen__struct.h
[8.200s] -- Up-to-date: /media/karthi/New Volume/Warrior/Projects/ROS/dev_ws/install/turtlesim/include/turtlesim/srv/detail/set_pen__type_support.h
[8.201s] -- Up-to-date: /media/karthi/New Volume/Warrior/Projects/ROS/dev_ws/install/turtlesim/include/turtlesim/srv/detail/spawn__functions.c
[8.201s] -- Up-to-date: /media/karthi/New Volume/Warrior/Projects/ROS/dev_ws/install/turtlesim/include/turtlesim/srv/detail/spawn__functions.h
[8.202s] -- Up-to-date: /media/karthi/New Volume/Warrior/Projects/ROS/dev_ws/install/turtlesim/include/turtlesim/srv/detail/spawn__struct.h
[8.203s] -- Up-to-date: /media/karthi/New Volume/Warrior/Projects/ROS/dev_ws/install/turtlesim/include/turtlesim/srv/detail/spawn__type_support.h
[8.204s] -- Up-to-date: /media/karthi/New Volume/Warrior/Projects/ROS/dev_ws/install/turtlesim/include/turtlesim/srv/detail/teleport_absolute__functions.c
[8.205s] -- Up-to-date: /media/karthi/New Volume/Warrior/Projects/ROS/dev_ws/install/turtlesim/include/turtlesim/srv/detail/teleport_absolute__functions.h
[8.205s] -- Up-to-date: /media/karthi/New Volume/Warrior/Projects/ROS/dev_ws/install/turtlesim/include/turtlesim/srv/detail/teleport_absolute__struct.h
[8.206s] -- Up-to-date: /media/karthi/New Volume/Warrior/Projects/ROS/dev_ws/install/turtlesim/include/turtlesim/srv/detail/teleport_absolute__type_support.h
[8.207s] -- Up-to-date: /media/karthi/New Volume/Warrior/Projects/ROS/dev_ws/install/turtlesim/include/turtlesim/srv/detail/teleport_relative__functions.c
[8.208s] -- Up-to-date: /media/karthi/New Volume/Warrior/Projects/ROS/dev_ws/install/turtlesim/include/turtlesim/srv/detail/teleport_relative__functions.h
[8.208s] -- Up-to-date: /media/karthi/New Volume/Warrior/Projects/ROS/dev_ws/install/turtlesim/include/turtlesim/srv/detail/teleport_relative__struct.h
[8.209s] -- Up-to-date: /media/karthi/New Volume/Warrior/Projects/ROS/dev_ws/install/turtlesim/include/turtlesim/srv/detail/teleport_relative__type_support.h
[8.210s] -- Up-to-date: /media/karthi/New Volume/Warrior/Projects/ROS/dev_ws/install/turtlesim/include/turtlesim/srv/kill.h
[8.211s] -- Up-to-date: /media/karthi/New Volume/Warrior/Projects/ROS/dev_ws/install/turtlesim/include/turtlesim/srv/set_pen.h
[8.211s] -- Up-to-date: /media/karthi/New Volume/Warrior/Projects/ROS/dev_ws/install/turtlesim/include/turtlesim/srv/spawn.h
[8.212s] -- Up-to-date: /media/karthi/New Volume/Warrior/Projects/ROS/dev_ws/install/turtlesim/include/turtlesim/srv/teleport_absolute.h
[8.213s] -- Up-to-date: /media/karthi/New Volume/Warrior/Projects/ROS/dev_ws/install/turtlesim/include/turtlesim/srv/teleport_relative.h
[8.214s] -- Up-to-date: /media/karthi/New Volume/Warrior/Projects/ROS/dev_ws/install/turtlesim/share/turtlesim/environment/library_path.sh
[8.214s] -- Up-to-date: /media/karthi/New Volume/Warrior/Projects/ROS/dev_ws/install/turtlesim/share/turtlesim/environment/library_path.dsv
[8.216s] -- Up-to-date: /media/karthi/New Volume/Warrior/Projects/ROS/dev_ws/install/turtlesim/lib/libturtlesim__rosidl_generator_c.so
[8.217s] -- Up-to-date: /media/karthi/New Volume/Warrior/Projects/ROS/dev_ws/install/turtlesim/include/turtlesim
[8.218s] -- Up-to-date: /media/karthi/New Volume/Warrior/Projects/ROS/dev_ws/install/turtlesim/include/turtlesim/action
[8.219s] -- Up-to-date: /media/karthi/New Volume/Warrior/Projects/ROS/dev_ws/install/turtlesim/include/turtlesim/action/detail
[8.220s] -- Up-to-date: /media/karthi/New Volume/Warrior/Projects/ROS/dev_ws/install/turtlesim/include/turtlesim/action/detail/rotate_absolute__rosidl_typesupport_fastrtps_c.h
[8.220s] -- Up-to-date: /media/karthi/New Volume/Warrior/Projects/ROS/dev_ws/install/turtlesim/include/turtlesim/msg
[8.221s] -- Up-to-date: /media/karthi/New Volume/Warrior/Projects/ROS/dev_ws/install/turtlesim/include/turtlesim/msg/detail
[8.222s] -- Up-to-date: /media/karthi/New Volume/Warrior/Projects/ROS/dev_ws/install/turtlesim/include/turtlesim/msg/detail/color__rosidl_typesupport_fastrtps_c.h
[8.223s] -- Up-to-date: /media/karthi/New Volume/Warrior/Projects/ROS/dev_ws/install/turtlesim/include/turtlesim/msg/detail/pose__rosidl_typesupport_fastrtps_c.h
[8.224s] -- Up-to-date: /media/karthi/New Volume/Warrior/Projects/ROS/dev_ws/install/turtlesim/include/turtlesim/msg/rosidl_typesupport_fastrtps_c__visibility_control.h
[8.224s] -- Up-to-date: /media/karthi/New Volume/Warrior/Projects/ROS/dev_ws/install/turtlesim/include/turtlesim/srv
[8.225s] -- Up-to-date: /media/karthi/New Volume/Warrior/Projects/ROS/dev_ws/install/turtlesim/include/turtlesim/srv/detail
[8.226s] -- Up-to-date: /media/karthi/New Volume/Warrior/Projects/ROS/dev_ws/install/turtlesim/include/turtlesim/srv/detail/kill__rosidl_typesupport_fastrtps_c.h
[8.227s] -- Up-to-date: /media/karthi/New Volume/Warrior/Projects/ROS/dev_ws/install/turtlesim/include/turtlesim/srv/detail/set_pen__rosidl_typesupport_fastrtps_c.h
[8.228s] -- Up-to-date: /media/karthi/New Volume/Warrior/Projects/ROS/dev_ws/install/turtlesim/include/turtlesim/srv/detail/spawn__rosidl_typesupport_fastrtps_c.h
[8.229s] -- Up-to-date: /media/karthi/New Volume/Warrior/Projects/ROS/dev_ws/install/turtlesim/include/turtlesim/srv/detail/teleport_absolute__rosidl_typesupport_fastrtps_c.h
[8.230s] -- Up-to-date: /media/karthi/New Volume/Warrior/Projects/ROS/dev_ws/install/turtlesim/include/turtlesim/srv/detail/teleport_relative__rosidl_typesupport_fastrtps_c.h
[8.231s] -- Up-to-date: /media/karthi/New Volume/Warrior/Projects/ROS/dev_ws/install/turtlesim/lib/libturtlesim__rosidl_typesupport_fastrtps_c.so
[8.232s] -- Up-to-date: /media/karthi/New Volume/Warrior/Projects/ROS/dev_ws/install/turtlesim/include/turtlesim
[8.233s] -- Up-to-date: /media/karthi/New Volume/Warrior/Projects/ROS/dev_ws/install/turtlesim/include/turtlesim/action
[8.234s] -- Up-to-date: /media/karthi/New Volume/Warrior/Projects/ROS/dev_ws/install/turtlesim/include/turtlesim/action/detail
[8.235s] -- Up-to-date: /media/karthi/New Volume/Warrior/Projects/ROS/dev_ws/install/turtlesim/include/turtlesim/action/detail/dds_fastrtps
[8.236s] -- Up-to-date: /media/karthi/New Volume/Warrior/Projects/ROS/dev_ws/install/turtlesim/include/turtlesim/action/detail/rotate_absolute__rosidl_typesupport_fastrtps_cpp.hpp
[8.236s] -- Up-to-date: /media/karthi/New Volume/Warrior/Projects/ROS/dev_ws/install/turtlesim/include/turtlesim/msg
[8.237s] -- Up-to-date: /media/karthi/New Volume/Warrior/Projects/ROS/dev_ws/install/turtlesim/include/turtlesim/msg/detail
[8.238s] -- Up-to-date: /media/karthi/New Volume/Warrior/Projects/ROS/dev_ws/install/turtlesim/include/turtlesim/msg/detail/color__rosidl_typesupport_fastrtps_cpp.hpp
[8.239s] -- Up-to-date: /media/karthi/New Volume/Warrior/Projects/ROS/dev_ws/install/turtlesim/include/turtlesim/msg/detail/dds_fastrtps
[8.240s] -- Up-to-date: /media/karthi/New Volume/Warrior/Projects/ROS/dev_ws/install/turtlesim/include/turtlesim/msg/detail/pose__rosidl_typesupport_fastrtps_cpp.hpp
[8.241s] -- Up-to-date: /media/karthi/New Volume/Warrior/Projects/ROS/dev_ws/install/turtlesim/include/turtlesim/msg/rosidl_typesupport_fastrtps_cpp__visibility_control.h
[8.241s] -- Up-to-date: /media/karthi/New Volume/Warrior/Projects/ROS/dev_ws/install/turtlesim/include/turtlesim/srv
[8.242s] -- Up-to-date: /media/karthi/New Volume/Warrior/Projects/ROS/dev_ws/install/turtlesim/include/turtlesim/srv/detail
[8.243s] -- Up-to-date: /media/karthi/New Volume/Warrior/Projects/ROS/dev_ws/install/turtlesim/include/turtlesim/srv/detail/dds_fastrtps
[8.244s] -- Up-to-date: /media/karthi/New Volume/Warrior/Projects/ROS/dev_ws/install/turtlesim/include/turtlesim/srv/detail/kill__rosidl_typesupport_fastrtps_cpp.hpp
[8.245s] -- Up-to-date: /media/karthi/New Volume/Warrior/Projects/ROS/dev_ws/install/turtlesim/include/turtlesim/srv/detail/set_pen__rosidl_typesupport_fastrtps_cpp.hpp
[8.246s] -- Up-to-date: /media/karthi/New Volume/Warrior/Projects/ROS/dev_ws/install/turtlesim/include/turtlesim/srv/detail/spawn__rosidl_typesupport_fastrtps_cpp.hpp
[8.247s] -- Up-to-date: /media/karthi/New Volume/Warrior/Projects/ROS/dev_ws/install/turtlesim/include/turtlesim/srv/detail/teleport_absolute__rosidl_typesupport_fastrtps_cpp.hpp
[8.247s] -- Up-to-date: /media/karthi/New Volume/Warrior/Projects/ROS/dev_ws/install/turtlesim/include/turtlesim/srv/detail/teleport_relative__rosidl_typesupport_fastrtps_cpp.hpp
[8.249s] -- Up-to-date: /media/karthi/New Volume/Warrior/Projects/ROS/dev_ws/install/turtlesim/lib/libturtlesim__rosidl_typesupport_fastrtps_cpp.so
[8.250s] -- Up-to-date: /media/karthi/New Volume/Warrior/Projects/ROS/dev_ws/install/turtlesim/include/turtlesim
[8.251s] -- Up-to-date: /media/karthi/New Volume/Warrior/Projects/ROS/dev_ws/install/turtlesim/include/turtlesim/action
[8.251s] -- Up-to-date: /media/karthi/New Volume/Warrior/Projects/ROS/dev_ws/install/turtlesim/include/turtlesim/action/detail
[8.252s] -- Up-to-date: /media/karthi/New Volume/Warrior/Projects/ROS/dev_ws/install/turtlesim/include/turtlesim/action/detail/rotate_absolute__rosidl_typesupport_introspection_c.h
[8.253s] -- Up-to-date: /media/karthi/New Volume/Warrior/Projects/ROS/dev_ws/install/turtlesim/include/turtlesim/action/detail/rotate_absolute__type_support.c
[8.254s] -- Up-to-date: /media/karthi/New Volume/Warrior/Projects/ROS/dev_ws/install/turtlesim/include/turtlesim/msg
[8.255s] -- Up-to-date: /media/karthi/New Volume/Warrior/Projects/ROS/dev_ws/install/turtlesim/include/turtlesim/msg/detail
[8.256s] -- Up-to-date: /media/karthi/New Volume/Warrior/Projects/ROS/dev_ws/install/turtlesim/include/turtlesim/msg/detail/color__rosidl_typesupport_introspection_c.h
[8.256s] -- Up-to-date: /media/karthi/New Volume/Warrior/Projects/ROS/dev_ws/install/turtlesim/include/turtlesim/msg/detail/color__type_support.c
[8.257s] -- Up-to-date: /media/karthi/New Volume/Warrior/Projects/ROS/dev_ws/install/turtlesim/include/turtlesim/msg/detail/pose__rosidl_typesupport_introspection_c.h
[8.258s] -- Up-to-date: /media/karthi/New Volume/Warrior/Projects/ROS/dev_ws/install/turtlesim/include/turtlesim/msg/detail/pose__type_support.c
[8.259s] -- Up-to-date: /media/karthi/New Volume/Warrior/Projects/ROS/dev_ws/install/turtlesim/include/turtlesim/msg/rosidl_typesupport_introspection_c__visibility_control.h
[8.259s] -- Up-to-date: /media/karthi/New Volume/Warrior/Projects/ROS/dev_ws/install/turtlesim/include/turtlesim/srv
[8.260s] -- Up-to-date: /media/karthi/New Volume/Warrior/Projects/ROS/dev_ws/install/turtlesim/include/turtlesim/srv/detail
[8.261s] -- Up-to-date: /media/karthi/New Volume/Warrior/Projects/ROS/dev_ws/install/turtlesim/include/turtlesim/srv/detail/kill__rosidl_typesupport_introspection_c.h
[8.262s] -- Up-to-date: /media/karthi/New Volume/Warrior/Projects/ROS/dev_ws/install/turtlesim/include/turtlesim/srv/detail/kill__type_support.c
[8.263s] -- Up-to-date: /media/karthi/New Volume/Warrior/Projects/ROS/dev_ws/install/turtlesim/include/turtlesim/srv/detail/set_pen__rosidl_typesupport_introspection_c.h
[8.263s] -- Up-to-date: /media/karthi/New Volume/Warrior/Projects/ROS/dev_ws/install/turtlesim/include/turtlesim/srv/detail/set_pen__type_support.c
[8.264s] -- Up-to-date: /media/karthi/New Volume/Warrior/Projects/ROS/dev_ws/install/turtlesim/include/turtlesim/srv/detail/spawn__rosidl_typesupport_introspection_c.h
[8.265s] -- Up-to-date: /media/karthi/New Volume/Warrior/Projects/ROS/dev_ws/install/turtlesim/include/turtlesim/srv/detail/spawn__type_support.c
[8.266s] -- Up-to-date: /media/karthi/New Volume/Warrior/Projects/ROS/dev_ws/install/turtlesim/include/turtlesim/srv/detail/teleport_absolute__rosidl_typesupport_introspection_c.h
[8.267s] -- Up-to-date: /media/karthi/New Volume/Warrior/Projects/ROS/dev_ws/install/turtlesim/include/turtlesim/srv/detail/teleport_absolute__type_support.c
[8.267s] -- Up-to-date: /media/karthi/New Volume/Warrior/Projects/ROS/dev_ws/install/turtlesim/include/turtlesim/srv/detail/teleport_relative__rosidl_typesupport_introspection_c.h
[8.268s] -- Up-to-date: /media/karthi/New Volume/Warrior/Projects/ROS/dev_ws/install/turtlesim/include/turtlesim/srv/detail/teleport_relative__type_support.c
[8.269s] -- Up-to-date: /media/karthi/New Volume/Warrior/Projects/ROS/dev_ws/install/turtlesim/lib/libturtlesim__rosidl_typesupport_introspection_c.so
[8.271s] -- Up-to-date: /media/karthi/New Volume/Warrior/Projects/ROS/dev_ws/install/turtlesim/lib/libturtlesim__rosidl_typesupport_c.so
[8.272s] -- Up-to-date: /media/karthi/New Volume/Warrior/Projects/ROS/dev_ws/install/turtlesim/include/turtlesim
[8.273s] -- Up-to-date: /media/karthi/New Volume/Warrior/Projects/ROS/dev_ws/install/turtlesim/include/turtlesim/action
[8.274s] -- Up-to-date: /media/karthi/New Volume/Warrior/Projects/ROS/dev_ws/install/turtlesim/include/turtlesim/action/detail
[8.275s] -- Up-to-date: /media/karthi/New Volume/Warrior/Projects/ROS/dev_ws/install/turtlesim/include/turtlesim/action/detail/rotate_absolute__builder.hpp
[8.275s] -- Up-to-date: /media/karthi/New Volume/Warrior/Projects/ROS/dev_ws/install/turtlesim/include/turtlesim/action/detail/rotate_absolute__struct.hpp
[8.276s] -- Up-to-date: /media/karthi/New Volume/Warrior/Projects/ROS/dev_ws/install/turtlesim/include/turtlesim/action/detail/rotate_absolute__traits.hpp
[8.277s] -- Up-to-date: /media/karthi/New Volume/Warrior/Projects/ROS/dev_ws/install/turtlesim/include/turtlesim/action/rotate_absolute.hpp
[8.277s] -- Up-to-date: /media/karthi/New Volume/Warrior/Projects/ROS/dev_ws/install/turtlesim/include/turtlesim/msg
[8.278s] -- Up-to-date: /media/karthi/New Volume/Warrior/Projects/ROS/dev_ws/install/turtlesim/include/turtlesim/msg/color.hpp
[8.279s] -- Up-to-date: /media/karthi/New Volume/Warrior/Projects/ROS/dev_ws/install/turtlesim/include/turtlesim/msg/detail
[8.280s] -- Up-to-date: /media/karthi/New Volume/Warrior/Projects/ROS/dev_ws/install/turtlesim/include/turtlesim/msg/detail/color__builder.hpp
[8.281s] -- Up-to-date: /media/karthi/New Volume/Warrior/Projects/ROS/dev_ws/install/turtlesim/include/turtlesim/msg/detail/color__struct.hpp
[8.281s] -- Up-to-date: /media/karthi/New Volume/Warrior/Projects/ROS/dev_ws/install/turtlesim/include/turtlesim/msg/detail/color__traits.hpp
[8.282s] -- Up-to-date: /media/karthi/New Volume/Warrior/Projects/ROS/dev_ws/install/turtlesim/include/turtlesim/msg/detail/pose__builder.hpp
[8.283s] -- Up-to-date: /media/karthi/New Volume/Warrior/Projects/ROS/dev_ws/install/turtlesim/include/turtlesim/msg/detail/pose__struct.hpp
[8.284s] -- Up-to-date: /media/karthi/New Volume/Warrior/Projects/ROS/dev_ws/install/turtlesim/include/turtlesim/msg/detail/pose__traits.hpp
[8.284s] -- Up-to-date: /media/karthi/New Volume/Warrior/Projects/ROS/dev_ws/install/turtlesim/include/turtlesim/msg/pose.hpp
[8.285s] -- Up-to-date: /media/karthi/New Volume/Warrior/Projects/ROS/dev_ws/install/turtlesim/include/turtlesim/srv
[8.286s] -- Up-to-date: /media/karthi/New Volume/Warrior/Projects/ROS/dev_ws/install/turtlesim/include/turtlesim/srv/detail
[8.287s] -- Up-to-date: /media/karthi/New Volume/Warrior/Projects/ROS/dev_ws/install/turtlesim/include/turtlesim/srv/detail/kill__builder.hpp
[8.287s] -- Up-to-date: /media/karthi/New Volume/Warrior/Projects/ROS/dev_ws/install/turtlesim/include/turtlesim/srv/detail/kill__struct.hpp
[8.288s] -- Up-to-date: /media/karthi/New Volume/Warrior/Projects/ROS/dev_ws/install/turtlesim/include/turtlesim/srv/detail/kill__traits.hpp
[8.289s] -- Up-to-date: /media/karthi/New Volume/Warrior/Projects/ROS/dev_ws/install/turtlesim/include/turtlesim/srv/detail/set_pen__builder.hpp
[8.290s] -- Up-to-date: /media/karthi/New Volume/Warrior/Projects/ROS/dev_ws/install/turtlesim/include/turtlesim/srv/detail/set_pen__struct.hpp
[8.290s] -- Up-to-date: /media/karthi/New Volume/Warrior/Projects/ROS/dev_ws/install/turtlesim/include/turtlesim/srv/detail/set_pen__traits.hpp
[8.291s] -- Up-to-date: /media/karthi/New Volume/Warrior/Projects/ROS/dev_ws/install/turtlesim/include/turtlesim/srv/detail/spawn__builder.hpp
[8.292s] -- Up-to-date: /media/karthi/New Volume/Warrior/Projects/ROS/dev_ws/install/turtlesim/include/turtlesim/srv/detail/spawn__struct.hpp
[8.293s] -- Up-to-date: /media/karthi/New Volume/Warrior/Projects/ROS/dev_ws/install/turtlesim/include/turtlesim/srv/detail/spawn__traits.hpp
[8.293s] -- Up-to-date: /media/karthi/New Volume/Warrior/Projects/ROS/dev_ws/install/turtlesim/include/turtlesim/srv/detail/teleport_absolute__builder.hpp
[8.294s] -- Up-to-date: /media/karthi/New Volume/Warrior/Projects/ROS/dev_ws/install/turtlesim/include/turtlesim/srv/detail/teleport_absolute__struct.hpp
[8.295s] -- Up-to-date: /media/karthi/New Volume/Warrior/Projects/ROS/dev_ws/install/turtlesim/include/turtlesim/srv/detail/teleport_absolute__traits.hpp
[8.296s] -- Up-to-date: /media/karthi/New Volume/Warrior/Projects/ROS/dev_ws/install/turtlesim/include/turtlesim/srv/detail/teleport_relative__builder.hpp
[8.296s] -- Up-to-date: /media/karthi/New Volume/Warrior/Projects/ROS/dev_ws/install/turtlesim/include/turtlesim/srv/detail/teleport_relative__struct.hpp
[8.297s] -- Up-to-date: /media/karthi/New Volume/Warrior/Projects/ROS/dev_ws/install/turtlesim/include/turtlesim/srv/detail/teleport_relative__traits.hpp
[8.298s] -- Up-to-date: /media/karthi/New Volume/Warrior/Projects/ROS/dev_ws/install/turtlesim/include/turtlesim/srv/kill.hpp
[8.299s] -- Up-to-date: /media/karthi/New Volume/Warrior/Projects/ROS/dev_ws/install/turtlesim/include/turtlesim/srv/set_pen.hpp
[8.299s] -- Up-to-date: /media/karthi/New Volume/Warrior/Projects/ROS/dev_ws/install/turtlesim/include/turtlesim/srv/spawn.hpp
[8.300s] -- Up-to-date: /media/karthi/New Volume/Warrior/Projects/ROS/dev_ws/install/turtlesim/include/turtlesim/srv/teleport_absolute.hpp
[8.301s] -- Up-to-date: /media/karthi/New Volume/Warrior/Projects/ROS/dev_ws/install/turtlesim/include/turtlesim/srv/teleport_relative.hpp
[8.301s] -- Up-to-date: /media/karthi/New Volume/Warrior/Projects/ROS/dev_ws/install/turtlesim/include/turtlesim
[8.302s] -- Up-to-date: /media/karthi/New Volume/Warrior/Projects/ROS/dev_ws/install/turtlesim/include/turtlesim/action
[8.303s] -- Up-to-date: /media/karthi/New Volume/Warrior/Projects/ROS/dev_ws/install/turtlesim/include/turtlesim/action/detail
[8.304s] -- Up-to-date: /media/karthi/New Volume/Warrior/Projects/ROS/dev_ws/install/turtlesim/include/turtlesim/action/detail/rotate_absolute__rosidl_typesupport_introspection_cpp.hpp
[8.305s] -- Up-to-date: /media/karthi/New Volume/Warrior/Projects/ROS/dev_ws/install/turtlesim/include/turtlesim/action/detail/rotate_absolute__type_support.cpp
[8.305s] -- Up-to-date: /media/karthi/New Volume/Warrior/Projects/ROS/dev_ws/install/turtlesim/include/turtlesim/msg
[8.306s] -- Up-to-date: /media/karthi/New Volume/Warrior/Projects/ROS/dev_ws/install/turtlesim/include/turtlesim/msg/detail
[8.307s] -- Up-to-date: /media/karthi/New Volume/Warrior/Projects/ROS/dev_ws/install/turtlesim/include/turtlesim/msg/detail/color__rosidl_typesupport_introspection_cpp.hpp
[8.308s] -- Up-to-date: /media/karthi/New Volume/Warrior/Projects/ROS/dev_ws/install/turtlesim/include/turtlesim/msg/detail/color__type_support.cpp
[8.309s] -- Up-to-date: /media/karthi/New Volume/Warrior/Projects/ROS/dev_ws/install/turtlesim/include/turtlesim/msg/detail/pose__rosidl_typesupport_introspection_cpp.hpp
[8.310s] -- Up-to-date: /media/karthi/New Volume/Warrior/Projects/ROS/dev_ws/install/turtlesim/include/turtlesim/msg/detail/pose__type_support.cpp
[8.310s] -- Up-to-date: /media/karthi/New Volume/Warrior/Projects/ROS/dev_ws/install/turtlesim/include/turtlesim/srv
[8.311s] -- Up-to-date: /media/karthi/New Volume/Warrior/Projects/ROS/dev_ws/install/turtlesim/include/turtlesim/srv/detail
[8.312s] -- Up-to-date: /media/karthi/New Volume/Warrior/Projects/ROS/dev_ws/install/turtlesim/include/turtlesim/srv/detail/kill__rosidl_typesupport_introspection_cpp.hpp
[8.312s] -- Up-to-date: /media/karthi/New Volume/Warrior/Projects/ROS/dev_ws/install/turtlesim/include/turtlesim/srv/detail/kill__type_support.cpp
[8.313s] -- Up-to-date: /media/karthi/New Volume/Warrior/Projects/ROS/dev_ws/install/turtlesim/include/turtlesim/srv/detail/set_pen__rosidl_typesupport_introspection_cpp.hpp
[8.314s] -- Up-to-date: /media/karthi/New Volume/Warrior/Projects/ROS/dev_ws/install/turtlesim/include/turtlesim/srv/detail/set_pen__type_support.cpp
[8.314s] -- Up-to-date: /media/karthi/New Volume/Warrior/Projects/ROS/dev_ws/install/turtlesim/include/turtlesim/srv/detail/spawn__rosidl_typesupport_introspection_cpp.hpp
[8.315s] -- Up-to-date: /media/karthi/New Volume/Warrior/Projects/ROS/dev_ws/install/turtlesim/include/turtlesim/srv/detail/spawn__type_support.cpp
[8.316s] -- Up-to-date: /media/karthi/New Volume/Warrior/Projects/ROS/dev_ws/install/turtlesim/include/turtlesim/srv/detail/teleport_absolute__rosidl_typesupport_introspection_cpp.hpp
[8.316s] -- Up-to-date: /media/karthi/New Volume/Warrior/Projects/ROS/dev_ws/install/turtlesim/include/turtlesim/srv/detail/teleport_absolute__type_support.cpp
[8.317s] -- Up-to-date: /media/karthi/New Volume/Warrior/Projects/ROS/dev_ws/install/turtlesim/include/turtlesim/srv/detail/teleport_relative__rosidl_typesupport_introspection_cpp.hpp
[8.318s] -- Up-to-date: /media/karthi/New Volume/Warrior/Projects/ROS/dev_ws/install/turtlesim/include/turtlesim/srv/detail/teleport_relative__type_support.cpp
[8.319s] -- Up-to-date: /media/karthi/New Volume/Warrior/Projects/ROS/dev_ws/install/turtlesim/lib/libturtlesim__rosidl_typesupport_introspection_cpp.so
[8.321s] -- Up-to-date: /media/karthi/New Volume/Warrior/Projects/ROS/dev_ws/install/turtlesim/lib/libturtlesim__rosidl_typesupport_cpp.so
[8.322s] -- Up-to-date: /media/karthi/New Volume/Warrior/Projects/ROS/dev_ws/install/turtlesim/share/turtlesim/environment/pythonpath.sh
[8.323s] -- Up-to-date: /media/karthi/New Volume/Warrior/Projects/ROS/dev_ws/install/turtlesim/share/turtlesim/environment/pythonpath.dsv
[8.323s] -- Up-to-date: /media/karthi/New Volume/Warrior/Projects/ROS/dev_ws/install/turtlesim/lib/python3.8/site-packages/turtlesim/__init__.py
[8.354s] -- Up-to-date: /media/karthi/New Volume/Warrior/Projects/ROS/dev_ws/install/turtlesim/lib/python3.8/site-packages/turtlesim/action
[8.355s] -- Up-to-date: /media/karthi/New Volume/Warrior/Projects/ROS/dev_ws/install/turtlesim/lib/python3.8/site-packages/turtlesim/action/_rotate_absolute.py
[8.356s] -- Up-to-date: /media/karthi/New Volume/Warrior/Projects/ROS/dev_ws/install/turtlesim/lib/python3.8/site-packages/turtlesim/action/_rotate_absolute_s.c
[8.356s] -- Up-to-date: /media/karthi/New Volume/Warrior/Projects/ROS/dev_ws/install/turtlesim/lib/python3.8/site-packages/turtlesim/action/__init__.py
[8.357s] -- Up-to-date: /media/karthi/New Volume/Warrior/Projects/ROS/dev_ws/install/turtlesim/lib/python3.8/site-packages/turtlesim/msg
[8.358s] -- Up-to-date: /media/karthi/New Volume/Warrior/Projects/ROS/dev_ws/install/turtlesim/lib/python3.8/site-packages/turtlesim/msg/_color.py
[8.359s] -- Up-to-date: /media/karthi/New Volume/Warrior/Projects/ROS/dev_ws/install/turtlesim/lib/python3.8/site-packages/turtlesim/msg/_color_s.c
[8.359s] -- Up-to-date: /media/karthi/New Volume/Warrior/Projects/ROS/dev_ws/install/turtlesim/lib/python3.8/site-packages/turtlesim/msg/_pose.py
[8.360s] -- Up-to-date: /media/karthi/New Volume/Warrior/Projects/ROS/dev_ws/install/turtlesim/lib/python3.8/site-packages/turtlesim/msg/_pose_s.c
[8.361s] -- Up-to-date: /media/karthi/New Volume/Warrior/Projects/ROS/dev_ws/install/turtlesim/lib/python3.8/site-packages/turtlesim/msg/__init__.py
[8.362s] -- Up-to-date: /media/karthi/New Volume/Warrior/Projects/ROS/dev_ws/install/turtlesim/lib/python3.8/site-packages/turtlesim/srv
[8.363s] -- Up-to-date: /media/karthi/New Volume/Warrior/Projects/ROS/dev_ws/install/turtlesim/lib/python3.8/site-packages/turtlesim/srv/_kill.py
[8.363s] -- Up-to-date: /media/karthi/New Volume/Warrior/Projects/ROS/dev_ws/install/turtlesim/lib/python3.8/site-packages/turtlesim/srv/_kill_s.c
[8.364s] -- Up-to-date: /media/karthi/New Volume/Warrior/Projects/ROS/dev_ws/install/turtlesim/lib/python3.8/site-packages/turtlesim/srv/_set_pen.py
[8.365s] -- Up-to-date: /media/karthi/New Volume/Warrior/Projects/ROS/dev_ws/install/turtlesim/lib/python3.8/site-packages/turtlesim/srv/_set_pen_s.c
[8.366s] -- Up-to-date: /media/karthi/New Volume/Warrior/Projects/ROS/dev_ws/install/turtlesim/lib/python3.8/site-packages/turtlesim/srv/_spawn.py
[8.366s] -- Up-to-date: /media/karthi/New Volume/Warrior/Projects/ROS/dev_ws/install/turtlesim/lib/python3.8/site-packages/turtlesim/srv/_spawn_s.c
[8.367s] -- Up-to-date: /media/karthi/New Volume/Warrior/Projects/ROS/dev_ws/install/turtlesim/lib/python3.8/site-packages/turtlesim/srv/_teleport_absolute.py
[8.368s] -- Up-to-date: /media/karthi/New Volume/Warrior/Projects/ROS/dev_ws/install/turtlesim/lib/python3.8/site-packages/turtlesim/srv/_teleport_absolute_s.c
[8.369s] -- Up-to-date: /media/karthi/New Volume/Warrior/Projects/ROS/dev_ws/install/turtlesim/lib/python3.8/site-packages/turtlesim/srv/_teleport_relative.py
[8.369s] -- Up-to-date: /media/karthi/New Volume/Warrior/Projects/ROS/dev_ws/install/turtlesim/lib/python3.8/site-packages/turtlesim/srv/_teleport_relative_s.c
[8.370s] -- Up-to-date: /media/karthi/New Volume/Warrior/Projects/ROS/dev_ws/install/turtlesim/lib/python3.8/site-packages/turtlesim/srv/__init__.py
[8.372s] -- Up-to-date: /media/karthi/New Volume/Warrior/Projects/ROS/dev_ws/install/turtlesim/lib/python3.8/site-packages/turtlesim/turtlesim_s__rosidl_typesupport_fastrtps_c.cpython-38-x86_64-linux-gnu.so
[8.374s] -- Up-to-date: /media/karthi/New Volume/Warrior/Projects/ROS/dev_ws/install/turtlesim/lib/python3.8/site-packages/turtlesim/turtlesim_s__rosidl_typesupport_introspection_c.cpython-38-x86_64-linux-gnu.so
[8.377s] -- Up-to-date: /media/karthi/New Volume/Warrior/Projects/ROS/dev_ws/install/turtlesim/lib/python3.8/site-packages/turtlesim/turtlesim_s__rosidl_typesupport_c.cpython-38-x86_64-linux-gnu.so
[8.379s] -- Up-to-date: /media/karthi/New Volume/Warrior/Projects/ROS/dev_ws/install/turtlesim/lib/libturtlesim__python.so
[8.380s] -- Up-to-date: /media/karthi/New Volume/Warrior/Projects/ROS/dev_ws/install/turtlesim/share/turtlesim/action/RotateAbsolute.idl
[8.381s] -- Up-to-date: /media/karthi/New Volume/Warrior/Projects/ROS/dev_ws/install/turtlesim/share/turtlesim/msg/Color.idl
[8.382s] -- Up-to-date: /media/karthi/New Volume/Warrior/Projects/ROS/dev_ws/install/turtlesim/share/turtlesim/msg/Pose.idl
[8.383s] -- Up-to-date: /media/karthi/New Volume/Warrior/Projects/ROS/dev_ws/install/turtlesim/share/turtlesim/srv/Kill.idl
[8.384s] -- Up-to-date: /media/karthi/New Volume/Warrior/Projects/ROS/dev_ws/install/turtlesim/share/turtlesim/srv/SetPen.idl
[8.384s] -- Up-to-date: /media/karthi/New Volume/Warrior/Projects/ROS/dev_ws/install/turtlesim/share/turtlesim/srv/Spawn.idl
[8.385s] -- Up-to-date: /media/karthi/New Volume/Warrior/Projects/ROS/dev_ws/install/turtlesim/share/turtlesim/srv/TeleportAbsolute.idl
[8.386s] -- Up-to-date: /media/karthi/New Volume/Warrior/Projects/ROS/dev_ws/install/turtlesim/share/turtlesim/srv/TeleportRelative.idl
[8.387s] -- Up-to-date: /media/karthi/New Volume/Warrior/Projects/ROS/dev_ws/install/turtlesim/share/turtlesim/action/RotateAbsolute.action
[8.388s] -- Up-to-date: /media/karthi/New Volume/Warrior/Projects/ROS/dev_ws/install/turtlesim/share/turtlesim/msg/Color.msg
[8.388s] -- Up-to-date: /media/karthi/New Volume/Warrior/Projects/ROS/dev_ws/install/turtlesim/share/turtlesim/msg/Pose.msg
[8.389s] -- Up-to-date: /media/karthi/New Volume/Warrior/Projects/ROS/dev_ws/install/turtlesim/share/turtlesim/srv/Kill.srv
[8.390s] -- Up-to-date: /media/karthi/New Volume/Warrior/Projects/ROS/dev_ws/install/turtlesim/share/turtlesim/srv/Kill_Request.msg
[8.391s] -- Up-to-date: /media/karthi/New Volume/Warrior/Projects/ROS/dev_ws/install/turtlesim/share/turtlesim/srv/Kill_Response.msg
[8.392s] -- Up-to-date: /media/karthi/New Volume/Warrior/Projects/ROS/dev_ws/install/turtlesim/share/turtlesim/srv/SetPen.srv
[8.392s] -- Up-to-date: /media/karthi/New Volume/Warrior/Projects/ROS/dev_ws/install/turtlesim/share/turtlesim/srv/SetPen_Request.msg
[8.393s] -- Up-to-date: /media/karthi/New Volume/Warrior/Projects/ROS/dev_ws/install/turtlesim/share/turtlesim/srv/SetPen_Response.msg
[8.394s] -- Up-to-date: /media/karthi/New Volume/Warrior/Projects/ROS/dev_ws/install/turtlesim/share/turtlesim/srv/Spawn.srv
[8.395s] -- Up-to-date: /media/karthi/New Volume/Warrior/Projects/ROS/dev_ws/install/turtlesim/share/turtlesim/srv/Spawn_Request.msg
[8.396s] -- Up-to-date: /media/karthi/New Volume/Warrior/Projects/ROS/dev_ws/install/turtlesim/share/turtlesim/srv/Spawn_Response.msg
[8.396s] -- Up-to-date: /media/karthi/New Volume/Warrior/Projects/ROS/dev_ws/install/turtlesim/share/turtlesim/srv/TeleportAbsolute.srv
[8.397s] -- Up-to-date: /media/karthi/New Volume/Warrior/Projects/ROS/dev_ws/install/turtlesim/share/turtlesim/srv/TeleportAbsolute_Request.msg
[8.398s] -- Up-to-date: /media/karthi/New Volume/Warrior/Projects/ROS/dev_ws/install/turtlesim/share/turtlesim/srv/TeleportAbsolute_Response.msg
[8.399s] -- Up-to-date: /media/karthi/New Volume/Warrior/Projects/ROS/dev_ws/install/turtlesim/share/turtlesim/srv/TeleportRelative.srv
[8.400s] -- Up-to-date: /media/karthi/New Volume/Warrior/Projects/ROS/dev_ws/install/turtlesim/share/turtlesim/srv/TeleportRelative_Request.msg
[8.400s] -- Up-to-date: /media/karthi/New Volume/Warrior/Projects/ROS/dev_ws/install/turtlesim/share/turtlesim/srv/TeleportRelative_Response.msg
[8.402s] -- Installing: /media/karthi/New Volume/Warrior/Projects/ROS/dev_ws/install/turtlesim/lib/turtlesim/turtlesim_node
[8.436s] -- Set runtime path of "/media/karthi/New Volume/Warrior/Projects/ROS/dev_ws/install/turtlesim/lib/turtlesim/turtlesim_node" to ""
[8.437s] -- Up-to-date: /media/karthi/New Volume/Warrior/Projects/ROS/dev_ws/install/turtlesim/lib/turtlesim/turtle_teleop_key
[8.439s] -- Up-to-date: /media/karthi/New Volume/Warrior/Projects/ROS/dev_ws/install/turtlesim/lib/turtlesim/draw_square
[8.441s] -- Up-to-date: /media/karthi/New Volume/Warrior/Projects/ROS/dev_ws/install/turtlesim/lib/turtlesim/mimic
[8.442s] -- Up-to-date: /media/karthi/New Volume/Warrior/Projects/ROS/dev_ws/install/turtlesim/share/turtlesim/images
[8.443s] -- Up-to-date: /media/karthi/New Volume/Warrior/Projects/ROS/dev_ws/install/turtlesim/share/turtlesim/images/ardent.png
[8.444s] -- Up-to-date: /media/karthi/New Volume/Warrior/Projects/ROS/dev_ws/install/turtlesim/share/turtlesim/images/bouncy.png
[8.445s] -- Up-to-date: /media/karthi/New Volume/Warrior/Projects/ROS/dev_ws/install/turtlesim/share/turtlesim/images/crystal.png
[8.446s] -- Up-to-date: /media/karthi/New Volume/Warrior/Projects/ROS/dev_ws/install/turtlesim/share/turtlesim/images/dashing.png
[8.446s] -- Up-to-date: /media/karthi/New Volume/Warrior/Projects/ROS/dev_ws/install/turtlesim/share/turtlesim/images/eloquent.png
[8.447s] -- Up-to-date: /media/karthi/New Volume/Warrior/Projects/ROS/dev_ws/install/turtlesim/share/turtlesim/images/foxy.png
[8.448s] -- Up-to-date: /media/karthi/New Volume/Warrior/Projects/ROS/dev_ws/install/turtlesim/share/turtlesim/launch
[8.448s] -- Up-to-date: /media/karthi/New Volume/Warrior/Projects/ROS/dev_ws/install/turtlesim/share/turtlesim/launch/multisim.launch.py
[8.449s] -- Up-to-date: /media/karthi/New Volume/Warrior/Projects/ROS/dev_ws/install/turtlesim/share/ament_index/resource_index/package_run_dependencies/turtlesim
[8.450s] -- Up-to-date: /media/karthi/New Volume/Warrior/Projects/ROS/dev_ws/install/turtlesim/share/ament_index/resource_index/parent_prefix_path/turtlesim
[8.451s] -- Up-to-date: /media/karthi/New Volume/Warrior/Projects/ROS/dev_ws/install/turtlesim/share/turtlesim/environment/ament_prefix_path.sh
[8.452s] -- Up-to-date: /media/karthi/New Volume/Warrior/Projects/ROS/dev_ws/install/turtlesim/share/turtlesim/environment/ament_prefix_path.dsv
[8.452s] -- Up-to-date: /media/karthi/New Volume/Warrior/Projects/ROS/dev_ws/install/turtlesim/share/turtlesim/environment/path.sh
[8.453s] -- Up-to-date: /media/karthi/New Volume/Warrior/Projects/ROS/dev_ws/install/turtlesim/share/turtlesim/environment/path.dsv
[8.454s] -- Up-to-date: /media/karthi/New Volume/Warrior/Projects/ROS/dev_ws/install/turtlesim/share/turtlesim/local_setup.bash
[8.454s] -- Up-to-date: /media/karthi/New Volume/Warrior/Projects/ROS/dev_ws/install/turtlesim/share/turtlesim/local_setup.sh
[8.455s] -- Up-to-date: /media/karthi/New Volume/Warrior/Projects/ROS/dev_ws/install/turtlesim/share/turtlesim/local_setup.zsh
[8.456s] -- Up-to-date: /media/karthi/New Volume/Warrior/Projects/ROS/dev_ws/install/turtlesim/share/turtlesim/local_setup.dsv
[8.457s] -- Installing: /media/karthi/New Volume/Warrior/Projects/ROS/dev_ws/install/turtlesim/share/turtlesim/package.dsv
[8.459s] -- Up-to-date: /media/karthi/New Volume/Warrior/Projects/ROS/dev_ws/install/turtlesim/share/ament_index/resource_index/packages/turtlesim
[8.460s] -- Up-to-date: /media/karthi/New Volume/Warrior/Projects/ROS/dev_ws/install/turtlesim/share/turtlesim/cmake/turtlesim__rosidl_generator_cExport.cmake
[8.461s] -- Up-to-date: /media/karthi/New Volume/Warrior/Projects/ROS/dev_ws/install/turtlesim/share/turtlesim/cmake/turtlesim__rosidl_generator_cExport-noconfig.cmake
[8.462s] -- Up-to-date: /media/karthi/New Volume/Warrior/Projects/ROS/dev_ws/install/turtlesim/share/turtlesim/cmake/turtlesim__rosidl_typesupport_introspection_cExport.cmake
[8.463s] -- Up-to-date: /media/karthi/New Volume/Warrior/Projects/ROS/dev_ws/install/turtlesim/share/turtlesim/cmake/turtlesim__rosidl_typesupport_introspection_cExport-noconfig.cmake
[8.465s] -- Up-to-date: /media/karthi/New Volume/Warrior/Projects/ROS/dev_ws/install/turtlesim/share/turtlesim/cmake/turtlesim__rosidl_typesupport_cExport.cmake
[8.466s] -- Up-to-date: /media/karthi/New Volume/Warrior/Projects/ROS/dev_ws/install/turtlesim/share/turtlesim/cmake/turtlesim__rosidl_typesupport_cExport-noconfig.cmake
[8.467s] -- Up-to-date: /media/karthi/New Volume/Warrior/Projects/ROS/dev_ws/install/turtlesim/share/turtlesim/cmake/turtlesim__rosidl_generator_cppExport.cmake
[8.468s] -- Up-to-date: /media/karthi/New Volume/Warrior/Projects/ROS/dev_ws/install/turtlesim/share/turtlesim/cmake/turtlesim__rosidl_typesupport_introspection_cppExport.cmake
[8.469s] -- Up-to-date: /media/karthi/New Volume/Warrior/Projects/ROS/dev_ws/install/turtlesim/share/turtlesim/cmake/turtlesim__rosidl_typesupport_introspection_cppExport-noconfig.cmake
[8.471s] -- Up-to-date: /media/karthi/New Volume/Warrior/Projects/ROS/dev_ws/install/turtlesim/share/turtlesim/cmake/turtlesim__rosidl_typesupport_cppExport.cmake
[8.472s] -- Up-to-date: /media/karthi/New Volume/Warrior/Projects/ROS/dev_ws/install/turtlesim/share/turtlesim/cmake/turtlesim__rosidl_typesupport_cppExport-noconfig.cmake
[8.473s] -- Up-to-date: /media/karthi/New Volume/Warrior/Projects/ROS/dev_ws/install/turtlesim/share/turtlesim/cmake/rosidl_cmake-extras.cmake
[8.473s] -- Up-to-date: /media/karthi/New Volume/Warrior/Projects/ROS/dev_ws/install/turtlesim/share/turtlesim/cmake/ament_cmake_export_dependencies-extras.cmake
[8.474s] -- Up-to-date: /media/karthi/New Volume/Warrior/Projects/ROS/dev_ws/install/turtlesim/share/turtlesim/cmake/ament_cmake_export_libraries-extras.cmake
[8.475s] -- Up-to-date: /media/karthi/New Volume/Warrior/Projects/ROS/dev_ws/install/turtlesim/share/turtlesim/cmake/ament_cmake_export_targets-extras.cmake
[8.476s] -- Up-to-date: /media/karthi/New Volume/Warrior/Projects/ROS/dev_ws/install/turtlesim/share/turtlesim/cmake/ament_cmake_export_include_directories-extras.cmake
[8.477s] -- Up-to-date: /media/karthi/New Volume/Warrior/Projects/ROS/dev_ws/install/turtlesim/share/turtlesim/cmake/rosidl_cmake_export_typesupport_libraries-extras.cmake
[8.478s] -- Up-to-date: /media/karthi/New Volume/Warrior/Projects/ROS/dev_ws/install/turtlesim/share/turtlesim/cmake/rosidl_cmake_export_typesupport_targets-extras.cmake
[8.478s] -- Up-to-date: /media/karthi/New Volume/Warrior/Projects/ROS/dev_ws/install/turtlesim/share/turtlesim/cmake/turtlesimConfig.cmake
[8.479s] -- Up-to-date: /media/karthi/New Volume/Warrior/Projects/ROS/dev_ws/install/turtlesim/share/turtlesim/cmake/turtlesimConfig-version.cmake
[8.480s] -- Up-to-date: /media/karthi/New Volume/Warrior/Projects/ROS/dev_ws/install/turtlesim/share/turtlesim/package.xml
[8.484s] Invoked command in '/media/karthi/New Volume/Warrior/Projects/ROS/dev_ws/build/turtlesim' returned '0': CMAKE_PREFIX_PATH=/opt/ros/foxy /usr/bin/cmake --install /media/karthi/New Volume/Warrior/Projects/ROS/dev_ws/build/turtlesim
