[0.718s] Invoking command in '/media/karthi/New Volume/Warrior/Projects/ROS/dev_ws/src/turtle2': PYTHONPATH=/media/karthi/New Volume/Warrior/Projects/ROS/dev_ws/install/turtle2/lib/python3.8/site-packages:${PYTHONPATH} /usr/bin/python3 setup.py egg_info --egg-base ../../build/turtle2 build --build-base /media/karthi/New Volume/Warrior/Projects/ROS/dev_ws/build/turtle2/build install --prefix /media/karthi/New Volume/Warrior/Projects/ROS/dev_ws/install/turtle2 --record /media/karthi/New Volume/Warrior/Projects/ROS/dev_ws/build/turtle2/install.log --single-version-externally-managed
[1.009s] running egg_info
[1.009s] writing ../../build/turtle2/turtle2.egg-info/PKG-INFO
[1.010s] writing dependency_links to ../../build/turtle2/turtle2.egg-info/dependency_links.txt
[1.011s] writing entry points to ../../build/turtle2/turtle2.egg-info/entry_points.txt
[1.011s] writing requirements to ../../build/turtle2/turtle2.egg-info/requires.txt
[1.012s] writing top-level names to ../../build/turtle2/turtle2.egg-info/top_level.txt
[1.048s] reading manifest file '../../build/turtle2/turtle2.egg-info/SOURCES.txt'
[1.050s] writing manifest file '../../build/turtle2/turtle2.egg-info/SOURCES.txt'
[1.051s] running build
[1.051s] running build_py
[1.052s] running install
[1.053s] running install_lib
[1.057s] running install_data
[1.059s] running install_egg_info
[1.061s] removing '/media/karthi/New Volume/Warrior/Projects/ROS/dev_ws/install/turtle2/lib/python3.8/site-packages/turtle2-0.0.0-py3.8.egg-info' (and everything under it)
[1.063s] Copying ../../build/turtle2/turtle2.egg-info to /media/karthi/New Volume/Warrior/Projects/ROS/dev_ws/install/turtle2/lib/python3.8/site-packages/turtle2-0.0.0-py3.8.egg-info
[1.069s] running install_scripts
[1.087s] Installing turtle script to /media/karthi/New Volume/Warrior/Projects/ROS/dev_ws/install/turtle2/lib/turtle2
[1.088s] writing list of installed files to '/media/karthi/New Volume/Warrior/Projects/ROS/dev_ws/build/turtle2/install.log'
[1.105s] Invoked command in '/media/karthi/New Volume/Warrior/Projects/ROS/dev_ws/src/turtle2' returned '0': PYTHONPATH=/media/karthi/New Volume/Warrior/Projects/ROS/dev_ws/install/turtle2/lib/python3.8/site-packages:${PYTHONPATH} /usr/bin/python3 setup.py egg_info --egg-base ../../build/turtle2 build --build-base /media/karthi/New Volume/Warrior/Projects/ROS/dev_ws/build/turtle2/build install --prefix /media/karthi/New Volume/Warrior/Projects/ROS/dev_ws/install/turtle2 --record /media/karthi/New Volume/Warrior/Projects/ROS/dev_ws/build/turtle2/install.log --single-version-externally-managed
