[0.250s] Invoking command in '/media/karthi/New Volume/Warrior/Projects/ROS/dev_ws/build/turtlesim': CMAKE_PREFIX_PATH=${CMAKE_PREFIX_PATH}:/media/karthi/New Volume/Warrior/Projects/ROS/dev_ws/install/turtle_control:/media/karthi/New Volume/Warrior/Projects/ROS/dev_ws/install/turtle2:/opt/ros/foxy /usr/bin/cmake --build /media/karthi/New Volume/Warrior/Projects/ROS/dev_ws/build/turtlesim -- -j12 -l12
[0.355s] [  1%] Built target turtlesim__cpp
[0.366s] [ 11%] Built target turtlesim__rosidl_generator_c
[0.421s] [ 25%] Built target turtlesim__rosidl_typesupport_cpp
[0.422s] [ 31%] Built target turtlesim__rosidl_typesupport_introspection_cpp
[0.426s] [ 47%] Built target turtlesim__rosidl_typesupport_c
[0.427s] [ 51%] Built target turtlesim__rosidl_typesupport_fastrtps_cpp
[0.435s] [ 61%] Built target turtlesim__rosidl_typesupport_introspection_c
[0.478s] [ 71%] Built target turtlesim__rosidl_typesupport_fastrtps_c
[0.512s] [ 71%] Built target turtlesim
[0.545s] [35m[1mScanning dependencies of target turtlesim_node[0m
[0.575s] [ 72%] Built target turtlesim__py
[0.576s] [ 74%] Built target draw_square
[0.581s] [ 76%] Built target mimic
[0.585s] [ 78%] Built target turtle_teleop_key
[0.648s] [ 87%] Built target turtlesim__python
[0.718s] [ 89%] Built target turtlesim__rosidl_typesupport_introspection_c__pyext
[0.720s] [ 91%] Built target turtlesim__rosidl_typesupport_fastrtps_c__pyext
[0.721s] [ 93%] Built target turtlesim__rosidl_typesupport_c__pyext
[0.965s] [ 94%] [32mBuilding CXX object CMakeFiles/turtlesim_node.dir/src/turtle_frame.cpp.o[0m
[2.681s] [01m[K/media/karthi/New Volume/Warrior/Projects/ROS/dev_ws/src/turtlesim/src/turtle_frame.cpp:[m[K In constructor ‘[01m[Kturtlesim::TurtleFrame::TurtleFrame(rclcpp::Node::SharedPtr&, QWidget*, Qt::WindowFlags)[m[K’:
[2.681s] [01m[K/media/karthi/New Volume/Warrior/Projects/ROS/dev_ws/src/turtlesim/src/turtle_frame.cpp:103:3:[m[K [01;31m[Kerror: [m[K‘[01m[Kbg_paint_srv[m[K’ was not declared in this scope
[2.681s]   103 |   [01;31m[Kbg_paint_srv[m[K = nh_->create_service<std_srvs::srv::Empty>("reset", std::bind(&TurtleFrame::resetCallback, this, std::placeholders::_1, std::placeholders::_2));
[2.682s]       |   [01;31m[K^~~~~~~~~~~~[m[K
[4.196s] make[2]: *** [CMakeFiles/turtlesim_node.dir/build.make:93: CMakeFiles/turtlesim_node.dir/src/turtle_frame.cpp.o] Error 1
[4.196s] make[1]: *** [CMakeFiles/Makefile2:367: CMakeFiles/turtlesim_node.dir/all] Error 2
[4.197s] make: *** [Makefile:141: all] Error 2
[4.199s] Invoked command in '/media/karthi/New Volume/Warrior/Projects/ROS/dev_ws/build/turtlesim' returned '2': CMAKE_PREFIX_PATH=${CMAKE_PREFIX_PATH}:/media/karthi/New Volume/Warrior/Projects/ROS/dev_ws/install/turtle_control:/media/karthi/New Volume/Warrior/Projects/ROS/dev_ws/install/turtle2:/opt/ros/foxy /usr/bin/cmake --build /media/karthi/New Volume/Warrior/Projects/ROS/dev_ws/build/turtlesim -- -j12 -l12
