[0.688s] Invoking command in '/media/karthi/New Volume/Warrior/Projects/ROS/dev_ws/src/turtle_control': PYTHONPATH=/media/karthi/New Volume/Warrior/Projects/ROS/dev_ws/install/turtle_control/lib/python3.8/site-packages:${PYTHONPATH} /usr/bin/python3 setup.py egg_info --egg-base ../../build/turtle_control build --build-base /media/karthi/New Volume/Warrior/Projects/ROS/dev_ws/build/turtle_control/build install --prefix /media/karthi/New Volume/Warrior/Projects/ROS/dev_ws/install/turtle_control --record /media/karthi/New Volume/Warrior/Projects/ROS/dev_ws/build/turtle_control/install.log --single-version-externally-managed
[0.945s] running egg_info
[0.945s] creating ../../build/turtle_control/turtle_control.egg-info
[0.946s] writing ../../build/turtle_control/turtle_control.egg-info/PKG-INFO
[0.946s] writing dependency_links to ../../build/turtle_control/turtle_control.egg-info/dependency_links.txt
[0.947s] writing entry points to ../../build/turtle_control/turtle_control.egg-info/entry_points.txt
[0.948s] writing requirements to ../../build/turtle_control/turtle_control.egg-info/requires.txt
[0.948s] writing top-level names to ../../build/turtle_control/turtle_control.egg-info/top_level.txt
[0.950s] writing manifest file '../../build/turtle_control/turtle_control.egg-info/SOURCES.txt'
[0.993s] reading manifest file '../../build/turtle_control/turtle_control.egg-info/SOURCES.txt'
[0.996s] writing manifest file '../../build/turtle_control/turtle_control.egg-info/SOURCES.txt'
[0.996s] running build
[0.996s] running build_py
[0.997s] creating /media/karthi/New Volume/Warrior/Projects/ROS/dev_ws/build/turtle_control/build
[0.997s] creating /media/karthi/New Volume/Warrior/Projects/ROS/dev_ws/build/turtle_control/build/lib
[0.997s] creating /media/karthi/New Volume/Warrior/Projects/ROS/dev_ws/build/turtle_control/build/lib/turtle_control
[0.998s] copying turtle_control/turtle.py -> /media/karthi/New Volume/Warrior/Projects/ROS/dev_ws/build/turtle_control/build/lib/turtle_control
[0.999s] copying turtle_control/__init__.py -> /media/karthi/New Volume/Warrior/Projects/ROS/dev_ws/build/turtle_control/build/lib/turtle_control
[1.000s] running install
[1.001s] running install_lib
[1.003s] creating /media/karthi/New Volume/Warrior/Projects/ROS/dev_ws/install/turtle_control/lib/python3.8/site-packages/turtle_control
[1.005s] copying /media/karthi/New Volume/Warrior/Projects/ROS/dev_ws/build/turtle_control/build/lib/turtle_control/turtle.py -> /media/karthi/New Volume/Warrior/Projects/ROS/dev_ws/install/turtle_control/lib/python3.8/site-packages/turtle_control
[1.007s] copying /media/karthi/New Volume/Warrior/Projects/ROS/dev_ws/build/turtle_control/build/lib/turtle_control/__init__.py -> /media/karthi/New Volume/Warrior/Projects/ROS/dev_ws/install/turtle_control/lib/python3.8/site-packages/turtle_control
[1.009s] byte-compiling /media/karthi/New Volume/Warrior/Projects/ROS/dev_ws/install/turtle_control/lib/python3.8/site-packages/turtle_control/turtle.py to turtle.cpython-38.pyc
[1.012s] byte-compiling /media/karthi/New Volume/Warrior/Projects/ROS/dev_ws/install/turtle_control/lib/python3.8/site-packages/turtle_control/__init__.py to __init__.cpython-38.pyc
[1.014s] running install_data
[1.015s] creating /media/karthi/New Volume/Warrior/Projects/ROS/dev_ws/install/turtle_control/share/ament_index
[1.015s] creating /media/karthi/New Volume/Warrior/Projects/ROS/dev_ws/install/turtle_control/share/ament_index/resource_index
[1.015s] creating /media/karthi/New Volume/Warrior/Projects/ROS/dev_ws/install/turtle_control/share/ament_index/resource_index/packages
[1.016s] copying resource/turtle_control -> /media/karthi/New Volume/Warrior/Projects/ROS/dev_ws/install/turtle_control/share/ament_index/resource_index/packages
[1.017s] copying package.xml -> /media/karthi/New Volume/Warrior/Projects/ROS/dev_ws/install/turtle_control/share/turtle_control
[1.018s] running install_egg_info
[1.021s] Copying ../../build/turtle_control/turtle_control.egg-info to /media/karthi/New Volume/Warrior/Projects/ROS/dev_ws/install/turtle_control/lib/python3.8/site-packages/turtle_control-0.0.0-py3.8.egg-info
[1.033s] running install_scripts
[1.050s] Installing squaredo script to /media/karthi/New Volume/Warrior/Projects/ROS/dev_ws/install/turtle_control/lib/turtle_control
[1.051s] writing list of installed files to '/media/karthi/New Volume/Warrior/Projects/ROS/dev_ws/build/turtle_control/install.log'
[1.068s] Invoked command in '/media/karthi/New Volume/Warrior/Projects/ROS/dev_ws/src/turtle_control' returned '0': PYTHONPATH=/media/karthi/New Volume/Warrior/Projects/ROS/dev_ws/install/turtle_control/lib/python3.8/site-packages:${PYTHONPATH} /usr/bin/python3 setup.py egg_info --egg-base ../../build/turtle_control build --build-base /media/karthi/New Volume/Warrior/Projects/ROS/dev_ws/build/turtle_control/build install --prefix /media/karthi/New Volume/Warrior/Projects/ROS/dev_ws/install/turtle_control --record /media/karthi/New Volume/Warrior/Projects/ROS/dev_ws/build/turtle_control/install.log --single-version-externally-managed
