[0.497s] Invoking command in '/media/karthi/New Volume/Warrior/Projects/ROS/dev_ws/src/py_srvcli': PYTHONPATH=/media/karthi/New Volume/Warrior/Projects/ROS/dev_ws/install/py_srvcli/lib/python3.8/site-packages:${PYTHONPATH} /usr/bin/python3 setup.py egg_info --egg-base ../../build/py_srvcli build --build-base /media/karthi/New Volume/Warrior/Projects/ROS/dev_ws/build/py_srvcli/build install --prefix /media/karthi/New Volume/Warrior/Projects/ROS/dev_ws/install/py_srvcli --record /media/karthi/New Volume/Warrior/Projects/ROS/dev_ws/build/py_srvcli/install.log --single-version-externally-managed
[0.678s] running egg_info
[0.678s] creating ../../build/py_srvcli/py_srvcli.egg-info
[0.679s] writing ../../build/py_srvcli/py_srvcli.egg-info/PKG-INFO
[0.679s] writing dependency_links to ../../build/py_srvcli/py_srvcli.egg-info/dependency_links.txt
[0.679s] writing entry points to ../../build/py_srvcli/py_srvcli.egg-info/entry_points.txt
[0.680s] writing requirements to ../../build/py_srvcli/py_srvcli.egg-info/requires.txt
[0.680s] writing top-level names to ../../build/py_srvcli/py_srvcli.egg-info/top_level.txt
[0.681s] writing manifest file '../../build/py_srvcli/py_srvcli.egg-info/SOURCES.txt'
[0.707s] reading manifest file '../../build/py_srvcli/py_srvcli.egg-info/SOURCES.txt'
[0.709s] writing manifest file '../../build/py_srvcli/py_srvcli.egg-info/SOURCES.txt'
[0.709s] running build
[0.710s] running build_py
[0.710s] creating /media/karthi/New Volume/Warrior/Projects/ROS/dev_ws/build/py_srvcli/build
[0.710s] creating /media/karthi/New Volume/Warrior/Projects/ROS/dev_ws/build/py_srvcli/build/lib
[0.710s] creating /media/karthi/New Volume/Warrior/Projects/ROS/dev_ws/build/py_srvcli/build/lib/py_srvcli
[0.710s] copying py_srvcli/client_member_function.py -> /media/karthi/New Volume/Warrior/Projects/ROS/dev_ws/build/py_srvcli/build/lib/py_srvcli
[0.711s] copying py_srvcli/service_member_function.py -> /media/karthi/New Volume/Warrior/Projects/ROS/dev_ws/build/py_srvcli/build/lib/py_srvcli
[0.712s] copying py_srvcli/__init__.py -> /media/karthi/New Volume/Warrior/Projects/ROS/dev_ws/build/py_srvcli/build/lib/py_srvcli
[0.713s] running install
[0.714s] running install_lib
[0.715s] creating /media/karthi/New Volume/Warrior/Projects/ROS/dev_ws/install/py_srvcli/lib/python3.8/site-packages/py_srvcli
[0.715s] copying /media/karthi/New Volume/Warrior/Projects/ROS/dev_ws/build/py_srvcli/build/lib/py_srvcli/client_member_function.py -> /media/karthi/New Volume/Warrior/Projects/ROS/dev_ws/install/py_srvcli/lib/python3.8/site-packages/py_srvcli
[0.716s] copying /media/karthi/New Volume/Warrior/Projects/ROS/dev_ws/build/py_srvcli/build/lib/py_srvcli/service_member_function.py -> /media/karthi/New Volume/Warrior/Projects/ROS/dev_ws/install/py_srvcli/lib/python3.8/site-packages/py_srvcli
[0.717s] copying /media/karthi/New Volume/Warrior/Projects/ROS/dev_ws/build/py_srvcli/build/lib/py_srvcli/__init__.py -> /media/karthi/New Volume/Warrior/Projects/ROS/dev_ws/install/py_srvcli/lib/python3.8/site-packages/py_srvcli
[0.718s] byte-compiling /media/karthi/New Volume/Warrior/Projects/ROS/dev_ws/install/py_srvcli/lib/python3.8/site-packages/py_srvcli/client_member_function.py to client_member_function.cpython-38.pyc
[0.720s] byte-compiling /media/karthi/New Volume/Warrior/Projects/ROS/dev_ws/install/py_srvcli/lib/python3.8/site-packages/py_srvcli/service_member_function.py to service_member_function.cpython-38.pyc
[0.722s] byte-compiling /media/karthi/New Volume/Warrior/Projects/ROS/dev_ws/install/py_srvcli/lib/python3.8/site-packages/py_srvcli/__init__.py to __init__.cpython-38.pyc
[0.723s] running install_data
[0.724s] creating /media/karthi/New Volume/Warrior/Projects/ROS/dev_ws/install/py_srvcli/share/ament_index
[0.724s] creating /media/karthi/New Volume/Warrior/Projects/ROS/dev_ws/install/py_srvcli/share/ament_index/resource_index
[0.724s] creating /media/karthi/New Volume/Warrior/Projects/ROS/dev_ws/install/py_srvcli/share/ament_index/resource_index/packages
[0.724s] copying resource/py_srvcli -> /media/karthi/New Volume/Warrior/Projects/ROS/dev_ws/install/py_srvcli/share/ament_index/resource_index/packages
[0.725s] copying package.xml -> /media/karthi/New Volume/Warrior/Projects/ROS/dev_ws/install/py_srvcli/share/py_srvcli
[0.726s] running install_egg_info
[0.727s] Copying ../../build/py_srvcli/py_srvcli.egg-info to /media/karthi/New Volume/Warrior/Projects/ROS/dev_ws/install/py_srvcli/lib/python3.8/site-packages/py_srvcli-0.0.0-py3.8.egg-info
[0.733s] running install_scripts
[0.747s] Installing service script to /media/karthi/New Volume/Warrior/Projects/ROS/dev_ws/install/py_srvcli/lib/py_srvcli
[0.747s] writing list of installed files to '/media/karthi/New Volume/Warrior/Projects/ROS/dev_ws/build/py_srvcli/install.log'
[0.761s] Invoked command in '/media/karthi/New Volume/Warrior/Projects/ROS/dev_ws/src/py_srvcli' returned '0': PYTHONPATH=/media/karthi/New Volume/Warrior/Projects/ROS/dev_ws/install/py_srvcli/lib/python3.8/site-packages:${PYTHONPATH} /usr/bin/python3 setup.py egg_info --egg-base ../../build/py_srvcli build --build-base /media/karthi/New Volume/Warrior/Projects/ROS/dev_ws/build/py_srvcli/build install --prefix /media/karthi/New Volume/Warrior/Projects/ROS/dev_ws/install/py_srvcli --record /media/karthi/New Volume/Warrior/Projects/ROS/dev_ws/build/py_srvcli/install.log --single-version-externally-managed
