[0.238s] Invoking command in '/media/karthi/New Volume/Warrior/Projects/ROS/dev_ws/build/turtlesim': CMAKE_PREFIX_PATH=${CMAKE_PREFIX_PATH}:/media/karthi/New Volume/Warrior/Projects/ROS/dev_ws/install/turtle2:/opt/ros/foxy /usr/bin/cmake /media/karthi/New Volume/Warrior/Projects/ROS/dev_ws/src/turtlesim -DCMAKE_INSTALL_PREFIX=/media/karthi/New Volume/Warrior/Projects/ROS/dev_ws/install/turtlesim
[0.315s] -- The C compiler identification is GNU 9.3.0
[0.374s] -- The CXX compiler identification is GNU 9.3.0
[0.382s] -- Check for working C compiler: /usr/bin/cc
[0.497s] -- Check for working C compiler: /usr/bin/cc -- works
[0.499s] -- Detecting C compiler ABI info
[0.630s] -- Detecting C compiler ABI info - done
[0.644s] -- Detecting C compile features
[0.644s] -- Detecting C compile features - done
[0.649s] -- Check for working CXX compiler: /usr/bin/c++
[0.791s] -- Check for working CXX compiler: /usr/bin/c++ -- works
[0.792s] -- Detecting CXX compiler ABI info
[0.925s] -- Detecting CXX compiler ABI info - done
[0.937s] -- Detecting CXX compile features
[0.937s] -- Detecting CXX compile features - done
[0.943s] -- Found ament_cmake: 0.9.9 (/opt/ros/foxy/share/ament_cmake/cmake)
[0.973s] -- Found PythonInterp: /usr/bin/python3 (found suitable version "3.8.10", minimum required is "3") 
[0.973s] -- Using PYTHON_EXECUTABLE: /usr/bin/python3
[1.211s] -- Found ament_index_cpp: 1.1.0 (/opt/ros/foxy/share/ament_index_cpp/cmake)
[1.218s] -- Found geometry_msgs: 2.0.5 (/opt/ros/foxy/share/geometry_msgs/cmake)
[1.266s] -- Using all available rosidl_typesupport_c: rosidl_typesupport_fastrtps_c;rosidl_typesupport_introspection_c
[1.278s] -- Found rosidl_adapter: 1.2.1 (/opt/ros/foxy/share/rosidl_adapter/cmake)
[1.391s] -- Found OpenSSL: /usr/lib/x86_64-linux-gnu/libcrypto.so (found version "1.1.1f")  
[1.423s] -- Found FastRTPS: /opt/ros/foxy/include  
[1.512s] -- Using all available rosidl_typesupport_cpp: rosidl_typesupport_fastrtps_cpp;rosidl_typesupport_introspection_cpp
[1.603s] -- Found rclcpp: 2.4.1 (/opt/ros/foxy/share/rclcpp/cmake)
[1.681s] -- Found rmw_implementation_cmake: 1.0.3 (/opt/ros/foxy/share/rmw_implementation_cmake/cmake)
[1.683s] -- Using RMW implementation 'rmw_fastrtps_cpp' as default
[1.687s] -- Looking for pthread.h
[1.812s] -- Looking for pthread.h - found
[1.813s] -- Performing Test CMAKE_HAVE_LIBC_PTHREAD
[1.924s] -- Performing Test CMAKE_HAVE_LIBC_PTHREAD - Failed
[1.925s] -- Looking for pthread_create in pthreads
[2.019s] -- Looking for pthread_create in pthreads - not found
[2.020s] -- Looking for pthread_create in pthread
[2.138s] -- Looking for pthread_create in pthread - found
[2.139s] -- Found Threads: TRUE  
[2.286s] -- Found rclcpp_action: 2.4.1 (/opt/ros/foxy/share/rclcpp_action/cmake)
[2.359s] -- Found rosidl_default_generators: 1.0.1 (/opt/ros/foxy/share/rosidl_default_generators/cmake)
[2.373s] -- Found std_srvs: 2.0.5 (/opt/ros/foxy/share/std_srvs/cmake)
[2.420s] -- Found PythonInterp: /usr/bin/python3 (found version "3.8.10") 
[2.627s] -- Found ament_cmake_ros: 0.9.2 (/opt/ros/foxy/share/ament_cmake_ros/cmake)
[2.819s] -- Using all available rosidl_typesupport_c: rosidl_typesupport_fastrtps_c;rosidl_typesupport_introspection_c
[2.878s] -- Using all available rosidl_typesupport_cpp: rosidl_typesupport_fastrtps_cpp;rosidl_typesupport_introspection_cpp
[2.905s] -- Found PythonInterp: /usr/bin/python3 (found suitable version "3.8.10", minimum required is "3.5") 
[2.909s] -- Found python_cmake_module: 0.8.1 (/opt/ros/foxy/share/python_cmake_module/cmake)
[2.940s] -- Found PythonLibs: /usr/lib/x86_64-linux-gnu/libpython3.8.so (found suitable version "3.8.10", minimum required is "3.5") 
[2.941s] -- Using PYTHON_EXECUTABLE: /usr/bin/python3
[2.941s] -- Using PYTHON_INCLUDE_DIRS: /usr/include/python3.8
[2.941s] -- Using PYTHON_LIBRARIES: /usr/lib/x86_64-linux-gnu/libpython3.8.so
[2.964s] -- Found PythonExtra: .so  
[3.099s] -- Configuring done
[3.402s] -- Generating done
[3.419s] -- Build files have been written to: /media/karthi/New Volume/Warrior/Projects/ROS/dev_ws/build/turtlesim
[3.428s] Invoked command in '/media/karthi/New Volume/Warrior/Projects/ROS/dev_ws/build/turtlesim' returned '0': CMAKE_PREFIX_PATH=${CMAKE_PREFIX_PATH}:/media/karthi/New Volume/Warrior/Projects/ROS/dev_ws/install/turtle2:/opt/ros/foxy /usr/bin/cmake /media/karthi/New Volume/Warrior/Projects/ROS/dev_ws/src/turtlesim -DCMAKE_INSTALL_PREFIX=/media/karthi/New Volume/Warrior/Projects/ROS/dev_ws/install/turtlesim
[3.430s] Invoking command in '/media/karthi/New Volume/Warrior/Projects/ROS/dev_ws/build/turtlesim': CMAKE_PREFIX_PATH=${CMAKE_PREFIX_PATH}:/media/karthi/New Volume/Warrior/Projects/ROS/dev_ws/install/turtle2:/opt/ros/foxy /usr/bin/cmake --build /media/karthi/New Volume/Warrior/Projects/ROS/dev_ws/build/turtlesim -- -j12 -l12
[3.500s] [  1%] [34m[1mGenerating C code for ROS interfaces[0m
[3.500s] [35m[1mScanning dependencies of target turtlesim__cpp[0m
[3.520s] [  2%] [34m[1mGenerating C++ code for ROS interfaces[0m
[4.372s] [  2%] Built target turtlesim__cpp
[4.394s] [  3%] [34m[1mGenerating C++ type support dispatch for ROS interfaces[0m
[4.397s] [  4%] [34m[1mGenerating C++ type support for eProsima Fast-RTPS[0m
[4.398s] [  5%] [34m[1mGenerating C++ introspection for ROS interfaces[0m
[4.399s] [35m[1mScanning dependencies of target turtlesim__rosidl_generator_c[0m
[4.483s] [  7%] [32mBuilding C object CMakeFiles/turtlesim__rosidl_generator_c.dir/rosidl_generator_c/turtlesim/msg/detail/color__functions.c.o[0m
[4.484s] [  7%] [32mBuilding C object CMakeFiles/turtlesim__rosidl_generator_c.dir/rosidl_generator_c/turtlesim/action/detail/rotate_absolute__functions.c.o[0m
[4.487s] [  8%] [32mBuilding C object CMakeFiles/turtlesim__rosidl_generator_c.dir/rosidl_generator_c/turtlesim/msg/detail/pose__functions.c.o[0m
[4.489s] [ 10%] [32mBuilding C object CMakeFiles/turtlesim__rosidl_generator_c.dir/rosidl_generator_c/turtlesim/srv/detail/set_pen__functions.c.o[0m
[4.490s] [ 10%] [32mBuilding C object CMakeFiles/turtlesim__rosidl_generator_c.dir/rosidl_generator_c/turtlesim/srv/detail/kill__functions.c.o[0m
[4.493s] [ 12%] [32mBuilding C object CMakeFiles/turtlesim__rosidl_generator_c.dir/rosidl_generator_c/turtlesim/srv/detail/spawn__functions.c.o[0m
[4.494s] [ 13%] [32mBuilding C object CMakeFiles/turtlesim__rosidl_generator_c.dir/rosidl_generator_c/turtlesim/srv/detail/teleport_absolute__functions.c.o[0m
[4.495s] [ 13%] [32mBuilding C object CMakeFiles/turtlesim__rosidl_generator_c.dir/rosidl_generator_c/turtlesim/srv/detail/teleport_relative__functions.c.o[0m
[4.700s] [ 14%] [32m[1mLinking C shared library libturtlesim__rosidl_generator_c.so[0m
[4.778s] [ 14%] Built target turtlesim__rosidl_generator_c
[4.804s] [ 16%] [34m[1mGenerating C type support dispatch for ROS interfaces[0m
[4.805s] [ 16%] [34m[1mGenerating C introspection for ROS interfaces[0m
[5.113s] [35m[1mScanning dependencies of target turtlesim__rosidl_typesupport_cpp[0m
[5.228s] [ 18%] [32mBuilding CXX object CMakeFiles/turtlesim__rosidl_typesupport_cpp.dir/rosidl_typesupport_cpp/turtlesim/action/rotate_absolute__type_support.cpp.o[0m
[5.229s] [ 18%] [32mBuilding CXX object CMakeFiles/turtlesim__rosidl_typesupport_cpp.dir/rosidl_typesupport_cpp/turtlesim/msg/color__type_support.cpp.o[0m
[5.231s] [ 19%] [32mBuilding CXX object CMakeFiles/turtlesim__rosidl_typesupport_cpp.dir/rosidl_typesupport_cpp/turtlesim/msg/pose__type_support.cpp.o[0m
[5.233s] [ 20%] [32mBuilding CXX object CMakeFiles/turtlesim__rosidl_typesupport_cpp.dir/rosidl_typesupport_cpp/turtlesim/srv/kill__type_support.cpp.o[0m
[5.234s] [ 22%] [32mBuilding CXX object CMakeFiles/turtlesim__rosidl_typesupport_cpp.dir/rosidl_typesupport_cpp/turtlesim/srv/set_pen__type_support.cpp.o[0m
[5.234s] [ 22%] [32mBuilding CXX object CMakeFiles/turtlesim__rosidl_typesupport_cpp.dir/rosidl_typesupport_cpp/turtlesim/srv/spawn__type_support.cpp.o[0m
[5.236s] [ 23%] [32mBuilding CXX object CMakeFiles/turtlesim__rosidl_typesupport_cpp.dir/rosidl_typesupport_cpp/turtlesim/srv/teleport_relative__type_support.cpp.o[0m
[5.243s] [ 24%] [32mBuilding CXX object CMakeFiles/turtlesim__rosidl_typesupport_cpp.dir/rosidl_typesupport_cpp/turtlesim/srv/teleport_absolute__type_support.cpp.o[0m
[5.932s] [35m[1mScanning dependencies of target turtlesim__rosidl_typesupport_introspection_cpp[0m
[6.122s] [35m[1mScanning dependencies of target turtlesim__rosidl_typesupport_c[0m
[6.136s] [ 25%] [32m[1mLinking CXX shared library libturtlesim__rosidl_typesupport_cpp.so[0m
[6.155s] [35m[1mScanning dependencies of target turtlesim__rosidl_typesupport_fastrtps_cpp[0m
[6.179s] [35m[1mScanning dependencies of target turtlesim__rosidl_typesupport_introspection_c[0m
[6.231s] [ 26%] [32mBuilding CXX object CMakeFiles/turtlesim__rosidl_typesupport_introspection_cpp.dir/rosidl_typesupport_introspection_cpp/turtlesim/action/detail/rotate_absolute__type_support.cpp.o[0m
[6.233s] [ 27%] [32mBuilding CXX object CMakeFiles/turtlesim__rosidl_typesupport_introspection_cpp.dir/rosidl_typesupport_introspection_cpp/turtlesim/msg/detail/color__type_support.cpp.o[0m
[6.234s] [ 28%] [32mBuilding CXX object CMakeFiles/turtlesim__rosidl_typesupport_introspection_cpp.dir/rosidl_typesupport_introspection_cpp/turtlesim/msg/detail/pose__type_support.cpp.o[0m
[6.238s] [ 29%] [32mBuilding CXX object CMakeFiles/turtlesim__rosidl_typesupport_introspection_cpp.dir/rosidl_typesupport_introspection_cpp/turtlesim/srv/detail/kill__type_support.cpp.o[0m
[6.240s] [ 30%] [32mBuilding CXX object CMakeFiles/turtlesim__rosidl_typesupport_introspection_cpp.dir/rosidl_typesupport_introspection_cpp/turtlesim/srv/detail/set_pen__type_support.cpp.o[0m
[6.243s] [ 32%] [32mBuilding CXX object CMakeFiles/turtlesim__rosidl_typesupport_introspection_cpp.dir/rosidl_typesupport_introspection_cpp/turtlesim/srv/detail/teleport_absolute__type_support.cpp.o[0m
[6.243s] [ 32%] [32mBuilding CXX object CMakeFiles/turtlesim__rosidl_typesupport_introspection_cpp.dir/rosidl_typesupport_introspection_cpp/turtlesim/srv/detail/spawn__type_support.cpp.o[0m
[6.244s] [ 33%] [32mBuilding CXX object CMakeFiles/turtlesim__rosidl_typesupport_introspection_cpp.dir/rosidl_typesupport_introspection_cpp/turtlesim/srv/detail/teleport_relative__type_support.cpp.o[0m
[6.326s] [ 33%] Built target turtlesim__rosidl_typesupport_cpp
[6.354s] [ 34%] [32mBuilding CXX object CMakeFiles/turtlesim__rosidl_typesupport_c.dir/rosidl_typesupport_c/turtlesim/action/rotate_absolute__type_support.cpp.o[0m
[6.377s] [ 35%] [32mBuilding CXX object CMakeFiles/turtlesim__rosidl_typesupport_c.dir/rosidl_typesupport_c/turtlesim/msg/color__type_support.cpp.o[0m
[6.542s] [ 36%] [32mBuilding C object CMakeFiles/turtlesim__rosidl_typesupport_introspection_c.dir/rosidl_typesupport_introspection_c/turtlesim/action/detail/rotate_absolute__type_support.c.o[0m
[6.610s] [ 37%] [32mBuilding C object CMakeFiles/turtlesim__rosidl_typesupport_introspection_c.dir/rosidl_typesupport_introspection_c/turtlesim/msg/detail/color__type_support.c.o[0m
[6.699s] [ 38%] [32mBuilding CXX object CMakeFiles/turtlesim__rosidl_typesupport_c.dir/rosidl_typesupport_c/turtlesim/msg/pose__type_support.cpp.o[0m
[6.763s] [ 39%] [32mBuilding CXX object CMakeFiles/turtlesim__rosidl_typesupport_fastrtps_cpp.dir/rosidl_typesupport_fastrtps_cpp/turtlesim/action/detail/dds_fastrtps/rotate_absolute__type_support.cpp.o[0m
[6.851s] [ 40%] [32mBuilding C object CMakeFiles/turtlesim__rosidl_typesupport_introspection_c.dir/rosidl_typesupport_introspection_c/turtlesim/msg/detail/pose__type_support.c.o[0m
[6.863s] [ 41%] [32mBuilding C object CMakeFiles/turtlesim__rosidl_typesupport_introspection_c.dir/rosidl_typesupport_introspection_c/turtlesim/srv/detail/kill__type_support.c.o[0m
[6.877s] [ 42%] [32mBuilding CXX object CMakeFiles/turtlesim__rosidl_typesupport_c.dir/rosidl_typesupport_c/turtlesim/srv/kill__type_support.cpp.o[0m
[6.971s] [ 43%] [32mBuilding CXX object CMakeFiles/turtlesim__rosidl_typesupport_c.dir/rosidl_typesupport_c/turtlesim/srv/set_pen__type_support.cpp.o[0m
[7.029s] [ 44%] [32mBuilding C object CMakeFiles/turtlesim__rosidl_typesupport_introspection_c.dir/rosidl_typesupport_introspection_c/turtlesim/srv/detail/set_pen__type_support.c.o[0m
[7.045s] [ 45%] [32mBuilding CXX object CMakeFiles/turtlesim__rosidl_typesupport_c.dir/rosidl_typesupport_c/turtlesim/srv/spawn__type_support.cpp.o[0m
[7.070s] [ 47%] [32mBuilding C object CMakeFiles/turtlesim__rosidl_typesupport_introspection_c.dir/rosidl_typesupport_introspection_c/turtlesim/srv/detail/spawn__type_support.c.o[0m
[7.071s] [ 47%] [32mBuilding CXX object CMakeFiles/turtlesim__rosidl_typesupport_c.dir/rosidl_typesupport_c/turtlesim/srv/teleport_absolute__type_support.cpp.o[0m
[7.074s] [ 48%] [32mBuilding CXX object CMakeFiles/turtlesim__rosidl_typesupport_c.dir/rosidl_typesupport_c/turtlesim/srv/teleport_relative__type_support.cpp.o[0m
[7.079s] [ 49%] [32mBuilding CXX object CMakeFiles/turtlesim__rosidl_typesupport_fastrtps_cpp.dir/rosidl_typesupport_fastrtps_cpp/turtlesim/msg/detail/dds_fastrtps/color__type_support.cpp.o[0m
[7.080s] [ 50%] [32mBuilding C object CMakeFiles/turtlesim__rosidl_typesupport_introspection_c.dir/rosidl_typesupport_introspection_c/turtlesim/srv/detail/teleport_absolute__type_support.c.o[0m
[7.082s] [ 51%] [32mBuilding C object CMakeFiles/turtlesim__rosidl_typesupport_introspection_c.dir/rosidl_typesupport_introspection_c/turtlesim/srv/detail/teleport_relative__type_support.c.o[0m
[7.096s] [ 52%] [32mBuilding CXX object CMakeFiles/turtlesim__rosidl_typesupport_fastrtps_cpp.dir/rosidl_typesupport_fastrtps_cpp/turtlesim/msg/detail/dds_fastrtps/pose__type_support.cpp.o[0m
[7.143s] [ 53%] [32mBuilding CXX object CMakeFiles/turtlesim__rosidl_typesupport_fastrtps_cpp.dir/rosidl_typesupport_fastrtps_cpp/turtlesim/srv/detail/dds_fastrtps/kill__type_support.cpp.o[0m
[7.144s] [ 54%] [32m[1mLinking CXX shared library libturtlesim__rosidl_typesupport_introspection_cpp.so[0m
[7.211s] [ 55%] [32mBuilding CXX object CMakeFiles/turtlesim__rosidl_typesupport_fastrtps_cpp.dir/rosidl_typesupport_fastrtps_cpp/turtlesim/srv/detail/dds_fastrtps/set_pen__type_support.cpp.o[0m
[7.241s] [ 56%] [32mBuilding CXX object CMakeFiles/turtlesim__rosidl_typesupport_fastrtps_cpp.dir/rosidl_typesupport_fastrtps_cpp/turtlesim/srv/detail/dds_fastrtps/spawn__type_support.cpp.o[0m
[7.247s] [ 58%] [32mBuilding CXX object CMakeFiles/turtlesim__rosidl_typesupport_fastrtps_cpp.dir/rosidl_typesupport_fastrtps_cpp/turtlesim/srv/detail/dds_fastrtps/teleport_absolute__type_support.cpp.o[0m
[7.247s] [ 58%] [32m[1mLinking CXX shared library libturtlesim__rosidl_typesupport_c.so[0m
[7.281s] [ 59%] [32mBuilding CXX object CMakeFiles/turtlesim__rosidl_typesupport_fastrtps_cpp.dir/rosidl_typesupport_fastrtps_cpp/turtlesim/srv/detail/dds_fastrtps/teleport_relative__type_support.cpp.o[0m
[7.291s] [ 60%] [32m[1mLinking C shared library libturtlesim__rosidl_typesupport_introspection_c.so[0m
[7.421s] [ 60%] Built target turtlesim__rosidl_typesupport_introspection_cpp
[7.469s] [ 60%] Built target turtlesim__rosidl_typesupport_c
[7.510s] [ 60%] Built target turtlesim__rosidl_typesupport_introspection_c
[8.211s] [ 61%] [32m[1mLinking CXX shared library libturtlesim__rosidl_typesupport_fastrtps_cpp.so[0m
[8.317s] [ 61%] Built target turtlesim__rosidl_typesupport_fastrtps_cpp
[8.334s] [ 62%] [34m[1mGenerating C type support for eProsima Fast-RTPS[0m
[8.962s] [35m[1mScanning dependencies of target turtlesim__rosidl_typesupport_fastrtps_c[0m
[9.087s] [ 63%] [32mBuilding CXX object CMakeFiles/turtlesim__rosidl_typesupport_fastrtps_c.dir/rosidl_typesupport_fastrtps_c/turtlesim/action/detail/rotate_absolute__type_support_c.cpp.o[0m
[9.091s] [ 64%] [32mBuilding CXX object CMakeFiles/turtlesim__rosidl_typesupport_fastrtps_c.dir/rosidl_typesupport_fastrtps_c/turtlesim/msg/detail/color__type_support_c.cpp.o[0m
[9.091s] [ 65%] [32mBuilding CXX object CMakeFiles/turtlesim__rosidl_typesupport_fastrtps_c.dir/rosidl_typesupport_fastrtps_c/turtlesim/srv/detail/set_pen__type_support_c.cpp.o[0m
[9.092s] [ 66%] [32mBuilding CXX object CMakeFiles/turtlesim__rosidl_typesupport_fastrtps_c.dir/rosidl_typesupport_fastrtps_c/turtlesim/msg/detail/pose__type_support_c.cpp.o[0m
[9.093s] [ 67%] [32mBuilding CXX object CMakeFiles/turtlesim__rosidl_typesupport_fastrtps_c.dir/rosidl_typesupport_fastrtps_c/turtlesim/srv/detail/kill__type_support_c.cpp.o[0m
[9.095s] [ 69%] [32mBuilding CXX object CMakeFiles/turtlesim__rosidl_typesupport_fastrtps_c.dir/rosidl_typesupport_fastrtps_c/turtlesim/srv/detail/spawn__type_support_c.cpp.o[0m
[9.096s] [ 69%] [32mBuilding CXX object CMakeFiles/turtlesim__rosidl_typesupport_fastrtps_c.dir/rosidl_typesupport_fastrtps_c/turtlesim/srv/detail/teleport_absolute__type_support_c.cpp.o[0m
[9.096s] [ 70%] [32mBuilding CXX object CMakeFiles/turtlesim__rosidl_typesupport_fastrtps_c.dir/rosidl_typesupport_fastrtps_c/turtlesim/srv/detail/teleport_relative__type_support_c.cpp.o[0m
[9.988s] [ 71%] [32m[1mLinking CXX shared library libturtlesim__rosidl_typesupport_fastrtps_c.so[0m
[10.085s] [ 71%] Built target turtlesim__rosidl_typesupport_fastrtps_c
[10.100s] [35m[1mScanning dependencies of target turtlesim[0m
[10.119s] [ 71%] Built target turtlesim
[10.143s] [ 72%] [34m[1mGenerating include/turtlesim/moc_turtle_frame.cpp[0m
[10.143s] [35m[1mScanning dependencies of target turtle_teleop_key[0m
[10.144s] [35m[1mScanning dependencies of target draw_square[0m
[10.146s] [35m[1mScanning dependencies of target mimic[0m
[10.149s] [35m[1mScanning dependencies of target turtlesim__py[0m
[10.176s] [ 73%] [34m[1mGenerating Python code for ROS interfaces[0m
[10.235s] [35m[1mScanning dependencies of target turtlesim_node[0m
[10.487s] [ 74%] [32mBuilding CXX object CMakeFiles/mimic.dir/tutorials/mimic.cpp.o[0m
[10.499s] [ 75%] [32mBuilding CXX object CMakeFiles/draw_square.dir/tutorials/draw_square.cpp.o[0m
[10.585s] [ 76%] [32mBuilding CXX object CMakeFiles/turtle_teleop_key.dir/tutorials/teleop_turtle_key.cpp.o[0m
[10.952s] [ 77%] [32mBuilding CXX object CMakeFiles/turtlesim_node.dir/src/turtlesim.cpp.o[0m
[10.953s] [ 78%] [32mBuilding CXX object CMakeFiles/turtlesim_node.dir/src/turtle_frame.cpp.o[0m
[10.955s] [ 79%] [32mBuilding CXX object CMakeFiles/turtlesim_node.dir/src/turtle.cpp.o[0m
[10.956s] [ 80%] [32mBuilding CXX object CMakeFiles/turtlesim_node.dir/include/turtlesim/moc_turtle_frame.cpp.o[0m
[13.264s] [ 80%] Built target turtlesim__py
[13.295s] [35m[1mScanning dependencies of target turtlesim__python[0m
[13.705s] [ 81%] [32mBuilding C object CMakeFiles/turtlesim__python.dir/rosidl_generator_py/turtlesim/action/_rotate_absolute_s.c.o[0m
[13.713s] [ 82%] [32mBuilding C object CMakeFiles/turtlesim__python.dir/rosidl_generator_py/turtlesim/srv/_set_pen_s.c.o[0m
[13.715s] [ 83%] [32mBuilding C object CMakeFiles/turtlesim__python.dir/rosidl_generator_py/turtlesim/srv/_kill_s.c.o[0m
[13.720s] [ 85%] [32mBuilding C object CMakeFiles/turtlesim__python.dir/rosidl_generator_py/turtlesim/msg/_pose_s.c.o[0m
[13.721s] [ 85%] [32mBuilding C object CMakeFiles/turtlesim__python.dir/rosidl_generator_py/turtlesim/msg/_color_s.c.o[0m
[14.017s] [ 86%] [32mBuilding C object CMakeFiles/turtlesim__python.dir/rosidl_generator_py/turtlesim/srv/_spawn_s.c.o[0m
[14.072s] [ 87%] [32mBuilding C object CMakeFiles/turtlesim__python.dir/rosidl_generator_py/turtlesim/srv/_teleport_absolute_s.c.o[0m
[14.124s] [ 88%] [32mBuilding C object CMakeFiles/turtlesim__python.dir/rosidl_generator_py/turtlesim/srv/_teleport_relative_s.c.o[0m
[14.438s] [ 89%] [32m[1mLinking C shared library rosidl_generator_py/turtlesim/libturtlesim__python.so[0m
[14.582s] [ 89%] Built target turtlesim__python
[14.614s] [35m[1mScanning dependencies of target turtlesim__rosidl_typesupport_c__pyext[0m
[14.614s] [35m[1mScanning dependencies of target turtlesim__rosidl_typesupport_fastrtps_c__pyext[0m
[14.615s] [35m[1mScanning dependencies of target turtlesim__rosidl_typesupport_introspection_c__pyext[0m
[14.844s] [ 90%] [32mBuilding C object CMakeFiles/turtlesim__rosidl_typesupport_c__pyext.dir/rosidl_generator_py/turtlesim/_turtlesim_s.ep.rosidl_typesupport_c.c.o[0m
[14.849s] [ 91%] [32mBuilding C object CMakeFiles/turtlesim__rosidl_typesupport_introspection_c__pyext.dir/rosidl_generator_py/turtlesim/_turtlesim_s.ep.rosidl_typesupport_introspection_c.c.o[0m
[14.852s] [ 92%] [32mBuilding C object CMakeFiles/turtlesim__rosidl_typesupport_fastrtps_c__pyext.dir/rosidl_generator_py/turtlesim/_turtlesim_s.ep.rosidl_typesupport_fastrtps_c.c.o[0m
[15.342s] [ 93%] [32m[1mLinking C shared library rosidl_generator_py/turtlesim/turtlesim_s__rosidl_typesupport_introspection_c.cpython-38-x86_64-linux-gnu.so[0m
[15.394s] [ 94%] [32m[1mLinking CXX shared library rosidl_generator_py/turtlesim/turtlesim_s__rosidl_typesupport_fastrtps_c.cpython-38-x86_64-linux-gnu.so[0m
[15.470s] [ 94%] Built target turtlesim__rosidl_typesupport_introspection_c__pyext
[15.487s] [ 95%] [32m[1mLinking C shared library rosidl_generator_py/turtlesim/turtlesim_s__rosidl_typesupport_c.cpython-38-x86_64-linux-gnu.so[0m
[15.591s] [ 95%] Built target turtlesim__rosidl_typesupport_fastrtps_c__pyext
[15.618s] [ 95%] Built target turtlesim__rosidl_typesupport_c__pyext
[16.871s] [ 96%] [32m[1mLinking CXX executable turtle_teleop_key[0m
[17.417s] [ 96%] Built target turtle_teleop_key
[18.072s] [ 97%] [32m[1mLinking CXX executable mimic[0m
[18.799s] [ 97%] Built target mimic
[19.633s] [ 98%] [32m[1mLinking CXX executable draw_square[0m
[20.391s] [ 98%] Built target draw_square
[21.934s] [100%] [32m[1mLinking CXX executable turtlesim_node[0m
[23.724s] [100%] Built target turtlesim_node
[23.764s] Invoked command in '/media/karthi/New Volume/Warrior/Projects/ROS/dev_ws/build/turtlesim' returned '0': CMAKE_PREFIX_PATH=${CMAKE_PREFIX_PATH}:/media/karthi/New Volume/Warrior/Projects/ROS/dev_ws/install/turtle2:/opt/ros/foxy /usr/bin/cmake --build /media/karthi/New Volume/Warrior/Projects/ROS/dev_ws/build/turtlesim -- -j12 -l12
[24.169s] Invoking command in '/media/karthi/New Volume/Warrior/Projects/ROS/dev_ws/build/turtlesim': CMAKE_PREFIX_PATH=${CMAKE_PREFIX_PATH}:/media/karthi/New Volume/Warrior/Projects/ROS/dev_ws/install/turtle2:/opt/ros/foxy /usr/bin/cmake --install /media/karthi/New Volume/Warrior/Projects/ROS/dev_ws/build/turtlesim
[24.182s] -- Install configuration: ""
[24.183s] -- Installing: /media/karthi/New Volume/Warrior/Projects/ROS/dev_ws/install/turtlesim/share/ament_index/resource_index/rosidl_interfaces/turtlesim
[24.185s] -- Up-to-date: /media/karthi/New Volume/Warrior/Projects/ROS/dev_ws/install/turtlesim/include/turtlesim
[24.186s] -- Up-to-date: /media/karthi/New Volume/Warrior/Projects/ROS/dev_ws/install/turtlesim/include/turtlesim/action
[24.187s] -- Up-to-date: /media/karthi/New Volume/Warrior/Projects/ROS/dev_ws/install/turtlesim/include/turtlesim/action/detail
[24.188s] -- Installing: /media/karthi/New Volume/Warrior/Projects/ROS/dev_ws/install/turtlesim/include/turtlesim/action/detail/rotate_absolute__functions.c
[24.190s] -- Installing: /media/karthi/New Volume/Warrior/Projects/ROS/dev_ws/install/turtlesim/include/turtlesim/action/detail/rotate_absolute__functions.h
[24.193s] -- Installing: /media/karthi/New Volume/Warrior/Projects/ROS/dev_ws/install/turtlesim/include/turtlesim/action/detail/rotate_absolute__struct.h
[24.195s] -- Installing: /media/karthi/New Volume/Warrior/Projects/ROS/dev_ws/install/turtlesim/include/turtlesim/action/detail/rotate_absolute__type_support.h
[24.198s] -- Installing: /media/karthi/New Volume/Warrior/Projects/ROS/dev_ws/install/turtlesim/include/turtlesim/action/rotate_absolute.h
[24.200s] -- Up-to-date: /media/karthi/New Volume/Warrior/Projects/ROS/dev_ws/install/turtlesim/include/turtlesim/msg
[24.201s] -- Installing: /media/karthi/New Volume/Warrior/Projects/ROS/dev_ws/install/turtlesim/include/turtlesim/msg/color.h
[24.203s] -- Up-to-date: /media/karthi/New Volume/Warrior/Projects/ROS/dev_ws/install/turtlesim/include/turtlesim/msg/detail
[24.204s] -- Installing: /media/karthi/New Volume/Warrior/Projects/ROS/dev_ws/install/turtlesim/include/turtlesim/msg/detail/color__functions.c
[24.206s] -- Installing: /media/karthi/New Volume/Warrior/Projects/ROS/dev_ws/install/turtlesim/include/turtlesim/msg/detail/color__functions.h
[24.208s] -- Installing: /media/karthi/New Volume/Warrior/Projects/ROS/dev_ws/install/turtlesim/include/turtlesim/msg/detail/color__struct.h
[24.211s] -- Installing: /media/karthi/New Volume/Warrior/Projects/ROS/dev_ws/install/turtlesim/include/turtlesim/msg/detail/color__type_support.h
[24.213s] -- Installing: /media/karthi/New Volume/Warrior/Projects/ROS/dev_ws/install/turtlesim/include/turtlesim/msg/detail/pose__functions.c
[24.216s] -- Installing: /media/karthi/New Volume/Warrior/Projects/ROS/dev_ws/install/turtlesim/include/turtlesim/msg/detail/pose__functions.h
[24.218s] -- Installing: /media/karthi/New Volume/Warrior/Projects/ROS/dev_ws/install/turtlesim/include/turtlesim/msg/detail/pose__struct.h
[24.220s] -- Installing: /media/karthi/New Volume/Warrior/Projects/ROS/dev_ws/install/turtlesim/include/turtlesim/msg/detail/pose__type_support.h
[24.223s] -- Installing: /media/karthi/New Volume/Warrior/Projects/ROS/dev_ws/install/turtlesim/include/turtlesim/msg/pose.h
[24.225s] -- Installing: /media/karthi/New Volume/Warrior/Projects/ROS/dev_ws/install/turtlesim/include/turtlesim/msg/rosidl_generator_c__visibility_control.h
[24.227s] -- Up-to-date: /media/karthi/New Volume/Warrior/Projects/ROS/dev_ws/install/turtlesim/include/turtlesim/srv
[24.228s] -- Up-to-date: /media/karthi/New Volume/Warrior/Projects/ROS/dev_ws/install/turtlesim/include/turtlesim/srv/detail
[24.229s] -- Installing: /media/karthi/New Volume/Warrior/Projects/ROS/dev_ws/install/turtlesim/include/turtlesim/srv/detail/kill__functions.c
[24.231s] -- Installing: /media/karthi/New Volume/Warrior/Projects/ROS/dev_ws/install/turtlesim/include/turtlesim/srv/detail/kill__functions.h
[24.233s] -- Installing: /media/karthi/New Volume/Warrior/Projects/ROS/dev_ws/install/turtlesim/include/turtlesim/srv/detail/kill__struct.h
[24.236s] -- Installing: /media/karthi/New Volume/Warrior/Projects/ROS/dev_ws/install/turtlesim/include/turtlesim/srv/detail/kill__type_support.h
[24.238s] -- Installing: /media/karthi/New Volume/Warrior/Projects/ROS/dev_ws/install/turtlesim/include/turtlesim/srv/detail/set_pen__functions.c
[24.240s] -- Installing: /media/karthi/New Volume/Warrior/Projects/ROS/dev_ws/install/turtlesim/include/turtlesim/srv/detail/set_pen__functions.h
[24.243s] -- Installing: /media/karthi/New Volume/Warrior/Projects/ROS/dev_ws/install/turtlesim/include/turtlesim/srv/detail/set_pen__struct.h
[24.245s] -- Installing: /media/karthi/New Volume/Warrior/Projects/ROS/dev_ws/install/turtlesim/include/turtlesim/srv/detail/set_pen__type_support.h
[24.247s] -- Installing: /media/karthi/New Volume/Warrior/Projects/ROS/dev_ws/install/turtlesim/include/turtlesim/srv/detail/spawn__functions.c
[24.250s] -- Installing: /media/karthi/New Volume/Warrior/Projects/ROS/dev_ws/install/turtlesim/include/turtlesim/srv/detail/spawn__functions.h
[24.252s] -- Installing: /media/karthi/New Volume/Warrior/Projects/ROS/dev_ws/install/turtlesim/include/turtlesim/srv/detail/spawn__struct.h
[24.255s] -- Installing: /media/karthi/New Volume/Warrior/Projects/ROS/dev_ws/install/turtlesim/include/turtlesim/srv/detail/spawn__type_support.h
[24.257s] -- Installing: /media/karthi/New Volume/Warrior/Projects/ROS/dev_ws/install/turtlesim/include/turtlesim/srv/detail/teleport_absolute__functions.c
[24.260s] -- Installing: /media/karthi/New Volume/Warrior/Projects/ROS/dev_ws/install/turtlesim/include/turtlesim/srv/detail/teleport_absolute__functions.h
[24.262s] -- Installing: /media/karthi/New Volume/Warrior/Projects/ROS/dev_ws/install/turtlesim/include/turtlesim/srv/detail/teleport_absolute__struct.h
[24.264s] -- Installing: /media/karthi/New Volume/Warrior/Projects/ROS/dev_ws/install/turtlesim/include/turtlesim/srv/detail/teleport_absolute__type_support.h
[24.267s] -- Installing: /media/karthi/New Volume/Warrior/Projects/ROS/dev_ws/install/turtlesim/include/turtlesim/srv/detail/teleport_relative__functions.c
[24.269s] -- Installing: /media/karthi/New Volume/Warrior/Projects/ROS/dev_ws/install/turtlesim/include/turtlesim/srv/detail/teleport_relative__functions.h
[24.272s] -- Installing: /media/karthi/New Volume/Warrior/Projects/ROS/dev_ws/install/turtlesim/include/turtlesim/srv/detail/teleport_relative__struct.h
[24.274s] -- Installing: /media/karthi/New Volume/Warrior/Projects/ROS/dev_ws/install/turtlesim/include/turtlesim/srv/detail/teleport_relative__type_support.h
[24.277s] -- Installing: /media/karthi/New Volume/Warrior/Projects/ROS/dev_ws/install/turtlesim/include/turtlesim/srv/kill.h
[24.279s] -- Installing: /media/karthi/New Volume/Warrior/Projects/ROS/dev_ws/install/turtlesim/include/turtlesim/srv/set_pen.h
[24.281s] -- Installing: /media/karthi/New Volume/Warrior/Projects/ROS/dev_ws/install/turtlesim/include/turtlesim/srv/spawn.h
[24.284s] -- Installing: /media/karthi/New Volume/Warrior/Projects/ROS/dev_ws/install/turtlesim/include/turtlesim/srv/teleport_absolute.h
[24.286s] -- Installing: /media/karthi/New Volume/Warrior/Projects/ROS/dev_ws/install/turtlesim/include/turtlesim/srv/teleport_relative.h
[24.288s] -- Up-to-date: /media/karthi/New Volume/Warrior/Projects/ROS/dev_ws/install/turtlesim/share/turtlesim/environment/library_path.sh
[24.289s] -- Installing: /media/karthi/New Volume/Warrior/Projects/ROS/dev_ws/install/turtlesim/share/turtlesim/environment/library_path.dsv
[24.292s] -- Installing: /media/karthi/New Volume/Warrior/Projects/ROS/dev_ws/install/turtlesim/lib/libturtlesim__rosidl_generator_c.so
[24.295s] -- Set runtime path of "/media/karthi/New Volume/Warrior/Projects/ROS/dev_ws/install/turtlesim/lib/libturtlesim__rosidl_generator_c.so" to ""
[24.296s] -- Up-to-date: /media/karthi/New Volume/Warrior/Projects/ROS/dev_ws/install/turtlesim/include/turtlesim
[24.297s] -- Up-to-date: /media/karthi/New Volume/Warrior/Projects/ROS/dev_ws/install/turtlesim/include/turtlesim/action
[24.298s] -- Up-to-date: /media/karthi/New Volume/Warrior/Projects/ROS/dev_ws/install/turtlesim/include/turtlesim/action/detail
[24.299s] -- Installing: /media/karthi/New Volume/Warrior/Projects/ROS/dev_ws/install/turtlesim/include/turtlesim/action/detail/rotate_absolute__rosidl_typesupport_fastrtps_c.h
[24.301s] -- Up-to-date: /media/karthi/New Volume/Warrior/Projects/ROS/dev_ws/install/turtlesim/include/turtlesim/msg
[24.302s] -- Up-to-date: /media/karthi/New Volume/Warrior/Projects/ROS/dev_ws/install/turtlesim/include/turtlesim/msg/detail
[24.303s] -- Installing: /media/karthi/New Volume/Warrior/Projects/ROS/dev_ws/install/turtlesim/include/turtlesim/msg/detail/color__rosidl_typesupport_fastrtps_c.h
[24.305s] -- Installing: /media/karthi/New Volume/Warrior/Projects/ROS/dev_ws/install/turtlesim/include/turtlesim/msg/detail/pose__rosidl_typesupport_fastrtps_c.h
[24.308s] -- Installing: /media/karthi/New Volume/Warrior/Projects/ROS/dev_ws/install/turtlesim/include/turtlesim/msg/rosidl_typesupport_fastrtps_c__visibility_control.h
[24.310s] -- Up-to-date: /media/karthi/New Volume/Warrior/Projects/ROS/dev_ws/install/turtlesim/include/turtlesim/srv
[24.311s] -- Up-to-date: /media/karthi/New Volume/Warrior/Projects/ROS/dev_ws/install/turtlesim/include/turtlesim/srv/detail
[24.312s] -- Installing: /media/karthi/New Volume/Warrior/Projects/ROS/dev_ws/install/turtlesim/include/turtlesim/srv/detail/kill__rosidl_typesupport_fastrtps_c.h
[24.314s] -- Installing: /media/karthi/New Volume/Warrior/Projects/ROS/dev_ws/install/turtlesim/include/turtlesim/srv/detail/set_pen__rosidl_typesupport_fastrtps_c.h
[24.317s] -- Installing: /media/karthi/New Volume/Warrior/Projects/ROS/dev_ws/install/turtlesim/include/turtlesim/srv/detail/spawn__rosidl_typesupport_fastrtps_c.h
[24.319s] -- Installing: /media/karthi/New Volume/Warrior/Projects/ROS/dev_ws/install/turtlesim/include/turtlesim/srv/detail/teleport_absolute__rosidl_typesupport_fastrtps_c.h
[24.322s] -- Installing: /media/karthi/New Volume/Warrior/Projects/ROS/dev_ws/install/turtlesim/include/turtlesim/srv/detail/teleport_relative__rosidl_typesupport_fastrtps_c.h
[24.325s] -- Installing: /media/karthi/New Volume/Warrior/Projects/ROS/dev_ws/install/turtlesim/lib/libturtlesim__rosidl_typesupport_fastrtps_c.so
[24.328s] -- Set runtime path of "/media/karthi/New Volume/Warrior/Projects/ROS/dev_ws/install/turtlesim/lib/libturtlesim__rosidl_typesupport_fastrtps_c.so" to ""
[24.329s] -- Up-to-date: /media/karthi/New Volume/Warrior/Projects/ROS/dev_ws/install/turtlesim/include/turtlesim
[24.330s] -- Up-to-date: /media/karthi/New Volume/Warrior/Projects/ROS/dev_ws/install/turtlesim/include/turtlesim/action
[24.331s] -- Up-to-date: /media/karthi/New Volume/Warrior/Projects/ROS/dev_ws/install/turtlesim/include/turtlesim/action/detail
[24.332s] -- Up-to-date: /media/karthi/New Volume/Warrior/Projects/ROS/dev_ws/install/turtlesim/include/turtlesim/action/detail/dds_fastrtps
[24.333s] -- Installing: /media/karthi/New Volume/Warrior/Projects/ROS/dev_ws/install/turtlesim/include/turtlesim/action/detail/rotate_absolute__rosidl_typesupport_fastrtps_cpp.hpp
[24.335s] -- Up-to-date: /media/karthi/New Volume/Warrior/Projects/ROS/dev_ws/install/turtlesim/include/turtlesim/msg
[24.336s] -- Up-to-date: /media/karthi/New Volume/Warrior/Projects/ROS/dev_ws/install/turtlesim/include/turtlesim/msg/detail
[24.337s] -- Installing: /media/karthi/New Volume/Warrior/Projects/ROS/dev_ws/install/turtlesim/include/turtlesim/msg/detail/color__rosidl_typesupport_fastrtps_cpp.hpp
[24.339s] -- Up-to-date: /media/karthi/New Volume/Warrior/Projects/ROS/dev_ws/install/turtlesim/include/turtlesim/msg/detail/dds_fastrtps
[24.340s] -- Installing: /media/karthi/New Volume/Warrior/Projects/ROS/dev_ws/install/turtlesim/include/turtlesim/msg/detail/pose__rosidl_typesupport_fastrtps_cpp.hpp
[24.343s] -- Installing: /media/karthi/New Volume/Warrior/Projects/ROS/dev_ws/install/turtlesim/include/turtlesim/msg/rosidl_typesupport_fastrtps_cpp__visibility_control.h
[24.345s] -- Up-to-date: /media/karthi/New Volume/Warrior/Projects/ROS/dev_ws/install/turtlesim/include/turtlesim/srv
[24.346s] -- Up-to-date: /media/karthi/New Volume/Warrior/Projects/ROS/dev_ws/install/turtlesim/include/turtlesim/srv/detail
[24.347s] -- Up-to-date: /media/karthi/New Volume/Warrior/Projects/ROS/dev_ws/install/turtlesim/include/turtlesim/srv/detail/dds_fastrtps
[24.348s] -- Installing: /media/karthi/New Volume/Warrior/Projects/ROS/dev_ws/install/turtlesim/include/turtlesim/srv/detail/kill__rosidl_typesupport_fastrtps_cpp.hpp
[24.350s] -- Installing: /media/karthi/New Volume/Warrior/Projects/ROS/dev_ws/install/turtlesim/include/turtlesim/srv/detail/set_pen__rosidl_typesupport_fastrtps_cpp.hpp
[24.353s] -- Installing: /media/karthi/New Volume/Warrior/Projects/ROS/dev_ws/install/turtlesim/include/turtlesim/srv/detail/spawn__rosidl_typesupport_fastrtps_cpp.hpp
[24.355s] -- Installing: /media/karthi/New Volume/Warrior/Projects/ROS/dev_ws/install/turtlesim/include/turtlesim/srv/detail/teleport_absolute__rosidl_typesupport_fastrtps_cpp.hpp
[24.358s] -- Installing: /media/karthi/New Volume/Warrior/Projects/ROS/dev_ws/install/turtlesim/include/turtlesim/srv/detail/teleport_relative__rosidl_typesupport_fastrtps_cpp.hpp
[24.361s] -- Installing: /media/karthi/New Volume/Warrior/Projects/ROS/dev_ws/install/turtlesim/lib/libturtlesim__rosidl_typesupport_fastrtps_cpp.so
[24.365s] -- Set runtime path of "/media/karthi/New Volume/Warrior/Projects/ROS/dev_ws/install/turtlesim/lib/libturtlesim__rosidl_typesupport_fastrtps_cpp.so" to ""
[24.366s] -- Up-to-date: /media/karthi/New Volume/Warrior/Projects/ROS/dev_ws/install/turtlesim/include/turtlesim
[24.366s] -- Up-to-date: /media/karthi/New Volume/Warrior/Projects/ROS/dev_ws/install/turtlesim/include/turtlesim/action
[24.367s] -- Up-to-date: /media/karthi/New Volume/Warrior/Projects/ROS/dev_ws/install/turtlesim/include/turtlesim/action/detail
[24.368s] -- Installing: /media/karthi/New Volume/Warrior/Projects/ROS/dev_ws/install/turtlesim/include/turtlesim/action/detail/rotate_absolute__rosidl_typesupport_introspection_c.h
[24.371s] -- Installing: /media/karthi/New Volume/Warrior/Projects/ROS/dev_ws/install/turtlesim/include/turtlesim/action/detail/rotate_absolute__type_support.c
[24.373s] -- Up-to-date: /media/karthi/New Volume/Warrior/Projects/ROS/dev_ws/install/turtlesim/include/turtlesim/msg
[24.374s] -- Up-to-date: /media/karthi/New Volume/Warrior/Projects/ROS/dev_ws/install/turtlesim/include/turtlesim/msg/detail
[24.375s] -- Installing: /media/karthi/New Volume/Warrior/Projects/ROS/dev_ws/install/turtlesim/include/turtlesim/msg/detail/color__rosidl_typesupport_introspection_c.h
[24.378s] -- Installing: /media/karthi/New Volume/Warrior/Projects/ROS/dev_ws/install/turtlesim/include/turtlesim/msg/detail/color__type_support.c
[24.380s] -- Installing: /media/karthi/New Volume/Warrior/Projects/ROS/dev_ws/install/turtlesim/include/turtlesim/msg/detail/pose__rosidl_typesupport_introspection_c.h
[24.383s] -- Installing: /media/karthi/New Volume/Warrior/Projects/ROS/dev_ws/install/turtlesim/include/turtlesim/msg/detail/pose__type_support.c
[24.386s] -- Installing: /media/karthi/New Volume/Warrior/Projects/ROS/dev_ws/install/turtlesim/include/turtlesim/msg/rosidl_typesupport_introspection_c__visibility_control.h
[24.389s] -- Up-to-date: /media/karthi/New Volume/Warrior/Projects/ROS/dev_ws/install/turtlesim/include/turtlesim/srv
[24.390s] -- Up-to-date: /media/karthi/New Volume/Warrior/Projects/ROS/dev_ws/install/turtlesim/include/turtlesim/srv/detail
[24.391s] -- Installing: /media/karthi/New Volume/Warrior/Projects/ROS/dev_ws/install/turtlesim/include/turtlesim/srv/detail/kill__rosidl_typesupport_introspection_c.h
[24.394s] -- Installing: /media/karthi/New Volume/Warrior/Projects/ROS/dev_ws/install/turtlesim/include/turtlesim/srv/detail/kill__type_support.c
[24.397s] -- Installing: /media/karthi/New Volume/Warrior/Projects/ROS/dev_ws/install/turtlesim/include/turtlesim/srv/detail/set_pen__rosidl_typesupport_introspection_c.h
[24.399s] -- Installing: /media/karthi/New Volume/Warrior/Projects/ROS/dev_ws/install/turtlesim/include/turtlesim/srv/detail/set_pen__type_support.c
[24.402s] -- Installing: /media/karthi/New Volume/Warrior/Projects/ROS/dev_ws/install/turtlesim/include/turtlesim/srv/detail/spawn__rosidl_typesupport_introspection_c.h
[24.404s] -- Installing: /media/karthi/New Volume/Warrior/Projects/ROS/dev_ws/install/turtlesim/include/turtlesim/srv/detail/spawn__type_support.c
[24.407s] -- Installing: /media/karthi/New Volume/Warrior/Projects/ROS/dev_ws/install/turtlesim/include/turtlesim/srv/detail/teleport_absolute__rosidl_typesupport_introspection_c.h
[24.409s] -- Installing: /media/karthi/New Volume/Warrior/Projects/ROS/dev_ws/install/turtlesim/include/turtlesim/srv/detail/teleport_absolute__type_support.c
[24.412s] -- Installing: /media/karthi/New Volume/Warrior/Projects/ROS/dev_ws/install/turtlesim/include/turtlesim/srv/detail/teleport_relative__rosidl_typesupport_introspection_c.h
[24.415s] -- Installing: /media/karthi/New Volume/Warrior/Projects/ROS/dev_ws/install/turtlesim/include/turtlesim/srv/detail/teleport_relative__type_support.c
[24.419s] -- Installing: /media/karthi/New Volume/Warrior/Projects/ROS/dev_ws/install/turtlesim/lib/libturtlesim__rosidl_typesupport_introspection_c.so
[24.422s] -- Set runtime path of "/media/karthi/New Volume/Warrior/Projects/ROS/dev_ws/install/turtlesim/lib/libturtlesim__rosidl_typesupport_introspection_c.so" to ""
[24.423s] -- Installing: /media/karthi/New Volume/Warrior/Projects/ROS/dev_ws/install/turtlesim/lib/libturtlesim__rosidl_typesupport_c.so
[24.427s] -- Set runtime path of "/media/karthi/New Volume/Warrior/Projects/ROS/dev_ws/install/turtlesim/lib/libturtlesim__rosidl_typesupport_c.so" to ""
[24.427s] -- Up-to-date: /media/karthi/New Volume/Warrior/Projects/ROS/dev_ws/install/turtlesim/include/turtlesim
[24.428s] -- Up-to-date: /media/karthi/New Volume/Warrior/Projects/ROS/dev_ws/install/turtlesim/include/turtlesim/action
[24.429s] -- Up-to-date: /media/karthi/New Volume/Warrior/Projects/ROS/dev_ws/install/turtlesim/include/turtlesim/action/detail
[24.430s] -- Installing: /media/karthi/New Volume/Warrior/Projects/ROS/dev_ws/install/turtlesim/include/turtlesim/action/detail/rotate_absolute__builder.hpp
[24.433s] -- Installing: /media/karthi/New Volume/Warrior/Projects/ROS/dev_ws/install/turtlesim/include/turtlesim/action/detail/rotate_absolute__struct.hpp
[24.436s] -- Installing: /media/karthi/New Volume/Warrior/Projects/ROS/dev_ws/install/turtlesim/include/turtlesim/action/detail/rotate_absolute__traits.hpp
[24.439s] -- Installing: /media/karthi/New Volume/Warrior/Projects/ROS/dev_ws/install/turtlesim/include/turtlesim/action/rotate_absolute.hpp
[24.441s] -- Up-to-date: /media/karthi/New Volume/Warrior/Projects/ROS/dev_ws/install/turtlesim/include/turtlesim/msg
[24.442s] -- Installing: /media/karthi/New Volume/Warrior/Projects/ROS/dev_ws/install/turtlesim/include/turtlesim/msg/color.hpp
[24.444s] -- Up-to-date: /media/karthi/New Volume/Warrior/Projects/ROS/dev_ws/install/turtlesim/include/turtlesim/msg/detail
[24.446s] -- Installing: /media/karthi/New Volume/Warrior/Projects/ROS/dev_ws/install/turtlesim/include/turtlesim/msg/detail/color__builder.hpp
[24.448s] -- Installing: /media/karthi/New Volume/Warrior/Projects/ROS/dev_ws/install/turtlesim/include/turtlesim/msg/detail/color__struct.hpp
[24.451s] -- Installing: /media/karthi/New Volume/Warrior/Projects/ROS/dev_ws/install/turtlesim/include/turtlesim/msg/detail/color__traits.hpp
[24.454s] -- Installing: /media/karthi/New Volume/Warrior/Projects/ROS/dev_ws/install/turtlesim/include/turtlesim/msg/detail/pose__builder.hpp
[24.457s] -- Installing: /media/karthi/New Volume/Warrior/Projects/ROS/dev_ws/install/turtlesim/include/turtlesim/msg/detail/pose__struct.hpp
[24.459s] -- Installing: /media/karthi/New Volume/Warrior/Projects/ROS/dev_ws/install/turtlesim/include/turtlesim/msg/detail/pose__traits.hpp
[24.462s] -- Installing: /media/karthi/New Volume/Warrior/Projects/ROS/dev_ws/install/turtlesim/include/turtlesim/msg/pose.hpp
[24.464s] -- Up-to-date: /media/karthi/New Volume/Warrior/Projects/ROS/dev_ws/install/turtlesim/include/turtlesim/srv
[24.465s] -- Up-to-date: /media/karthi/New Volume/Warrior/Projects/ROS/dev_ws/install/turtlesim/include/turtlesim/srv/detail
[24.466s] -- Installing: /media/karthi/New Volume/Warrior/Projects/ROS/dev_ws/install/turtlesim/include/turtlesim/srv/detail/kill__builder.hpp
[24.469s] -- Installing: /media/karthi/New Volume/Warrior/Projects/ROS/dev_ws/install/turtlesim/include/turtlesim/srv/detail/kill__struct.hpp
[24.472s] -- Installing: /media/karthi/New Volume/Warrior/Projects/ROS/dev_ws/install/turtlesim/include/turtlesim/srv/detail/kill__traits.hpp
[24.475s] -- Installing: /media/karthi/New Volume/Warrior/Projects/ROS/dev_ws/install/turtlesim/include/turtlesim/srv/detail/set_pen__builder.hpp
[24.478s] -- Installing: /media/karthi/New Volume/Warrior/Projects/ROS/dev_ws/install/turtlesim/include/turtlesim/srv/detail/set_pen__struct.hpp
[24.480s] -- Installing: /media/karthi/New Volume/Warrior/Projects/ROS/dev_ws/install/turtlesim/include/turtlesim/srv/detail/set_pen__traits.hpp
[24.483s] -- Installing: /media/karthi/New Volume/Warrior/Projects/ROS/dev_ws/install/turtlesim/include/turtlesim/srv/detail/spawn__builder.hpp
[24.486s] -- Installing: /media/karthi/New Volume/Warrior/Projects/ROS/dev_ws/install/turtlesim/include/turtlesim/srv/detail/spawn__struct.hpp
[24.489s] -- Installing: /media/karthi/New Volume/Warrior/Projects/ROS/dev_ws/install/turtlesim/include/turtlesim/srv/detail/spawn__traits.hpp
[24.492s] -- Installing: /media/karthi/New Volume/Warrior/Projects/ROS/dev_ws/install/turtlesim/include/turtlesim/srv/detail/teleport_absolute__builder.hpp
[24.494s] -- Installing: /media/karthi/New Volume/Warrior/Projects/ROS/dev_ws/install/turtlesim/include/turtlesim/srv/detail/teleport_absolute__struct.hpp
[24.497s] -- Installing: /media/karthi/New Volume/Warrior/Projects/ROS/dev_ws/install/turtlesim/include/turtlesim/srv/detail/teleport_absolute__traits.hpp
[24.500s] -- Installing: /media/karthi/New Volume/Warrior/Projects/ROS/dev_ws/install/turtlesim/include/turtlesim/srv/detail/teleport_relative__builder.hpp
[24.503s] -- Installing: /media/karthi/New Volume/Warrior/Projects/ROS/dev_ws/install/turtlesim/include/turtlesim/srv/detail/teleport_relative__struct.hpp
[24.506s] -- Installing: /media/karthi/New Volume/Warrior/Projects/ROS/dev_ws/install/turtlesim/include/turtlesim/srv/detail/teleport_relative__traits.hpp
[24.509s] -- Installing: /media/karthi/New Volume/Warrior/Projects/ROS/dev_ws/install/turtlesim/include/turtlesim/srv/kill.hpp
[24.511s] -- Installing: /media/karthi/New Volume/Warrior/Projects/ROS/dev_ws/install/turtlesim/include/turtlesim/srv/set_pen.hpp
[24.514s] -- Installing: /media/karthi/New Volume/Warrior/Projects/ROS/dev_ws/install/turtlesim/include/turtlesim/srv/spawn.hpp
[24.517s] -- Installing: /media/karthi/New Volume/Warrior/Projects/ROS/dev_ws/install/turtlesim/include/turtlesim/srv/teleport_absolute.hpp
[24.519s] -- Installing: /media/karthi/New Volume/Warrior/Projects/ROS/dev_ws/install/turtlesim/include/turtlesim/srv/teleport_relative.hpp
[24.522s] -- Up-to-date: /media/karthi/New Volume/Warrior/Projects/ROS/dev_ws/install/turtlesim/include/turtlesim
[24.523s] -- Up-to-date: /media/karthi/New Volume/Warrior/Projects/ROS/dev_ws/install/turtlesim/include/turtlesim/action
[24.524s] -- Up-to-date: /media/karthi/New Volume/Warrior/Projects/ROS/dev_ws/install/turtlesim/include/turtlesim/action/detail
[24.525s] -- Installing: /media/karthi/New Volume/Warrior/Projects/ROS/dev_ws/install/turtlesim/include/turtlesim/action/detail/rotate_absolute__rosidl_typesupport_introspection_cpp.hpp
[24.528s] -- Installing: /media/karthi/New Volume/Warrior/Projects/ROS/dev_ws/install/turtlesim/include/turtlesim/action/detail/rotate_absolute__type_support.cpp
[24.531s] -- Up-to-date: /media/karthi/New Volume/Warrior/Projects/ROS/dev_ws/install/turtlesim/include/turtlesim/msg
[24.531s] -- Up-to-date: /media/karthi/New Volume/Warrior/Projects/ROS/dev_ws/install/turtlesim/include/turtlesim/msg/detail
[24.533s] -- Installing: /media/karthi/New Volume/Warrior/Projects/ROS/dev_ws/install/turtlesim/include/turtlesim/msg/detail/color__rosidl_typesupport_introspection_cpp.hpp
[24.536s] -- Installing: /media/karthi/New Volume/Warrior/Projects/ROS/dev_ws/install/turtlesim/include/turtlesim/msg/detail/color__type_support.cpp
[24.538s] -- Installing: /media/karthi/New Volume/Warrior/Projects/ROS/dev_ws/install/turtlesim/include/turtlesim/msg/detail/pose__rosidl_typesupport_introspection_cpp.hpp
[24.541s] -- Installing: /media/karthi/New Volume/Warrior/Projects/ROS/dev_ws/install/turtlesim/include/turtlesim/msg/detail/pose__type_support.cpp
[24.544s] -- Up-to-date: /media/karthi/New Volume/Warrior/Projects/ROS/dev_ws/install/turtlesim/include/turtlesim/srv
[24.545s] -- Up-to-date: /media/karthi/New Volume/Warrior/Projects/ROS/dev_ws/install/turtlesim/include/turtlesim/srv/detail
[24.546s] -- Installing: /media/karthi/New Volume/Warrior/Projects/ROS/dev_ws/install/turtlesim/include/turtlesim/srv/detail/kill__rosidl_typesupport_introspection_cpp.hpp
[24.549s] -- Installing: /media/karthi/New Volume/Warrior/Projects/ROS/dev_ws/install/turtlesim/include/turtlesim/srv/detail/kill__type_support.cpp
[24.552s] -- Installing: /media/karthi/New Volume/Warrior/Projects/ROS/dev_ws/install/turtlesim/include/turtlesim/srv/detail/set_pen__rosidl_typesupport_introspection_cpp.hpp
[24.555s] -- Installing: /media/karthi/New Volume/Warrior/Projects/ROS/dev_ws/install/turtlesim/include/turtlesim/srv/detail/set_pen__type_support.cpp
[24.557s] -- Installing: /media/karthi/New Volume/Warrior/Projects/ROS/dev_ws/install/turtlesim/include/turtlesim/srv/detail/spawn__rosidl_typesupport_introspection_cpp.hpp
[24.560s] -- Installing: /media/karthi/New Volume/Warrior/Projects/ROS/dev_ws/install/turtlesim/include/turtlesim/srv/detail/spawn__type_support.cpp
[24.563s] -- Installing: /media/karthi/New Volume/Warrior/Projects/ROS/dev_ws/install/turtlesim/include/turtlesim/srv/detail/teleport_absolute__rosidl_typesupport_introspection_cpp.hpp
[24.566s] -- Installing: /media/karthi/New Volume/Warrior/Projects/ROS/dev_ws/install/turtlesim/include/turtlesim/srv/detail/teleport_absolute__type_support.cpp
[24.569s] -- Installing: /media/karthi/New Volume/Warrior/Projects/ROS/dev_ws/install/turtlesim/include/turtlesim/srv/detail/teleport_relative__rosidl_typesupport_introspection_cpp.hpp
[24.572s] -- Installing: /media/karthi/New Volume/Warrior/Projects/ROS/dev_ws/install/turtlesim/include/turtlesim/srv/detail/teleport_relative__type_support.cpp
[24.576s] -- Installing: /media/karthi/New Volume/Warrior/Projects/ROS/dev_ws/install/turtlesim/lib/libturtlesim__rosidl_typesupport_introspection_cpp.so
[24.580s] -- Set runtime path of "/media/karthi/New Volume/Warrior/Projects/ROS/dev_ws/install/turtlesim/lib/libturtlesim__rosidl_typesupport_introspection_cpp.so" to ""
[24.581s] -- Installing: /media/karthi/New Volume/Warrior/Projects/ROS/dev_ws/install/turtlesim/lib/libturtlesim__rosidl_typesupport_cpp.so
[24.585s] -- Set runtime path of "/media/karthi/New Volume/Warrior/Projects/ROS/dev_ws/install/turtlesim/lib/libturtlesim__rosidl_typesupport_cpp.so" to ""
[24.586s] -- Installing: /media/karthi/New Volume/Warrior/Projects/ROS/dev_ws/install/turtlesim/share/turtlesim/environment/pythonpath.sh
[24.589s] -- Installing: /media/karthi/New Volume/Warrior/Projects/ROS/dev_ws/install/turtlesim/share/turtlesim/environment/pythonpath.dsv
[24.592s] -- Installing: /media/karthi/New Volume/Warrior/Projects/ROS/dev_ws/install/turtlesim/lib/python3.8/site-packages/turtlesim/__init__.py
[24.639s] Compiling '/media/karthi/New Volume/Warrior/Projects/ROS/dev_ws/install/turtlesim/lib/python3.8/site-packages/turtlesim/__init__.py'...
[24.643s] -- Up-to-date: /media/karthi/New Volume/Warrior/Projects/ROS/dev_ws/install/turtlesim/lib/python3.8/site-packages/turtlesim/action
[24.645s] -- Installing: /media/karthi/New Volume/Warrior/Projects/ROS/dev_ws/install/turtlesim/lib/python3.8/site-packages/turtlesim/action/_rotate_absolute.py
[24.648s] -- Installing: /media/karthi/New Volume/Warrior/Projects/ROS/dev_ws/install/turtlesim/lib/python3.8/site-packages/turtlesim/action/_rotate_absolute_s.c
[24.651s] -- Installing: /media/karthi/New Volume/Warrior/Projects/ROS/dev_ws/install/turtlesim/lib/python3.8/site-packages/turtlesim/action/__init__.py
[24.654s] -- Up-to-date: /media/karthi/New Volume/Warrior/Projects/ROS/dev_ws/install/turtlesim/lib/python3.8/site-packages/turtlesim/msg
[24.655s] -- Installing: /media/karthi/New Volume/Warrior/Projects/ROS/dev_ws/install/turtlesim/lib/python3.8/site-packages/turtlesim/msg/_color.py
[24.658s] -- Installing: /media/karthi/New Volume/Warrior/Projects/ROS/dev_ws/install/turtlesim/lib/python3.8/site-packages/turtlesim/msg/_color_s.c
[24.661s] -- Installing: /media/karthi/New Volume/Warrior/Projects/ROS/dev_ws/install/turtlesim/lib/python3.8/site-packages/turtlesim/msg/_pose.py
[24.664s] -- Installing: /media/karthi/New Volume/Warrior/Projects/ROS/dev_ws/install/turtlesim/lib/python3.8/site-packages/turtlesim/msg/_pose_s.c
[24.667s] -- Installing: /media/karthi/New Volume/Warrior/Projects/ROS/dev_ws/install/turtlesim/lib/python3.8/site-packages/turtlesim/msg/__init__.py
[24.670s] -- Up-to-date: /media/karthi/New Volume/Warrior/Projects/ROS/dev_ws/install/turtlesim/lib/python3.8/site-packages/turtlesim/srv
[24.671s] -- Installing: /media/karthi/New Volume/Warrior/Projects/ROS/dev_ws/install/turtlesim/lib/python3.8/site-packages/turtlesim/srv/_kill.py
[24.674s] -- Installing: /media/karthi/New Volume/Warrior/Projects/ROS/dev_ws/install/turtlesim/lib/python3.8/site-packages/turtlesim/srv/_kill_s.c
[24.677s] -- Installing: /media/karthi/New Volume/Warrior/Projects/ROS/dev_ws/install/turtlesim/lib/python3.8/site-packages/turtlesim/srv/_set_pen.py
[24.680s] -- Installing: /media/karthi/New Volume/Warrior/Projects/ROS/dev_ws/install/turtlesim/lib/python3.8/site-packages/turtlesim/srv/_set_pen_s.c
[24.683s] -- Installing: /media/karthi/New Volume/Warrior/Projects/ROS/dev_ws/install/turtlesim/lib/python3.8/site-packages/turtlesim/srv/_spawn.py
[24.687s] -- Installing: /media/karthi/New Volume/Warrior/Projects/ROS/dev_ws/install/turtlesim/lib/python3.8/site-packages/turtlesim/srv/_spawn_s.c
[24.690s] -- Installing: /media/karthi/New Volume/Warrior/Projects/ROS/dev_ws/install/turtlesim/lib/python3.8/site-packages/turtlesim/srv/_teleport_absolute.py
[24.693s] -- Installing: /media/karthi/New Volume/Warrior/Projects/ROS/dev_ws/install/turtlesim/lib/python3.8/site-packages/turtlesim/srv/_teleport_absolute_s.c
[24.696s] -- Installing: /media/karthi/New Volume/Warrior/Projects/ROS/dev_ws/install/turtlesim/lib/python3.8/site-packages/turtlesim/srv/_teleport_relative.py
[24.699s] -- Installing: /media/karthi/New Volume/Warrior/Projects/ROS/dev_ws/install/turtlesim/lib/python3.8/site-packages/turtlesim/srv/_teleport_relative_s.c
[24.702s] -- Installing: /media/karthi/New Volume/Warrior/Projects/ROS/dev_ws/install/turtlesim/lib/python3.8/site-packages/turtlesim/srv/__init__.py
[24.706s] -- Installing: /media/karthi/New Volume/Warrior/Projects/ROS/dev_ws/install/turtlesim/lib/python3.8/site-packages/turtlesim/turtlesim_s__rosidl_typesupport_fastrtps_c.cpython-38-x86_64-linux-gnu.so
[24.710s] -- Set runtime path of "/media/karthi/New Volume/Warrior/Projects/ROS/dev_ws/install/turtlesim/lib/python3.8/site-packages/turtlesim/turtlesim_s__rosidl_typesupport_fastrtps_c.cpython-38-x86_64-linux-gnu.so" to ""
[24.712s] -- Installing: /media/karthi/New Volume/Warrior/Projects/ROS/dev_ws/install/turtlesim/lib/python3.8/site-packages/turtlesim/turtlesim_s__rosidl_typesupport_introspection_c.cpython-38-x86_64-linux-gnu.so
[24.716s] -- Set runtime path of "/media/karthi/New Volume/Warrior/Projects/ROS/dev_ws/install/turtlesim/lib/python3.8/site-packages/turtlesim/turtlesim_s__rosidl_typesupport_introspection_c.cpython-38-x86_64-linux-gnu.so" to ""
[24.718s] -- Installing: /media/karthi/New Volume/Warrior/Projects/ROS/dev_ws/install/turtlesim/lib/python3.8/site-packages/turtlesim/turtlesim_s__rosidl_typesupport_c.cpython-38-x86_64-linux-gnu.so
[24.723s] -- Set runtime path of "/media/karthi/New Volume/Warrior/Projects/ROS/dev_ws/install/turtlesim/lib/python3.8/site-packages/turtlesim/turtlesim_s__rosidl_typesupport_c.cpython-38-x86_64-linux-gnu.so" to ""
[24.724s] -- Installing: /media/karthi/New Volume/Warrior/Projects/ROS/dev_ws/install/turtlesim/lib/libturtlesim__python.so
[24.728s] -- Set runtime path of "/media/karthi/New Volume/Warrior/Projects/ROS/dev_ws/install/turtlesim/lib/libturtlesim__python.so" to ""
[24.729s] -- Installing: /media/karthi/New Volume/Warrior/Projects/ROS/dev_ws/install/turtlesim/share/turtlesim/action/RotateAbsolute.idl
[24.732s] -- Installing: /media/karthi/New Volume/Warrior/Projects/ROS/dev_ws/install/turtlesim/share/turtlesim/msg/Color.idl
[24.735s] -- Installing: /media/karthi/New Volume/Warrior/Projects/ROS/dev_ws/install/turtlesim/share/turtlesim/msg/Pose.idl
[24.738s] -- Installing: /media/karthi/New Volume/Warrior/Projects/ROS/dev_ws/install/turtlesim/share/turtlesim/srv/Kill.idl
[24.741s] -- Installing: /media/karthi/New Volume/Warrior/Projects/ROS/dev_ws/install/turtlesim/share/turtlesim/srv/SetPen.idl
[24.744s] -- Installing: /media/karthi/New Volume/Warrior/Projects/ROS/dev_ws/install/turtlesim/share/turtlesim/srv/Spawn.idl
[24.746s] -- Installing: /media/karthi/New Volume/Warrior/Projects/ROS/dev_ws/install/turtlesim/share/turtlesim/srv/TeleportAbsolute.idl
[24.749s] -- Installing: /media/karthi/New Volume/Warrior/Projects/ROS/dev_ws/install/turtlesim/share/turtlesim/srv/TeleportRelative.idl
[24.752s] -- Up-to-date: /media/karthi/New Volume/Warrior/Projects/ROS/dev_ws/install/turtlesim/share/turtlesim/action/RotateAbsolute.action
[24.753s] -- Up-to-date: /media/karthi/New Volume/Warrior/Projects/ROS/dev_ws/install/turtlesim/share/turtlesim/msg/Color.msg
[24.754s] -- Up-to-date: /media/karthi/New Volume/Warrior/Projects/ROS/dev_ws/install/turtlesim/share/turtlesim/msg/Pose.msg
[24.755s] -- Up-to-date: /media/karthi/New Volume/Warrior/Projects/ROS/dev_ws/install/turtlesim/share/turtlesim/srv/Kill.srv
[24.756s] -- Installing: /media/karthi/New Volume/Warrior/Projects/ROS/dev_ws/install/turtlesim/share/turtlesim/srv/Kill_Request.msg
[24.758s] -- Installing: /media/karthi/New Volume/Warrior/Projects/ROS/dev_ws/install/turtlesim/share/turtlesim/srv/Kill_Response.msg
[24.761s] -- Up-to-date: /media/karthi/New Volume/Warrior/Projects/ROS/dev_ws/install/turtlesim/share/turtlesim/srv/SetPen.srv
[24.762s] -- Installing: /media/karthi/New Volume/Warrior/Projects/ROS/dev_ws/install/turtlesim/share/turtlesim/srv/SetPen_Request.msg
[24.765s] -- Installing: /media/karthi/New Volume/Warrior/Projects/ROS/dev_ws/install/turtlesim/share/turtlesim/srv/SetPen_Response.msg
[24.767s] -- Up-to-date: /media/karthi/New Volume/Warrior/Projects/ROS/dev_ws/install/turtlesim/share/turtlesim/srv/Spawn.srv
[24.768s] -- Installing: /media/karthi/New Volume/Warrior/Projects/ROS/dev_ws/install/turtlesim/share/turtlesim/srv/Spawn_Request.msg
[24.771s] -- Installing: /media/karthi/New Volume/Warrior/Projects/ROS/dev_ws/install/turtlesim/share/turtlesim/srv/Spawn_Response.msg
[24.773s] -- Up-to-date: /media/karthi/New Volume/Warrior/Projects/ROS/dev_ws/install/turtlesim/share/turtlesim/srv/TeleportAbsolute.srv
[24.774s] -- Installing: /media/karthi/New Volume/Warrior/Projects/ROS/dev_ws/install/turtlesim/share/turtlesim/srv/TeleportAbsolute_Request.msg
[24.777s] -- Installing: /media/karthi/New Volume/Warrior/Projects/ROS/dev_ws/install/turtlesim/share/turtlesim/srv/TeleportAbsolute_Response.msg
[24.780s] -- Up-to-date: /media/karthi/New Volume/Warrior/Projects/ROS/dev_ws/install/turtlesim/share/turtlesim/srv/TeleportRelative.srv
[24.781s] -- Installing: /media/karthi/New Volume/Warrior/Projects/ROS/dev_ws/install/turtlesim/share/turtlesim/srv/TeleportRelative_Request.msg
[24.784s] -- Installing: /media/karthi/New Volume/Warrior/Projects/ROS/dev_ws/install/turtlesim/share/turtlesim/srv/TeleportRelative_Response.msg
[24.789s] -- Installing: /media/karthi/New Volume/Warrior/Projects/ROS/dev_ws/install/turtlesim/lib/turtlesim/turtlesim_node
[24.827s] -- Set runtime path of "/media/karthi/New Volume/Warrior/Projects/ROS/dev_ws/install/turtlesim/lib/turtlesim/turtlesim_node" to ""
[24.829s] -- Installing: /media/karthi/New Volume/Warrior/Projects/ROS/dev_ws/install/turtlesim/lib/turtlesim/turtle_teleop_key
[24.843s] -- Set runtime path of "/media/karthi/New Volume/Warrior/Projects/ROS/dev_ws/install/turtlesim/lib/turtlesim/turtle_teleop_key" to ""
[24.845s] -- Installing: /media/karthi/New Volume/Warrior/Projects/ROS/dev_ws/install/turtlesim/lib/turtlesim/draw_square
[24.865s] -- Set runtime path of "/media/karthi/New Volume/Warrior/Projects/ROS/dev_ws/install/turtlesim/lib/turtlesim/draw_square" to ""
[24.866s] -- Installing: /media/karthi/New Volume/Warrior/Projects/ROS/dev_ws/install/turtlesim/lib/turtlesim/mimic
[24.885s] -- Set runtime path of "/media/karthi/New Volume/Warrior/Projects/ROS/dev_ws/install/turtlesim/lib/turtlesim/mimic" to ""
[24.886s] -- Up-to-date: /media/karthi/New Volume/Warrior/Projects/ROS/dev_ws/install/turtlesim/share/turtlesim/images
[24.887s] -- Up-to-date: /media/karthi/New Volume/Warrior/Projects/ROS/dev_ws/install/turtlesim/share/turtlesim/images/ardent.png
[24.888s] -- Up-to-date: /media/karthi/New Volume/Warrior/Projects/ROS/dev_ws/install/turtlesim/share/turtlesim/images/bouncy.png
[24.889s] -- Up-to-date: /media/karthi/New Volume/Warrior/Projects/ROS/dev_ws/install/turtlesim/share/turtlesim/images/crystal.png
[24.890s] -- Up-to-date: /media/karthi/New Volume/Warrior/Projects/ROS/dev_ws/install/turtlesim/share/turtlesim/images/dashing.png
[24.890s] -- Up-to-date: /media/karthi/New Volume/Warrior/Projects/ROS/dev_ws/install/turtlesim/share/turtlesim/images/eloquent.png
[24.891s] -- Up-to-date: /media/karthi/New Volume/Warrior/Projects/ROS/dev_ws/install/turtlesim/share/turtlesim/images/foxy.png
[24.892s] -- Up-to-date: /media/karthi/New Volume/Warrior/Projects/ROS/dev_ws/install/turtlesim/share/turtlesim/launch
[24.893s] -- Up-to-date: /media/karthi/New Volume/Warrior/Projects/ROS/dev_ws/install/turtlesim/share/turtlesim/launch/multisim.launch.py
[24.895s] -- Installing: /media/karthi/New Volume/Warrior/Projects/ROS/dev_ws/install/turtlesim/share/ament_index/resource_index/package_run_dependencies/turtlesim
[24.899s] -- Installing: /media/karthi/New Volume/Warrior/Projects/ROS/dev_ws/install/turtlesim/share/ament_index/resource_index/parent_prefix_path/turtlesim
[24.902s] -- Up-to-date: /media/karthi/New Volume/Warrior/Projects/ROS/dev_ws/install/turtlesim/share/turtlesim/environment/ament_prefix_path.sh
[24.903s] -- Installing: /media/karthi/New Volume/Warrior/Projects/ROS/dev_ws/install/turtlesim/share/turtlesim/environment/ament_prefix_path.dsv
[24.906s] -- Up-to-date: /media/karthi/New Volume/Warrior/Projects/ROS/dev_ws/install/turtlesim/share/turtlesim/environment/path.sh
[24.907s] -- Installing: /media/karthi/New Volume/Warrior/Projects/ROS/dev_ws/install/turtlesim/share/turtlesim/environment/path.dsv
[24.911s] -- Installing: /media/karthi/New Volume/Warrior/Projects/ROS/dev_ws/install/turtlesim/share/turtlesim/local_setup.bash
[24.914s] -- Installing: /media/karthi/New Volume/Warrior/Projects/ROS/dev_ws/install/turtlesim/share/turtlesim/local_setup.sh
[24.917s] -- Installing: /media/karthi/New Volume/Warrior/Projects/ROS/dev_ws/install/turtlesim/share/turtlesim/local_setup.zsh
[24.920s] -- Installing: /media/karthi/New Volume/Warrior/Projects/ROS/dev_ws/install/turtlesim/share/turtlesim/local_setup.dsv
[24.923s] -- Installing: /media/karthi/New Volume/Warrior/Projects/ROS/dev_ws/install/turtlesim/share/turtlesim/package.dsv
[24.927s] -- Installing: /media/karthi/New Volume/Warrior/Projects/ROS/dev_ws/install/turtlesim/share/ament_index/resource_index/packages/turtlesim
[24.931s] -- Installing: /media/karthi/New Volume/Warrior/Projects/ROS/dev_ws/install/turtlesim/share/turtlesim/cmake/turtlesim__rosidl_generator_cExport.cmake
[24.935s] -- Installing: /media/karthi/New Volume/Warrior/Projects/ROS/dev_ws/install/turtlesim/share/turtlesim/cmake/turtlesim__rosidl_generator_cExport-noconfig.cmake
[24.940s] -- Installing: /media/karthi/New Volume/Warrior/Projects/ROS/dev_ws/install/turtlesim/share/turtlesim/cmake/turtlesim__rosidl_typesupport_introspection_cExport.cmake
[24.944s] -- Installing: /media/karthi/New Volume/Warrior/Projects/ROS/dev_ws/install/turtlesim/share/turtlesim/cmake/turtlesim__rosidl_typesupport_introspection_cExport-noconfig.cmake
[24.948s] -- Installing: /media/karthi/New Volume/Warrior/Projects/ROS/dev_ws/install/turtlesim/share/turtlesim/cmake/turtlesim__rosidl_typesupport_cExport.cmake
[24.952s] -- Installing: /media/karthi/New Volume/Warrior/Projects/ROS/dev_ws/install/turtlesim/share/turtlesim/cmake/turtlesim__rosidl_typesupport_cExport-noconfig.cmake
[24.957s] -- Installing: /media/karthi/New Volume/Warrior/Projects/ROS/dev_ws/install/turtlesim/share/turtlesim/cmake/turtlesim__rosidl_generator_cppExport.cmake
[24.961s] -- Installing: /media/karthi/New Volume/Warrior/Projects/ROS/dev_ws/install/turtlesim/share/turtlesim/cmake/turtlesim__rosidl_typesupport_introspection_cppExport.cmake
[24.965s] -- Installing: /media/karthi/New Volume/Warrior/Projects/ROS/dev_ws/install/turtlesim/share/turtlesim/cmake/turtlesim__rosidl_typesupport_introspection_cppExport-noconfig.cmake
[24.969s] -- Installing: /media/karthi/New Volume/Warrior/Projects/ROS/dev_ws/install/turtlesim/share/turtlesim/cmake/turtlesim__rosidl_typesupport_cppExport.cmake
[24.973s] -- Installing: /media/karthi/New Volume/Warrior/Projects/ROS/dev_ws/install/turtlesim/share/turtlesim/cmake/turtlesim__rosidl_typesupport_cppExport-noconfig.cmake
[24.977s] -- Installing: /media/karthi/New Volume/Warrior/Projects/ROS/dev_ws/install/turtlesim/share/turtlesim/cmake/rosidl_cmake-extras.cmake
[24.980s] -- Installing: /media/karthi/New Volume/Warrior/Projects/ROS/dev_ws/install/turtlesim/share/turtlesim/cmake/ament_cmake_export_dependencies-extras.cmake
[24.984s] -- Installing: /media/karthi/New Volume/Warrior/Projects/ROS/dev_ws/install/turtlesim/share/turtlesim/cmake/ament_cmake_export_libraries-extras.cmake
[24.987s] -- Installing: /media/karthi/New Volume/Warrior/Projects/ROS/dev_ws/install/turtlesim/share/turtlesim/cmake/ament_cmake_export_targets-extras.cmake
[24.991s] -- Installing: /media/karthi/New Volume/Warrior/Projects/ROS/dev_ws/install/turtlesim/share/turtlesim/cmake/ament_cmake_export_include_directories-extras.cmake
[24.994s] -- Installing: /media/karthi/New Volume/Warrior/Projects/ROS/dev_ws/install/turtlesim/share/turtlesim/cmake/rosidl_cmake_export_typesupport_libraries-extras.cmake
[24.997s] -- Installing: /media/karthi/New Volume/Warrior/Projects/ROS/dev_ws/install/turtlesim/share/turtlesim/cmake/rosidl_cmake_export_typesupport_targets-extras.cmake
[25.000s] -- Installing: /media/karthi/New Volume/Warrior/Projects/ROS/dev_ws/install/turtlesim/share/turtlesim/cmake/turtlesimConfig.cmake
[25.004s] -- Installing: /media/karthi/New Volume/Warrior/Projects/ROS/dev_ws/install/turtlesim/share/turtlesim/cmake/turtlesimConfig-version.cmake
[25.007s] -- Up-to-date: /media/karthi/New Volume/Warrior/Projects/ROS/dev_ws/install/turtlesim/share/turtlesim/package.xml
[25.012s] Invoked command in '/media/karthi/New Volume/Warrior/Projects/ROS/dev_ws/build/turtlesim' returned '0': CMAKE_PREFIX_PATH=${CMAKE_PREFIX_PATH}:/media/karthi/New Volume/Warrior/Projects/ROS/dev_ws/install/turtle2:/opt/ros/foxy /usr/bin/cmake --install /media/karthi/New Volume/Warrior/Projects/ROS/dev_ws/build/turtlesim
