[0.762s] Invoking command in '/media/karthi/New Volume/Warrior/Projects/ROS/dev_ws/src/py_srvcli': PYTHONPATH=/media/karthi/New Volume/Warrior/Projects/ROS/dev_ws/install/py_srvcli/lib/python3.8/site-packages:${PYTHONPATH} /usr/bin/python3 setup.py egg_info --egg-base ../../build/py_srvcli build --build-base /media/karthi/New Volume/Warrior/Projects/ROS/dev_ws/build/py_srvcli/build install --prefix /media/karthi/New Volume/Warrior/Projects/ROS/dev_ws/install/py_srvcli --record /media/karthi/New Volume/Warrior/Projects/ROS/dev_ws/build/py_srvcli/install.log --single-version-externally-managed
[0.956s] running egg_info
[0.957s] writing ../../build/py_srvcli/py_srvcli.egg-info/PKG-INFO
[0.957s] writing dependency_links to ../../build/py_srvcli/py_srvcli.egg-info/dependency_links.txt
[0.957s] writing entry points to ../../build/py_srvcli/py_srvcli.egg-info/entry_points.txt
[0.958s] writing requirements to ../../build/py_srvcli/py_srvcli.egg-info/requires.txt
[0.958s] writing top-level names to ../../build/py_srvcli/py_srvcli.egg-info/top_level.txt
[0.986s] reading manifest file '../../build/py_srvcli/py_srvcli.egg-info/SOURCES.txt'
[0.989s] writing manifest file '../../build/py_srvcli/py_srvcli.egg-info/SOURCES.txt'
[0.990s] running build
[0.990s] running build_py
[0.992s] running install
[0.992s] running install_lib
[0.998s] running install_data
[1.000s] running install_egg_info
[1.002s] removing '/media/karthi/New Volume/Warrior/Projects/ROS/dev_ws/install/py_srvcli/lib/python3.8/site-packages/py_srvcli-0.0.0-py3.8.egg-info' (and everything under it)
[1.004s] Copying ../../build/py_srvcli/py_srvcli.egg-info to /media/karthi/New Volume/Warrior/Projects/ROS/dev_ws/install/py_srvcli/lib/python3.8/site-packages/py_srvcli-0.0.0-py3.8.egg-info
[1.013s] running install_scripts
[1.028s] Installing client script to /media/karthi/New Volume/Warrior/Projects/ROS/dev_ws/install/py_srvcli/lib/py_srvcli
[1.029s] Installing service script to /media/karthi/New Volume/Warrior/Projects/ROS/dev_ws/install/py_srvcli/lib/py_srvcli
[1.029s] writing list of installed files to '/media/karthi/New Volume/Warrior/Projects/ROS/dev_ws/build/py_srvcli/install.log'
[1.047s] Invoked command in '/media/karthi/New Volume/Warrior/Projects/ROS/dev_ws/src/py_srvcli' returned '0': PYTHONPATH=/media/karthi/New Volume/Warrior/Projects/ROS/dev_ws/install/py_srvcli/lib/python3.8/site-packages:${PYTHONPATH} /usr/bin/python3 setup.py egg_info --egg-base ../../build/py_srvcli build --build-base /media/karthi/New Volume/Warrior/Projects/ROS/dev_ws/build/py_srvcli/build install --prefix /media/karthi/New Volume/Warrior/Projects/ROS/dev_ws/install/py_srvcli --record /media/karthi/New Volume/Warrior/Projects/ROS/dev_ws/build/py_srvcli/install.log --single-version-externally-managed
