[0.816s] Invoking command in '/media/karthi/New Volume1/Warrior/Projects/ROS/dev_ws/src/py_srvcli': PYTHONPATH=/media/karthi/New Volume1/Warrior/Projects/ROS/dev_ws/install/py_srvcli/lib/python3.8/site-packages:${PYTHONPATH} /usr/bin/python3 setup.py egg_info --egg-base ../../build/py_srvcli build --build-base /media/karthi/New Volume1/Warrior/Projects/ROS/dev_ws/build/py_srvcli/build install --prefix /media/karthi/New Volume1/Warrior/Projects/ROS/dev_ws/install/py_srvcli --record /media/karthi/New Volume1/Warrior/Projects/ROS/dev_ws/build/py_srvcli/install.log --single-version-externally-managed
[1.007s] running egg_info
[1.007s] writing ../../build/py_srvcli/py_srvcli.egg-info/PKG-INFO
[1.008s] writing dependency_links to ../../build/py_srvcli/py_srvcli.egg-info/dependency_links.txt
[1.008s] writing entry points to ../../build/py_srvcli/py_srvcli.egg-info/entry_points.txt
[1.009s] writing requirements to ../../build/py_srvcli/py_srvcli.egg-info/requires.txt
[1.009s] writing top-level names to ../../build/py_srvcli/py_srvcli.egg-info/top_level.txt
[1.040s] reading manifest file '../../build/py_srvcli/py_srvcli.egg-info/SOURCES.txt'
[1.042s] writing manifest file '../../build/py_srvcli/py_srvcli.egg-info/SOURCES.txt'
[1.042s] running build
[1.042s] running build_py
[1.044s] running install
[1.044s] running install_lib
[1.049s] running install_data
[1.050s] running install_egg_info
[1.051s] removing '/media/karthi/New Volume1/Warrior/Projects/ROS/dev_ws/install/py_srvcli/lib/python3.8/site-packages/py_srvcli-0.0.0-py3.8.egg-info' (and everything under it)
[1.053s] Copying ../../build/py_srvcli/py_srvcli.egg-info to /media/karthi/New Volume1/Warrior/Projects/ROS/dev_ws/install/py_srvcli/lib/python3.8/site-packages/py_srvcli-0.0.0-py3.8.egg-info
[1.060s] running install_scripts
[1.074s] Installing client script to /media/karthi/New Volume1/Warrior/Projects/ROS/dev_ws/install/py_srvcli/lib/py_srvcli
[1.075s] Installing service script to /media/karthi/New Volume1/Warrior/Projects/ROS/dev_ws/install/py_srvcli/lib/py_srvcli
[1.076s] writing list of installed files to '/media/karthi/New Volume1/Warrior/Projects/ROS/dev_ws/build/py_srvcli/install.log'
[1.092s] Invoked command in '/media/karthi/New Volume1/Warrior/Projects/ROS/dev_ws/src/py_srvcli' returned '0': PYTHONPATH=/media/karthi/New Volume1/Warrior/Projects/ROS/dev_ws/install/py_srvcli/lib/python3.8/site-packages:${PYTHONPATH} /usr/bin/python3 setup.py egg_info --egg-base ../../build/py_srvcli build --build-base /media/karthi/New Volume1/Warrior/Projects/ROS/dev_ws/build/py_srvcli/build install --prefix /media/karthi/New Volume1/Warrior/Projects/ROS/dev_ws/install/py_srvcli --record /media/karthi/New Volume1/Warrior/Projects/ROS/dev_ws/build/py_srvcli/install.log --single-version-externally-managed
