[0.013s] Invoking command in '/media/karthi/New Volume1/Warrior/Projects/ROS/dev_ws/build/turtlesim': CMAKE_PREFIX_PATH=/opt/ros/foxy /usr/bin/cmake /media/karthi/New Volume1/Warrior/Projects/ROS/dev_ws/src/ros_tutorials/turtlesim -DCMAKE_INSTALL_PREFIX=/media/karthi/New Volume1/Warrior/Projects/ROS/dev_ws/install/turtlesim
[0.064s] -- The C compiler identification is GNU 9.3.0
[0.118s] -- The CXX compiler identification is GNU 9.3.0
[0.124s] -- Check for working C compiler: /usr/bin/cc
[0.210s] -- Check for working C compiler: /usr/bin/cc -- works
[0.211s] -- Detecting C compiler ABI info
[0.296s] -- Detecting C compiler ABI info - done
[0.308s] -- Detecting C compile features
[0.309s] -- Detecting C compile features - done
[0.313s] -- Check for working CXX compiler: /usr/bin/c++
[0.401s] -- Check for working CXX compiler: /usr/bin/c++ -- works
[0.402s] -- Detecting CXX compiler ABI info
[0.492s] -- Detecting CXX compiler ABI info - done
[0.504s] -- Detecting CXX compile features
[0.504s] -- Detecting CXX compile features - done
[0.508s] -- Found ament_cmake: 0.9.9 (/opt/ros/foxy/share/ament_cmake/cmake)
[0.529s] -- Found PythonInterp: /usr/bin/python3 (found suitable version "3.8.10", minimum required is "3") 
[0.529s] -- Using PYTHON_EXECUTABLE: /usr/bin/python3
[0.697s] -- Found ament_index_cpp: 1.1.0 (/opt/ros/foxy/share/ament_index_cpp/cmake)
[0.701s] -- Found geometry_msgs: 2.0.5 (/opt/ros/foxy/share/geometry_msgs/cmake)
[0.726s] -- Using all available rosidl_typesupport_c: rosidl_typesupport_fastrtps_c;rosidl_typesupport_introspection_c
[0.731s] -- Found rosidl_adapter: 1.2.1 (/opt/ros/foxy/share/rosidl_adapter/cmake)
[0.787s] -- Found OpenSSL: /usr/lib/x86_64-linux-gnu/libcrypto.so (found version "1.1.1f")  
[0.813s] -- Found FastRTPS: /opt/ros/foxy/include  
[0.876s] -- Using all available rosidl_typesupport_cpp: rosidl_typesupport_fastrtps_cpp;rosidl_typesupport_introspection_cpp
[0.972s] -- Found rclcpp: 2.4.1 (/opt/ros/foxy/share/rclcpp/cmake)
[1.005s] -- Found rmw_implementation_cmake: 1.0.3 (/opt/ros/foxy/share/rmw_implementation_cmake/cmake)
[1.007s] -- Using RMW implementation 'rmw_fastrtps_cpp' as default
[1.009s] -- Looking for pthread.h
[1.089s] -- Looking for pthread.h - found
[1.090s] -- Performing Test CMAKE_HAVE_LIBC_PTHREAD
[1.186s] -- Performing Test CMAKE_HAVE_LIBC_PTHREAD - Failed
[1.187s] -- Looking for pthread_create in pthreads
[1.262s] -- Looking for pthread_create in pthreads - not found
[1.262s] -- Looking for pthread_create in pthread
[1.346s] -- Looking for pthread_create in pthread - found
[1.347s] -- Found Threads: TRUE  
[1.473s] -- Found rclcpp_action: 2.4.1 (/opt/ros/foxy/share/rclcpp_action/cmake)
[1.536s] -- Found rosidl_default_generators: 1.0.1 (/opt/ros/foxy/share/rosidl_default_generators/cmake)
[1.550s] -- Found std_srvs: 2.0.5 (/opt/ros/foxy/share/std_srvs/cmake)
[1.591s] -- Found PythonInterp: /usr/bin/python3 (found version "3.8.10") 
[1.796s] -- Found ament_cmake_ros: 0.9.2 (/opt/ros/foxy/share/ament_cmake_ros/cmake)
[1.964s] -- Using all available rosidl_typesupport_c: rosidl_typesupport_fastrtps_c;rosidl_typesupport_introspection_c
[2.025s] -- Using all available rosidl_typesupport_cpp: rosidl_typesupport_fastrtps_cpp;rosidl_typesupport_introspection_cpp
[2.045s] -- Found PythonInterp: /usr/bin/python3 (found suitable version "3.8.10", minimum required is "3.5") 
[2.046s] -- Found python_cmake_module: 0.8.1 (/opt/ros/foxy/share/python_cmake_module/cmake)
[2.069s] -- Found PythonLibs: /usr/lib/x86_64-linux-gnu/libpython3.8.so (found suitable version "3.8.10", minimum required is "3.5") 
[2.070s] -- Using PYTHON_EXECUTABLE: /usr/bin/python3
[2.070s] -- Using PYTHON_INCLUDE_DIRS: /usr/include/python3.8
[2.070s] -- Using PYTHON_LIBRARIES: /usr/lib/x86_64-linux-gnu/libpython3.8.so
[2.087s] -- Found PythonExtra: .so  
[2.202s] -- Configuring done
[2.444s] -- Generating done
[2.460s] -- Build files have been written to: /media/karthi/New Volume1/Warrior/Projects/ROS/dev_ws/build/turtlesim
[2.468s] Invoked command in '/media/karthi/New Volume1/Warrior/Projects/ROS/dev_ws/build/turtlesim' returned '0': CMAKE_PREFIX_PATH=/opt/ros/foxy /usr/bin/cmake /media/karthi/New Volume1/Warrior/Projects/ROS/dev_ws/src/ros_tutorials/turtlesim -DCMAKE_INSTALL_PREFIX=/media/karthi/New Volume1/Warrior/Projects/ROS/dev_ws/install/turtlesim
[2.470s] Invoking command in '/media/karthi/New Volume1/Warrior/Projects/ROS/dev_ws/build/turtlesim': CMAKE_PREFIX_PATH=/opt/ros/foxy /usr/bin/cmake --build /media/karthi/New Volume1/Warrior/Projects/ROS/dev_ws/build/turtlesim -- -j12 -l12
[2.514s] [  1%] [34m[1mGenerating C code for ROS interfaces[0m
[2.516s] [35m[1mScanning dependencies of target turtlesim__cpp[0m
[2.528s] [  2%] [34m[1mGenerating C++ code for ROS interfaces[0m
[3.204s] [  2%] Built target turtlesim__cpp
[3.212s] [35m[1mScanning dependencies of target turtlesim__rosidl_generator_c[0m
[3.216s] [  5%] [34m[1mGenerating C++ introspection for ROS interfaces[0m
[3.216s] [  5%] [34m[1mGenerating C++ type support dispatch for ROS interfaces[0m
[3.216s] [  5%] [34m[1mGenerating C++ type support for eProsima Fast-RTPS[0m
[3.266s] [  6%] [32mBuilding C object CMakeFiles/turtlesim__rosidl_generator_c.dir/rosidl_generator_c/turtlesim/msg/detail/color__functions.c.o[0m
[3.267s] [  7%] [32mBuilding C object CMakeFiles/turtlesim__rosidl_generator_c.dir/rosidl_generator_c/turtlesim/action/detail/rotate_absolute__functions.c.o[0m
[3.268s] [  8%] [32mBuilding C object CMakeFiles/turtlesim__rosidl_generator_c.dir/rosidl_generator_c/turtlesim/msg/detail/pose__functions.c.o[0m
[3.269s] [ 10%] [32mBuilding C object CMakeFiles/turtlesim__rosidl_generator_c.dir/rosidl_generator_c/turtlesim/srv/detail/set_pen__functions.c.o[0m
[3.270s] [ 10%] [32mBuilding C object CMakeFiles/turtlesim__rosidl_generator_c.dir/rosidl_generator_c/turtlesim/srv/detail/kill__functions.c.o[0m
[3.270s] [ 12%] [32mBuilding C object CMakeFiles/turtlesim__rosidl_generator_c.dir/rosidl_generator_c/turtlesim/srv/detail/teleport_absolute__functions.c.o[0m
[3.270s] [ 12%] [32mBuilding C object CMakeFiles/turtlesim__rosidl_generator_c.dir/rosidl_generator_c/turtlesim/srv/detail/teleport_relative__functions.c.o[0m
[3.273s] [ 13%] [32mBuilding C object CMakeFiles/turtlesim__rosidl_generator_c.dir/rosidl_generator_c/turtlesim/srv/detail/spawn__functions.c.o[0m
[3.397s] [ 14%] [32m[1mLinking C shared library libturtlesim__rosidl_generator_c.so[0m
[3.442s] [ 14%] Built target turtlesim__rosidl_generator_c
[3.452s] [ 16%] [34m[1mGenerating C type support dispatch for ROS interfaces[0m
[3.452s] [ 16%] [34m[1mGenerating C introspection for ROS interfaces[0m
[3.665s] [35m[1mScanning dependencies of target turtlesim__rosidl_typesupport_cpp[0m
[3.729s] [ 17%] [32mBuilding CXX object CMakeFiles/turtlesim__rosidl_typesupport_cpp.dir/rosidl_typesupport_cpp/turtlesim/msg/pose__type_support.cpp.o[0m
[3.730s] [ 18%] [32mBuilding CXX object CMakeFiles/turtlesim__rosidl_typesupport_cpp.dir/rosidl_typesupport_cpp/turtlesim/action/rotate_absolute__type_support.cpp.o[0m
[3.730s] [ 19%] [32mBuilding CXX object CMakeFiles/turtlesim__rosidl_typesupport_cpp.dir/rosidl_typesupport_cpp/turtlesim/msg/color__type_support.cpp.o[0m
[3.732s] [ 20%] [32mBuilding CXX object CMakeFiles/turtlesim__rosidl_typesupport_cpp.dir/rosidl_typesupport_cpp/turtlesim/srv/kill__type_support.cpp.o[0m
[3.733s] [ 22%] [32mBuilding CXX object CMakeFiles/turtlesim__rosidl_typesupport_cpp.dir/rosidl_typesupport_cpp/turtlesim/srv/spawn__type_support.cpp.o[0m
[3.734s] [ 22%] [32mBuilding CXX object CMakeFiles/turtlesim__rosidl_typesupport_cpp.dir/rosidl_typesupport_cpp/turtlesim/srv/set_pen__type_support.cpp.o[0m
[3.739s] [ 23%] [32mBuilding CXX object CMakeFiles/turtlesim__rosidl_typesupport_cpp.dir/rosidl_typesupport_cpp/turtlesim/srv/teleport_relative__type_support.cpp.o[0m
[3.741s] [ 24%] [32mBuilding CXX object CMakeFiles/turtlesim__rosidl_typesupport_cpp.dir/rosidl_typesupport_cpp/turtlesim/srv/teleport_absolute__type_support.cpp.o[0m
[3.997s] [35m[1mScanning dependencies of target turtlesim__rosidl_typesupport_introspection_cpp[0m
[4.130s] [ 25%] [32mBuilding CXX object CMakeFiles/turtlesim__rosidl_typesupport_introspection_cpp.dir/rosidl_typesupport_introspection_cpp/turtlesim/action/detail/rotate_absolute__type_support.cpp.o[0m
[4.135s] [35m[1mScanning dependencies of target turtlesim__rosidl_typesupport_c[0m
[4.215s] [35m[1mScanning dependencies of target turtlesim__rosidl_typesupport_fastrtps_cpp[0m
[4.246s] [ 26%] [32mBuilding CXX object CMakeFiles/turtlesim__rosidl_typesupport_introspection_cpp.dir/rosidl_typesupport_introspection_cpp/turtlesim/msg/detail/color__type_support.cpp.o[0m
[4.250s] [ 28%] [32mBuilding CXX object CMakeFiles/turtlesim__rosidl_typesupport_introspection_cpp.dir/rosidl_typesupport_introspection_cpp/turtlesim/msg/detail/pose__type_support.cpp.o[0m
[4.251s] [ 28%] [32mBuilding CXX object CMakeFiles/turtlesim__rosidl_typesupport_c.dir/rosidl_typesupport_c/turtlesim/action/rotate_absolute__type_support.cpp.o[0m
[4.261s] [ 29%] [32mBuilding CXX object CMakeFiles/turtlesim__rosidl_typesupport_introspection_cpp.dir/rosidl_typesupport_introspection_cpp/turtlesim/srv/detail/kill__type_support.cpp.o[0m
[4.273s] [ 30%] [32mBuilding CXX object CMakeFiles/turtlesim__rosidl_typesupport_introspection_cpp.dir/rosidl_typesupport_introspection_cpp/turtlesim/srv/detail/set_pen__type_support.cpp.o[0m
[4.283s] [ 31%] [32mBuilding CXX object CMakeFiles/turtlesim__rosidl_typesupport_introspection_cpp.dir/rosidl_typesupport_introspection_cpp/turtlesim/srv/detail/spawn__type_support.cpp.o[0m
[4.285s] [ 32%] [32mBuilding CXX object CMakeFiles/turtlesim__rosidl_typesupport_introspection_cpp.dir/rosidl_typesupport_introspection_cpp/turtlesim/srv/detail/teleport_absolute__type_support.cpp.o[0m
[4.290s] [ 33%] [32mBuilding CXX object CMakeFiles/turtlesim__rosidl_typesupport_introspection_cpp.dir/rosidl_typesupport_introspection_cpp/turtlesim/srv/detail/teleport_relative__type_support.cpp.o[0m
[4.325s] [ 34%] [32m[1mLinking CXX shared library libturtlesim__rosidl_typesupport_cpp.so[0m
[4.386s] [35m[1mScanning dependencies of target turtlesim__rosidl_typesupport_introspection_c[0m
[4.388s] [ 35%] [32mBuilding CXX object CMakeFiles/turtlesim__rosidl_typesupport_c.dir/rosidl_typesupport_c/turtlesim/msg/color__type_support.cpp.o[0m
[4.424s] [ 35%] Built target turtlesim__rosidl_typesupport_cpp
[4.436s] [ 36%] [32mBuilding CXX object CMakeFiles/turtlesim__rosidl_typesupport_c.dir/rosidl_typesupport_c/turtlesim/msg/pose__type_support.cpp.o[0m
[4.465s] [ 37%] [32mBuilding CXX object CMakeFiles/turtlesim__rosidl_typesupport_c.dir/rosidl_typesupport_c/turtlesim/srv/kill__type_support.cpp.o[0m
[4.510s] [ 38%] [32mBuilding CXX object CMakeFiles/turtlesim__rosidl_typesupport_c.dir/rosidl_typesupport_c/turtlesim/srv/set_pen__type_support.cpp.o[0m
[4.511s] [ 39%] [32mBuilding CXX object CMakeFiles/turtlesim__rosidl_typesupport_fastrtps_cpp.dir/rosidl_typesupport_fastrtps_cpp/turtlesim/action/detail/dds_fastrtps/rotate_absolute__type_support.cpp.o[0m
[4.551s] [ 40%] [32mBuilding C object CMakeFiles/turtlesim__rosidl_typesupport_introspection_c.dir/rosidl_typesupport_introspection_c/turtlesim/action/detail/rotate_absolute__type_support.c.o[0m
[4.559s] [ 41%] [32mBuilding CXX object CMakeFiles/turtlesim__rosidl_typesupport_c.dir/rosidl_typesupport_c/turtlesim/srv/spawn__type_support.cpp.o[0m
[4.585s] [ 42%] [32mBuilding C object CMakeFiles/turtlesim__rosidl_typesupport_introspection_c.dir/rosidl_typesupport_introspection_c/turtlesim/msg/detail/color__type_support.c.o[0m
[4.640s] [ 43%] [32mBuilding CXX object CMakeFiles/turtlesim__rosidl_typesupport_c.dir/rosidl_typesupport_c/turtlesim/srv/teleport_absolute__type_support.cpp.o[0m
[4.668s] [ 44%] [32mBuilding CXX object CMakeFiles/turtlesim__rosidl_typesupport_fastrtps_cpp.dir/rosidl_typesupport_fastrtps_cpp/turtlesim/msg/detail/dds_fastrtps/color__type_support.cpp.o[0m
[4.698s] [ 45%] [32mBuilding CXX object CMakeFiles/turtlesim__rosidl_typesupport_fastrtps_cpp.dir/rosidl_typesupport_fastrtps_cpp/turtlesim/msg/detail/dds_fastrtps/pose__type_support.cpp.o[0m
[4.701s] [ 46%] [32mBuilding C object CMakeFiles/turtlesim__rosidl_typesupport_introspection_c.dir/rosidl_typesupport_introspection_c/turtlesim/msg/detail/pose__type_support.c.o[0m
[4.709s] [ 47%] [32mBuilding CXX object CMakeFiles/turtlesim__rosidl_typesupport_c.dir/rosidl_typesupport_c/turtlesim/srv/teleport_relative__type_support.cpp.o[0m
[4.780s] [ 49%] [32mBuilding CXX object CMakeFiles/turtlesim__rosidl_typesupport_fastrtps_cpp.dir/rosidl_typesupport_fastrtps_cpp/turtlesim/srv/detail/dds_fastrtps/kill__type_support.cpp.o[0m
[4.780s] [ 49%] [32mBuilding C object CMakeFiles/turtlesim__rosidl_typesupport_introspection_c.dir/rosidl_typesupport_introspection_c/turtlesim/srv/detail/kill__type_support.c.o[0m
[4.789s] [ 51%] [32m[1mLinking CXX shared library libturtlesim__rosidl_typesupport_c.so[0m
[4.789s] [ 51%] [32mBuilding CXX object CMakeFiles/turtlesim__rosidl_typesupport_fastrtps_cpp.dir/rosidl_typesupport_fastrtps_cpp/turtlesim/srv/detail/dds_fastrtps/set_pen__type_support.cpp.o[0m
[4.804s] [ 52%] [32mBuilding CXX object CMakeFiles/turtlesim__rosidl_typesupport_fastrtps_cpp.dir/rosidl_typesupport_fastrtps_cpp/turtlesim/srv/detail/dds_fastrtps/spawn__type_support.cpp.o[0m
[4.806s] [ 53%] [32mBuilding CXX object CMakeFiles/turtlesim__rosidl_typesupport_fastrtps_cpp.dir/rosidl_typesupport_fastrtps_cpp/turtlesim/srv/detail/dds_fastrtps/teleport_absolute__type_support.cpp.o[0m
[4.811s] [ 54%] [32mBuilding CXX object CMakeFiles/turtlesim__rosidl_typesupport_fastrtps_cpp.dir/rosidl_typesupport_fastrtps_cpp/turtlesim/srv/detail/dds_fastrtps/teleport_relative__type_support.cpp.o[0m
[4.817s] [ 55%] [32mBuilding C object CMakeFiles/turtlesim__rosidl_typesupport_introspection_c.dir/rosidl_typesupport_introspection_c/turtlesim/srv/detail/set_pen__type_support.c.o[0m
[4.834s] [ 56%] [32m[1mLinking CXX shared library libturtlesim__rosidl_typesupport_introspection_cpp.so[0m
[4.887s] [ 56%] Built target turtlesim__rosidl_typesupport_c
[4.888s] [ 57%] [32mBuilding C object CMakeFiles/turtlesim__rosidl_typesupport_introspection_c.dir/rosidl_typesupport_introspection_c/turtlesim/srv/detail/spawn__type_support.c.o[0m
[4.900s] [ 58%] [32mBuilding C object CMakeFiles/turtlesim__rosidl_typesupport_introspection_c.dir/rosidl_typesupport_introspection_c/turtlesim/srv/detail/teleport_absolute__type_support.c.o[0m
[4.932s] [ 59%] [32mBuilding C object CMakeFiles/turtlesim__rosidl_typesupport_introspection_c.dir/rosidl_typesupport_introspection_c/turtlesim/srv/detail/teleport_relative__type_support.c.o[0m
[4.983s] [ 59%] Built target turtlesim__rosidl_typesupport_introspection_cpp
[5.022s] [ 60%] [32m[1mLinking C shared library libturtlesim__rosidl_typesupport_introspection_c.so[0m
[5.091s] [ 60%] Built target turtlesim__rosidl_typesupport_introspection_c
[5.493s] [ 61%] [32m[1mLinking CXX shared library libturtlesim__rosidl_typesupport_fastrtps_cpp.so[0m
[5.577s] [ 61%] Built target turtlesim__rosidl_typesupport_fastrtps_cpp
[5.587s] [ 62%] [34m[1mGenerating C type support for eProsima Fast-RTPS[0m
[6.163s] [35m[1mScanning dependencies of target turtlesim__rosidl_typesupport_fastrtps_c[0m
[6.265s] [ 63%] [32mBuilding CXX object CMakeFiles/turtlesim__rosidl_typesupport_fastrtps_c.dir/rosidl_typesupport_fastrtps_c/turtlesim/msg/detail/pose__type_support_c.cpp.o[0m
[6.266s] [ 64%] [32mBuilding CXX object CMakeFiles/turtlesim__rosidl_typesupport_fastrtps_c.dir/rosidl_typesupport_fastrtps_c/turtlesim/action/detail/rotate_absolute__type_support_c.cpp.o[0m
[6.266s] [ 65%] [32mBuilding CXX object CMakeFiles/turtlesim__rosidl_typesupport_fastrtps_c.dir/rosidl_typesupport_fastrtps_c/turtlesim/msg/detail/color__type_support_c.cpp.o[0m
[6.267s] [ 67%] [32mBuilding CXX object CMakeFiles/turtlesim__rosidl_typesupport_fastrtps_c.dir/rosidl_typesupport_fastrtps_c/turtlesim/srv/detail/spawn__type_support_c.cpp.o[0m
[6.267s] [ 67%] [32mBuilding CXX object CMakeFiles/turtlesim__rosidl_typesupport_fastrtps_c.dir/rosidl_typesupport_fastrtps_c/turtlesim/srv/detail/kill__type_support_c.cpp.o[0m
[6.268s] [ 68%] [32mBuilding CXX object CMakeFiles/turtlesim__rosidl_typesupport_fastrtps_c.dir/rosidl_typesupport_fastrtps_c/turtlesim/srv/detail/set_pen__type_support_c.cpp.o[0m
[6.270s] [ 69%] [32mBuilding CXX object CMakeFiles/turtlesim__rosidl_typesupport_fastrtps_c.dir/rosidl_typesupport_fastrtps_c/turtlesim/srv/detail/teleport_absolute__type_support_c.cpp.o[0m
[6.270s] [ 70%] [32mBuilding CXX object CMakeFiles/turtlesim__rosidl_typesupport_fastrtps_c.dir/rosidl_typesupport_fastrtps_c/turtlesim/srv/detail/teleport_relative__type_support_c.cpp.o[0m
[6.927s] [ 71%] [32m[1mLinking CXX shared library libturtlesim__rosidl_typesupport_fastrtps_c.so[0m
[7.016s] [ 71%] Built target turtlesim__rosidl_typesupport_fastrtps_c
[7.026s] [35m[1mScanning dependencies of target turtlesim[0m
[7.039s] [ 71%] Built target turtlesim
[7.050s] [ 72%] [34m[1mGenerating include/turtlesim/moc_turtle_frame.cpp[0m
[7.050s] [35m[1mScanning dependencies of target draw_square[0m
[7.051s] [35m[1mScanning dependencies of target mimic[0m
[7.051s] [35m[1mScanning dependencies of target turtle_teleop_key[0m
[7.053s] [35m[1mScanning dependencies of target turtlesim__py[0m
[7.066s] [ 73%] [34m[1mGenerating Python code for ROS interfaces[0m
[7.137s] [35m[1mScanning dependencies of target turtlesim_node[0m
[7.287s] [ 74%] [32mBuilding CXX object CMakeFiles/draw_square.dir/tutorials/draw_square.cpp.o[0m
[7.287s] [ 75%] [32mBuilding CXX object CMakeFiles/mimic.dir/tutorials/mimic.cpp.o[0m
[7.315s] [ 76%] [32mBuilding CXX object CMakeFiles/turtle_teleop_key.dir/tutorials/teleop_turtle_key.cpp.o[0m
[7.562s] [ 77%] [32mBuilding CXX object CMakeFiles/turtlesim_node.dir/src/turtle.cpp.o[0m
[7.564s] [ 78%] [32mBuilding CXX object CMakeFiles/turtlesim_node.dir/src/turtlesim.cpp.o[0m
[7.565s] [ 79%] [32mBuilding CXX object CMakeFiles/turtlesim_node.dir/src/turtle_frame.cpp.o[0m
[7.566s] [ 80%] [32mBuilding CXX object CMakeFiles/turtlesim_node.dir/include/turtlesim/moc_turtle_frame.cpp.o[0m
[8.813s] [ 80%] Built target turtlesim__py
[8.824s] [35m[1mScanning dependencies of target turtlesim__python[0m
[9.087s] [ 81%] [32mBuilding C object CMakeFiles/turtlesim__python.dir/rosidl_generator_py/turtlesim/action/_rotate_absolute_s.c.o[0m
[9.088s] [ 83%] [32mBuilding C object CMakeFiles/turtlesim__python.dir/rosidl_generator_py/turtlesim/msg/_pose_s.c.o[0m
[9.088s] [ 83%] [32mBuilding C object CMakeFiles/turtlesim__python.dir/rosidl_generator_py/turtlesim/msg/_color_s.c.o[0m
[9.095s] [ 84%] [32mBuilding C object CMakeFiles/turtlesim__python.dir/rosidl_generator_py/turtlesim/srv/_kill_s.c.o[0m
[9.100s] [ 85%] [32mBuilding C object CMakeFiles/turtlesim__python.dir/rosidl_generator_py/turtlesim/srv/_set_pen_s.c.o[0m
[9.356s] [ 86%] [32mBuilding C object CMakeFiles/turtlesim__python.dir/rosidl_generator_py/turtlesim/srv/_spawn_s.c.o[0m
[9.380s] [ 87%] [32mBuilding C object CMakeFiles/turtlesim__python.dir/rosidl_generator_py/turtlesim/srv/_teleport_absolute_s.c.o[0m
[9.385s] [ 88%] [32mBuilding C object CMakeFiles/turtlesim__python.dir/rosidl_generator_py/turtlesim/srv/_teleport_relative_s.c.o[0m
[9.577s] [ 89%] [32m[1mLinking C shared library rosidl_generator_py/turtlesim/libturtlesim__python.so[0m
[9.661s] [ 89%] Built target turtlesim__python
[9.677s] [35m[1mScanning dependencies of target turtlesim__rosidl_typesupport_introspection_c__pyext[0m
[9.678s] [35m[1mScanning dependencies of target turtlesim__rosidl_typesupport_c__pyext[0m
[9.678s] [35m[1mScanning dependencies of target turtlesim__rosidl_typesupport_fastrtps_c__pyext[0m
[9.808s] [ 90%] [32mBuilding C object CMakeFiles/turtlesim__rosidl_typesupport_introspection_c__pyext.dir/rosidl_generator_py/turtlesim/_turtlesim_s.ep.rosidl_typesupport_introspection_c.c.o[0m
[9.814s] [ 91%] [32mBuilding C object CMakeFiles/turtlesim__rosidl_typesupport_fastrtps_c__pyext.dir/rosidl_generator_py/turtlesim/_turtlesim_s.ep.rosidl_typesupport_fastrtps_c.c.o[0m
[9.820s] [ 92%] [32mBuilding C object CMakeFiles/turtlesim__rosidl_typesupport_c__pyext.dir/rosidl_generator_py/turtlesim/_turtlesim_s.ep.rosidl_typesupport_c.c.o[0m
[10.100s] [ 93%] [32m[1mLinking C shared library rosidl_generator_py/turtlesim/turtlesim_s__rosidl_typesupport_introspection_c.cpython-38-x86_64-linux-gnu.so[0m
[10.111s] [ 94%] [32m[1mLinking C shared library rosidl_generator_py/turtlesim/turtlesim_s__rosidl_typesupport_c.cpython-38-x86_64-linux-gnu.so[0m
[10.148s] [ 95%] [32m[1mLinking CXX shared library rosidl_generator_py/turtlesim/turtlesim_s__rosidl_typesupport_fastrtps_c.cpython-38-x86_64-linux-gnu.so[0m
[10.171s] [ 95%] Built target turtlesim__rosidl_typesupport_introspection_c__pyext
[10.181s] [ 95%] Built target turtlesim__rosidl_typesupport_c__pyext
[10.267s] [ 95%] Built target turtlesim__rosidl_typesupport_fastrtps_c__pyext
[11.634s] [ 96%] [32m[1mLinking CXX executable turtle_teleop_key[0m
[12.005s] [ 96%] Built target turtle_teleop_key
[12.681s] [ 97%] [32m[1mLinking CXX executable mimic[0m
[13.082s] [ 97%] Built target mimic
[13.096s] [ 98%] [32m[1mLinking CXX executable draw_square[0m
[13.538s] [ 98%] Built target draw_square
[15.706s] [100%] [32m[1mLinking CXX executable turtlesim_node[0m
[17.211s] [100%] Built target turtlesim_node
[17.234s] Invoked command in '/media/karthi/New Volume1/Warrior/Projects/ROS/dev_ws/build/turtlesim' returned '0': CMAKE_PREFIX_PATH=/opt/ros/foxy /usr/bin/cmake --build /media/karthi/New Volume1/Warrior/Projects/ROS/dev_ws/build/turtlesim -- -j12 -l12
[17.375s] Invoking command in '/media/karthi/New Volume1/Warrior/Projects/ROS/dev_ws/build/turtlesim': CMAKE_PREFIX_PATH=/opt/ros/foxy /usr/bin/cmake --install /media/karthi/New Volume1/Warrior/Projects/ROS/dev_ws/build/turtlesim
[17.383s] -- Install configuration: ""
[17.384s] -- Installing: /media/karthi/New Volume1/Warrior/Projects/ROS/dev_ws/install/turtlesim/share/ament_index/resource_index/rosidl_interfaces/turtlesim
[17.386s] -- Installing: /media/karthi/New Volume1/Warrior/Projects/ROS/dev_ws/install/turtlesim/include/turtlesim
[17.386s] -- Installing: /media/karthi/New Volume1/Warrior/Projects/ROS/dev_ws/install/turtlesim/include/turtlesim/action
[17.387s] -- Installing: /media/karthi/New Volume1/Warrior/Projects/ROS/dev_ws/install/turtlesim/include/turtlesim/action/detail
[17.388s] -- Installing: /media/karthi/New Volume1/Warrior/Projects/ROS/dev_ws/install/turtlesim/include/turtlesim/action/detail/rotate_absolute__functions.c
[17.390s] -- Installing: /media/karthi/New Volume1/Warrior/Projects/ROS/dev_ws/install/turtlesim/include/turtlesim/action/detail/rotate_absolute__functions.h
[17.392s] -- Installing: /media/karthi/New Volume1/Warrior/Projects/ROS/dev_ws/install/turtlesim/include/turtlesim/action/detail/rotate_absolute__struct.h
[17.395s] -- Installing: /media/karthi/New Volume1/Warrior/Projects/ROS/dev_ws/install/turtlesim/include/turtlesim/action/detail/rotate_absolute__type_support.h
[17.396s] -- Installing: /media/karthi/New Volume1/Warrior/Projects/ROS/dev_ws/install/turtlesim/include/turtlesim/action/rotate_absolute.h
[17.398s] -- Installing: /media/karthi/New Volume1/Warrior/Projects/ROS/dev_ws/install/turtlesim/include/turtlesim/msg
[17.399s] -- Installing: /media/karthi/New Volume1/Warrior/Projects/ROS/dev_ws/install/turtlesim/include/turtlesim/msg/color.h
[17.401s] -- Installing: /media/karthi/New Volume1/Warrior/Projects/ROS/dev_ws/install/turtlesim/include/turtlesim/msg/detail
[17.402s] -- Installing: /media/karthi/New Volume1/Warrior/Projects/ROS/dev_ws/install/turtlesim/include/turtlesim/msg/detail/color__functions.c
[17.404s] -- Installing: /media/karthi/New Volume1/Warrior/Projects/ROS/dev_ws/install/turtlesim/include/turtlesim/msg/detail/color__functions.h
[17.406s] -- Installing: /media/karthi/New Volume1/Warrior/Projects/ROS/dev_ws/install/turtlesim/include/turtlesim/msg/detail/color__struct.h
[17.407s] -- Installing: /media/karthi/New Volume1/Warrior/Projects/ROS/dev_ws/install/turtlesim/include/turtlesim/msg/detail/color__type_support.h
[17.409s] -- Installing: /media/karthi/New Volume1/Warrior/Projects/ROS/dev_ws/install/turtlesim/include/turtlesim/msg/detail/pose__functions.c
[17.412s] -- Installing: /media/karthi/New Volume1/Warrior/Projects/ROS/dev_ws/install/turtlesim/include/turtlesim/msg/detail/pose__functions.h
[17.413s] -- Installing: /media/karthi/New Volume1/Warrior/Projects/ROS/dev_ws/install/turtlesim/include/turtlesim/msg/detail/pose__struct.h
[17.415s] -- Installing: /media/karthi/New Volume1/Warrior/Projects/ROS/dev_ws/install/turtlesim/include/turtlesim/msg/detail/pose__type_support.h
[17.417s] -- Installing: /media/karthi/New Volume1/Warrior/Projects/ROS/dev_ws/install/turtlesim/include/turtlesim/msg/pose.h
[17.419s] -- Installing: /media/karthi/New Volume1/Warrior/Projects/ROS/dev_ws/install/turtlesim/include/turtlesim/msg/rosidl_generator_c__visibility_control.h
[17.421s] -- Installing: /media/karthi/New Volume1/Warrior/Projects/ROS/dev_ws/install/turtlesim/include/turtlesim/srv
[17.422s] -- Installing: /media/karthi/New Volume1/Warrior/Projects/ROS/dev_ws/install/turtlesim/include/turtlesim/srv/detail
[17.423s] -- Installing: /media/karthi/New Volume1/Warrior/Projects/ROS/dev_ws/install/turtlesim/include/turtlesim/srv/detail/kill__functions.c
[17.425s] -- Installing: /media/karthi/New Volume1/Warrior/Projects/ROS/dev_ws/install/turtlesim/include/turtlesim/srv/detail/kill__functions.h
[17.427s] -- Installing: /media/karthi/New Volume1/Warrior/Projects/ROS/dev_ws/install/turtlesim/include/turtlesim/srv/detail/kill__struct.h
[17.429s] -- Installing: /media/karthi/New Volume1/Warrior/Projects/ROS/dev_ws/install/turtlesim/include/turtlesim/srv/detail/kill__type_support.h
[17.431s] -- Installing: /media/karthi/New Volume1/Warrior/Projects/ROS/dev_ws/install/turtlesim/include/turtlesim/srv/detail/set_pen__functions.c
[17.432s] -- Installing: /media/karthi/New Volume1/Warrior/Projects/ROS/dev_ws/install/turtlesim/include/turtlesim/srv/detail/set_pen__functions.h
[17.434s] -- Installing: /media/karthi/New Volume1/Warrior/Projects/ROS/dev_ws/install/turtlesim/include/turtlesim/srv/detail/set_pen__struct.h
[17.436s] -- Installing: /media/karthi/New Volume1/Warrior/Projects/ROS/dev_ws/install/turtlesim/include/turtlesim/srv/detail/set_pen__type_support.h
[17.438s] -- Installing: /media/karthi/New Volume1/Warrior/Projects/ROS/dev_ws/install/turtlesim/include/turtlesim/srv/detail/spawn__functions.c
[17.440s] -- Installing: /media/karthi/New Volume1/Warrior/Projects/ROS/dev_ws/install/turtlesim/include/turtlesim/srv/detail/spawn__functions.h
[17.442s] -- Installing: /media/karthi/New Volume1/Warrior/Projects/ROS/dev_ws/install/turtlesim/include/turtlesim/srv/detail/spawn__struct.h
[17.444s] -- Installing: /media/karthi/New Volume1/Warrior/Projects/ROS/dev_ws/install/turtlesim/include/turtlesim/srv/detail/spawn__type_support.h
[17.446s] -- Installing: /media/karthi/New Volume1/Warrior/Projects/ROS/dev_ws/install/turtlesim/include/turtlesim/srv/detail/teleport_absolute__functions.c
[17.448s] -- Installing: /media/karthi/New Volume1/Warrior/Projects/ROS/dev_ws/install/turtlesim/include/turtlesim/srv/detail/teleport_absolute__functions.h
[17.450s] -- Installing: /media/karthi/New Volume1/Warrior/Projects/ROS/dev_ws/install/turtlesim/include/turtlesim/srv/detail/teleport_absolute__struct.h
[17.452s] -- Installing: /media/karthi/New Volume1/Warrior/Projects/ROS/dev_ws/install/turtlesim/include/turtlesim/srv/detail/teleport_absolute__type_support.h
[17.454s] -- Installing: /media/karthi/New Volume1/Warrior/Projects/ROS/dev_ws/install/turtlesim/include/turtlesim/srv/detail/teleport_relative__functions.c
[17.456s] -- Installing: /media/karthi/New Volume1/Warrior/Projects/ROS/dev_ws/install/turtlesim/include/turtlesim/srv/detail/teleport_relative__functions.h
[17.458s] -- Installing: /media/karthi/New Volume1/Warrior/Projects/ROS/dev_ws/install/turtlesim/include/turtlesim/srv/detail/teleport_relative__struct.h
[17.460s] -- Installing: /media/karthi/New Volume1/Warrior/Projects/ROS/dev_ws/install/turtlesim/include/turtlesim/srv/detail/teleport_relative__type_support.h
[17.462s] -- Installing: /media/karthi/New Volume1/Warrior/Projects/ROS/dev_ws/install/turtlesim/include/turtlesim/srv/kill.h
[17.464s] -- Installing: /media/karthi/New Volume1/Warrior/Projects/ROS/dev_ws/install/turtlesim/include/turtlesim/srv/set_pen.h
[17.466s] -- Installing: /media/karthi/New Volume1/Warrior/Projects/ROS/dev_ws/install/turtlesim/include/turtlesim/srv/spawn.h
[17.467s] -- Installing: /media/karthi/New Volume1/Warrior/Projects/ROS/dev_ws/install/turtlesim/include/turtlesim/srv/teleport_absolute.h
[17.469s] -- Installing: /media/karthi/New Volume1/Warrior/Projects/ROS/dev_ws/install/turtlesim/include/turtlesim/srv/teleport_relative.h
[17.471s] -- Installing: /media/karthi/New Volume1/Warrior/Projects/ROS/dev_ws/install/turtlesim/share/turtlesim/environment/library_path.sh
[17.473s] -- Installing: /media/karthi/New Volume1/Warrior/Projects/ROS/dev_ws/install/turtlesim/share/turtlesim/environment/library_path.dsv
[17.475s] -- Installing: /media/karthi/New Volume1/Warrior/Projects/ROS/dev_ws/install/turtlesim/lib/libturtlesim__rosidl_generator_c.so
[17.477s] -- Set runtime path of "/media/karthi/New Volume1/Warrior/Projects/ROS/dev_ws/install/turtlesim/lib/libturtlesim__rosidl_generator_c.so" to ""
[17.478s] -- Up-to-date: /media/karthi/New Volume1/Warrior/Projects/ROS/dev_ws/install/turtlesim/include/turtlesim
[17.478s] -- Up-to-date: /media/karthi/New Volume1/Warrior/Projects/ROS/dev_ws/install/turtlesim/include/turtlesim/action
[17.479s] -- Up-to-date: /media/karthi/New Volume1/Warrior/Projects/ROS/dev_ws/install/turtlesim/include/turtlesim/action/detail
[17.480s] -- Installing: /media/karthi/New Volume1/Warrior/Projects/ROS/dev_ws/install/turtlesim/include/turtlesim/action/detail/rotate_absolute__rosidl_typesupport_fastrtps_c.h
[17.482s] -- Up-to-date: /media/karthi/New Volume1/Warrior/Projects/ROS/dev_ws/install/turtlesim/include/turtlesim/msg
[17.482s] -- Up-to-date: /media/karthi/New Volume1/Warrior/Projects/ROS/dev_ws/install/turtlesim/include/turtlesim/msg/detail
[17.483s] -- Installing: /media/karthi/New Volume1/Warrior/Projects/ROS/dev_ws/install/turtlesim/include/turtlesim/msg/detail/color__rosidl_typesupport_fastrtps_c.h
[17.485s] -- Installing: /media/karthi/New Volume1/Warrior/Projects/ROS/dev_ws/install/turtlesim/include/turtlesim/msg/detail/pose__rosidl_typesupport_fastrtps_c.h
[17.489s] -- Installing: /media/karthi/New Volume1/Warrior/Projects/ROS/dev_ws/install/turtlesim/include/turtlesim/msg/rosidl_typesupport_fastrtps_c__visibility_control.h
[17.490s] -- Up-to-date: /media/karthi/New Volume1/Warrior/Projects/ROS/dev_ws/install/turtlesim/include/turtlesim/srv
[17.491s] -- Up-to-date: /media/karthi/New Volume1/Warrior/Projects/ROS/dev_ws/install/turtlesim/include/turtlesim/srv/detail
[17.492s] -- Installing: /media/karthi/New Volume1/Warrior/Projects/ROS/dev_ws/install/turtlesim/include/turtlesim/srv/detail/kill__rosidl_typesupport_fastrtps_c.h
[17.494s] -- Installing: /media/karthi/New Volume1/Warrior/Projects/ROS/dev_ws/install/turtlesim/include/turtlesim/srv/detail/set_pen__rosidl_typesupport_fastrtps_c.h
[17.496s] -- Installing: /media/karthi/New Volume1/Warrior/Projects/ROS/dev_ws/install/turtlesim/include/turtlesim/srv/detail/spawn__rosidl_typesupport_fastrtps_c.h
[17.498s] -- Installing: /media/karthi/New Volume1/Warrior/Projects/ROS/dev_ws/install/turtlesim/include/turtlesim/srv/detail/teleport_absolute__rosidl_typesupport_fastrtps_c.h
[17.500s] -- Installing: /media/karthi/New Volume1/Warrior/Projects/ROS/dev_ws/install/turtlesim/include/turtlesim/srv/detail/teleport_relative__rosidl_typesupport_fastrtps_c.h
[17.502s] -- Installing: /media/karthi/New Volume1/Warrior/Projects/ROS/dev_ws/install/turtlesim/lib/libturtlesim__rosidl_typesupport_fastrtps_c.so
[17.505s] -- Set runtime path of "/media/karthi/New Volume1/Warrior/Projects/ROS/dev_ws/install/turtlesim/lib/libturtlesim__rosidl_typesupport_fastrtps_c.so" to ""
[17.506s] -- Up-to-date: /media/karthi/New Volume1/Warrior/Projects/ROS/dev_ws/install/turtlesim/include/turtlesim
[17.506s] -- Up-to-date: /media/karthi/New Volume1/Warrior/Projects/ROS/dev_ws/install/turtlesim/include/turtlesim/action
[17.507s] -- Up-to-date: /media/karthi/New Volume1/Warrior/Projects/ROS/dev_ws/install/turtlesim/include/turtlesim/action/detail
[17.507s] -- Installing: /media/karthi/New Volume1/Warrior/Projects/ROS/dev_ws/install/turtlesim/include/turtlesim/action/detail/dds_fastrtps
[17.509s] -- Installing: /media/karthi/New Volume1/Warrior/Projects/ROS/dev_ws/install/turtlesim/include/turtlesim/action/detail/rotate_absolute__rosidl_typesupport_fastrtps_cpp.hpp
[17.511s] -- Up-to-date: /media/karthi/New Volume1/Warrior/Projects/ROS/dev_ws/install/turtlesim/include/turtlesim/msg
[17.511s] -- Up-to-date: /media/karthi/New Volume1/Warrior/Projects/ROS/dev_ws/install/turtlesim/include/turtlesim/msg/detail
[17.512s] -- Installing: /media/karthi/New Volume1/Warrior/Projects/ROS/dev_ws/install/turtlesim/include/turtlesim/msg/detail/color__rosidl_typesupport_fastrtps_cpp.hpp
[17.514s] -- Installing: /media/karthi/New Volume1/Warrior/Projects/ROS/dev_ws/install/turtlesim/include/turtlesim/msg/detail/dds_fastrtps
[17.515s] -- Installing: /media/karthi/New Volume1/Warrior/Projects/ROS/dev_ws/install/turtlesim/include/turtlesim/msg/detail/pose__rosidl_typesupport_fastrtps_cpp.hpp
[17.517s] -- Installing: /media/karthi/New Volume1/Warrior/Projects/ROS/dev_ws/install/turtlesim/include/turtlesim/msg/rosidl_typesupport_fastrtps_cpp__visibility_control.h
[17.519s] -- Up-to-date: /media/karthi/New Volume1/Warrior/Projects/ROS/dev_ws/install/turtlesim/include/turtlesim/srv
[17.520s] -- Up-to-date: /media/karthi/New Volume1/Warrior/Projects/ROS/dev_ws/install/turtlesim/include/turtlesim/srv/detail
[17.520s] -- Installing: /media/karthi/New Volume1/Warrior/Projects/ROS/dev_ws/install/turtlesim/include/turtlesim/srv/detail/dds_fastrtps
[17.521s] -- Installing: /media/karthi/New Volume1/Warrior/Projects/ROS/dev_ws/install/turtlesim/include/turtlesim/srv/detail/kill__rosidl_typesupport_fastrtps_cpp.hpp
[17.523s] -- Installing: /media/karthi/New Volume1/Warrior/Projects/ROS/dev_ws/install/turtlesim/include/turtlesim/srv/detail/set_pen__rosidl_typesupport_fastrtps_cpp.hpp
[17.525s] -- Installing: /media/karthi/New Volume1/Warrior/Projects/ROS/dev_ws/install/turtlesim/include/turtlesim/srv/detail/spawn__rosidl_typesupport_fastrtps_cpp.hpp
[17.527s] -- Installing: /media/karthi/New Volume1/Warrior/Projects/ROS/dev_ws/install/turtlesim/include/turtlesim/srv/detail/teleport_absolute__rosidl_typesupport_fastrtps_cpp.hpp
[17.529s] -- Installing: /media/karthi/New Volume1/Warrior/Projects/ROS/dev_ws/install/turtlesim/include/turtlesim/srv/detail/teleport_relative__rosidl_typesupport_fastrtps_cpp.hpp
[17.531s] -- Installing: /media/karthi/New Volume1/Warrior/Projects/ROS/dev_ws/install/turtlesim/lib/libturtlesim__rosidl_typesupport_fastrtps_cpp.so
[17.534s] -- Set runtime path of "/media/karthi/New Volume1/Warrior/Projects/ROS/dev_ws/install/turtlesim/lib/libturtlesim__rosidl_typesupport_fastrtps_cpp.so" to ""
[17.535s] -- Up-to-date: /media/karthi/New Volume1/Warrior/Projects/ROS/dev_ws/install/turtlesim/include/turtlesim
[17.535s] -- Up-to-date: /media/karthi/New Volume1/Warrior/Projects/ROS/dev_ws/install/turtlesim/include/turtlesim/action
[17.536s] -- Up-to-date: /media/karthi/New Volume1/Warrior/Projects/ROS/dev_ws/install/turtlesim/include/turtlesim/action/detail
[17.537s] -- Installing: /media/karthi/New Volume1/Warrior/Projects/ROS/dev_ws/install/turtlesim/include/turtlesim/action/detail/rotate_absolute__rosidl_typesupport_introspection_c.h
[17.539s] -- Installing: /media/karthi/New Volume1/Warrior/Projects/ROS/dev_ws/install/turtlesim/include/turtlesim/action/detail/rotate_absolute__type_support.c
[17.541s] -- Up-to-date: /media/karthi/New Volume1/Warrior/Projects/ROS/dev_ws/install/turtlesim/include/turtlesim/msg
[17.541s] -- Up-to-date: /media/karthi/New Volume1/Warrior/Projects/ROS/dev_ws/install/turtlesim/include/turtlesim/msg/detail
[17.542s] -- Installing: /media/karthi/New Volume1/Warrior/Projects/ROS/dev_ws/install/turtlesim/include/turtlesim/msg/detail/color__rosidl_typesupport_introspection_c.h
[17.544s] -- Installing: /media/karthi/New Volume1/Warrior/Projects/ROS/dev_ws/install/turtlesim/include/turtlesim/msg/detail/color__type_support.c
[17.546s] -- Installing: /media/karthi/New Volume1/Warrior/Projects/ROS/dev_ws/install/turtlesim/include/turtlesim/msg/detail/pose__rosidl_typesupport_introspection_c.h
[17.548s] -- Installing: /media/karthi/New Volume1/Warrior/Projects/ROS/dev_ws/install/turtlesim/include/turtlesim/msg/detail/pose__type_support.c
[17.550s] -- Installing: /media/karthi/New Volume1/Warrior/Projects/ROS/dev_ws/install/turtlesim/include/turtlesim/msg/rosidl_typesupport_introspection_c__visibility_control.h
[17.552s] -- Up-to-date: /media/karthi/New Volume1/Warrior/Projects/ROS/dev_ws/install/turtlesim/include/turtlesim/srv
[17.552s] -- Up-to-date: /media/karthi/New Volume1/Warrior/Projects/ROS/dev_ws/install/turtlesim/include/turtlesim/srv/detail
[17.553s] -- Installing: /media/karthi/New Volume1/Warrior/Projects/ROS/dev_ws/install/turtlesim/include/turtlesim/srv/detail/kill__rosidl_typesupport_introspection_c.h
[17.555s] -- Installing: /media/karthi/New Volume1/Warrior/Projects/ROS/dev_ws/install/turtlesim/include/turtlesim/srv/detail/kill__type_support.c
[17.557s] -- Installing: /media/karthi/New Volume1/Warrior/Projects/ROS/dev_ws/install/turtlesim/include/turtlesim/srv/detail/set_pen__rosidl_typesupport_introspection_c.h
[17.559s] -- Installing: /media/karthi/New Volume1/Warrior/Projects/ROS/dev_ws/install/turtlesim/include/turtlesim/srv/detail/set_pen__type_support.c
[17.561s] -- Installing: /media/karthi/New Volume1/Warrior/Projects/ROS/dev_ws/install/turtlesim/include/turtlesim/srv/detail/spawn__rosidl_typesupport_introspection_c.h
[17.563s] -- Installing: /media/karthi/New Volume1/Warrior/Projects/ROS/dev_ws/install/turtlesim/include/turtlesim/srv/detail/spawn__type_support.c
[17.565s] -- Installing: /media/karthi/New Volume1/Warrior/Projects/ROS/dev_ws/install/turtlesim/include/turtlesim/srv/detail/teleport_absolute__rosidl_typesupport_introspection_c.h
[17.567s] -- Installing: /media/karthi/New Volume1/Warrior/Projects/ROS/dev_ws/install/turtlesim/include/turtlesim/srv/detail/teleport_absolute__type_support.c
[17.569s] -- Installing: /media/karthi/New Volume1/Warrior/Projects/ROS/dev_ws/install/turtlesim/include/turtlesim/srv/detail/teleport_relative__rosidl_typesupport_introspection_c.h
[17.571s] -- Installing: /media/karthi/New Volume1/Warrior/Projects/ROS/dev_ws/install/turtlesim/include/turtlesim/srv/detail/teleport_relative__type_support.c
[17.574s] -- Installing: /media/karthi/New Volume1/Warrior/Projects/ROS/dev_ws/install/turtlesim/lib/libturtlesim__rosidl_typesupport_introspection_c.so
[17.576s] -- Set runtime path of "/media/karthi/New Volume1/Warrior/Projects/ROS/dev_ws/install/turtlesim/lib/libturtlesim__rosidl_typesupport_introspection_c.so" to ""
[17.577s] -- Installing: /media/karthi/New Volume1/Warrior/Projects/ROS/dev_ws/install/turtlesim/lib/libturtlesim__rosidl_typesupport_c.so
[17.579s] -- Set runtime path of "/media/karthi/New Volume1/Warrior/Projects/ROS/dev_ws/install/turtlesim/lib/libturtlesim__rosidl_typesupport_c.so" to ""
[17.580s] -- Up-to-date: /media/karthi/New Volume1/Warrior/Projects/ROS/dev_ws/install/turtlesim/include/turtlesim
[17.580s] -- Up-to-date: /media/karthi/New Volume1/Warrior/Projects/ROS/dev_ws/install/turtlesim/include/turtlesim/action
[17.581s] -- Up-to-date: /media/karthi/New Volume1/Warrior/Projects/ROS/dev_ws/install/turtlesim/include/turtlesim/action/detail
[17.581s] -- Installing: /media/karthi/New Volume1/Warrior/Projects/ROS/dev_ws/install/turtlesim/include/turtlesim/action/detail/rotate_absolute__builder.hpp
[17.584s] -- Installing: /media/karthi/New Volume1/Warrior/Projects/ROS/dev_ws/install/turtlesim/include/turtlesim/action/detail/rotate_absolute__struct.hpp
[17.586s] -- Installing: /media/karthi/New Volume1/Warrior/Projects/ROS/dev_ws/install/turtlesim/include/turtlesim/action/detail/rotate_absolute__traits.hpp
[17.588s] -- Installing: /media/karthi/New Volume1/Warrior/Projects/ROS/dev_ws/install/turtlesim/include/turtlesim/action/rotate_absolute.hpp
[17.589s] -- Up-to-date: /media/karthi/New Volume1/Warrior/Projects/ROS/dev_ws/install/turtlesim/include/turtlesim/msg
[17.590s] -- Installing: /media/karthi/New Volume1/Warrior/Projects/ROS/dev_ws/install/turtlesim/include/turtlesim/msg/color.hpp
[17.592s] -- Up-to-date: /media/karthi/New Volume1/Warrior/Projects/ROS/dev_ws/install/turtlesim/include/turtlesim/msg/detail
[17.592s] -- Installing: /media/karthi/New Volume1/Warrior/Projects/ROS/dev_ws/install/turtlesim/include/turtlesim/msg/detail/color__builder.hpp
[17.594s] -- Installing: /media/karthi/New Volume1/Warrior/Projects/ROS/dev_ws/install/turtlesim/include/turtlesim/msg/detail/color__struct.hpp
[17.596s] -- Installing: /media/karthi/New Volume1/Warrior/Projects/ROS/dev_ws/install/turtlesim/include/turtlesim/msg/detail/color__traits.hpp
[17.598s] -- Installing: /media/karthi/New Volume1/Warrior/Projects/ROS/dev_ws/install/turtlesim/include/turtlesim/msg/detail/pose__builder.hpp
[17.600s] -- Installing: /media/karthi/New Volume1/Warrior/Projects/ROS/dev_ws/install/turtlesim/include/turtlesim/msg/detail/pose__struct.hpp
[17.602s] -- Installing: /media/karthi/New Volume1/Warrior/Projects/ROS/dev_ws/install/turtlesim/include/turtlesim/msg/detail/pose__traits.hpp
[17.604s] -- Installing: /media/karthi/New Volume1/Warrior/Projects/ROS/dev_ws/install/turtlesim/include/turtlesim/msg/pose.hpp
[17.605s] -- Up-to-date: /media/karthi/New Volume1/Warrior/Projects/ROS/dev_ws/install/turtlesim/include/turtlesim/srv
[17.606s] -- Up-to-date: /media/karthi/New Volume1/Warrior/Projects/ROS/dev_ws/install/turtlesim/include/turtlesim/srv/detail
[17.607s] -- Installing: /media/karthi/New Volume1/Warrior/Projects/ROS/dev_ws/install/turtlesim/include/turtlesim/srv/detail/kill__builder.hpp
[17.609s] -- Installing: /media/karthi/New Volume1/Warrior/Projects/ROS/dev_ws/install/turtlesim/include/turtlesim/srv/detail/kill__struct.hpp
[17.611s] -- Installing: /media/karthi/New Volume1/Warrior/Projects/ROS/dev_ws/install/turtlesim/include/turtlesim/srv/detail/kill__traits.hpp
[17.613s] -- Installing: /media/karthi/New Volume1/Warrior/Projects/ROS/dev_ws/install/turtlesim/include/turtlesim/srv/detail/set_pen__builder.hpp
[17.614s] -- Installing: /media/karthi/New Volume1/Warrior/Projects/ROS/dev_ws/install/turtlesim/include/turtlesim/srv/detail/set_pen__struct.hpp
[17.616s] -- Installing: /media/karthi/New Volume1/Warrior/Projects/ROS/dev_ws/install/turtlesim/include/turtlesim/srv/detail/set_pen__traits.hpp
[17.618s] -- Installing: /media/karthi/New Volume1/Warrior/Projects/ROS/dev_ws/install/turtlesim/include/turtlesim/srv/detail/spawn__builder.hpp
[17.620s] -- Installing: /media/karthi/New Volume1/Warrior/Projects/ROS/dev_ws/install/turtlesim/include/turtlesim/srv/detail/spawn__struct.hpp
[17.622s] -- Installing: /media/karthi/New Volume1/Warrior/Projects/ROS/dev_ws/install/turtlesim/include/turtlesim/srv/detail/spawn__traits.hpp
[17.624s] -- Installing: /media/karthi/New Volume1/Warrior/Projects/ROS/dev_ws/install/turtlesim/include/turtlesim/srv/detail/teleport_absolute__builder.hpp
[17.626s] -- Installing: /media/karthi/New Volume1/Warrior/Projects/ROS/dev_ws/install/turtlesim/include/turtlesim/srv/detail/teleport_absolute__struct.hpp
[17.628s] -- Installing: /media/karthi/New Volume1/Warrior/Projects/ROS/dev_ws/install/turtlesim/include/turtlesim/srv/detail/teleport_absolute__traits.hpp
[17.630s] -- Installing: /media/karthi/New Volume1/Warrior/Projects/ROS/dev_ws/install/turtlesim/include/turtlesim/srv/detail/teleport_relative__builder.hpp
[17.632s] -- Installing: /media/karthi/New Volume1/Warrior/Projects/ROS/dev_ws/install/turtlesim/include/turtlesim/srv/detail/teleport_relative__struct.hpp
[17.634s] -- Installing: /media/karthi/New Volume1/Warrior/Projects/ROS/dev_ws/install/turtlesim/include/turtlesim/srv/detail/teleport_relative__traits.hpp
[17.636s] -- Installing: /media/karthi/New Volume1/Warrior/Projects/ROS/dev_ws/install/turtlesim/include/turtlesim/srv/kill.hpp
[17.637s] -- Installing: /media/karthi/New Volume1/Warrior/Projects/ROS/dev_ws/install/turtlesim/include/turtlesim/srv/set_pen.hpp
[17.639s] -- Installing: /media/karthi/New Volume1/Warrior/Projects/ROS/dev_ws/install/turtlesim/include/turtlesim/srv/spawn.hpp
[17.641s] -- Installing: /media/karthi/New Volume1/Warrior/Projects/ROS/dev_ws/install/turtlesim/include/turtlesim/srv/teleport_absolute.hpp
[17.643s] -- Installing: /media/karthi/New Volume1/Warrior/Projects/ROS/dev_ws/install/turtlesim/include/turtlesim/srv/teleport_relative.hpp
[17.644s] -- Up-to-date: /media/karthi/New Volume1/Warrior/Projects/ROS/dev_ws/install/turtlesim/include/turtlesim
[17.645s] -- Up-to-date: /media/karthi/New Volume1/Warrior/Projects/ROS/dev_ws/install/turtlesim/include/turtlesim/action
[17.646s] -- Up-to-date: /media/karthi/New Volume1/Warrior/Projects/ROS/dev_ws/install/turtlesim/include/turtlesim/action/detail
[17.646s] -- Installing: /media/karthi/New Volume1/Warrior/Projects/ROS/dev_ws/install/turtlesim/include/turtlesim/action/detail/rotate_absolute__rosidl_typesupport_introspection_cpp.hpp
[17.648s] -- Installing: /media/karthi/New Volume1/Warrior/Projects/ROS/dev_ws/install/turtlesim/include/turtlesim/action/detail/rotate_absolute__type_support.cpp
[17.650s] -- Up-to-date: /media/karthi/New Volume1/Warrior/Projects/ROS/dev_ws/install/turtlesim/include/turtlesim/msg
[17.651s] -- Up-to-date: /media/karthi/New Volume1/Warrior/Projects/ROS/dev_ws/install/turtlesim/include/turtlesim/msg/detail
[17.652s] -- Installing: /media/karthi/New Volume1/Warrior/Projects/ROS/dev_ws/install/turtlesim/include/turtlesim/msg/detail/color__rosidl_typesupport_introspection_cpp.hpp
[17.654s] -- Installing: /media/karthi/New Volume1/Warrior/Projects/ROS/dev_ws/install/turtlesim/include/turtlesim/msg/detail/color__type_support.cpp
[17.656s] -- Installing: /media/karthi/New Volume1/Warrior/Projects/ROS/dev_ws/install/turtlesim/include/turtlesim/msg/detail/pose__rosidl_typesupport_introspection_cpp.hpp
[17.658s] -- Installing: /media/karthi/New Volume1/Warrior/Projects/ROS/dev_ws/install/turtlesim/include/turtlesim/msg/detail/pose__type_support.cpp
[17.660s] -- Up-to-date: /media/karthi/New Volume1/Warrior/Projects/ROS/dev_ws/install/turtlesim/include/turtlesim/srv
[17.660s] -- Up-to-date: /media/karthi/New Volume1/Warrior/Projects/ROS/dev_ws/install/turtlesim/include/turtlesim/srv/detail
[17.661s] -- Installing: /media/karthi/New Volume1/Warrior/Projects/ROS/dev_ws/install/turtlesim/include/turtlesim/srv/detail/kill__rosidl_typesupport_introspection_cpp.hpp
[17.663s] -- Installing: /media/karthi/New Volume1/Warrior/Projects/ROS/dev_ws/install/turtlesim/include/turtlesim/srv/detail/kill__type_support.cpp
[17.665s] -- Installing: /media/karthi/New Volume1/Warrior/Projects/ROS/dev_ws/install/turtlesim/include/turtlesim/srv/detail/set_pen__rosidl_typesupport_introspection_cpp.hpp
[17.667s] -- Installing: /media/karthi/New Volume1/Warrior/Projects/ROS/dev_ws/install/turtlesim/include/turtlesim/srv/detail/set_pen__type_support.cpp
[17.669s] -- Installing: /media/karthi/New Volume1/Warrior/Projects/ROS/dev_ws/install/turtlesim/include/turtlesim/srv/detail/spawn__rosidl_typesupport_introspection_cpp.hpp
[17.671s] -- Installing: /media/karthi/New Volume1/Warrior/Projects/ROS/dev_ws/install/turtlesim/include/turtlesim/srv/detail/spawn__type_support.cpp
[17.673s] -- Installing: /media/karthi/New Volume1/Warrior/Projects/ROS/dev_ws/install/turtlesim/include/turtlesim/srv/detail/teleport_absolute__rosidl_typesupport_introspection_cpp.hpp
[17.675s] -- Installing: /media/karthi/New Volume1/Warrior/Projects/ROS/dev_ws/install/turtlesim/include/turtlesim/srv/detail/teleport_absolute__type_support.cpp
[17.677s] -- Installing: /media/karthi/New Volume1/Warrior/Projects/ROS/dev_ws/install/turtlesim/include/turtlesim/srv/detail/teleport_relative__rosidl_typesupport_introspection_cpp.hpp
[17.679s] -- Installing: /media/karthi/New Volume1/Warrior/Projects/ROS/dev_ws/install/turtlesim/include/turtlesim/srv/detail/teleport_relative__type_support.cpp
[17.682s] -- Installing: /media/karthi/New Volume1/Warrior/Projects/ROS/dev_ws/install/turtlesim/lib/libturtlesim__rosidl_typesupport_introspection_cpp.so
[17.685s] -- Set runtime path of "/media/karthi/New Volume1/Warrior/Projects/ROS/dev_ws/install/turtlesim/lib/libturtlesim__rosidl_typesupport_introspection_cpp.so" to ""
[17.685s] -- Installing: /media/karthi/New Volume1/Warrior/Projects/ROS/dev_ws/install/turtlesim/lib/libturtlesim__rosidl_typesupport_cpp.so
[17.688s] -- Set runtime path of "/media/karthi/New Volume1/Warrior/Projects/ROS/dev_ws/install/turtlesim/lib/libturtlesim__rosidl_typesupport_cpp.so" to ""
[17.688s] -- Installing: /media/karthi/New Volume1/Warrior/Projects/ROS/dev_ws/install/turtlesim/share/turtlesim/environment/pythonpath.sh
[17.690s] -- Installing: /media/karthi/New Volume1/Warrior/Projects/ROS/dev_ws/install/turtlesim/share/turtlesim/environment/pythonpath.dsv
[17.692s] -- Installing: /media/karthi/New Volume1/Warrior/Projects/ROS/dev_ws/install/turtlesim/lib/python3.8/site-packages/turtlesim/__init__.py
[17.722s] Compiling '/media/karthi/New Volume1/Warrior/Projects/ROS/dev_ws/install/turtlesim/lib/python3.8/site-packages/turtlesim/__init__.py'...
[17.725s] -- Installing: /media/karthi/New Volume1/Warrior/Projects/ROS/dev_ws/install/turtlesim/lib/python3.8/site-packages/turtlesim/action
[17.726s] -- Installing: /media/karthi/New Volume1/Warrior/Projects/ROS/dev_ws/install/turtlesim/lib/python3.8/site-packages/turtlesim/action/_rotate_absolute.py
[17.729s] -- Installing: /media/karthi/New Volume1/Warrior/Projects/ROS/dev_ws/install/turtlesim/lib/python3.8/site-packages/turtlesim/action/_rotate_absolute_s.c
[17.731s] -- Installing: /media/karthi/New Volume1/Warrior/Projects/ROS/dev_ws/install/turtlesim/lib/python3.8/site-packages/turtlesim/action/__init__.py
[17.733s] -- Installing: /media/karthi/New Volume1/Warrior/Projects/ROS/dev_ws/install/turtlesim/lib/python3.8/site-packages/turtlesim/msg
[17.734s] -- Installing: /media/karthi/New Volume1/Warrior/Projects/ROS/dev_ws/install/turtlesim/lib/python3.8/site-packages/turtlesim/msg/_color.py
[17.736s] -- Installing: /media/karthi/New Volume1/Warrior/Projects/ROS/dev_ws/install/turtlesim/lib/python3.8/site-packages/turtlesim/msg/_color_s.c
[17.738s] -- Installing: /media/karthi/New Volume1/Warrior/Projects/ROS/dev_ws/install/turtlesim/lib/python3.8/site-packages/turtlesim/msg/_pose.py
[17.740s] -- Installing: /media/karthi/New Volume1/Warrior/Projects/ROS/dev_ws/install/turtlesim/lib/python3.8/site-packages/turtlesim/msg/_pose_s.c
[17.743s] -- Installing: /media/karthi/New Volume1/Warrior/Projects/ROS/dev_ws/install/turtlesim/lib/python3.8/site-packages/turtlesim/msg/__init__.py
[17.745s] -- Installing: /media/karthi/New Volume1/Warrior/Projects/ROS/dev_ws/install/turtlesim/lib/python3.8/site-packages/turtlesim/srv
[17.746s] -- Installing: /media/karthi/New Volume1/Warrior/Projects/ROS/dev_ws/install/turtlesim/lib/python3.8/site-packages/turtlesim/srv/_kill.py
[17.748s] -- Installing: /media/karthi/New Volume1/Warrior/Projects/ROS/dev_ws/install/turtlesim/lib/python3.8/site-packages/turtlesim/srv/_kill_s.c
[17.750s] -- Installing: /media/karthi/New Volume1/Warrior/Projects/ROS/dev_ws/install/turtlesim/lib/python3.8/site-packages/turtlesim/srv/_set_pen.py
[17.752s] -- Installing: /media/karthi/New Volume1/Warrior/Projects/ROS/dev_ws/install/turtlesim/lib/python3.8/site-packages/turtlesim/srv/_set_pen_s.c
[17.754s] -- Installing: /media/karthi/New Volume1/Warrior/Projects/ROS/dev_ws/install/turtlesim/lib/python3.8/site-packages/turtlesim/srv/_spawn.py
[17.756s] -- Installing: /media/karthi/New Volume1/Warrior/Projects/ROS/dev_ws/install/turtlesim/lib/python3.8/site-packages/turtlesim/srv/_spawn_s.c
[17.759s] -- Installing: /media/karthi/New Volume1/Warrior/Projects/ROS/dev_ws/install/turtlesim/lib/python3.8/site-packages/turtlesim/srv/_teleport_absolute.py
[17.761s] -- Installing: /media/karthi/New Volume1/Warrior/Projects/ROS/dev_ws/install/turtlesim/lib/python3.8/site-packages/turtlesim/srv/_teleport_absolute_s.c
[17.763s] -- Installing: /media/karthi/New Volume1/Warrior/Projects/ROS/dev_ws/install/turtlesim/lib/python3.8/site-packages/turtlesim/srv/_teleport_relative.py
[17.766s] -- Installing: /media/karthi/New Volume1/Warrior/Projects/ROS/dev_ws/install/turtlesim/lib/python3.8/site-packages/turtlesim/srv/_teleport_relative_s.c
[17.768s] -- Installing: /media/karthi/New Volume1/Warrior/Projects/ROS/dev_ws/install/turtlesim/lib/python3.8/site-packages/turtlesim/srv/__init__.py
[17.770s] -- Installing: /media/karthi/New Volume1/Warrior/Projects/ROS/dev_ws/install/turtlesim/lib/python3.8/site-packages/turtlesim/turtlesim_s__rosidl_typesupport_fastrtps_c.cpython-38-x86_64-linux-gnu.so
[17.774s] -- Set runtime path of "/media/karthi/New Volume1/Warrior/Projects/ROS/dev_ws/install/turtlesim/lib/python3.8/site-packages/turtlesim/turtlesim_s__rosidl_typesupport_fastrtps_c.cpython-38-x86_64-linux-gnu.so" to ""
[17.774s] -- Installing: /media/karthi/New Volume1/Warrior/Projects/ROS/dev_ws/install/turtlesim/lib/python3.8/site-packages/turtlesim/turtlesim_s__rosidl_typesupport_introspection_c.cpython-38-x86_64-linux-gnu.so
[17.777s] -- Set runtime path of "/media/karthi/New Volume1/Warrior/Projects/ROS/dev_ws/install/turtlesim/lib/python3.8/site-packages/turtlesim/turtlesim_s__rosidl_typesupport_introspection_c.cpython-38-x86_64-linux-gnu.so" to ""
[17.778s] -- Installing: /media/karthi/New Volume1/Warrior/Projects/ROS/dev_ws/install/turtlesim/lib/python3.8/site-packages/turtlesim/turtlesim_s__rosidl_typesupport_c.cpython-38-x86_64-linux-gnu.so
[17.781s] -- Set runtime path of "/media/karthi/New Volume1/Warrior/Projects/ROS/dev_ws/install/turtlesim/lib/python3.8/site-packages/turtlesim/turtlesim_s__rosidl_typesupport_c.cpython-38-x86_64-linux-gnu.so" to ""
[17.782s] -- Installing: /media/karthi/New Volume1/Warrior/Projects/ROS/dev_ws/install/turtlesim/lib/libturtlesim__python.so
[17.785s] -- Set runtime path of "/media/karthi/New Volume1/Warrior/Projects/ROS/dev_ws/install/turtlesim/lib/libturtlesim__python.so" to ""
[17.786s] -- Installing: /media/karthi/New Volume1/Warrior/Projects/ROS/dev_ws/install/turtlesim/share/turtlesim/action/RotateAbsolute.idl
[17.788s] -- Installing: /media/karthi/New Volume1/Warrior/Projects/ROS/dev_ws/install/turtlesim/share/turtlesim/msg/Color.idl
[17.790s] -- Installing: /media/karthi/New Volume1/Warrior/Projects/ROS/dev_ws/install/turtlesim/share/turtlesim/msg/Pose.idl
[17.792s] -- Installing: /media/karthi/New Volume1/Warrior/Projects/ROS/dev_ws/install/turtlesim/share/turtlesim/srv/Kill.idl
[17.795s] -- Installing: /media/karthi/New Volume1/Warrior/Projects/ROS/dev_ws/install/turtlesim/share/turtlesim/srv/SetPen.idl
[17.797s] -- Installing: /media/karthi/New Volume1/Warrior/Projects/ROS/dev_ws/install/turtlesim/share/turtlesim/srv/Spawn.idl
[17.799s] -- Installing: /media/karthi/New Volume1/Warrior/Projects/ROS/dev_ws/install/turtlesim/share/turtlesim/srv/TeleportAbsolute.idl
[17.801s] -- Installing: /media/karthi/New Volume1/Warrior/Projects/ROS/dev_ws/install/turtlesim/share/turtlesim/srv/TeleportRelative.idl
[17.803s] -- Installing: /media/karthi/New Volume1/Warrior/Projects/ROS/dev_ws/install/turtlesim/share/turtlesim/action/RotateAbsolute.action
[17.805s] -- Installing: /media/karthi/New Volume1/Warrior/Projects/ROS/dev_ws/install/turtlesim/share/turtlesim/msg/Color.msg
[17.807s] -- Installing: /media/karthi/New Volume1/Warrior/Projects/ROS/dev_ws/install/turtlesim/share/turtlesim/msg/Pose.msg
[17.809s] -- Installing: /media/karthi/New Volume1/Warrior/Projects/ROS/dev_ws/install/turtlesim/share/turtlesim/srv/Kill.srv
[17.811s] -- Installing: /media/karthi/New Volume1/Warrior/Projects/ROS/dev_ws/install/turtlesim/share/turtlesim/srv/Kill_Request.msg
[17.813s] -- Installing: /media/karthi/New Volume1/Warrior/Projects/ROS/dev_ws/install/turtlesim/share/turtlesim/srv/Kill_Response.msg
[17.815s] -- Installing: /media/karthi/New Volume1/Warrior/Projects/ROS/dev_ws/install/turtlesim/share/turtlesim/srv/SetPen.srv
[17.817s] -- Installing: /media/karthi/New Volume1/Warrior/Projects/ROS/dev_ws/install/turtlesim/share/turtlesim/srv/SetPen_Request.msg
[17.819s] -- Installing: /media/karthi/New Volume1/Warrior/Projects/ROS/dev_ws/install/turtlesim/share/turtlesim/srv/SetPen_Response.msg
[17.821s] -- Installing: /media/karthi/New Volume1/Warrior/Projects/ROS/dev_ws/install/turtlesim/share/turtlesim/srv/Spawn.srv
[17.823s] -- Installing: /media/karthi/New Volume1/Warrior/Projects/ROS/dev_ws/install/turtlesim/share/turtlesim/srv/Spawn_Request.msg
[17.825s] -- Installing: /media/karthi/New Volume1/Warrior/Projects/ROS/dev_ws/install/turtlesim/share/turtlesim/srv/Spawn_Response.msg
[17.827s] -- Installing: /media/karthi/New Volume1/Warrior/Projects/ROS/dev_ws/install/turtlesim/share/turtlesim/srv/TeleportAbsolute.srv
[17.829s] -- Installing: /media/karthi/New Volume1/Warrior/Projects/ROS/dev_ws/install/turtlesim/share/turtlesim/srv/TeleportAbsolute_Request.msg
[17.831s] -- Installing: /media/karthi/New Volume1/Warrior/Projects/ROS/dev_ws/install/turtlesim/share/turtlesim/srv/TeleportAbsolute_Response.msg
[17.833s] -- Installing: /media/karthi/New Volume1/Warrior/Projects/ROS/dev_ws/install/turtlesim/share/turtlesim/srv/TeleportRelative.srv
[17.835s] -- Installing: /media/karthi/New Volume1/Warrior/Projects/ROS/dev_ws/install/turtlesim/share/turtlesim/srv/TeleportRelative_Request.msg
[17.837s] -- Installing: /media/karthi/New Volume1/Warrior/Projects/ROS/dev_ws/install/turtlesim/share/turtlesim/srv/TeleportRelative_Response.msg
[17.839s] -- Installing: /media/karthi/New Volume1/Warrior/Projects/ROS/dev_ws/install/turtlesim/lib/turtlesim/turtlesim_node
[17.868s] -- Set runtime path of "/media/karthi/New Volume1/Warrior/Projects/ROS/dev_ws/install/turtlesim/lib/turtlesim/turtlesim_node" to ""
[17.869s] -- Installing: /media/karthi/New Volume1/Warrior/Projects/ROS/dev_ws/install/turtlesim/lib/turtlesim/turtle_teleop_key
[17.880s] -- Set runtime path of "/media/karthi/New Volume1/Warrior/Projects/ROS/dev_ws/install/turtlesim/lib/turtlesim/turtle_teleop_key" to ""
[17.881s] -- Installing: /media/karthi/New Volume1/Warrior/Projects/ROS/dev_ws/install/turtlesim/lib/turtlesim/draw_square
[17.897s] -- Set runtime path of "/media/karthi/New Volume1/Warrior/Projects/ROS/dev_ws/install/turtlesim/lib/turtlesim/draw_square" to ""
[17.898s] -- Installing: /media/karthi/New Volume1/Warrior/Projects/ROS/dev_ws/install/turtlesim/lib/turtlesim/mimic
[17.911s] -- Set runtime path of "/media/karthi/New Volume1/Warrior/Projects/ROS/dev_ws/install/turtlesim/lib/turtlesim/mimic" to ""
[17.912s] -- Installing: /media/karthi/New Volume1/Warrior/Projects/ROS/dev_ws/install/turtlesim/share/turtlesim/images
[17.913s] -- Installing: /media/karthi/New Volume1/Warrior/Projects/ROS/dev_ws/install/turtlesim/share/turtlesim/images/ardent.png
[17.914s] -- Installing: /media/karthi/New Volume1/Warrior/Projects/ROS/dev_ws/install/turtlesim/share/turtlesim/images/bouncy.png
[17.916s] -- Installing: /media/karthi/New Volume1/Warrior/Projects/ROS/dev_ws/install/turtlesim/share/turtlesim/images/crystal.png
[17.918s] -- Installing: /media/karthi/New Volume1/Warrior/Projects/ROS/dev_ws/install/turtlesim/share/turtlesim/images/dashing.png
[17.920s] -- Installing: /media/karthi/New Volume1/Warrior/Projects/ROS/dev_ws/install/turtlesim/share/turtlesim/images/eloquent.png
[17.922s] -- Installing: /media/karthi/New Volume1/Warrior/Projects/ROS/dev_ws/install/turtlesim/share/turtlesim/images/foxy.png
[17.924s] -- Installing: /media/karthi/New Volume1/Warrior/Projects/ROS/dev_ws/install/turtlesim/share/turtlesim/launch
[17.925s] -- Installing: /media/karthi/New Volume1/Warrior/Projects/ROS/dev_ws/install/turtlesim/share/turtlesim/launch/multisim.launch.py
[17.927s] -- Installing: /media/karthi/New Volume1/Warrior/Projects/ROS/dev_ws/install/turtlesim/share/ament_index/resource_index/package_run_dependencies/turtlesim
[17.930s] -- Installing: /media/karthi/New Volume1/Warrior/Projects/ROS/dev_ws/install/turtlesim/share/ament_index/resource_index/parent_prefix_path/turtlesim
[17.931s] -- Installing: /media/karthi/New Volume1/Warrior/Projects/ROS/dev_ws/install/turtlesim/share/turtlesim/environment/ament_prefix_path.sh
[17.933s] -- Installing: /media/karthi/New Volume1/Warrior/Projects/ROS/dev_ws/install/turtlesim/share/turtlesim/environment/ament_prefix_path.dsv
[17.935s] -- Installing: /media/karthi/New Volume1/Warrior/Projects/ROS/dev_ws/install/turtlesim/share/turtlesim/environment/path.sh
[17.936s] -- Installing: /media/karthi/New Volume1/Warrior/Projects/ROS/dev_ws/install/turtlesim/share/turtlesim/environment/path.dsv
[17.938s] -- Installing: /media/karthi/New Volume1/Warrior/Projects/ROS/dev_ws/install/turtlesim/share/turtlesim/local_setup.bash
[17.940s] -- Installing: /media/karthi/New Volume1/Warrior/Projects/ROS/dev_ws/install/turtlesim/share/turtlesim/local_setup.sh
[17.942s] -- Installing: /media/karthi/New Volume1/Warrior/Projects/ROS/dev_ws/install/turtlesim/share/turtlesim/local_setup.zsh
[17.943s] -- Installing: /media/karthi/New Volume1/Warrior/Projects/ROS/dev_ws/install/turtlesim/share/turtlesim/local_setup.dsv
[17.945s] -- Installing: /media/karthi/New Volume1/Warrior/Projects/ROS/dev_ws/install/turtlesim/share/turtlesim/package.dsv
[17.947s] -- Installing: /media/karthi/New Volume1/Warrior/Projects/ROS/dev_ws/install/turtlesim/share/ament_index/resource_index/packages/turtlesim
[17.950s] -- Installing: /media/karthi/New Volume1/Warrior/Projects/ROS/dev_ws/install/turtlesim/share/turtlesim/cmake/turtlesim__rosidl_generator_cExport.cmake
[17.952s] -- Installing: /media/karthi/New Volume1/Warrior/Projects/ROS/dev_ws/install/turtlesim/share/turtlesim/cmake/turtlesim__rosidl_generator_cExport-noconfig.cmake
[17.954s] -- Installing: /media/karthi/New Volume1/Warrior/Projects/ROS/dev_ws/install/turtlesim/share/turtlesim/cmake/turtlesim__rosidl_typesupport_introspection_cExport.cmake
[17.957s] -- Installing: /media/karthi/New Volume1/Warrior/Projects/ROS/dev_ws/install/turtlesim/share/turtlesim/cmake/turtlesim__rosidl_typesupport_introspection_cExport-noconfig.cmake
[17.959s] -- Installing: /media/karthi/New Volume1/Warrior/Projects/ROS/dev_ws/install/turtlesim/share/turtlesim/cmake/turtlesim__rosidl_typesupport_cExport.cmake
[17.961s] -- Installing: /media/karthi/New Volume1/Warrior/Projects/ROS/dev_ws/install/turtlesim/share/turtlesim/cmake/turtlesim__rosidl_typesupport_cExport-noconfig.cmake
[17.963s] -- Installing: /media/karthi/New Volume1/Warrior/Projects/ROS/dev_ws/install/turtlesim/share/turtlesim/cmake/turtlesim__rosidl_generator_cppExport.cmake
[17.965s] -- Installing: /media/karthi/New Volume1/Warrior/Projects/ROS/dev_ws/install/turtlesim/share/turtlesim/cmake/turtlesim__rosidl_typesupport_introspection_cppExport.cmake
[17.968s] -- Installing: /media/karthi/New Volume1/Warrior/Projects/ROS/dev_ws/install/turtlesim/share/turtlesim/cmake/turtlesim__rosidl_typesupport_introspection_cppExport-noconfig.cmake
[17.970s] -- Installing: /media/karthi/New Volume1/Warrior/Projects/ROS/dev_ws/install/turtlesim/share/turtlesim/cmake/turtlesim__rosidl_typesupport_cppExport.cmake
[17.972s] -- Installing: /media/karthi/New Volume1/Warrior/Projects/ROS/dev_ws/install/turtlesim/share/turtlesim/cmake/turtlesim__rosidl_typesupport_cppExport-noconfig.cmake
[17.974s] -- Installing: /media/karthi/New Volume1/Warrior/Projects/ROS/dev_ws/install/turtlesim/share/turtlesim/cmake/rosidl_cmake-extras.cmake
[17.976s] -- Installing: /media/karthi/New Volume1/Warrior/Projects/ROS/dev_ws/install/turtlesim/share/turtlesim/cmake/ament_cmake_export_dependencies-extras.cmake
[17.978s] -- Installing: /media/karthi/New Volume1/Warrior/Projects/ROS/dev_ws/install/turtlesim/share/turtlesim/cmake/ament_cmake_export_libraries-extras.cmake
[17.980s] -- Installing: /media/karthi/New Volume1/Warrior/Projects/ROS/dev_ws/install/turtlesim/share/turtlesim/cmake/ament_cmake_export_targets-extras.cmake
[17.982s] -- Installing: /media/karthi/New Volume1/Warrior/Projects/ROS/dev_ws/install/turtlesim/share/turtlesim/cmake/ament_cmake_export_include_directories-extras.cmake
[17.984s] -- Installing: /media/karthi/New Volume1/Warrior/Projects/ROS/dev_ws/install/turtlesim/share/turtlesim/cmake/rosidl_cmake_export_typesupport_libraries-extras.cmake
[17.986s] -- Installing: /media/karthi/New Volume1/Warrior/Projects/ROS/dev_ws/install/turtlesim/share/turtlesim/cmake/rosidl_cmake_export_typesupport_targets-extras.cmake
[17.988s] -- Installing: /media/karthi/New Volume1/Warrior/Projects/ROS/dev_ws/install/turtlesim/share/turtlesim/cmake/turtlesimConfig.cmake
[17.990s] -- Installing: /media/karthi/New Volume1/Warrior/Projects/ROS/dev_ws/install/turtlesim/share/turtlesim/cmake/turtlesimConfig-version.cmake
[17.992s] -- Installing: /media/karthi/New Volume1/Warrior/Projects/ROS/dev_ws/install/turtlesim/share/turtlesim/package.xml
[17.996s] Invoked command in '/media/karthi/New Volume1/Warrior/Projects/ROS/dev_ws/build/turtlesim' returned '0': CMAKE_PREFIX_PATH=/opt/ros/foxy /usr/bin/cmake --install /media/karthi/New Volume1/Warrior/Projects/ROS/dev_ws/build/turtlesim
