running egg_info
writing ../../build/turtle_control/turtle_control.egg-info/PKG-INFO
writing dependency_links to ../../build/turtle_control/turtle_control.egg-info/dependency_links.txt
writing entry points to ../../build/turtle_control/turtle_control.egg-info/entry_points.txt
writing requirements to ../../build/turtle_control/turtle_control.egg-info/requires.txt
writing top-level names to ../../build/turtle_control/turtle_control.egg-info/top_level.txt
reading manifest file '../../build/turtle_control/turtle_control.egg-info/SOURCES.txt'
writing manifest file '../../build/turtle_control/turtle_control.egg-info/SOURCES.txt'
running build
running build_py
copying turtle_control/bgcolor_client.py -> /media/karthi/New Volume/Warrior/Projects/ROS/dev_ws/build/turtle_control/build/lib/turtle_control
running install
running install_lib
copying /media/karthi/New Volume/Warrior/Projects/ROS/dev_ws/build/turtle_control/build/lib/turtle_control/bgcolor_client.py -> /media/karthi/New Volume/Warrior/Projects/ROS/dev_ws/install/turtle_control/lib/python3.8/site-packages/turtle_control
byte-compiling /media/karthi/New Volume/Warrior/Projects/ROS/dev_ws/install/turtle_control/lib/python3.8/site-packages/turtle_control/bgcolor_client.py to bgcolor_client.cpython-38.pyc
running install_data
running install_egg_info
removing '/media/karthi/New Volume/Warrior/Projects/ROS/dev_ws/install/turtle_control/lib/python3.8/site-packages/turtle_control-0.0.0-py3.8.egg-info' (and everything under it)
Copying ../../build/turtle_control/turtle_control.egg-info to /media/karthi/New Volume/Warrior/Projects/ROS/dev_ws/install/turtle_control/lib/python3.8/site-packages/turtle_control-0.0.0-py3.8.egg-info
running install_scripts
Installing bgclient script to /media/karthi/New Volume/Warrior/Projects/ROS/dev_ws/install/turtle_control/lib/turtle_control
Installing bgservice script to /media/karthi/New Volume/Warrior/Projects/ROS/dev_ws/install/turtle_control/lib/turtle_control
Installing pyturtle script to /media/karthi/New Volume/Warrior/Projects/ROS/dev_ws/install/turtle_control/lib/turtle_control
Installing pyturtlecontrol script to /media/karthi/New Volume/Warrior/Projects/ROS/dev_ws/install/turtle_control/lib/turtle_control
writing list of installed files to '/media/karthi/New Volume/Warrior/Projects/ROS/dev_ws/build/turtle_control/install.log'
