[0.613s] Invoking command in '/media/karthi/New Volume/Warrior/Projects/ROS/dev_ws/src/turtle_control': PYTHONPATH=/media/karthi/New Volume/Warrior/Projects/ROS/dev_ws/install/turtle_control/lib/python3.8/site-packages:${PYTHONPATH} /usr/bin/python3 setup.py egg_info --egg-base ../../build/turtle_control build --build-base /media/karthi/New Volume/Warrior/Projects/ROS/dev_ws/build/turtle_control/build install --prefix /media/karthi/New Volume/Warrior/Projects/ROS/dev_ws/install/turtle_control --record /media/karthi/New Volume/Warrior/Projects/ROS/dev_ws/build/turtle_control/install.log --single-version-externally-managed
[0.839s] running egg_info
[0.839s] writing ../../build/turtle_control/turtle_control.egg-info/PKG-INFO
[0.840s] writing dependency_links to ../../build/turtle_control/turtle_control.egg-info/dependency_links.txt
[0.840s] writing entry points to ../../build/turtle_control/turtle_control.egg-info/entry_points.txt
[0.841s] writing requirements to ../../build/turtle_control/turtle_control.egg-info/requires.txt
[0.841s] writing top-level names to ../../build/turtle_control/turtle_control.egg-info/top_level.txt
[0.870s] reading manifest file '../../build/turtle_control/turtle_control.egg-info/SOURCES.txt'
[0.873s] writing manifest file '../../build/turtle_control/turtle_control.egg-info/SOURCES.txt'
[0.873s] running build
[0.873s] running build_py
[0.874s] running install
[0.875s] running install_lib
[0.878s] running install_data
[0.879s] running install_egg_info
[0.881s] removing '/media/karthi/New Volume/Warrior/Projects/ROS/dev_ws/install/turtle_control/lib/python3.8/site-packages/turtle_control-0.0.0-py3.8.egg-info' (and everything under it)
[0.883s] Copying ../../build/turtle_control/turtle_control.egg-info to /media/karthi/New Volume/Warrior/Projects/ROS/dev_ws/install/turtle_control/lib/python3.8/site-packages/turtle_control-0.0.0-py3.8.egg-info
[0.891s] running install_scripts
[0.905s] Installing squaredo script to /media/karthi/New Volume/Warrior/Projects/ROS/dev_ws/install/turtle_control/lib/turtle_control
[0.906s] writing list of installed files to '/media/karthi/New Volume/Warrior/Projects/ROS/dev_ws/build/turtle_control/install.log'
[0.922s] Invoked command in '/media/karthi/New Volume/Warrior/Projects/ROS/dev_ws/src/turtle_control' returned '0': PYTHONPATH=/media/karthi/New Volume/Warrior/Projects/ROS/dev_ws/install/turtle_control/lib/python3.8/site-packages:${PYTHONPATH} /usr/bin/python3 setup.py egg_info --egg-base ../../build/turtle_control build --build-base /media/karthi/New Volume/Warrior/Projects/ROS/dev_ws/build/turtle_control/build install --prefix /media/karthi/New Volume/Warrior/Projects/ROS/dev_ws/install/turtle_control --record /media/karthi/New Volume/Warrior/Projects/ROS/dev_ws/build/turtle_control/install.log --single-version-externally-managed
