[0.839s] Invoking command in '/media/karthi/New Volume/Warrior/Projects/ROS/dev_ws/src/py_pubsub': PYTHONPATH=/media/karthi/New Volume/Warrior/Projects/ROS/dev_ws/install/py_pubsub/lib/python3.8/site-packages:${PYTHONPATH} /usr/bin/python3 setup.py egg_info --egg-base ../../build/py_pubsub build --build-base /media/karthi/New Volume/Warrior/Projects/ROS/dev_ws/build/py_pubsub/build install --prefix /media/karthi/New Volume/Warrior/Projects/ROS/dev_ws/install/py_pubsub --record /media/karthi/New Volume/Warrior/Projects/ROS/dev_ws/build/py_pubsub/install.log --single-version-externally-managed
[1.046s] running egg_info
[1.046s] writing ../../build/py_pubsub/py_pubsub.egg-info/PKG-INFO
[1.047s] writing dependency_links to ../../build/py_pubsub/py_pubsub.egg-info/dependency_links.txt
[1.047s] writing entry points to ../../build/py_pubsub/py_pubsub.egg-info/entry_points.txt
[1.048s] writing requirements to ../../build/py_pubsub/py_pubsub.egg-info/requires.txt
[1.048s] writing top-level names to ../../build/py_pubsub/py_pubsub.egg-info/top_level.txt
[1.077s] reading manifest file '../../build/py_pubsub/py_pubsub.egg-info/SOURCES.txt'
[1.079s] writing manifest file '../../build/py_pubsub/py_pubsub.egg-info/SOURCES.txt'
[1.080s] running build
[1.080s] running build_py
[1.081s] running install
[1.082s] running install_lib
[1.086s] running install_data
[1.087s] running install_egg_info
[1.089s] removing '/media/karthi/New Volume/Warrior/Projects/ROS/dev_ws/install/py_pubsub/lib/python3.8/site-packages/py_pubsub-0.0.0-py3.8.egg-info' (and everything under it)
[1.090s] Copying ../../build/py_pubsub/py_pubsub.egg-info to /media/karthi/New Volume/Warrior/Projects/ROS/dev_ws/install/py_pubsub/lib/python3.8/site-packages/py_pubsub-0.0.0-py3.8.egg-info
[1.097s] running install_scripts
[1.113s] Installing listener script to /media/karthi/New Volume/Warrior/Projects/ROS/dev_ws/install/py_pubsub/lib/py_pubsub
[1.113s] Installing talker script to /media/karthi/New Volume/Warrior/Projects/ROS/dev_ws/install/py_pubsub/lib/py_pubsub
[1.114s] writing list of installed files to '/media/karthi/New Volume/Warrior/Projects/ROS/dev_ws/build/py_pubsub/install.log'
