[0.515s] Invoking command in '/media/karthi/New Volume/Warrior/Projects/ROS/dev_ws/src/turtle_control': PYTHONPATH=/media/karthi/New Volume/Warrior/Projects/ROS/dev_ws/install/turtle_control/lib/python3.8/site-packages:${PYTHONPATH} /usr/bin/python3 setup.py egg_info --egg-base ../../build/turtle_control build --build-base /media/karthi/New Volume/Warrior/Projects/ROS/dev_ws/build/turtle_control/build install --prefix /media/karthi/New Volume/Warrior/Projects/ROS/dev_ws/install/turtle_control --record /media/karthi/New Volume/Warrior/Projects/ROS/dev_ws/build/turtle_control/install.log --single-version-externally-managed
[0.707s] running egg_info
[0.708s] writing ../../build/turtle_control/turtle_control.egg-info/PKG-INFO
[0.708s] writing dependency_links to ../../build/turtle_control/turtle_control.egg-info/dependency_links.txt
[0.709s] writing entry points to ../../build/turtle_control/turtle_control.egg-info/entry_points.txt
[0.709s] writing requirements to ../../build/turtle_control/turtle_control.egg-info/requires.txt
[0.709s] writing top-level names to ../../build/turtle_control/turtle_control.egg-info/top_level.txt
[0.738s] reading manifest file '../../build/turtle_control/turtle_control.egg-info/SOURCES.txt'
[0.740s] writing manifest file '../../build/turtle_control/turtle_control.egg-info/SOURCES.txt'
[0.741s] running build
[0.741s] running build_py
[0.741s] copying turtle_control/bgcolor_client.py -> /media/karthi/New Volume/Warrior/Projects/ROS/dev_ws/build/turtle_control/build/lib/turtle_control
[0.743s] running install
[0.744s] running install_lib
[0.745s] copying /media/karthi/New Volume/Warrior/Projects/ROS/dev_ws/build/turtle_control/build/lib/turtle_control/bgcolor_client.py -> /media/karthi/New Volume/Warrior/Projects/ROS/dev_ws/install/turtle_control/lib/python3.8/site-packages/turtle_control
[0.748s] byte-compiling /media/karthi/New Volume/Warrior/Projects/ROS/dev_ws/install/turtle_control/lib/python3.8/site-packages/turtle_control/bgcolor_client.py to bgcolor_client.cpython-38.pyc
[0.751s] running install_data
[0.752s] running install_egg_info
[0.754s] removing '/media/karthi/New Volume/Warrior/Projects/ROS/dev_ws/install/turtle_control/lib/python3.8/site-packages/turtle_control-0.0.0-py3.8.egg-info' (and everything under it)
[0.755s] Copying ../../build/turtle_control/turtle_control.egg-info to /media/karthi/New Volume/Warrior/Projects/ROS/dev_ws/install/turtle_control/lib/python3.8/site-packages/turtle_control-0.0.0-py3.8.egg-info
[0.762s] running install_scripts
[0.776s] Installing bgclient script to /media/karthi/New Volume/Warrior/Projects/ROS/dev_ws/install/turtle_control/lib/turtle_control
[0.776s] Installing bgservice script to /media/karthi/New Volume/Warrior/Projects/ROS/dev_ws/install/turtle_control/lib/turtle_control
[0.776s] Installing pyturtle script to /media/karthi/New Volume/Warrior/Projects/ROS/dev_ws/install/turtle_control/lib/turtle_control
[0.777s] Installing pyturtlecontrol script to /media/karthi/New Volume/Warrior/Projects/ROS/dev_ws/install/turtle_control/lib/turtle_control
[0.778s] writing list of installed files to '/media/karthi/New Volume/Warrior/Projects/ROS/dev_ws/build/turtle_control/install.log'
[0.792s] Invoked command in '/media/karthi/New Volume/Warrior/Projects/ROS/dev_ws/src/turtle_control' returned '0': PYTHONPATH=/media/karthi/New Volume/Warrior/Projects/ROS/dev_ws/install/turtle_control/lib/python3.8/site-packages:${PYTHONPATH} /usr/bin/python3 setup.py egg_info --egg-base ../../build/turtle_control build --build-base /media/karthi/New Volume/Warrior/Projects/ROS/dev_ws/build/turtle_control/build install --prefix /media/karthi/New Volume/Warrior/Projects/ROS/dev_ws/install/turtle_control --record /media/karthi/New Volume/Warrior/Projects/ROS/dev_ws/build/turtle_control/install.log --single-version-externally-managed
