[0.222s] DEBUG:colcon:Command line arguments: ['/usr/bin/colcon', 'build']
[0.222s] DEBUG:colcon:Parsed command line arguments: Namespace(allow_overriding=[], ament_cmake_args=None, base_paths=['.'], build_base='build', catkin_cmake_args=None, catkin_skip_building_tests=False, cmake_args=None, cmake_clean_cache=False, cmake_clean_first=False, cmake_force_configure=False, cmake_target=None, cmake_target_skip_unavailable=False, continue_on_error=False, event_handlers=None, executor='parallel', ignore_user_meta=False, install_base='install', log_base=None, log_level=None, main=<bound method BuildVerb.main of <colcon_core.verb.build.BuildVerb object at 0x7f165c6fb100>>, merge_install=False, metas=['./colcon.meta'], packages_above=None, packages_above_and_dependencies=None, packages_above_depth=None, packages_end=None, packages_ignore=None, packages_ignore_regex=None, packages_select=None, packages_select_build_failed=False, packages_select_by_dep=None, packages_select_regex=None, packages_select_test_failures=False, packages_skip=None, packages_skip_build_finished=False, packages_skip_by_dep=None, packages_skip_regex=None, packages_skip_test_passed=False, packages_skip_up_to=None, packages_start=None, packages_up_to=None, packages_up_to_regex=None, parallel_workers=12, paths=None, symlink_install=False, test_result_base=None, verb_extension=<colcon_core.verb.build.BuildVerb object at 0x7f165c6fb100>, verb_name='build', verb_parser=<colcon_defaults.argument_parser.defaults.DefaultArgumentsDecorator object at 0x7f165c6fb580>)
[0.233s] Level 1:colcon.colcon_core.package_discovery:discover_packages(colcon_meta) check parameters
[0.233s] Level 1:colcon.colcon_core.package_discovery:discover_packages(recursive) check parameters
[0.233s] Level 1:colcon.colcon_core.package_discovery:discover_packages(ignore) check parameters
[0.233s] Level 1:colcon.colcon_core.package_discovery:discover_packages(path) check parameters
[0.233s] Level 1:colcon.colcon_core.package_discovery:discover_packages(colcon_meta) discover
[0.234s] Level 1:colcon.colcon_core.package_discovery:discover_packages(recursive) discover
[0.234s] INFO:colcon.colcon_core.package_discovery:Crawling recursively for packages in '/media/karthi/New Volume1/Warrior/Projects/ROS/dev_ws'
[0.234s] Level 1:colcon.colcon_core.package_identification:_identify(.) by extensions ['ignore', 'ignore_ament_install']
[0.234s] Level 1:colcon.colcon_core.package_identification:_identify(.) by extension 'ignore'
[0.234s] Level 1:colcon.colcon_core.package_identification:_identify(.) by extension 'ignore_ament_install'
[0.234s] Level 1:colcon.colcon_core.package_identification:_identify(.) by extensions ['colcon_pkg']
[0.234s] Level 1:colcon.colcon_core.package_identification:_identify(.) by extension 'colcon_pkg'
[0.234s] Level 1:colcon.colcon_core.package_identification:_identify(.) by extensions ['colcon_meta']
[0.234s] Level 1:colcon.colcon_core.package_identification:_identify(.) by extension 'colcon_meta'
[0.234s] Level 1:colcon.colcon_core.package_identification:_identify(.) by extensions ['ros']
[0.234s] Level 1:colcon.colcon_core.package_identification:_identify(.) by extension 'ros'
[0.248s] Level 1:colcon.colcon_core.package_identification:_identify(.) by extensions ['cmake', 'python']
[0.248s] Level 1:colcon.colcon_core.package_identification:_identify(.) by extension 'cmake'
[0.249s] Level 1:colcon.colcon_core.package_identification:_identify(.) by extension 'python'
[0.249s] Level 1:colcon.colcon_core.package_identification:_identify(.) by extensions ['python_setup_py']
[0.249s] Level 1:colcon.colcon_core.package_identification:_identify(.) by extension 'python_setup_py'
[0.249s] Level 1:colcon.colcon_core.package_identification:_identify(build) by extensions ['ignore', 'ignore_ament_install']
[0.249s] Level 1:colcon.colcon_core.package_identification:_identify(build) by extension 'ignore'
[0.249s] Level 1:colcon.colcon_core.package_identification:_identify(build) ignored
[0.249s] Level 1:colcon.colcon_core.package_identification:_identify(install) by extensions ['ignore', 'ignore_ament_install']
[0.249s] Level 1:colcon.colcon_core.package_identification:_identify(install) by extension 'ignore'
[0.249s] Level 1:colcon.colcon_core.package_identification:_identify(install) ignored
[0.250s] Level 1:colcon.colcon_core.package_identification:_identify(log) by extensions ['ignore', 'ignore_ament_install']
[0.250s] Level 1:colcon.colcon_core.package_identification:_identify(log) by extension 'ignore'
[0.250s] Level 1:colcon.colcon_core.package_identification:_identify(log) ignored
[0.250s] Level 1:colcon.colcon_core.package_identification:_identify(src) by extensions ['ignore', 'ignore_ament_install']
[0.250s] Level 1:colcon.colcon_core.package_identification:_identify(src) by extension 'ignore'
[0.250s] Level 1:colcon.colcon_core.package_identification:_identify(src) by extension 'ignore_ament_install'
[0.250s] Level 1:colcon.colcon_core.package_identification:_identify(src) by extensions ['colcon_pkg']
[0.250s] Level 1:colcon.colcon_core.package_identification:_identify(src) by extension 'colcon_pkg'
[0.250s] Level 1:colcon.colcon_core.package_identification:_identify(src) by extensions ['colcon_meta']
[0.251s] Level 1:colcon.colcon_core.package_identification:_identify(src) by extension 'colcon_meta'
[0.251s] Level 1:colcon.colcon_core.package_identification:_identify(src) by extensions ['ros']
[0.251s] Level 1:colcon.colcon_core.package_identification:_identify(src) by extension 'ros'
[0.251s] Level 1:colcon.colcon_core.package_identification:_identify(src) by extensions ['cmake', 'python']
[0.251s] Level 1:colcon.colcon_core.package_identification:_identify(src) by extension 'cmake'
[0.251s] Level 1:colcon.colcon_core.package_identification:_identify(src) by extension 'python'
[0.251s] Level 1:colcon.colcon_core.package_identification:_identify(src) by extensions ['python_setup_py']
[0.251s] Level 1:colcon.colcon_core.package_identification:_identify(src) by extension 'python_setup_py'
[0.252s] Level 1:colcon.colcon_core.package_identification:_identify(src/py_pubsub) by extensions ['ignore', 'ignore_ament_install']
[0.252s] Level 1:colcon.colcon_core.package_identification:_identify(src/py_pubsub) by extension 'ignore'
[0.252s] Level 1:colcon.colcon_core.package_identification:_identify(src/py_pubsub) by extension 'ignore_ament_install'
[0.252s] Level 1:colcon.colcon_core.package_identification:_identify(src/py_pubsub) by extensions ['colcon_pkg']
[0.252s] Level 1:colcon.colcon_core.package_identification:_identify(src/py_pubsub) by extension 'colcon_pkg'
[0.252s] Level 1:colcon.colcon_core.package_identification:_identify(src/py_pubsub) by extensions ['colcon_meta']
[0.252s] Level 1:colcon.colcon_core.package_identification:_identify(src/py_pubsub) by extension 'colcon_meta'
[0.252s] Level 1:colcon.colcon_core.package_identification:_identify(src/py_pubsub) by extensions ['ros']
[0.252s] Level 1:colcon.colcon_core.package_identification:_identify(src/py_pubsub) by extension 'ros'
[0.255s] DEBUG:colcon.colcon_core.package_identification:Package 'src/py_pubsub' with type 'ros.ament_python' and name 'py_pubsub'
[0.255s] Level 1:colcon.colcon_core.package_identification:_identify(src/py_srvcli) by extensions ['ignore', 'ignore_ament_install']
[0.256s] Level 1:colcon.colcon_core.package_identification:_identify(src/py_srvcli) by extension 'ignore'
[0.256s] Level 1:colcon.colcon_core.package_identification:_identify(src/py_srvcli) by extension 'ignore_ament_install'
[0.256s] Level 1:colcon.colcon_core.package_identification:_identify(src/py_srvcli) by extensions ['colcon_pkg']
[0.256s] Level 1:colcon.colcon_core.package_identification:_identify(src/py_srvcli) by extension 'colcon_pkg'
[0.256s] Level 1:colcon.colcon_core.package_identification:_identify(src/py_srvcli) by extensions ['colcon_meta']
[0.256s] Level 1:colcon.colcon_core.package_identification:_identify(src/py_srvcli) by extension 'colcon_meta'
[0.256s] Level 1:colcon.colcon_core.package_identification:_identify(src/py_srvcli) by extensions ['ros']
[0.256s] Level 1:colcon.colcon_core.package_identification:_identify(src/py_srvcli) by extension 'ros'
[0.257s] DEBUG:colcon.colcon_core.package_identification:Package 'src/py_srvcli' with type 'ros.ament_python' and name 'py_srvcli'
[0.258s] Level 1:colcon.colcon_core.package_identification:_identify(src/ros_tutorials) by extensions ['ignore', 'ignore_ament_install']
[0.258s] Level 1:colcon.colcon_core.package_identification:_identify(src/ros_tutorials) by extension 'ignore'
[0.258s] Level 1:colcon.colcon_core.package_identification:_identify(src/ros_tutorials) by extension 'ignore_ament_install'
[0.258s] Level 1:colcon.colcon_core.package_identification:_identify(src/ros_tutorials) by extensions ['colcon_pkg']
[0.258s] Level 1:colcon.colcon_core.package_identification:_identify(src/ros_tutorials) by extension 'colcon_pkg'
[0.259s] Level 1:colcon.colcon_core.package_identification:_identify(src/ros_tutorials) by extensions ['colcon_meta']
[0.259s] Level 1:colcon.colcon_core.package_identification:_identify(src/ros_tutorials) by extension 'colcon_meta'
[0.259s] Level 1:colcon.colcon_core.package_identification:_identify(src/ros_tutorials) by extensions ['ros']
[0.259s] Level 1:colcon.colcon_core.package_identification:_identify(src/ros_tutorials) by extension 'ros'
[0.259s] Level 1:colcon.colcon_core.package_identification:_identify(src/ros_tutorials) by extensions ['cmake', 'python']
[0.259s] Level 1:colcon.colcon_core.package_identification:_identify(src/ros_tutorials) by extension 'cmake'
[0.259s] Level 1:colcon.colcon_core.package_identification:_identify(src/ros_tutorials) by extension 'python'
[0.259s] Level 1:colcon.colcon_core.package_identification:_identify(src/ros_tutorials) by extensions ['python_setup_py']
[0.259s] Level 1:colcon.colcon_core.package_identification:_identify(src/ros_tutorials) by extension 'python_setup_py'
[0.260s] Level 1:colcon.colcon_core.package_identification:_identify(src/ros_tutorials/ros_tutorials) by extensions ['ignore', 'ignore_ament_install']
[0.260s] Level 1:colcon.colcon_core.package_identification:_identify(src/ros_tutorials/ros_tutorials) by extension 'ignore'
[0.260s] Level 1:colcon.colcon_core.package_identification:_identify(src/ros_tutorials/ros_tutorials) ignored
[0.261s] Level 1:colcon.colcon_core.package_identification:_identify(src/ros_tutorials/roscpp_tutorials) by extensions ['ignore', 'ignore_ament_install']
[0.261s] Level 1:colcon.colcon_core.package_identification:_identify(src/ros_tutorials/roscpp_tutorials) by extension 'ignore'
[0.261s] Level 1:colcon.colcon_core.package_identification:_identify(src/ros_tutorials/roscpp_tutorials) ignored
[0.262s] Level 1:colcon.colcon_core.package_identification:_identify(src/ros_tutorials/rospy_tutorials) by extensions ['ignore', 'ignore_ament_install']
[0.262s] Level 1:colcon.colcon_core.package_identification:_identify(src/ros_tutorials/rospy_tutorials) by extension 'ignore'
[0.262s] Level 1:colcon.colcon_core.package_identification:_identify(src/ros_tutorials/rospy_tutorials) ignored
[0.263s] Level 1:colcon.colcon_core.package_identification:_identify(src/ros_tutorials/turtlesim) by extensions ['ignore', 'ignore_ament_install']
[0.263s] Level 1:colcon.colcon_core.package_identification:_identify(src/ros_tutorials/turtlesim) by extension 'ignore'
[0.263s] Level 1:colcon.colcon_core.package_identification:_identify(src/ros_tutorials/turtlesim) by extension 'ignore_ament_install'
[0.263s] Level 1:colcon.colcon_core.package_identification:_identify(src/ros_tutorials/turtlesim) by extensions ['colcon_pkg']
[0.263s] Level 1:colcon.colcon_core.package_identification:_identify(src/ros_tutorials/turtlesim) by extension 'colcon_pkg'
[0.263s] Level 1:colcon.colcon_core.package_identification:_identify(src/ros_tutorials/turtlesim) by extensions ['colcon_meta']
[0.263s] Level 1:colcon.colcon_core.package_identification:_identify(src/ros_tutorials/turtlesim) by extension 'colcon_meta'
[0.263s] Level 1:colcon.colcon_core.package_identification:_identify(src/ros_tutorials/turtlesim) by extensions ['ros']
[0.263s] Level 1:colcon.colcon_core.package_identification:_identify(src/ros_tutorials/turtlesim) by extension 'ros'
[0.265s] DEBUG:colcon.colcon_core.package_identification:Package 'src/ros_tutorials/turtlesim' with type 'ros.ament_cmake' and name 'turtlesim'
[0.265s] Level 1:colcon.colcon_core.package_discovery:discover_packages(recursive) using defaults
[0.265s] Level 1:colcon.colcon_core.package_discovery:discover_packages(ignore) discover
[0.265s] Level 1:colcon.colcon_core.package_discovery:discover_packages(ignore) using defaults
[0.265s] Level 1:colcon.colcon_core.package_discovery:discover_packages(path) discover
[0.265s] Level 1:colcon.colcon_core.package_discovery:discover_packages(path) using defaults
[0.287s] Level 5:colcon.colcon_core.verb:set package 'py_pubsub' build argument 'cmake_args' from command line to 'None'
[0.287s] Level 5:colcon.colcon_core.verb:set package 'py_pubsub' build argument 'cmake_target' from command line to 'None'
[0.287s] Level 5:colcon.colcon_core.verb:set package 'py_pubsub' build argument 'cmake_target_skip_unavailable' from command line to 'False'
[0.287s] Level 5:colcon.colcon_core.verb:set package 'py_pubsub' build argument 'cmake_clean_cache' from command line to 'False'
[0.287s] Level 5:colcon.colcon_core.verb:set package 'py_pubsub' build argument 'cmake_clean_first' from command line to 'False'
[0.288s] Level 5:colcon.colcon_core.verb:set package 'py_pubsub' build argument 'cmake_force_configure' from command line to 'False'
[0.288s] Level 5:colcon.colcon_core.verb:set package 'py_pubsub' build argument 'ament_cmake_args' from command line to 'None'
[0.288s] Level 5:colcon.colcon_core.verb:set package 'py_pubsub' build argument 'catkin_cmake_args' from command line to 'None'
[0.288s] Level 5:colcon.colcon_core.verb:set package 'py_pubsub' build argument 'catkin_skip_building_tests' from command line to 'False'
[0.288s] DEBUG:colcon.colcon_core.verb:Building package 'py_pubsub' with the following arguments: {'ament_cmake_args': None, 'build_base': '/media/karthi/New Volume1/Warrior/Projects/ROS/dev_ws/build/py_pubsub', 'catkin_cmake_args': None, 'catkin_skip_building_tests': False, 'cmake_args': None, 'cmake_clean_cache': False, 'cmake_clean_first': False, 'cmake_force_configure': False, 'cmake_target': None, 'cmake_target_skip_unavailable': False, 'install_base': '/media/karthi/New Volume1/Warrior/Projects/ROS/dev_ws/install/py_pubsub', 'merge_install': False, 'path': '/media/karthi/New Volume1/Warrior/Projects/ROS/dev_ws/src/py_pubsub', 'symlink_install': False, 'test_result_base': None}
[0.288s] Level 5:colcon.colcon_core.verb:set package 'py_srvcli' build argument 'cmake_args' from command line to 'None'
[0.288s] Level 5:colcon.colcon_core.verb:set package 'py_srvcli' build argument 'cmake_target' from command line to 'None'
[0.288s] Level 5:colcon.colcon_core.verb:set package 'py_srvcli' build argument 'cmake_target_skip_unavailable' from command line to 'False'
[0.288s] Level 5:colcon.colcon_core.verb:set package 'py_srvcli' build argument 'cmake_clean_cache' from command line to 'False'
[0.288s] Level 5:colcon.colcon_core.verb:set package 'py_srvcli' build argument 'cmake_clean_first' from command line to 'False'
[0.288s] Level 5:colcon.colcon_core.verb:set package 'py_srvcli' build argument 'cmake_force_configure' from command line to 'False'
[0.288s] Level 5:colcon.colcon_core.verb:set package 'py_srvcli' build argument 'ament_cmake_args' from command line to 'None'
[0.288s] Level 5:colcon.colcon_core.verb:set package 'py_srvcli' build argument 'catkin_cmake_args' from command line to 'None'
[0.289s] Level 5:colcon.colcon_core.verb:set package 'py_srvcli' build argument 'catkin_skip_building_tests' from command line to 'False'
[0.289s] DEBUG:colcon.colcon_core.verb:Building package 'py_srvcli' with the following arguments: {'ament_cmake_args': None, 'build_base': '/media/karthi/New Volume1/Warrior/Projects/ROS/dev_ws/build/py_srvcli', 'catkin_cmake_args': None, 'catkin_skip_building_tests': False, 'cmake_args': None, 'cmake_clean_cache': False, 'cmake_clean_first': False, 'cmake_force_configure': False, 'cmake_target': None, 'cmake_target_skip_unavailable': False, 'install_base': '/media/karthi/New Volume1/Warrior/Projects/ROS/dev_ws/install/py_srvcli', 'merge_install': False, 'path': '/media/karthi/New Volume1/Warrior/Projects/ROS/dev_ws/src/py_srvcli', 'symlink_install': False, 'test_result_base': None}
[0.289s] Level 5:colcon.colcon_core.verb:set package 'turtlesim' build argument 'cmake_args' from command line to 'None'
[0.289s] Level 5:colcon.colcon_core.verb:set package 'turtlesim' build argument 'cmake_target' from command line to 'None'
[0.289s] Level 5:colcon.colcon_core.verb:set package 'turtlesim' build argument 'cmake_target_skip_unavailable' from command line to 'False'
[0.289s] Level 5:colcon.colcon_core.verb:set package 'turtlesim' build argument 'cmake_clean_cache' from command line to 'False'
[0.289s] Level 5:colcon.colcon_core.verb:set package 'turtlesim' build argument 'cmake_clean_first' from command line to 'False'
[0.289s] Level 5:colcon.colcon_core.verb:set package 'turtlesim' build argument 'cmake_force_configure' from command line to 'False'
[0.289s] Level 5:colcon.colcon_core.verb:set package 'turtlesim' build argument 'ament_cmake_args' from command line to 'None'
[0.289s] Level 5:colcon.colcon_core.verb:set package 'turtlesim' build argument 'catkin_cmake_args' from command line to 'None'
[0.289s] Level 5:colcon.colcon_core.verb:set package 'turtlesim' build argument 'catkin_skip_building_tests' from command line to 'False'
[0.289s] DEBUG:colcon.colcon_core.verb:Building package 'turtlesim' with the following arguments: {'ament_cmake_args': None, 'build_base': '/media/karthi/New Volume1/Warrior/Projects/ROS/dev_ws/build/turtlesim', 'catkin_cmake_args': None, 'catkin_skip_building_tests': False, 'cmake_args': None, 'cmake_clean_cache': False, 'cmake_clean_first': False, 'cmake_force_configure': False, 'cmake_target': None, 'cmake_target_skip_unavailable': False, 'install_base': '/media/karthi/New Volume1/Warrior/Projects/ROS/dev_ws/install/turtlesim', 'merge_install': False, 'path': '/media/karthi/New Volume1/Warrior/Projects/ROS/dev_ws/src/ros_tutorials/turtlesim', 'symlink_install': False, 'test_result_base': None}
[0.293s] WARNING:colcon.colcon_core.verb:Some selected packages are already built in one or more underlay workspaces:
	'turtlesim' is in: /opt/ros/foxy
If a package in a merged underlay workspace is overridden and it installs headers, then all packages in the overlay must sort their include directories by workspace order. Failure to do so may result in build failures or undefined behavior at run time.
If the overridden package is used by another package in any underlay, then the overriding package in the overlay must be API and ABI compatible or undefined behavior at run time may occur.

If you understand the risks and want to override a package anyways, add the following to the command line:
	--allow-overriding turtlesim

This may be promoted to an error in a future release of colcon-core.
[0.294s] INFO:colcon.colcon_core.executor:Executing jobs using 'parallel' executor
[0.295s] DEBUG:colcon.colcon_parallel_executor.executor.parallel:run_until_complete
[0.295s] INFO:colcon.colcon_ros.task.ament_python.build:Building ROS package in '/media/karthi/New Volume1/Warrior/Projects/ROS/dev_ws/src/py_pubsub' with build type 'ament_python'
[0.296s] Level 1:colcon.colcon_core.shell:create_environment_hook('py_pubsub', 'ament_prefix_path')
[0.301s] INFO:colcon.colcon_core.plugin_system:Skipping extension 'colcon_core.shell.bat': Not used on non-Windows systems
[0.302s] INFO:colcon.colcon_core.shell:Creating environment hook '/media/karthi/New Volume1/Warrior/Projects/ROS/dev_ws/install/py_pubsub/share/py_pubsub/hook/ament_prefix_path.ps1'
[0.304s] INFO:colcon.colcon_core.shell:Creating environment descriptor '/media/karthi/New Volume1/Warrior/Projects/ROS/dev_ws/install/py_pubsub/share/py_pubsub/hook/ament_prefix_path.dsv'
[0.305s] INFO:colcon.colcon_core.shell:Creating environment hook '/media/karthi/New Volume1/Warrior/Projects/ROS/dev_ws/install/py_pubsub/share/py_pubsub/hook/ament_prefix_path.sh'
[0.306s] INFO:colcon.colcon_core.shell:Skip shell extension 'powershell' for command environment: Not usable outside of PowerShell
[0.306s] DEBUG:colcon.colcon_core.shell:Skip shell extension 'dsv' for command environment
[0.310s] INFO:colcon.colcon_ros.task.ament_python.build:Building ROS package in '/media/karthi/New Volume1/Warrior/Projects/ROS/dev_ws/src/py_srvcli' with build type 'ament_python'
[0.311s] Level 1:colcon.colcon_core.shell:create_environment_hook('py_srvcli', 'ament_prefix_path')
[0.311s] INFO:colcon.colcon_core.shell:Creating environment hook '/media/karthi/New Volume1/Warrior/Projects/ROS/dev_ws/install/py_srvcli/share/py_srvcli/hook/ament_prefix_path.ps1'
[0.313s] INFO:colcon.colcon_core.shell:Creating environment descriptor '/media/karthi/New Volume1/Warrior/Projects/ROS/dev_ws/install/py_srvcli/share/py_srvcli/hook/ament_prefix_path.dsv'
[0.314s] INFO:colcon.colcon_core.shell:Creating environment hook '/media/karthi/New Volume1/Warrior/Projects/ROS/dev_ws/install/py_srvcli/share/py_srvcli/hook/ament_prefix_path.sh'
[0.315s] INFO:colcon.colcon_core.shell:Skip shell extension 'powershell' for command environment: Not usable outside of PowerShell
[0.315s] DEBUG:colcon.colcon_core.shell:Skip shell extension 'dsv' for command environment
[0.318s] INFO:colcon.colcon_ros.task.ament_cmake.build:Building ROS package in '/media/karthi/New Volume1/Warrior/Projects/ROS/dev_ws/src/ros_tutorials/turtlesim' with build type 'ament_cmake'
[0.319s] INFO:colcon.colcon_cmake.task.cmake.build:Building CMake package in '/media/karthi/New Volume1/Warrior/Projects/ROS/dev_ws/src/ros_tutorials/turtlesim'
[0.319s] INFO:colcon.colcon_core.shell:Skip shell extension 'powershell' for command environment: Not usable outside of PowerShell
[0.320s] DEBUG:colcon.colcon_core.shell:Skip shell extension 'dsv' for command environment
[0.505s] INFO:colcon.colcon_core.task.python.build:Building Python package in '/media/karthi/New Volume1/Warrior/Projects/ROS/dev_ws/src/py_pubsub'
[0.506s] INFO:colcon.colcon_core.shell:Skip shell extension 'powershell' for command environment: Not usable outside of PowerShell
[0.506s] DEBUG:colcon.colcon_core.shell:Skip shell extension 'dsv' for command environment
[0.688s] INFO:colcon.colcon_core.task.python.build:Building Python package in '/media/karthi/New Volume1/Warrior/Projects/ROS/dev_ws/src/py_srvcli'
[0.689s] INFO:colcon.colcon_core.shell:Skip shell extension 'powershell' for command environment: Not usable outside of PowerShell
[0.689s] DEBUG:colcon.colcon_core.shell:Skip shell extension 'dsv' for command environment
[0.701s] DEBUG:colcon.colcon_core.event_handler.log_command:Invoking command in '/media/karthi/New Volume1/Warrior/Projects/ROS/dev_ws/build/turtlesim': CMAKE_PREFIX_PATH=/opt/ros/foxy /usr/bin/cmake --build /media/karthi/New Volume1/Warrior/Projects/ROS/dev_ws/build/turtlesim -- -j12 -l12
[1.126s] DEBUG:colcon.colcon_core.event_handler.log_command:Invoking command in '/media/karthi/New Volume1/Warrior/Projects/ROS/dev_ws/src/py_srvcli': PYTHONPATH=/media/karthi/New Volume1/Warrior/Projects/ROS/dev_ws/install/py_srvcli/lib/python3.8/site-packages:${PYTHONPATH} /usr/bin/python3 setup.py egg_info --egg-base ../../build/py_srvcli build --build-base /media/karthi/New Volume1/Warrior/Projects/ROS/dev_ws/build/py_srvcli/build install --prefix /media/karthi/New Volume1/Warrior/Projects/ROS/dev_ws/install/py_srvcli --record /media/karthi/New Volume1/Warrior/Projects/ROS/dev_ws/build/py_srvcli/install.log --single-version-externally-managed
[1.152s] DEBUG:colcon.colcon_core.event_handler.log_command:Invoking command in '/media/karthi/New Volume1/Warrior/Projects/ROS/dev_ws/src/py_pubsub': PYTHONPATH=/media/karthi/New Volume1/Warrior/Projects/ROS/dev_ws/install/py_pubsub/lib/python3.8/site-packages:${PYTHONPATH} /usr/bin/python3 setup.py egg_info --egg-base ../../build/py_pubsub build --build-base /media/karthi/New Volume1/Warrior/Projects/ROS/dev_ws/build/py_pubsub/build install --prefix /media/karthi/New Volume1/Warrior/Projects/ROS/dev_ws/install/py_pubsub --record /media/karthi/New Volume1/Warrior/Projects/ROS/dev_ws/build/py_pubsub/install.log --single-version-externally-managed
[1.402s] DEBUG:colcon.colcon_core.event_handler.log_command:Invoked command in '/media/karthi/New Volume1/Warrior/Projects/ROS/dev_ws/src/py_srvcli' returned '0': PYTHONPATH=/media/karthi/New Volume1/Warrior/Projects/ROS/dev_ws/install/py_srvcli/lib/python3.8/site-packages:${PYTHONPATH} /usr/bin/python3 setup.py egg_info --egg-base ../../build/py_srvcli build --build-base /media/karthi/New Volume1/Warrior/Projects/ROS/dev_ws/build/py_srvcli/build install --prefix /media/karthi/New Volume1/Warrior/Projects/ROS/dev_ws/install/py_srvcli --record /media/karthi/New Volume1/Warrior/Projects/ROS/dev_ws/build/py_srvcli/install.log --single-version-externally-managed
[1.409s] Level 1:colcon.colcon_core.environment:checking '/media/karthi/New Volume1/Warrior/Projects/ROS/dev_ws/install/py_srvcli' for CMake module files
[1.411s] Level 1:colcon.colcon_core.environment:checking '/media/karthi/New Volume1/Warrior/Projects/ROS/dev_ws/install/py_srvcli' for CMake config files
[1.414s] Level 1:colcon.colcon_core.environment:checking '/media/karthi/New Volume1/Warrior/Projects/ROS/dev_ws/install/py_srvcli/lib'
[1.414s] Level 1:colcon.colcon_core.environment:checking '/media/karthi/New Volume1/Warrior/Projects/ROS/dev_ws/install/py_srvcli/bin'
[1.415s] Level 1:colcon.colcon_core.environment:checking '/media/karthi/New Volume1/Warrior/Projects/ROS/dev_ws/install/py_srvcli/lib/pkgconfig/py_srvcli.pc'
[1.415s] Level 1:colcon.colcon_core.environment:checking '/media/karthi/New Volume1/Warrior/Projects/ROS/dev_ws/install/py_srvcli/lib/python3.8/site-packages'
[1.415s] Level 1:colcon.colcon_core.shell:create_environment_hook('py_srvcli', 'pythonpath')
[1.415s] INFO:colcon.colcon_core.shell:Creating environment hook '/media/karthi/New Volume1/Warrior/Projects/ROS/dev_ws/install/py_srvcli/share/py_srvcli/hook/pythonpath.ps1'
[1.416s] INFO:colcon.colcon_core.shell:Creating environment descriptor '/media/karthi/New Volume1/Warrior/Projects/ROS/dev_ws/install/py_srvcli/share/py_srvcli/hook/pythonpath.dsv'
[1.417s] INFO:colcon.colcon_core.shell:Creating environment hook '/media/karthi/New Volume1/Warrior/Projects/ROS/dev_ws/install/py_srvcli/share/py_srvcli/hook/pythonpath.sh'
[1.418s] Level 1:colcon.colcon_core.environment:create_environment_scripts_only(py_srvcli)
[1.419s] INFO:colcon.colcon_core.shell:Creating package script '/media/karthi/New Volume1/Warrior/Projects/ROS/dev_ws/install/py_srvcli/share/py_srvcli/package.ps1'
[1.420s] INFO:colcon.colcon_core.shell:Creating package descriptor '/media/karthi/New Volume1/Warrior/Projects/ROS/dev_ws/install/py_srvcli/share/py_srvcli/package.dsv'
[1.421s] INFO:colcon.colcon_core.shell:Creating package script '/media/karthi/New Volume1/Warrior/Projects/ROS/dev_ws/install/py_srvcli/share/py_srvcli/package.sh'
[1.422s] INFO:colcon.colcon_core.shell:Creating package script '/media/karthi/New Volume1/Warrior/Projects/ROS/dev_ws/install/py_srvcli/share/py_srvcli/package.bash'
[1.423s] INFO:colcon.colcon_core.shell:Creating package script '/media/karthi/New Volume1/Warrior/Projects/ROS/dev_ws/install/py_srvcli/share/py_srvcli/package.zsh'
[1.425s] Level 1:colcon.colcon_core.environment:create_file_with_runtime_dependencies(/media/karthi/New Volume1/Warrior/Projects/ROS/dev_ws/install/py_srvcli/share/colcon-core/packages/py_srvcli)
[1.427s] Level 1:colcon.colcon_core.environment:checking '/media/karthi/New Volume1/Warrior/Projects/ROS/dev_ws/install/py_pubsub' for CMake module files
[1.427s] DEBUG:colcon.colcon_core.event_handler.log_command:Invoked command in '/media/karthi/New Volume1/Warrior/Projects/ROS/dev_ws/src/py_pubsub' returned '0': PYTHONPATH=/media/karthi/New Volume1/Warrior/Projects/ROS/dev_ws/install/py_pubsub/lib/python3.8/site-packages:${PYTHONPATH} /usr/bin/python3 setup.py egg_info --egg-base ../../build/py_pubsub build --build-base /media/karthi/New Volume1/Warrior/Projects/ROS/dev_ws/build/py_pubsub/build install --prefix /media/karthi/New Volume1/Warrior/Projects/ROS/dev_ws/install/py_pubsub --record /media/karthi/New Volume1/Warrior/Projects/ROS/dev_ws/build/py_pubsub/install.log --single-version-externally-managed
[1.429s] Level 1:colcon.colcon_core.environment:checking '/media/karthi/New Volume1/Warrior/Projects/ROS/dev_ws/install/py_pubsub' for CMake config files
[1.432s] Level 1:colcon.colcon_core.environment:checking '/media/karthi/New Volume1/Warrior/Projects/ROS/dev_ws/install/py_pubsub/lib'
[1.432s] Level 1:colcon.colcon_core.environment:checking '/media/karthi/New Volume1/Warrior/Projects/ROS/dev_ws/install/py_pubsub/bin'
[1.432s] Level 1:colcon.colcon_core.environment:checking '/media/karthi/New Volume1/Warrior/Projects/ROS/dev_ws/install/py_pubsub/lib/pkgconfig/py_pubsub.pc'
[1.432s] Level 1:colcon.colcon_core.environment:checking '/media/karthi/New Volume1/Warrior/Projects/ROS/dev_ws/install/py_pubsub/lib/python3.8/site-packages'
[1.432s] Level 1:colcon.colcon_core.shell:create_environment_hook('py_pubsub', 'pythonpath')
[1.433s] INFO:colcon.colcon_core.shell:Creating environment hook '/media/karthi/New Volume1/Warrior/Projects/ROS/dev_ws/install/py_pubsub/share/py_pubsub/hook/pythonpath.ps1'
[1.433s] INFO:colcon.colcon_core.shell:Creating environment descriptor '/media/karthi/New Volume1/Warrior/Projects/ROS/dev_ws/install/py_pubsub/share/py_pubsub/hook/pythonpath.dsv'
[1.434s] INFO:colcon.colcon_core.shell:Creating environment hook '/media/karthi/New Volume1/Warrior/Projects/ROS/dev_ws/install/py_pubsub/share/py_pubsub/hook/pythonpath.sh'
[1.434s] Level 1:colcon.colcon_core.environment:create_environment_scripts_only(py_pubsub)
[1.435s] INFO:colcon.colcon_core.shell:Creating package script '/media/karthi/New Volume1/Warrior/Projects/ROS/dev_ws/install/py_pubsub/share/py_pubsub/package.ps1'
[1.436s] INFO:colcon.colcon_core.shell:Creating package descriptor '/media/karthi/New Volume1/Warrior/Projects/ROS/dev_ws/install/py_pubsub/share/py_pubsub/package.dsv'
[1.436s] INFO:colcon.colcon_core.shell:Creating package script '/media/karthi/New Volume1/Warrior/Projects/ROS/dev_ws/install/py_pubsub/share/py_pubsub/package.sh'
[1.437s] INFO:colcon.colcon_core.shell:Creating package script '/media/karthi/New Volume1/Warrior/Projects/ROS/dev_ws/install/py_pubsub/share/py_pubsub/package.bash'
[1.437s] INFO:colcon.colcon_core.shell:Creating package script '/media/karthi/New Volume1/Warrior/Projects/ROS/dev_ws/install/py_pubsub/share/py_pubsub/package.zsh'
[1.438s] Level 1:colcon.colcon_core.environment:create_file_with_runtime_dependencies(/media/karthi/New Volume1/Warrior/Projects/ROS/dev_ws/install/py_pubsub/share/colcon-core/packages/py_pubsub)
[4.631s] DEBUG:colcon.colcon_core.event_handler.log_command:Invoked command in '/media/karthi/New Volume1/Warrior/Projects/ROS/dev_ws/build/turtlesim' returned '2': CMAKE_PREFIX_PATH=/opt/ros/foxy /usr/bin/cmake --build /media/karthi/New Volume1/Warrior/Projects/ROS/dev_ws/build/turtlesim -- -j12 -l12
[4.756s] Level 1:colcon.colcon_core.environment:create_environment_scripts_only(turtlesim)
[4.757s] Level 1:colcon.colcon_core.environment:checking '/media/karthi/New Volume1/Warrior/Projects/ROS/dev_ws/install/turtlesim' for CMake module files
[4.763s] Level 1:colcon.colcon_core.environment:checking '/media/karthi/New Volume1/Warrior/Projects/ROS/dev_ws/install/turtlesim' for CMake config files
[4.770s] Level 1:colcon.colcon_core.shell:create_environment_hook('turtlesim', 'cmake_prefix_path')
[4.771s] INFO:colcon.colcon_core.shell:Creating environment hook '/media/karthi/New Volume1/Warrior/Projects/ROS/dev_ws/install/turtlesim/share/turtlesim/hook/cmake_prefix_path.ps1'
[4.772s] INFO:colcon.colcon_core.shell:Creating environment descriptor '/media/karthi/New Volume1/Warrior/Projects/ROS/dev_ws/install/turtlesim/share/turtlesim/hook/cmake_prefix_path.dsv'
[4.772s] INFO:colcon.colcon_core.shell:Creating environment hook '/media/karthi/New Volume1/Warrior/Projects/ROS/dev_ws/install/turtlesim/share/turtlesim/hook/cmake_prefix_path.sh'
[4.773s] Level 1:colcon.colcon_core.environment:checking '/media/karthi/New Volume1/Warrior/Projects/ROS/dev_ws/install/turtlesim/lib'
[4.774s] Level 1:colcon.colcon_core.shell:create_environment_hook('turtlesim', 'ld_library_path_lib')
[4.774s] INFO:colcon.colcon_core.shell:Creating environment hook '/media/karthi/New Volume1/Warrior/Projects/ROS/dev_ws/install/turtlesim/share/turtlesim/hook/ld_library_path_lib.ps1'
[4.775s] INFO:colcon.colcon_core.shell:Creating environment descriptor '/media/karthi/New Volume1/Warrior/Projects/ROS/dev_ws/install/turtlesim/share/turtlesim/hook/ld_library_path_lib.dsv'
[4.775s] INFO:colcon.colcon_core.shell:Creating environment hook '/media/karthi/New Volume1/Warrior/Projects/ROS/dev_ws/install/turtlesim/share/turtlesim/hook/ld_library_path_lib.sh'
[4.776s] Level 1:colcon.colcon_core.environment:checking '/media/karthi/New Volume1/Warrior/Projects/ROS/dev_ws/install/turtlesim/bin'
[4.776s] Level 1:colcon.colcon_core.environment:checking '/media/karthi/New Volume1/Warrior/Projects/ROS/dev_ws/install/turtlesim/lib/pkgconfig/turtlesim.pc'
[4.776s] Level 1:colcon.colcon_core.environment:checking '/media/karthi/New Volume1/Warrior/Projects/ROS/dev_ws/install/turtlesim/lib/python3.8/site-packages'
[4.776s] Level 1:colcon.colcon_core.shell:create_environment_hook('turtlesim', 'pythonpath')
[4.777s] INFO:colcon.colcon_core.shell:Creating environment hook '/media/karthi/New Volume1/Warrior/Projects/ROS/dev_ws/install/turtlesim/share/turtlesim/hook/pythonpath.ps1'
[4.778s] INFO:colcon.colcon_core.shell:Creating environment descriptor '/media/karthi/New Volume1/Warrior/Projects/ROS/dev_ws/install/turtlesim/share/turtlesim/hook/pythonpath.dsv'
[4.778s] INFO:colcon.colcon_core.shell:Creating environment hook '/media/karthi/New Volume1/Warrior/Projects/ROS/dev_ws/install/turtlesim/share/turtlesim/hook/pythonpath.sh'
[4.779s] INFO:colcon.colcon_core.shell:Creating package script '/media/karthi/New Volume1/Warrior/Projects/ROS/dev_ws/install/turtlesim/share/turtlesim/package.ps1'
[4.780s] INFO:colcon.colcon_core.shell:Creating package descriptor '/media/karthi/New Volume1/Warrior/Projects/ROS/dev_ws/install/turtlesim/share/turtlesim/package.dsv'
[4.781s] INFO:colcon.colcon_core.shell:Creating package script '/media/karthi/New Volume1/Warrior/Projects/ROS/dev_ws/install/turtlesim/share/turtlesim/package.sh'
[4.782s] INFO:colcon.colcon_core.shell:Creating package script '/media/karthi/New Volume1/Warrior/Projects/ROS/dev_ws/install/turtlesim/share/turtlesim/package.bash'
[4.782s] INFO:colcon.colcon_core.shell:Creating package script '/media/karthi/New Volume1/Warrior/Projects/ROS/dev_ws/install/turtlesim/share/turtlesim/package.zsh'
[4.783s] Level 1:colcon.colcon_core.environment:create_file_with_runtime_dependencies(/media/karthi/New Volume1/Warrior/Projects/ROS/dev_ws/install/turtlesim/share/colcon-core/packages/turtlesim)
[4.794s] DEBUG:colcon.colcon_parallel_executor.executor.parallel:closing loop
[4.794s] DEBUG:colcon.colcon_parallel_executor.executor.parallel:loop closed
[4.794s] DEBUG:colcon.colcon_parallel_executor.executor.parallel:run_until_complete finished with '2'
[4.794s] DEBUG:colcon.colcon_core.event_reactor:joining thread
[4.800s] INFO:colcon.colcon_core.plugin_system:Skipping extension 'colcon_notification.desktop_notification.terminal_notifier': Not used on non-Darwin systems
[4.800s] INFO:colcon.colcon_core.plugin_system:Skipping extension 'colcon_notification.desktop_notification.win32': Not used on non-Windows systems
[4.800s] INFO:colcon.colcon_notification.desktop_notification:Sending desktop notification using 'notify2'
[4.823s] DEBUG:colcon.colcon_core.event_reactor:joined thread
[4.824s] INFO:colcon.colcon_core.shell:Creating prefix script '/media/karthi/New Volume1/Warrior/Projects/ROS/dev_ws/install/local_setup.ps1'
[4.825s] INFO:colcon.colcon_core.shell:Creating prefix util module '/media/karthi/New Volume1/Warrior/Projects/ROS/dev_ws/install/_local_setup_util_ps1.py'
[4.827s] INFO:colcon.colcon_core.shell:Creating prefix chain script '/media/karthi/New Volume1/Warrior/Projects/ROS/dev_ws/install/setup.ps1'
[4.828s] INFO:colcon.colcon_core.shell:Creating prefix script '/media/karthi/New Volume1/Warrior/Projects/ROS/dev_ws/install/local_setup.sh'
[4.829s] INFO:colcon.colcon_core.shell:Creating prefix util module '/media/karthi/New Volume1/Warrior/Projects/ROS/dev_ws/install/_local_setup_util_sh.py'
[4.830s] INFO:colcon.colcon_core.shell:Creating prefix chain script '/media/karthi/New Volume1/Warrior/Projects/ROS/dev_ws/install/setup.sh'
[4.831s] INFO:colcon.colcon_core.shell:Creating prefix script '/media/karthi/New Volume1/Warrior/Projects/ROS/dev_ws/install/local_setup.bash'
[4.832s] INFO:colcon.colcon_core.shell:Creating prefix chain script '/media/karthi/New Volume1/Warrior/Projects/ROS/dev_ws/install/setup.bash'
[4.833s] INFO:colcon.colcon_core.shell:Creating prefix script '/media/karthi/New Volume1/Warrior/Projects/ROS/dev_ws/install/local_setup.zsh'
[4.834s] INFO:colcon.colcon_core.shell:Creating prefix chain script '/media/karthi/New Volume1/Warrior/Projects/ROS/dev_ws/install/setup.zsh'
