[0.580s] Invoking command in '/media/karthi/New Volume/Warrior/Projects/ROS/dev_ws/src/turtle_control': PYTHONPATH=/media/karthi/New Volume/Warrior/Projects/ROS/dev_ws/install/turtle_control/lib/python3.8/site-packages:${PYTHONPATH} /usr/bin/python3 setup.py egg_info --egg-base ../../build/turtle_control build --build-base /media/karthi/New Volume/Warrior/Projects/ROS/dev_ws/build/turtle_control/build install --prefix /media/karthi/New Volume/Warrior/Projects/ROS/dev_ws/install/turtle_control --record /media/karthi/New Volume/Warrior/Projects/ROS/dev_ws/build/turtle_control/install.log --single-version-externally-managed
[0.786s] running egg_info
[0.786s] writing ../../build/turtle_control/turtle_control.egg-info/PKG-INFO
[0.787s] writing dependency_links to ../../build/turtle_control/turtle_control.egg-info/dependency_links.txt
[0.787s] writing entry points to ../../build/turtle_control/turtle_control.egg-info/entry_points.txt
[0.788s] writing requirements to ../../build/turtle_control/turtle_control.egg-info/requires.txt
[0.788s] writing top-level names to ../../build/turtle_control/turtle_control.egg-info/top_level.txt
[0.817s] reading manifest file '../../build/turtle_control/turtle_control.egg-info/SOURCES.txt'
[0.819s] writing manifest file '../../build/turtle_control/turtle_control.egg-info/SOURCES.txt'
[0.819s] running build
[0.819s] running build_py
[0.821s] running install
[0.822s] running install_lib
[0.826s] running install_data
[0.827s] running install_egg_info
[0.829s] removing '/media/karthi/New Volume/Warrior/Projects/ROS/dev_ws/install/turtle_control/lib/python3.8/site-packages/turtle_control-0.0.0-py3.8.egg-info' (and everything under it)
[0.831s] Copying ../../build/turtle_control/turtle_control.egg-info to /media/karthi/New Volume/Warrior/Projects/ROS/dev_ws/install/turtle_control/lib/python3.8/site-packages/turtle_control-0.0.0-py3.8.egg-info
[0.837s] running install_scripts
[0.852s] Installing pyturtle script to /media/karthi/New Volume/Warrior/Projects/ROS/dev_ws/install/turtle_control/lib/turtle_control
[0.852s] Installing pyturtlecontrol script to /media/karthi/New Volume/Warrior/Projects/ROS/dev_ws/install/turtle_control/lib/turtle_control
[0.853s] writing list of installed files to '/media/karthi/New Volume/Warrior/Projects/ROS/dev_ws/build/turtle_control/install.log'
[0.867s] Invoked command in '/media/karthi/New Volume/Warrior/Projects/ROS/dev_ws/src/turtle_control' returned '0': PYTHONPATH=/media/karthi/New Volume/Warrior/Projects/ROS/dev_ws/install/turtle_control/lib/python3.8/site-packages:${PYTHONPATH} /usr/bin/python3 setup.py egg_info --egg-base ../../build/turtle_control build --build-base /media/karthi/New Volume/Warrior/Projects/ROS/dev_ws/build/turtle_control/build install --prefix /media/karthi/New Volume/Warrior/Projects/ROS/dev_ws/install/turtle_control --record /media/karthi/New Volume/Warrior/Projects/ROS/dev_ws/build/turtle_control/install.log --single-version-externally-managed
