[0.108s] DEBUG:colcon:Command line arguments: ['/usr/bin/colcon', 'build', '--packages-select', 'pyturtle_interfaces']
[0.108s] DEBUG:colcon:Parsed command line arguments: Namespace(allow_overriding=[], ament_cmake_args=None, base_paths=['.'], build_base='build', catkin_cmake_args=None, catkin_skip_building_tests=False, cmake_args=None, cmake_clean_cache=False, cmake_clean_first=False, cmake_force_configure=False, cmake_target=None, cmake_target_skip_unavailable=False, continue_on_error=False, event_handlers=None, executor='parallel', ignore_user_meta=False, install_base='install', log_base=None, log_level=None, main=<bound method BuildVerb.main of <colcon_core.verb.build.BuildVerb object at 0x7f5b22e78d00>>, merge_install=False, metas=['./colcon.meta'], packages_above=None, packages_above_and_dependencies=None, packages_above_depth=None, packages_end=None, packages_ignore=None, packages_ignore_regex=None, packages_select=['pyturtle_interfaces'], packages_select_build_failed=False, packages_select_by_dep=None, packages_select_regex=None, packages_select_test_failures=False, packages_skip=None, packages_skip_build_finished=False, packages_skip_by_dep=None, packages_skip_regex=None, packages_skip_test_passed=False, packages_skip_up_to=None, packages_start=None, packages_up_to=None, packages_up_to_regex=None, parallel_workers=12, paths=None, symlink_install=False, test_result_base=None, verb_extension=<colcon_core.verb.build.BuildVerb object at 0x7f5b22e78d00>, verb_name='build', verb_parser=<colcon_defaults.argument_parser.defaults.DefaultArgumentsDecorator object at 0x7f5b22e842b0>)
[0.112s] Level 1:colcon.colcon_core.package_discovery:discover_packages(colcon_meta) check parameters
[0.113s] Level 1:colcon.colcon_core.package_discovery:discover_packages(recursive) check parameters
[0.113s] Level 1:colcon.colcon_core.package_discovery:discover_packages(ignore) check parameters
[0.113s] Level 1:colcon.colcon_core.package_discovery:discover_packages(path) check parameters
[0.113s] Level 1:colcon.colcon_core.package_discovery:discover_packages(colcon_meta) discover
[0.113s] Level 1:colcon.colcon_core.package_discovery:discover_packages(recursive) discover
[0.113s] INFO:colcon.colcon_core.package_discovery:Crawling recursively for packages in '/media/karthi/New Volume/Warrior/Projects/ROS/dev_ws'
[0.113s] Level 1:colcon.colcon_core.package_identification:_identify(.) by extensions ['ignore', 'ignore_ament_install']
[0.113s] Level 1:colcon.colcon_core.package_identification:_identify(.) by extension 'ignore'
[0.114s] Level 1:colcon.colcon_core.package_identification:_identify(.) by extension 'ignore_ament_install'
[0.114s] Level 1:colcon.colcon_core.package_identification:_identify(.) by extensions ['colcon_pkg']
[0.114s] Level 1:colcon.colcon_core.package_identification:_identify(.) by extension 'colcon_pkg'
[0.114s] Level 1:colcon.colcon_core.package_identification:_identify(.) by extensions ['colcon_meta']
[0.114s] Level 1:colcon.colcon_core.package_identification:_identify(.) by extension 'colcon_meta'
[0.114s] Level 1:colcon.colcon_core.package_identification:_identify(.) by extensions ['ros']
[0.114s] Level 1:colcon.colcon_core.package_identification:_identify(.) by extension 'ros'
[0.123s] Level 1:colcon.colcon_core.package_identification:_identify(.) by extensions ['cmake', 'python']
[0.123s] Level 1:colcon.colcon_core.package_identification:_identify(.) by extension 'cmake'
[0.123s] Level 1:colcon.colcon_core.package_identification:_identify(.) by extension 'python'
[0.123s] Level 1:colcon.colcon_core.package_identification:_identify(.) by extensions ['python_setup_py']
[0.123s] Level 1:colcon.colcon_core.package_identification:_identify(.) by extension 'python_setup_py'
[0.124s] Level 1:colcon.colcon_core.package_identification:_identify(build) by extensions ['ignore', 'ignore_ament_install']
[0.124s] Level 1:colcon.colcon_core.package_identification:_identify(build) by extension 'ignore'
[0.124s] Level 1:colcon.colcon_core.package_identification:_identify(build) ignored
[0.124s] Level 1:colcon.colcon_core.package_identification:_identify(install) by extensions ['ignore', 'ignore_ament_install']
[0.124s] Level 1:colcon.colcon_core.package_identification:_identify(install) by extension 'ignore'
[0.124s] Level 1:colcon.colcon_core.package_identification:_identify(install) ignored
[0.125s] Level 1:colcon.colcon_core.package_identification:_identify(log) by extensions ['ignore', 'ignore_ament_install']
[0.125s] Level 1:colcon.colcon_core.package_identification:_identify(log) by extension 'ignore'
[0.125s] Level 1:colcon.colcon_core.package_identification:_identify(log) ignored
[0.125s] Level 1:colcon.colcon_core.package_identification:_identify(src) by extensions ['ignore', 'ignore_ament_install']
[0.125s] Level 1:colcon.colcon_core.package_identification:_identify(src) by extension 'ignore'
[0.125s] Level 1:colcon.colcon_core.package_identification:_identify(src) by extension 'ignore_ament_install'
[0.125s] Level 1:colcon.colcon_core.package_identification:_identify(src) by extensions ['colcon_pkg']
[0.125s] Level 1:colcon.colcon_core.package_identification:_identify(src) by extension 'colcon_pkg'
[0.125s] Level 1:colcon.colcon_core.package_identification:_identify(src) by extensions ['colcon_meta']
[0.125s] Level 1:colcon.colcon_core.package_identification:_identify(src) by extension 'colcon_meta'
[0.126s] Level 1:colcon.colcon_core.package_identification:_identify(src) by extensions ['ros']
[0.126s] Level 1:colcon.colcon_core.package_identification:_identify(src) by extension 'ros'
[0.126s] Level 1:colcon.colcon_core.package_identification:_identify(src) by extensions ['cmake', 'python']
[0.126s] Level 1:colcon.colcon_core.package_identification:_identify(src) by extension 'cmake'
[0.126s] Level 1:colcon.colcon_core.package_identification:_identify(src) by extension 'python'
[0.126s] Level 1:colcon.colcon_core.package_identification:_identify(src) by extensions ['python_setup_py']
[0.126s] Level 1:colcon.colcon_core.package_identification:_identify(src) by extension 'python_setup_py'
[0.126s] Level 1:colcon.colcon_core.package_identification:_identify(src/pyturtle_interfaces) by extensions ['ignore', 'ignore_ament_install']
[0.126s] Level 1:colcon.colcon_core.package_identification:_identify(src/pyturtle_interfaces) by extension 'ignore'
[0.127s] Level 1:colcon.colcon_core.package_identification:_identify(src/pyturtle_interfaces) by extension 'ignore_ament_install'
[0.127s] Level 1:colcon.colcon_core.package_identification:_identify(src/pyturtle_interfaces) by extensions ['colcon_pkg']
[0.127s] Level 1:colcon.colcon_core.package_identification:_identify(src/pyturtle_interfaces) by extension 'colcon_pkg'
[0.127s] Level 1:colcon.colcon_core.package_identification:_identify(src/pyturtle_interfaces) by extensions ['colcon_meta']
[0.127s] Level 1:colcon.colcon_core.package_identification:_identify(src/pyturtle_interfaces) by extension 'colcon_meta'
[0.127s] Level 1:colcon.colcon_core.package_identification:_identify(src/pyturtle_interfaces) by extensions ['ros']
[0.127s] Level 1:colcon.colcon_core.package_identification:_identify(src/pyturtle_interfaces) by extension 'ros'
[0.127s] Level 1:colcon.colcon_core.package_identification:_identify(src/pyturtle_interfaces) by extensions ['cmake', 'python']
[0.127s] Level 1:colcon.colcon_core.package_identification:_identify(src/pyturtle_interfaces) by extension 'cmake'
[0.127s] Level 1:colcon.colcon_core.package_identification:_identify(src/pyturtle_interfaces) by extension 'python'
[0.127s] Level 1:colcon.colcon_core.package_identification:_identify(src/pyturtle_interfaces) by extensions ['python_setup_py']
[0.128s] Level 1:colcon.colcon_core.package_identification:_identify(src/pyturtle_interfaces) by extension 'python_setup_py'
[0.128s] Level 1:colcon.colcon_core.package_identification:_identify(src/pyturtle_interfaces/include) by extensions ['ignore', 'ignore_ament_install']
[0.128s] Level 1:colcon.colcon_core.package_identification:_identify(src/pyturtle_interfaces/include) by extension 'ignore'
[0.128s] Level 1:colcon.colcon_core.package_identification:_identify(src/pyturtle_interfaces/include) by extension 'ignore_ament_install'
[0.128s] Level 1:colcon.colcon_core.package_identification:_identify(src/pyturtle_interfaces/include) by extensions ['colcon_pkg']
[0.128s] Level 1:colcon.colcon_core.package_identification:_identify(src/pyturtle_interfaces/include) by extension 'colcon_pkg'
[0.128s] Level 1:colcon.colcon_core.package_identification:_identify(src/pyturtle_interfaces/include) by extensions ['colcon_meta']
[0.128s] Level 1:colcon.colcon_core.package_identification:_identify(src/pyturtle_interfaces/include) by extension 'colcon_meta'
[0.129s] Level 1:colcon.colcon_core.package_identification:_identify(src/pyturtle_interfaces/include) by extensions ['ros']
[0.129s] Level 1:colcon.colcon_core.package_identification:_identify(src/pyturtle_interfaces/include) by extension 'ros'
[0.129s] Level 1:colcon.colcon_core.package_identification:_identify(src/pyturtle_interfaces/include) by extensions ['cmake', 'python']
[0.129s] Level 1:colcon.colcon_core.package_identification:_identify(src/pyturtle_interfaces/include) by extension 'cmake'
[0.129s] Level 1:colcon.colcon_core.package_identification:_identify(src/pyturtle_interfaces/include) by extension 'python'
[0.129s] Level 1:colcon.colcon_core.package_identification:_identify(src/pyturtle_interfaces/include) by extensions ['python_setup_py']
[0.129s] Level 1:colcon.colcon_core.package_identification:_identify(src/pyturtle_interfaces/include) by extension 'python_setup_py'
[0.129s] Level 1:colcon.colcon_core.package_identification:_identify(src/pyturtle_interfaces/include/pyturtle_interfaces) by extensions ['ignore', 'ignore_ament_install']
[0.130s] Level 1:colcon.colcon_core.package_identification:_identify(src/pyturtle_interfaces/include/pyturtle_interfaces) by extension 'ignore'
[0.130s] Level 1:colcon.colcon_core.package_identification:_identify(src/pyturtle_interfaces/include/pyturtle_interfaces) by extension 'ignore_ament_install'
[0.130s] Level 1:colcon.colcon_core.package_identification:_identify(src/pyturtle_interfaces/include/pyturtle_interfaces) by extensions ['colcon_pkg']
[0.130s] Level 1:colcon.colcon_core.package_identification:_identify(src/pyturtle_interfaces/include/pyturtle_interfaces) by extension 'colcon_pkg'
[0.130s] Level 1:colcon.colcon_core.package_identification:_identify(src/pyturtle_interfaces/include/pyturtle_interfaces) by extensions ['colcon_meta']
[0.130s] Level 1:colcon.colcon_core.package_identification:_identify(src/pyturtle_interfaces/include/pyturtle_interfaces) by extension 'colcon_meta'
[0.130s] Level 1:colcon.colcon_core.package_identification:_identify(src/pyturtle_interfaces/include/pyturtle_interfaces) by extensions ['ros']
[0.130s] Level 1:colcon.colcon_core.package_identification:_identify(src/pyturtle_interfaces/include/pyturtle_interfaces) by extension 'ros'
[0.131s] Level 1:colcon.colcon_core.package_identification:_identify(src/pyturtle_interfaces/include/pyturtle_interfaces) by extensions ['cmake', 'python']
[0.131s] Level 1:colcon.colcon_core.package_identification:_identify(src/pyturtle_interfaces/include/pyturtle_interfaces) by extension 'cmake'
[0.131s] Level 1:colcon.colcon_core.package_identification:_identify(src/pyturtle_interfaces/include/pyturtle_interfaces) by extension 'python'
[0.131s] Level 1:colcon.colcon_core.package_identification:_identify(src/pyturtle_interfaces/include/pyturtle_interfaces) by extensions ['python_setup_py']
[0.131s] Level 1:colcon.colcon_core.package_identification:_identify(src/pyturtle_interfaces/include/pyturtle_interfaces) by extension 'python_setup_py'
[0.131s] Level 1:colcon.colcon_core.package_identification:_identify(src/pyturtle_interfaces/src) by extensions ['ignore', 'ignore_ament_install']
[0.131s] Level 1:colcon.colcon_core.package_identification:_identify(src/pyturtle_interfaces/src) by extension 'ignore'
[0.131s] Level 1:colcon.colcon_core.package_identification:_identify(src/pyturtle_interfaces/src) by extension 'ignore_ament_install'
[0.132s] Level 1:colcon.colcon_core.package_identification:_identify(src/pyturtle_interfaces/src) by extensions ['colcon_pkg']
[0.132s] Level 1:colcon.colcon_core.package_identification:_identify(src/pyturtle_interfaces/src) by extension 'colcon_pkg'
[0.132s] Level 1:colcon.colcon_core.package_identification:_identify(src/pyturtle_interfaces/src) by extensions ['colcon_meta']
[0.132s] Level 1:colcon.colcon_core.package_identification:_identify(src/pyturtle_interfaces/src) by extension 'colcon_meta'
[0.132s] Level 1:colcon.colcon_core.package_identification:_identify(src/pyturtle_interfaces/src) by extensions ['ros']
[0.132s] Level 1:colcon.colcon_core.package_identification:_identify(src/pyturtle_interfaces/src) by extension 'ros'
[0.132s] Level 1:colcon.colcon_core.package_identification:_identify(src/pyturtle_interfaces/src) by extensions ['cmake', 'python']
[0.132s] Level 1:colcon.colcon_core.package_identification:_identify(src/pyturtle_interfaces/src) by extension 'cmake'
[0.132s] Level 1:colcon.colcon_core.package_identification:_identify(src/pyturtle_interfaces/src) by extension 'python'
[0.132s] Level 1:colcon.colcon_core.package_identification:_identify(src/pyturtle_interfaces/src) by extensions ['python_setup_py']
[0.132s] Level 1:colcon.colcon_core.package_identification:_identify(src/pyturtle_interfaces/src) by extension 'python_setup_py'
[0.133s] Level 1:colcon.colcon_core.package_identification:_identify(src/pyturtle_interfaces/srv) by extensions ['ignore', 'ignore_ament_install']
[0.133s] Level 1:colcon.colcon_core.package_identification:_identify(src/pyturtle_interfaces/srv) by extension 'ignore'
[0.133s] Level 1:colcon.colcon_core.package_identification:_identify(src/pyturtle_interfaces/srv) by extension 'ignore_ament_install'
[0.133s] Level 1:colcon.colcon_core.package_identification:_identify(src/pyturtle_interfaces/srv) by extensions ['colcon_pkg']
[0.133s] Level 1:colcon.colcon_core.package_identification:_identify(src/pyturtle_interfaces/srv) by extension 'colcon_pkg'
[0.133s] Level 1:colcon.colcon_core.package_identification:_identify(src/pyturtle_interfaces/srv) by extensions ['colcon_meta']
[0.133s] Level 1:colcon.colcon_core.package_identification:_identify(src/pyturtle_interfaces/srv) by extension 'colcon_meta'
[0.134s] Level 1:colcon.colcon_core.package_identification:_identify(src/pyturtle_interfaces/srv) by extensions ['ros']
[0.134s] Level 1:colcon.colcon_core.package_identification:_identify(src/pyturtle_interfaces/srv) by extension 'ros'
[0.134s] Level 1:colcon.colcon_core.package_identification:_identify(src/pyturtle_interfaces/srv) by extensions ['cmake', 'python']
[0.134s] Level 1:colcon.colcon_core.package_identification:_identify(src/pyturtle_interfaces/srv) by extension 'cmake'
[0.134s] Level 1:colcon.colcon_core.package_identification:_identify(src/pyturtle_interfaces/srv) by extension 'python'
[0.134s] Level 1:colcon.colcon_core.package_identification:_identify(src/pyturtle_interfaces/srv) by extensions ['python_setup_py']
[0.134s] Level 1:colcon.colcon_core.package_identification:_identify(src/pyturtle_interfaces/srv) by extension 'python_setup_py'
[0.134s] Level 1:colcon.colcon_core.package_identification:_identify(src/turtle_control) by extensions ['ignore', 'ignore_ament_install']
[0.134s] Level 1:colcon.colcon_core.package_identification:_identify(src/turtle_control) by extension 'ignore'
[0.135s] Level 1:colcon.colcon_core.package_identification:_identify(src/turtle_control) by extension 'ignore_ament_install'
[0.135s] Level 1:colcon.colcon_core.package_identification:_identify(src/turtle_control) by extensions ['colcon_pkg']
[0.135s] Level 1:colcon.colcon_core.package_identification:_identify(src/turtle_control) by extension 'colcon_pkg'
[0.135s] Level 1:colcon.colcon_core.package_identification:_identify(src/turtle_control) by extensions ['colcon_meta']
[0.135s] Level 1:colcon.colcon_core.package_identification:_identify(src/turtle_control) by extension 'colcon_meta'
[0.135s] Level 1:colcon.colcon_core.package_identification:_identify(src/turtle_control) by extensions ['ros']
[0.135s] Level 1:colcon.colcon_core.package_identification:_identify(src/turtle_control) by extension 'ros'
[0.137s] DEBUG:colcon.colcon_core.package_identification:Package 'src/turtle_control' with type 'ros.ament_python' and name 'turtle_control'
[0.137s] Level 1:colcon.colcon_core.package_identification:_identify(src/turtlesim) by extensions ['ignore', 'ignore_ament_install']
[0.137s] Level 1:colcon.colcon_core.package_identification:_identify(src/turtlesim) by extension 'ignore'
[0.138s] Level 1:colcon.colcon_core.package_identification:_identify(src/turtlesim) by extension 'ignore_ament_install'
[0.138s] Level 1:colcon.colcon_core.package_identification:_identify(src/turtlesim) by extensions ['colcon_pkg']
[0.138s] Level 1:colcon.colcon_core.package_identification:_identify(src/turtlesim) by extension 'colcon_pkg'
[0.138s] Level 1:colcon.colcon_core.package_identification:_identify(src/turtlesim) by extensions ['colcon_meta']
[0.138s] Level 1:colcon.colcon_core.package_identification:_identify(src/turtlesim) by extension 'colcon_meta'
[0.138s] Level 1:colcon.colcon_core.package_identification:_identify(src/turtlesim) by extensions ['ros']
[0.138s] Level 1:colcon.colcon_core.package_identification:_identify(src/turtlesim) by extension 'ros'
[0.139s] DEBUG:colcon.colcon_core.package_identification:Package 'src/turtlesim' with type 'ros.ament_cmake' and name 'turtlesim'
[0.139s] Level 1:colcon.colcon_core.package_discovery:discover_packages(recursive) using defaults
[0.139s] Level 1:colcon.colcon_core.package_discovery:discover_packages(ignore) discover
[0.139s] Level 1:colcon.colcon_core.package_discovery:discover_packages(ignore) using defaults
[0.139s] Level 1:colcon.colcon_core.package_discovery:discover_packages(path) discover
[0.139s] Level 1:colcon.colcon_core.package_discovery:discover_packages(path) using defaults
[0.140s] WARNING:colcon.colcon_core.package_selection:ignoring unknown package 'pyturtle_interfaces' in --packages-select
[0.154s] INFO:colcon.colcon_core.package_selection:Skipping not selected package 'turtle_control' in 'src/turtle_control'
[0.154s] INFO:colcon.colcon_core.package_selection:Skipping not selected package 'turtlesim' in 'src/turtlesim'
[0.156s] INFO:colcon.colcon_core.executor:Executing jobs using 'parallel' executor
[0.158s] DEBUG:colcon.colcon_parallel_executor.executor.parallel:run_until_complete
[0.158s] DEBUG:colcon.colcon_parallel_executor.executor.parallel:closing loop
[0.158s] DEBUG:colcon.colcon_parallel_executor.executor.parallel:loop closed
[0.158s] DEBUG:colcon.colcon_parallel_executor.executor.parallel:run_until_complete finished with '0'
[0.159s] DEBUG:colcon.colcon_core.event_reactor:joining thread
[0.162s] INFO:colcon.colcon_core.plugin_system:Skipping extension 'colcon_notification.desktop_notification.terminal_notifier': Not used on non-Darwin systems
[0.163s] INFO:colcon.colcon_core.plugin_system:Skipping extension 'colcon_notification.desktop_notification.win32': Not used on non-Windows systems
[0.163s] INFO:colcon.colcon_notification.desktop_notification:Sending desktop notification using 'notify2'
[0.183s] DEBUG:colcon.colcon_core.event_reactor:joined thread
[0.186s] INFO:colcon.colcon_core.plugin_system:Skipping extension 'colcon_core.shell.bat': Not used on non-Windows systems
[0.186s] INFO:colcon.colcon_core.shell:Creating prefix script '/media/karthi/New Volume/Warrior/Projects/ROS/dev_ws/install/local_setup.ps1'
[0.187s] INFO:colcon.colcon_core.shell:Creating prefix util module '/media/karthi/New Volume/Warrior/Projects/ROS/dev_ws/install/_local_setup_util_ps1.py'
[0.189s] INFO:colcon.colcon_core.shell:Creating prefix chain script '/media/karthi/New Volume/Warrior/Projects/ROS/dev_ws/install/setup.ps1'
[0.190s] INFO:colcon.colcon_core.shell:Creating prefix script '/media/karthi/New Volume/Warrior/Projects/ROS/dev_ws/install/local_setup.sh'
[0.191s] INFO:colcon.colcon_core.shell:Creating prefix util module '/media/karthi/New Volume/Warrior/Projects/ROS/dev_ws/install/_local_setup_util_sh.py'
[0.191s] INFO:colcon.colcon_core.shell:Creating prefix chain script '/media/karthi/New Volume/Warrior/Projects/ROS/dev_ws/install/setup.sh'
[0.192s] INFO:colcon.colcon_core.shell:Creating prefix script '/media/karthi/New Volume/Warrior/Projects/ROS/dev_ws/install/local_setup.bash'
[0.193s] INFO:colcon.colcon_core.shell:Creating prefix chain script '/media/karthi/New Volume/Warrior/Projects/ROS/dev_ws/install/setup.bash'
[0.194s] INFO:colcon.colcon_core.shell:Creating prefix script '/media/karthi/New Volume/Warrior/Projects/ROS/dev_ws/install/local_setup.zsh'
[0.194s] INFO:colcon.colcon_core.shell:Creating prefix chain script '/media/karthi/New Volume/Warrior/Projects/ROS/dev_ws/install/setup.zsh'
