[0.529s] Invoking command in '/media/karthi/New Volume/Warrior/Projects/ROS/dev_ws/src/turtle_control': PYTHONPATH=/media/karthi/New Volume/Warrior/Projects/ROS/dev_ws/install/turtle_control/lib/python3.8/site-packages:${PYTHONPATH} /usr/bin/python3 setup.py egg_info --egg-base ../../build/turtle_control build --build-base /media/karthi/New Volume/Warrior/Projects/ROS/dev_ws/build/turtle_control/build install --prefix /media/karthi/New Volume/Warrior/Projects/ROS/dev_ws/install/turtle_control --record /media/karthi/New Volume/Warrior/Projects/ROS/dev_ws/build/turtle_control/install.log --single-version-externally-managed
[0.714s] running egg_info
[0.715s] writing ../../build/turtle_control/turtle_control.egg-info/PKG-INFO
[0.715s] writing dependency_links to ../../build/turtle_control/turtle_control.egg-info/dependency_links.txt
[0.716s] writing entry points to ../../build/turtle_control/turtle_control.egg-info/entry_points.txt
[0.716s] writing requirements to ../../build/turtle_control/turtle_control.egg-info/requires.txt
[0.716s] writing top-level names to ../../build/turtle_control/turtle_control.egg-info/top_level.txt
[0.744s] reading manifest file '../../build/turtle_control/turtle_control.egg-info/SOURCES.txt'
[0.746s] writing manifest file '../../build/turtle_control/turtle_control.egg-info/SOURCES.txt'
[0.746s] running build
[0.747s] running build_py
[0.748s] running install
[0.749s] running install_lib
[0.754s] running install_data
[0.755s] copying package.xml -> /media/karthi/New Volume/Warrior/Projects/ROS/dev_ws/install/turtle_control/share/turtle_control
[0.756s] running install_egg_info
[0.757s] removing '/media/karthi/New Volume/Warrior/Projects/ROS/dev_ws/install/turtle_control/lib/python3.8/site-packages/turtle_control-0.0.0-py3.8.egg-info' (and everything under it)
[0.759s] Copying ../../build/turtle_control/turtle_control.egg-info to /media/karthi/New Volume/Warrior/Projects/ROS/dev_ws/install/turtle_control/lib/python3.8/site-packages/turtle_control-0.0.0-py3.8.egg-info
[0.766s] running install_scripts
[0.780s] Installing bgclient script to /media/karthi/New Volume/Warrior/Projects/ROS/dev_ws/install/turtle_control/lib/turtle_control
[0.780s] Installing bgservice script to /media/karthi/New Volume/Warrior/Projects/ROS/dev_ws/install/turtle_control/lib/turtle_control
[0.781s] Installing pyturtle script to /media/karthi/New Volume/Warrior/Projects/ROS/dev_ws/install/turtle_control/lib/turtle_control
[0.781s] Installing pyturtlecontrol script to /media/karthi/New Volume/Warrior/Projects/ROS/dev_ws/install/turtle_control/lib/turtle_control
[0.782s] writing list of installed files to '/media/karthi/New Volume/Warrior/Projects/ROS/dev_ws/build/turtle_control/install.log'
[0.796s] Invoked command in '/media/karthi/New Volume/Warrior/Projects/ROS/dev_ws/src/turtle_control' returned '0': PYTHONPATH=/media/karthi/New Volume/Warrior/Projects/ROS/dev_ws/install/turtle_control/lib/python3.8/site-packages:${PYTHONPATH} /usr/bin/python3 setup.py egg_info --egg-base ../../build/turtle_control build --build-base /media/karthi/New Volume/Warrior/Projects/ROS/dev_ws/build/turtle_control/build install --prefix /media/karthi/New Volume/Warrior/Projects/ROS/dev_ws/install/turtle_control --record /media/karthi/New Volume/Warrior/Projects/ROS/dev_ws/build/turtle_control/install.log --single-version-externally-managed
