[0.781s] Invoking command in '/media/karthi/New Volume1/Warrior/Projects/ROS/dev_ws/src/py_srvcli': PYTHONPATH=/media/karthi/New Volume1/Warrior/Projects/ROS/dev_ws/install/py_srvcli/lib/python3.8/site-packages:${PYTHONPATH} /usr/bin/python3 setup.py egg_info --egg-base ../../build/py_srvcli build --build-base /media/karthi/New Volume1/Warrior/Projects/ROS/dev_ws/build/py_srvcli/build install --prefix /media/karthi/New Volume1/Warrior/Projects/ROS/dev_ws/install/py_srvcli --record /media/karthi/New Volume1/Warrior/Projects/ROS/dev_ws/build/py_srvcli/install.log --single-version-externally-managed
[0.970s] running egg_info
[0.970s] writing ../../build/py_srvcli/py_srvcli.egg-info/PKG-INFO
[0.970s] writing dependency_links to ../../build/py_srvcli/py_srvcli.egg-info/dependency_links.txt
[0.971s] writing entry points to ../../build/py_srvcli/py_srvcli.egg-info/entry_points.txt
[0.971s] writing requirements to ../../build/py_srvcli/py_srvcli.egg-info/requires.txt
[0.971s] writing top-level names to ../../build/py_srvcli/py_srvcli.egg-info/top_level.txt
[1.000s] reading manifest file '../../build/py_srvcli/py_srvcli.egg-info/SOURCES.txt'
[1.003s] writing manifest file '../../build/py_srvcli/py_srvcli.egg-info/SOURCES.txt'
[1.003s] running build
[1.004s] running build_py
[1.005s] running install
[1.006s] running install_lib
[1.011s] running install_data
[1.011s] running install_egg_info
[1.013s] removing '/media/karthi/New Volume1/Warrior/Projects/ROS/dev_ws/install/py_srvcli/lib/python3.8/site-packages/py_srvcli-0.0.0-py3.8.egg-info' (and everything under it)
[1.015s] Copying ../../build/py_srvcli/py_srvcli.egg-info to /media/karthi/New Volume1/Warrior/Projects/ROS/dev_ws/install/py_srvcli/lib/python3.8/site-packages/py_srvcli-0.0.0-py3.8.egg-info
[1.021s] running install_scripts
[1.036s] Installing client script to /media/karthi/New Volume1/Warrior/Projects/ROS/dev_ws/install/py_srvcli/lib/py_srvcli
[1.036s] Installing service script to /media/karthi/New Volume1/Warrior/Projects/ROS/dev_ws/install/py_srvcli/lib/py_srvcli
[1.037s] writing list of installed files to '/media/karthi/New Volume1/Warrior/Projects/ROS/dev_ws/build/py_srvcli/install.log'
[1.064s] Invoked command in '/media/karthi/New Volume1/Warrior/Projects/ROS/dev_ws/src/py_srvcli' returned '0': PYTHONPATH=/media/karthi/New Volume1/Warrior/Projects/ROS/dev_ws/install/py_srvcli/lib/python3.8/site-packages:${PYTHONPATH} /usr/bin/python3 setup.py egg_info --egg-base ../../build/py_srvcli build --build-base /media/karthi/New Volume1/Warrior/Projects/ROS/dev_ws/build/py_srvcli/build install --prefix /media/karthi/New Volume1/Warrior/Projects/ROS/dev_ws/install/py_srvcli --record /media/karthi/New Volume1/Warrior/Projects/ROS/dev_ws/build/py_srvcli/install.log --single-version-externally-managed
