[  1%] Built target turtlesim__cpp
[ 11%] Built target turtlesim__rosidl_generator_c
[ 21%] Built target turtlesim__rosidl_typesupport_cpp
[ 31%] Built target turtlesim__rosidl_typesupport_introspection_cpp
[ 42%] Built target turtlesim__rosidl_typesupport_c
[ 53%] Built target turtlesim__rosidl_typesupport_fastrtps_cpp
[ 63%] Built target turtlesim__rosidl_typesupport_introspection_c
[ 74%] Built target turtlesim__rosidl_typesupport_fastrtps_c
[ 74%] Built target turtlesim
[35m[1mScanning dependencies of target turtlesim_node[0m
[ 74%] Built target turtlesim__py
[ 75%] Built target draw_square
[ 77%] Built target mimic
[ 79%] Built target turtle_teleop_key
[ 89%] Built target turtlesim__python
[ 91%] Built target turtlesim__rosidl_typesupport_fastrtps_c__pyext
[ 92%] Built target turtlesim__rosidl_typesupport_c__pyext
[ 94%] Built target turtlesim__rosidl_typesupport_introspection_c__pyext
[ 95%] [32mBuilding CXX object CMakeFiles/turtlesim_node.dir/src/turtle_frame.cpp.o[0m
[ 96%] [32m[1mLinking CXX executable turtlesim_node[0m
[100%] Built target turtlesim_node
-- Install configuration: ""
-- Installing: /media/karthi/New Volume/Warrior/Projects/ROS/dev_ws/install/turtlesim/share/ament_index/resource_index/rosidl_interfaces/turtlesim
-- Up-to-date: /media/karthi/New Volume/Warrior/Projects/ROS/dev_ws/install/turtlesim/include/turtlesim
-- Up-to-date: /media/karthi/New Volume/Warrior/Projects/ROS/dev_ws/install/turtlesim/include/turtlesim/action
-- Up-to-date: /media/karthi/New Volume/Warrior/Projects/ROS/dev_ws/install/turtlesim/include/turtlesim/action/detail
-- Installing: /media/karthi/New Volume/Warrior/Projects/ROS/dev_ws/install/turtlesim/include/turtlesim/action/detail/rotate_absolute__functions.c
-- Installing: /media/karthi/New Volume/Warrior/Projects/ROS/dev_ws/install/turtlesim/include/turtlesim/action/detail/rotate_absolute__functions.h
-- Installing: /media/karthi/New Volume/Warrior/Projects/ROS/dev_ws/install/turtlesim/include/turtlesim/action/detail/rotate_absolute__struct.h
-- Installing: /media/karthi/New Volume/Warrior/Projects/ROS/dev_ws/install/turtlesim/include/turtlesim/action/detail/rotate_absolute__type_support.h
-- Installing: /media/karthi/New Volume/Warrior/Projects/ROS/dev_ws/install/turtlesim/include/turtlesim/action/rotate_absolute.h
-- Up-to-date: /media/karthi/New Volume/Warrior/Projects/ROS/dev_ws/install/turtlesim/include/turtlesim/msg
-- Installing: /media/karthi/New Volume/Warrior/Projects/ROS/dev_ws/install/turtlesim/include/turtlesim/msg/color.h
-- Up-to-date: /media/karthi/New Volume/Warrior/Projects/ROS/dev_ws/install/turtlesim/include/turtlesim/msg/detail
-- Installing: /media/karthi/New Volume/Warrior/Projects/ROS/dev_ws/install/turtlesim/include/turtlesim/msg/detail/color__functions.c
-- Installing: /media/karthi/New Volume/Warrior/Projects/ROS/dev_ws/install/turtlesim/include/turtlesim/msg/detail/color__functions.h
-- Installing: /media/karthi/New Volume/Warrior/Projects/ROS/dev_ws/install/turtlesim/include/turtlesim/msg/detail/color__struct.h
-- Installing: /media/karthi/New Volume/Warrior/Projects/ROS/dev_ws/install/turtlesim/include/turtlesim/msg/detail/color__type_support.h
-- Installing: /media/karthi/New Volume/Warrior/Projects/ROS/dev_ws/install/turtlesim/include/turtlesim/msg/detail/main_bg__functions.c
-- Installing: /media/karthi/New Volume/Warrior/Projects/ROS/dev_ws/install/turtlesim/include/turtlesim/msg/detail/main_bg__functions.h
-- Installing: /media/karthi/New Volume/Warrior/Projects/ROS/dev_ws/install/turtlesim/include/turtlesim/msg/detail/main_bg__struct.h
-- Installing: /media/karthi/New Volume/Warrior/Projects/ROS/dev_ws/install/turtlesim/include/turtlesim/msg/detail/main_bg__type_support.h
-- Installing: /media/karthi/New Volume/Warrior/Projects/ROS/dev_ws/install/turtlesim/include/turtlesim/msg/detail/pose__functions.c
-- Installing: /media/karthi/New Volume/Warrior/Projects/ROS/dev_ws/install/turtlesim/include/turtlesim/msg/detail/pose__functions.h
-- Installing: /media/karthi/New Volume/Warrior/Projects/ROS/dev_ws/install/turtlesim/include/turtlesim/msg/detail/pose__struct.h
-- Installing: /media/karthi/New Volume/Warrior/Projects/ROS/dev_ws/install/turtlesim/include/turtlesim/msg/detail/pose__type_support.h
-- Installing: /media/karthi/New Volume/Warrior/Projects/ROS/dev_ws/install/turtlesim/include/turtlesim/msg/main_bg.h
-- Installing: /media/karthi/New Volume/Warrior/Projects/ROS/dev_ws/install/turtlesim/include/turtlesim/msg/pose.h
-- Up-to-date: /media/karthi/New Volume/Warrior/Projects/ROS/dev_ws/install/turtlesim/include/turtlesim/msg/rosidl_generator_c__visibility_control.h
-- Up-to-date: /media/karthi/New Volume/Warrior/Projects/ROS/dev_ws/install/turtlesim/include/turtlesim/srv
-- Up-to-date: /media/karthi/New Volume/Warrior/Projects/ROS/dev_ws/install/turtlesim/include/turtlesim/srv/detail
-- Installing: /media/karthi/New Volume/Warrior/Projects/ROS/dev_ws/install/turtlesim/include/turtlesim/srv/detail/kill__functions.c
-- Installing: /media/karthi/New Volume/Warrior/Projects/ROS/dev_ws/install/turtlesim/include/turtlesim/srv/detail/kill__functions.h
-- Installing: /media/karthi/New Volume/Warrior/Projects/ROS/dev_ws/install/turtlesim/include/turtlesim/srv/detail/kill__struct.h
-- Installing: /media/karthi/New Volume/Warrior/Projects/ROS/dev_ws/install/turtlesim/include/turtlesim/srv/detail/kill__type_support.h
-- Installing: /media/karthi/New Volume/Warrior/Projects/ROS/dev_ws/install/turtlesim/include/turtlesim/srv/detail/main_bg__functions.c
-- Installing: /media/karthi/New Volume/Warrior/Projects/ROS/dev_ws/install/turtlesim/include/turtlesim/srv/detail/main_bg__functions.h
-- Installing: /media/karthi/New Volume/Warrior/Projects/ROS/dev_ws/install/turtlesim/include/turtlesim/srv/detail/main_bg__struct.h
-- Installing: /media/karthi/New Volume/Warrior/Projects/ROS/dev_ws/install/turtlesim/include/turtlesim/srv/detail/main_bg__type_support.h
-- Installing: /media/karthi/New Volume/Warrior/Projects/ROS/dev_ws/install/turtlesim/include/turtlesim/srv/detail/set_pen__functions.c
-- Installing: /media/karthi/New Volume/Warrior/Projects/ROS/dev_ws/install/turtlesim/include/turtlesim/srv/detail/set_pen__functions.h
-- Installing: /media/karthi/New Volume/Warrior/Projects/ROS/dev_ws/install/turtlesim/include/turtlesim/srv/detail/set_pen__struct.h
-- Installing: /media/karthi/New Volume/Warrior/Projects/ROS/dev_ws/install/turtlesim/include/turtlesim/srv/detail/set_pen__type_support.h
-- Installing: /media/karthi/New Volume/Warrior/Projects/ROS/dev_ws/install/turtlesim/include/turtlesim/srv/detail/spawn__functions.c
-- Installing: /media/karthi/New Volume/Warrior/Projects/ROS/dev_ws/install/turtlesim/include/turtlesim/srv/detail/spawn__functions.h
-- Installing: /media/karthi/New Volume/Warrior/Projects/ROS/dev_ws/install/turtlesim/include/turtlesim/srv/detail/spawn__struct.h
-- Installing: /media/karthi/New Volume/Warrior/Projects/ROS/dev_ws/install/turtlesim/include/turtlesim/srv/detail/spawn__type_support.h
-- Installing: /media/karthi/New Volume/Warrior/Projects/ROS/dev_ws/install/turtlesim/include/turtlesim/srv/detail/teleport_absolute__functions.c
-- Installing: /media/karthi/New Volume/Warrior/Projects/ROS/dev_ws/install/turtlesim/include/turtlesim/srv/detail/teleport_absolute__functions.h
-- Installing: /media/karthi/New Volume/Warrior/Projects/ROS/dev_ws/install/turtlesim/include/turtlesim/srv/detail/teleport_absolute__struct.h
-- Installing: /media/karthi/New Volume/Warrior/Projects/ROS/dev_ws/install/turtlesim/include/turtlesim/srv/detail/teleport_absolute__type_support.h
-- Installing: /media/karthi/New Volume/Warrior/Projects/ROS/dev_ws/install/turtlesim/include/turtlesim/srv/detail/teleport_relative__functions.c
-- Installing: /media/karthi/New Volume/Warrior/Projects/ROS/dev_ws/install/turtlesim/include/turtlesim/srv/detail/teleport_relative__functions.h
-- Installing: /media/karthi/New Volume/Warrior/Projects/ROS/dev_ws/install/turtlesim/include/turtlesim/srv/detail/teleport_relative__struct.h
-- Installing: /media/karthi/New Volume/Warrior/Projects/ROS/dev_ws/install/turtlesim/include/turtlesim/srv/detail/teleport_relative__type_support.h
-- Installing: /media/karthi/New Volume/Warrior/Projects/ROS/dev_ws/install/turtlesim/include/turtlesim/srv/kill.h
-- Installing: /media/karthi/New Volume/Warrior/Projects/ROS/dev_ws/install/turtlesim/include/turtlesim/srv/main_bg.h
-- Installing: /media/karthi/New Volume/Warrior/Projects/ROS/dev_ws/install/turtlesim/include/turtlesim/srv/set_pen.h
-- Installing: /media/karthi/New Volume/Warrior/Projects/ROS/dev_ws/install/turtlesim/include/turtlesim/srv/spawn.h
-- Installing: /media/karthi/New Volume/Warrior/Projects/ROS/dev_ws/install/turtlesim/include/turtlesim/srv/teleport_absolute.h
-- Installing: /media/karthi/New Volume/Warrior/Projects/ROS/dev_ws/install/turtlesim/include/turtlesim/srv/teleport_relative.h
-- Up-to-date: /media/karthi/New Volume/Warrior/Projects/ROS/dev_ws/install/turtlesim/share/turtlesim/environment/library_path.sh
-- Installing: /media/karthi/New Volume/Warrior/Projects/ROS/dev_ws/install/turtlesim/share/turtlesim/environment/library_path.dsv
-- Installing: /media/karthi/New Volume/Warrior/Projects/ROS/dev_ws/install/turtlesim/lib/libturtlesim__rosidl_generator_c.so
-- Set runtime path of "/media/karthi/New Volume/Warrior/Projects/ROS/dev_ws/install/turtlesim/lib/libturtlesim__rosidl_generator_c.so" to ""
-- Up-to-date: /media/karthi/New Volume/Warrior/Projects/ROS/dev_ws/install/turtlesim/include/turtlesim
-- Up-to-date: /media/karthi/New Volume/Warrior/Projects/ROS/dev_ws/install/turtlesim/include/turtlesim/action
-- Up-to-date: /media/karthi/New Volume/Warrior/Projects/ROS/dev_ws/install/turtlesim/include/turtlesim/action/detail
-- Installing: /media/karthi/New Volume/Warrior/Projects/ROS/dev_ws/install/turtlesim/include/turtlesim/action/detail/rotate_absolute__rosidl_typesupport_fastrtps_c.h
-- Up-to-date: /media/karthi/New Volume/Warrior/Projects/ROS/dev_ws/install/turtlesim/include/turtlesim/msg
-- Up-to-date: /media/karthi/New Volume/Warrior/Projects/ROS/dev_ws/install/turtlesim/include/turtlesim/msg/detail
-- Installing: /media/karthi/New Volume/Warrior/Projects/ROS/dev_ws/install/turtlesim/include/turtlesim/msg/detail/color__rosidl_typesupport_fastrtps_c.h
-- Installing: /media/karthi/New Volume/Warrior/Projects/ROS/dev_ws/install/turtlesim/include/turtlesim/msg/detail/main_bg__rosidl_typesupport_fastrtps_c.h
-- Installing: /media/karthi/New Volume/Warrior/Projects/ROS/dev_ws/install/turtlesim/include/turtlesim/msg/detail/pose__rosidl_typesupport_fastrtps_c.h
-- Up-to-date: /media/karthi/New Volume/Warrior/Projects/ROS/dev_ws/install/turtlesim/include/turtlesim/msg/rosidl_typesupport_fastrtps_c__visibility_control.h
-- Up-to-date: /media/karthi/New Volume/Warrior/Projects/ROS/dev_ws/install/turtlesim/include/turtlesim/srv
-- Up-to-date: /media/karthi/New Volume/Warrior/Projects/ROS/dev_ws/install/turtlesim/include/turtlesim/srv/detail
-- Installing: /media/karthi/New Volume/Warrior/Projects/ROS/dev_ws/install/turtlesim/include/turtlesim/srv/detail/kill__rosidl_typesupport_fastrtps_c.h
-- Installing: /media/karthi/New Volume/Warrior/Projects/ROS/dev_ws/install/turtlesim/include/turtlesim/srv/detail/main_bg__rosidl_typesupport_fastrtps_c.h
-- Installing: /media/karthi/New Volume/Warrior/Projects/ROS/dev_ws/install/turtlesim/include/turtlesim/srv/detail/set_pen__rosidl_typesupport_fastrtps_c.h
-- Installing: /media/karthi/New Volume/Warrior/Projects/ROS/dev_ws/install/turtlesim/include/turtlesim/srv/detail/spawn__rosidl_typesupport_fastrtps_c.h
-- Installing: /media/karthi/New Volume/Warrior/Projects/ROS/dev_ws/install/turtlesim/include/turtlesim/srv/detail/teleport_absolute__rosidl_typesupport_fastrtps_c.h
-- Installing: /media/karthi/New Volume/Warrior/Projects/ROS/dev_ws/install/turtlesim/include/turtlesim/srv/detail/teleport_relative__rosidl_typesupport_fastrtps_c.h
-- Installing: /media/karthi/New Volume/Warrior/Projects/ROS/dev_ws/install/turtlesim/lib/libturtlesim__rosidl_typesupport_fastrtps_c.so
-- Set runtime path of "/media/karthi/New Volume/Warrior/Projects/ROS/dev_ws/install/turtlesim/lib/libturtlesim__rosidl_typesupport_fastrtps_c.so" to ""
-- Up-to-date: /media/karthi/New Volume/Warrior/Projects/ROS/dev_ws/install/turtlesim/include/turtlesim
-- Up-to-date: /media/karthi/New Volume/Warrior/Projects/ROS/dev_ws/install/turtlesim/include/turtlesim/action
-- Up-to-date: /media/karthi/New Volume/Warrior/Projects/ROS/dev_ws/install/turtlesim/include/turtlesim/action/detail
-- Up-to-date: /media/karthi/New Volume/Warrior/Projects/ROS/dev_ws/install/turtlesim/include/turtlesim/action/detail/dds_fastrtps
-- Installing: /media/karthi/New Volume/Warrior/Projects/ROS/dev_ws/install/turtlesim/include/turtlesim/action/detail/rotate_absolute__rosidl_typesupport_fastrtps_cpp.hpp
-- Up-to-date: /media/karthi/New Volume/Warrior/Projects/ROS/dev_ws/install/turtlesim/include/turtlesim/msg
-- Up-to-date: /media/karthi/New Volume/Warrior/Projects/ROS/dev_ws/install/turtlesim/include/turtlesim/msg/detail
-- Installing: /media/karthi/New Volume/Warrior/Projects/ROS/dev_ws/install/turtlesim/include/turtlesim/msg/detail/color__rosidl_typesupport_fastrtps_cpp.hpp
-- Up-to-date: /media/karthi/New Volume/Warrior/Projects/ROS/dev_ws/install/turtlesim/include/turtlesim/msg/detail/dds_fastrtps
-- Installing: /media/karthi/New Volume/Warrior/Projects/ROS/dev_ws/install/turtlesim/include/turtlesim/msg/detail/main_bg__rosidl_typesupport_fastrtps_cpp.hpp
-- Installing: /media/karthi/New Volume/Warrior/Projects/ROS/dev_ws/install/turtlesim/include/turtlesim/msg/detail/pose__rosidl_typesupport_fastrtps_cpp.hpp
-- Up-to-date: /media/karthi/New Volume/Warrior/Projects/ROS/dev_ws/install/turtlesim/include/turtlesim/msg/rosidl_typesupport_fastrtps_cpp__visibility_control.h
-- Up-to-date: /media/karthi/New Volume/Warrior/Projects/ROS/dev_ws/install/turtlesim/include/turtlesim/srv
-- Up-to-date: /media/karthi/New Volume/Warrior/Projects/ROS/dev_ws/install/turtlesim/include/turtlesim/srv/detail
-- Up-to-date: /media/karthi/New Volume/Warrior/Projects/ROS/dev_ws/install/turtlesim/include/turtlesim/srv/detail/dds_fastrtps
-- Installing: /media/karthi/New Volume/Warrior/Projects/ROS/dev_ws/install/turtlesim/include/turtlesim/srv/detail/kill__rosidl_typesupport_fastrtps_cpp.hpp
-- Installing: /media/karthi/New Volume/Warrior/Projects/ROS/dev_ws/install/turtlesim/include/turtlesim/srv/detail/main_bg__rosidl_typesupport_fastrtps_cpp.hpp
-- Installing: /media/karthi/New Volume/Warrior/Projects/ROS/dev_ws/install/turtlesim/include/turtlesim/srv/detail/set_pen__rosidl_typesupport_fastrtps_cpp.hpp
-- Installing: /media/karthi/New Volume/Warrior/Projects/ROS/dev_ws/install/turtlesim/include/turtlesim/srv/detail/spawn__rosidl_typesupport_fastrtps_cpp.hpp
-- Installing: /media/karthi/New Volume/Warrior/Projects/ROS/dev_ws/install/turtlesim/include/turtlesim/srv/detail/teleport_absolute__rosidl_typesupport_fastrtps_cpp.hpp
-- Installing: /media/karthi/New Volume/Warrior/Projects/ROS/dev_ws/install/turtlesim/include/turtlesim/srv/detail/teleport_relative__rosidl_typesupport_fastrtps_cpp.hpp
-- Installing: /media/karthi/New Volume/Warrior/Projects/ROS/dev_ws/install/turtlesim/lib/libturtlesim__rosidl_typesupport_fastrtps_cpp.so
-- Set runtime path of "/media/karthi/New Volume/Warrior/Projects/ROS/dev_ws/install/turtlesim/lib/libturtlesim__rosidl_typesupport_fastrtps_cpp.so" to ""
-- Up-to-date: /media/karthi/New Volume/Warrior/Projects/ROS/dev_ws/install/turtlesim/include/turtlesim
-- Up-to-date: /media/karthi/New Volume/Warrior/Projects/ROS/dev_ws/install/turtlesim/include/turtlesim/action
-- Up-to-date: /media/karthi/New Volume/Warrior/Projects/ROS/dev_ws/install/turtlesim/include/turtlesim/action/detail
-- Installing: /media/karthi/New Volume/Warrior/Projects/ROS/dev_ws/install/turtlesim/include/turtlesim/action/detail/rotate_absolute__rosidl_typesupport_introspection_c.h
-- Installing: /media/karthi/New Volume/Warrior/Projects/ROS/dev_ws/install/turtlesim/include/turtlesim/action/detail/rotate_absolute__type_support.c
-- Up-to-date: /media/karthi/New Volume/Warrior/Projects/ROS/dev_ws/install/turtlesim/include/turtlesim/msg
-- Up-to-date: /media/karthi/New Volume/Warrior/Projects/ROS/dev_ws/install/turtlesim/include/turtlesim/msg/detail
-- Installing: /media/karthi/New Volume/Warrior/Projects/ROS/dev_ws/install/turtlesim/include/turtlesim/msg/detail/color__rosidl_typesupport_introspection_c.h
-- Installing: /media/karthi/New Volume/Warrior/Projects/ROS/dev_ws/install/turtlesim/include/turtlesim/msg/detail/color__type_support.c
-- Installing: /media/karthi/New Volume/Warrior/Projects/ROS/dev_ws/install/turtlesim/include/turtlesim/msg/detail/main_bg__rosidl_typesupport_introspection_c.h
-- Installing: /media/karthi/New Volume/Warrior/Projects/ROS/dev_ws/install/turtlesim/include/turtlesim/msg/detail/main_bg__type_support.c
-- Installing: /media/karthi/New Volume/Warrior/Projects/ROS/dev_ws/install/turtlesim/include/turtlesim/msg/detail/pose__rosidl_typesupport_introspection_c.h
-- Installing: /media/karthi/New Volume/Warrior/Projects/ROS/dev_ws/install/turtlesim/include/turtlesim/msg/detail/pose__type_support.c
-- Up-to-date: /media/karthi/New Volume/Warrior/Projects/ROS/dev_ws/install/turtlesim/include/turtlesim/msg/rosidl_typesupport_introspection_c__visibility_control.h
-- Up-to-date: /media/karthi/New Volume/Warrior/Projects/ROS/dev_ws/install/turtlesim/include/turtlesim/srv
-- Up-to-date: /media/karthi/New Volume/Warrior/Projects/ROS/dev_ws/install/turtlesim/include/turtlesim/srv/detail
-- Installing: /media/karthi/New Volume/Warrior/Projects/ROS/dev_ws/install/turtlesim/include/turtlesim/srv/detail/kill__rosidl_typesupport_introspection_c.h
-- Installing: /media/karthi/New Volume/Warrior/Projects/ROS/dev_ws/install/turtlesim/include/turtlesim/srv/detail/kill__type_support.c
-- Installing: /media/karthi/New Volume/Warrior/Projects/ROS/dev_ws/install/turtlesim/include/turtlesim/srv/detail/main_bg__rosidl_typesupport_introspection_c.h
-- Installing: /media/karthi/New Volume/Warrior/Projects/ROS/dev_ws/install/turtlesim/include/turtlesim/srv/detail/main_bg__type_support.c
-- Installing: /media/karthi/New Volume/Warrior/Projects/ROS/dev_ws/install/turtlesim/include/turtlesim/srv/detail/set_pen__rosidl_typesupport_introspection_c.h
-- Installing: /media/karthi/New Volume/Warrior/Projects/ROS/dev_ws/install/turtlesim/include/turtlesim/srv/detail/set_pen__type_support.c
-- Installing: /media/karthi/New Volume/Warrior/Projects/ROS/dev_ws/install/turtlesim/include/turtlesim/srv/detail/spawn__rosidl_typesupport_introspection_c.h
-- Installing: /media/karthi/New Volume/Warrior/Projects/ROS/dev_ws/install/turtlesim/include/turtlesim/srv/detail/spawn__type_support.c
-- Installing: /media/karthi/New Volume/Warrior/Projects/ROS/dev_ws/install/turtlesim/include/turtlesim/srv/detail/teleport_absolute__rosidl_typesupport_introspection_c.h
-- Installing: /media/karthi/New Volume/Warrior/Projects/ROS/dev_ws/install/turtlesim/include/turtlesim/srv/detail/teleport_absolute__type_support.c
-- Installing: /media/karthi/New Volume/Warrior/Projects/ROS/dev_ws/install/turtlesim/include/turtlesim/srv/detail/teleport_relative__rosidl_typesupport_introspection_c.h
-- Installing: /media/karthi/New Volume/Warrior/Projects/ROS/dev_ws/install/turtlesim/include/turtlesim/srv/detail/teleport_relative__type_support.c
-- Installing: /media/karthi/New Volume/Warrior/Projects/ROS/dev_ws/install/turtlesim/lib/libturtlesim__rosidl_typesupport_introspection_c.so
-- Set runtime path of "/media/karthi/New Volume/Warrior/Projects/ROS/dev_ws/install/turtlesim/lib/libturtlesim__rosidl_typesupport_introspection_c.so" to ""
-- Installing: /media/karthi/New Volume/Warrior/Projects/ROS/dev_ws/install/turtlesim/lib/libturtlesim__rosidl_typesupport_c.so
-- Set runtime path of "/media/karthi/New Volume/Warrior/Projects/ROS/dev_ws/install/turtlesim/lib/libturtlesim__rosidl_typesupport_c.so" to ""
-- Up-to-date: /media/karthi/New Volume/Warrior/Projects/ROS/dev_ws/install/turtlesim/include/turtlesim
-- Up-to-date: /media/karthi/New Volume/Warrior/Projects/ROS/dev_ws/install/turtlesim/include/turtlesim/action
-- Up-to-date: /media/karthi/New Volume/Warrior/Projects/ROS/dev_ws/install/turtlesim/include/turtlesim/action/detail
-- Installing: /media/karthi/New Volume/Warrior/Projects/ROS/dev_ws/install/turtlesim/include/turtlesim/action/detail/rotate_absolute__builder.hpp
-- Installing: /media/karthi/New Volume/Warrior/Projects/ROS/dev_ws/install/turtlesim/include/turtlesim/action/detail/rotate_absolute__struct.hpp
-- Installing: /media/karthi/New Volume/Warrior/Projects/ROS/dev_ws/install/turtlesim/include/turtlesim/action/detail/rotate_absolute__traits.hpp
-- Installing: /media/karthi/New Volume/Warrior/Projects/ROS/dev_ws/install/turtlesim/include/turtlesim/action/rotate_absolute.hpp
-- Up-to-date: /media/karthi/New Volume/Warrior/Projects/ROS/dev_ws/install/turtlesim/include/turtlesim/msg
-- Installing: /media/karthi/New Volume/Warrior/Projects/ROS/dev_ws/install/turtlesim/include/turtlesim/msg/color.hpp
-- Up-to-date: /media/karthi/New Volume/Warrior/Projects/ROS/dev_ws/install/turtlesim/include/turtlesim/msg/detail
-- Installing: /media/karthi/New Volume/Warrior/Projects/ROS/dev_ws/install/turtlesim/include/turtlesim/msg/detail/color__builder.hpp
-- Installing: /media/karthi/New Volume/Warrior/Projects/ROS/dev_ws/install/turtlesim/include/turtlesim/msg/detail/color__struct.hpp
-- Installing: /media/karthi/New Volume/Warrior/Projects/ROS/dev_ws/install/turtlesim/include/turtlesim/msg/detail/color__traits.hpp
-- Installing: /media/karthi/New Volume/Warrior/Projects/ROS/dev_ws/install/turtlesim/include/turtlesim/msg/detail/main_bg__builder.hpp
-- Installing: /media/karthi/New Volume/Warrior/Projects/ROS/dev_ws/install/turtlesim/include/turtlesim/msg/detail/main_bg__struct.hpp
-- Installing: /media/karthi/New Volume/Warrior/Projects/ROS/dev_ws/install/turtlesim/include/turtlesim/msg/detail/main_bg__traits.hpp
-- Installing: /media/karthi/New Volume/Warrior/Projects/ROS/dev_ws/install/turtlesim/include/turtlesim/msg/detail/pose__builder.hpp
-- Installing: /media/karthi/New Volume/Warrior/Projects/ROS/dev_ws/install/turtlesim/include/turtlesim/msg/detail/pose__struct.hpp
-- Installing: /media/karthi/New Volume/Warrior/Projects/ROS/dev_ws/install/turtlesim/include/turtlesim/msg/detail/pose__traits.hpp
-- Installing: /media/karthi/New Volume/Warrior/Projects/ROS/dev_ws/install/turtlesim/include/turtlesim/msg/main_bg.hpp
-- Installing: /media/karthi/New Volume/Warrior/Projects/ROS/dev_ws/install/turtlesim/include/turtlesim/msg/pose.hpp
-- Up-to-date: /media/karthi/New Volume/Warrior/Projects/ROS/dev_ws/install/turtlesim/include/turtlesim/srv
-- Up-to-date: /media/karthi/New Volume/Warrior/Projects/ROS/dev_ws/install/turtlesim/include/turtlesim/srv/detail
-- Installing: /media/karthi/New Volume/Warrior/Projects/ROS/dev_ws/install/turtlesim/include/turtlesim/srv/detail/kill__builder.hpp
-- Installing: /media/karthi/New Volume/Warrior/Projects/ROS/dev_ws/install/turtlesim/include/turtlesim/srv/detail/kill__struct.hpp
-- Installing: /media/karthi/New Volume/Warrior/Projects/ROS/dev_ws/install/turtlesim/include/turtlesim/srv/detail/kill__traits.hpp
-- Installing: /media/karthi/New Volume/Warrior/Projects/ROS/dev_ws/install/turtlesim/include/turtlesim/srv/detail/main_bg__builder.hpp
-- Installing: /media/karthi/New Volume/Warrior/Projects/ROS/dev_ws/install/turtlesim/include/turtlesim/srv/detail/main_bg__struct.hpp
-- Installing: /media/karthi/New Volume/Warrior/Projects/ROS/dev_ws/install/turtlesim/include/turtlesim/srv/detail/main_bg__traits.hpp
-- Installing: /media/karthi/New Volume/Warrior/Projects/ROS/dev_ws/install/turtlesim/include/turtlesim/srv/detail/set_pen__builder.hpp
-- Installing: /media/karthi/New Volume/Warrior/Projects/ROS/dev_ws/install/turtlesim/include/turtlesim/srv/detail/set_pen__struct.hpp
-- Installing: /media/karthi/New Volume/Warrior/Projects/ROS/dev_ws/install/turtlesim/include/turtlesim/srv/detail/set_pen__traits.hpp
-- Installing: /media/karthi/New Volume/Warrior/Projects/ROS/dev_ws/install/turtlesim/include/turtlesim/srv/detail/spawn__builder.hpp
-- Installing: /media/karthi/New Volume/Warrior/Projects/ROS/dev_ws/install/turtlesim/include/turtlesim/srv/detail/spawn__struct.hpp
-- Installing: /media/karthi/New Volume/Warrior/Projects/ROS/dev_ws/install/turtlesim/include/turtlesim/srv/detail/spawn__traits.hpp
-- Installing: /media/karthi/New Volume/Warrior/Projects/ROS/dev_ws/install/turtlesim/include/turtlesim/srv/detail/teleport_absolute__builder.hpp
-- Installing: /media/karthi/New Volume/Warrior/Projects/ROS/dev_ws/install/turtlesim/include/turtlesim/srv/detail/teleport_absolute__struct.hpp
-- Installing: /media/karthi/New Volume/Warrior/Projects/ROS/dev_ws/install/turtlesim/include/turtlesim/srv/detail/teleport_absolute__traits.hpp
-- Installing: /media/karthi/New Volume/Warrior/Projects/ROS/dev_ws/install/turtlesim/include/turtlesim/srv/detail/teleport_relative__builder.hpp
-- Installing: /media/karthi/New Volume/Warrior/Projects/ROS/dev_ws/install/turtlesim/include/turtlesim/srv/detail/teleport_relative__struct.hpp
-- Installing: /media/karthi/New Volume/Warrior/Projects/ROS/dev_ws/install/turtlesim/include/turtlesim/srv/detail/teleport_relative__traits.hpp
-- Installing: /media/karthi/New Volume/Warrior/Projects/ROS/dev_ws/install/turtlesim/include/turtlesim/srv/kill.hpp
-- Installing: /media/karthi/New Volume/Warrior/Projects/ROS/dev_ws/install/turtlesim/include/turtlesim/srv/main_bg.hpp
-- Installing: /media/karthi/New Volume/Warrior/Projects/ROS/dev_ws/install/turtlesim/include/turtlesim/srv/set_pen.hpp
-- Installing: /media/karthi/New Volume/Warrior/Projects/ROS/dev_ws/install/turtlesim/include/turtlesim/srv/spawn.hpp
-- Installing: /media/karthi/New Volume/Warrior/Projects/ROS/dev_ws/install/turtlesim/include/turtlesim/srv/teleport_absolute.hpp
-- Installing: /media/karthi/New Volume/Warrior/Projects/ROS/dev_ws/install/turtlesim/include/turtlesim/srv/teleport_relative.hpp
-- Up-to-date: /media/karthi/New Volume/Warrior/Projects/ROS/dev_ws/install/turtlesim/include/turtlesim
-- Up-to-date: /media/karthi/New Volume/Warrior/Projects/ROS/dev_ws/install/turtlesim/include/turtlesim/action
-- Up-to-date: /media/karthi/New Volume/Warrior/Projects/ROS/dev_ws/install/turtlesim/include/turtlesim/action/detail
-- Installing: /media/karthi/New Volume/Warrior/Projects/ROS/dev_ws/install/turtlesim/include/turtlesim/action/detail/rotate_absolute__rosidl_typesupport_introspection_cpp.hpp
-- Installing: /media/karthi/New Volume/Warrior/Projects/ROS/dev_ws/install/turtlesim/include/turtlesim/action/detail/rotate_absolute__type_support.cpp
-- Up-to-date: /media/karthi/New Volume/Warrior/Projects/ROS/dev_ws/install/turtlesim/include/turtlesim/msg
-- Up-to-date: /media/karthi/New Volume/Warrior/Projects/ROS/dev_ws/install/turtlesim/include/turtlesim/msg/detail
-- Installing: /media/karthi/New Volume/Warrior/Projects/ROS/dev_ws/install/turtlesim/include/turtlesim/msg/detail/color__rosidl_typesupport_introspection_cpp.hpp
-- Installing: /media/karthi/New Volume/Warrior/Projects/ROS/dev_ws/install/turtlesim/include/turtlesim/msg/detail/color__type_support.cpp
-- Installing: /media/karthi/New Volume/Warrior/Projects/ROS/dev_ws/install/turtlesim/include/turtlesim/msg/detail/main_bg__rosidl_typesupport_introspection_cpp.hpp
-- Installing: /media/karthi/New Volume/Warrior/Projects/ROS/dev_ws/install/turtlesim/include/turtlesim/msg/detail/main_bg__type_support.cpp
-- Installing: /media/karthi/New Volume/Warrior/Projects/ROS/dev_ws/install/turtlesim/include/turtlesim/msg/detail/pose__rosidl_typesupport_introspection_cpp.hpp
-- Installing: /media/karthi/New Volume/Warrior/Projects/ROS/dev_ws/install/turtlesim/include/turtlesim/msg/detail/pose__type_support.cpp
-- Up-to-date: /media/karthi/New Volume/Warrior/Projects/ROS/dev_ws/install/turtlesim/include/turtlesim/srv
-- Up-to-date: /media/karthi/New Volume/Warrior/Projects/ROS/dev_ws/install/turtlesim/include/turtlesim/srv/detail
-- Installing: /media/karthi/New Volume/Warrior/Projects/ROS/dev_ws/install/turtlesim/include/turtlesim/srv/detail/kill__rosidl_typesupport_introspection_cpp.hpp
-- Installing: /media/karthi/New Volume/Warrior/Projects/ROS/dev_ws/install/turtlesim/include/turtlesim/srv/detail/kill__type_support.cpp
-- Installing: /media/karthi/New Volume/Warrior/Projects/ROS/dev_ws/install/turtlesim/include/turtlesim/srv/detail/main_bg__rosidl_typesupport_introspection_cpp.hpp
-- Installing: /media/karthi/New Volume/Warrior/Projects/ROS/dev_ws/install/turtlesim/include/turtlesim/srv/detail/main_bg__type_support.cpp
-- Installing: /media/karthi/New Volume/Warrior/Projects/ROS/dev_ws/install/turtlesim/include/turtlesim/srv/detail/set_pen__rosidl_typesupport_introspection_cpp.hpp
-- Installing: /media/karthi/New Volume/Warrior/Projects/ROS/dev_ws/install/turtlesim/include/turtlesim/srv/detail/set_pen__type_support.cpp
-- Installing: /media/karthi/New Volume/Warrior/Projects/ROS/dev_ws/install/turtlesim/include/turtlesim/srv/detail/spawn__rosidl_typesupport_introspection_cpp.hpp
-- Installing: /media/karthi/New Volume/Warrior/Projects/ROS/dev_ws/install/turtlesim/include/turtlesim/srv/detail/spawn__type_support.cpp
-- Installing: /media/karthi/New Volume/Warrior/Projects/ROS/dev_ws/install/turtlesim/include/turtlesim/srv/detail/teleport_absolute__rosidl_typesupport_introspection_cpp.hpp
-- Installing: /media/karthi/New Volume/Warrior/Projects/ROS/dev_ws/install/turtlesim/include/turtlesim/srv/detail/teleport_absolute__type_support.cpp
-- Installing: /media/karthi/New Volume/Warrior/Projects/ROS/dev_ws/install/turtlesim/include/turtlesim/srv/detail/teleport_relative__rosidl_typesupport_introspection_cpp.hpp
-- Installing: /media/karthi/New Volume/Warrior/Projects/ROS/dev_ws/install/turtlesim/include/turtlesim/srv/detail/teleport_relative__type_support.cpp
-- Installing: /media/karthi/New Volume/Warrior/Projects/ROS/dev_ws/install/turtlesim/lib/libturtlesim__rosidl_typesupport_introspection_cpp.so
-- Set runtime path of "/media/karthi/New Volume/Warrior/Projects/ROS/dev_ws/install/turtlesim/lib/libturtlesim__rosidl_typesupport_introspection_cpp.so" to ""
-- Installing: /media/karthi/New Volume/Warrior/Projects/ROS/dev_ws/install/turtlesim/lib/libturtlesim__rosidl_typesupport_cpp.so
-- Set runtime path of "/media/karthi/New Volume/Warrior/Projects/ROS/dev_ws/install/turtlesim/lib/libturtlesim__rosidl_typesupport_cpp.so" to ""
-- Up-to-date: /media/karthi/New Volume/Warrior/Projects/ROS/dev_ws/install/turtlesim/share/turtlesim/environment/pythonpath.sh
-- Installing: /media/karthi/New Volume/Warrior/Projects/ROS/dev_ws/install/turtlesim/share/turtlesim/environment/pythonpath.dsv
-- Installing: /media/karthi/New Volume/Warrior/Projects/ROS/dev_ws/install/turtlesim/lib/python3.8/site-packages/turtlesim/__init__.py
Compiling '/media/karthi/New Volume/Warrior/Projects/ROS/dev_ws/install/turtlesim/lib/python3.8/site-packages/turtlesim/__init__.py'...
-- Up-to-date: /media/karthi/New Volume/Warrior/Projects/ROS/dev_ws/install/turtlesim/lib/python3.8/site-packages/turtlesim/msg
-- Installing: /media/karthi/New Volume/Warrior/Projects/ROS/dev_ws/install/turtlesim/lib/python3.8/site-packages/turtlesim/msg/_color.py
-- Installing: /media/karthi/New Volume/Warrior/Projects/ROS/dev_ws/install/turtlesim/lib/python3.8/site-packages/turtlesim/msg/_color_s.c
-- Installing: /media/karthi/New Volume/Warrior/Projects/ROS/dev_ws/install/turtlesim/lib/python3.8/site-packages/turtlesim/msg/_main_bg.py
-- Installing: /media/karthi/New Volume/Warrior/Projects/ROS/dev_ws/install/turtlesim/lib/python3.8/site-packages/turtlesim/msg/_main_bg_s.c
-- Installing: /media/karthi/New Volume/Warrior/Projects/ROS/dev_ws/install/turtlesim/lib/python3.8/site-packages/turtlesim/msg/_pose.py
-- Installing: /media/karthi/New Volume/Warrior/Projects/ROS/dev_ws/install/turtlesim/lib/python3.8/site-packages/turtlesim/msg/_pose_s.c
-- Installing: /media/karthi/New Volume/Warrior/Projects/ROS/dev_ws/install/turtlesim/lib/python3.8/site-packages/turtlesim/msg/__init__.py
-- Up-to-date: /media/karthi/New Volume/Warrior/Projects/ROS/dev_ws/install/turtlesim/lib/python3.8/site-packages/turtlesim/srv
-- Installing: /media/karthi/New Volume/Warrior/Projects/ROS/dev_ws/install/turtlesim/lib/python3.8/site-packages/turtlesim/srv/_kill.py
-- Installing: /media/karthi/New Volume/Warrior/Projects/ROS/dev_ws/install/turtlesim/lib/python3.8/site-packages/turtlesim/srv/_kill_s.c
-- Installing: /media/karthi/New Volume/Warrior/Projects/ROS/dev_ws/install/turtlesim/lib/python3.8/site-packages/turtlesim/srv/_main_bg.py
-- Installing: /media/karthi/New Volume/Warrior/Projects/ROS/dev_ws/install/turtlesim/lib/python3.8/site-packages/turtlesim/srv/_main_bg_s.c
-- Installing: /media/karthi/New Volume/Warrior/Projects/ROS/dev_ws/install/turtlesim/lib/python3.8/site-packages/turtlesim/srv/_set_pen.py
-- Installing: /media/karthi/New Volume/Warrior/Projects/ROS/dev_ws/install/turtlesim/lib/python3.8/site-packages/turtlesim/srv/_set_pen_s.c
-- Installing: /media/karthi/New Volume/Warrior/Projects/ROS/dev_ws/install/turtlesim/lib/python3.8/site-packages/turtlesim/srv/_spawn.py
-- Installing: /media/karthi/New Volume/Warrior/Projects/ROS/dev_ws/install/turtlesim/lib/python3.8/site-packages/turtlesim/srv/_spawn_s.c
-- Installing: /media/karthi/New Volume/Warrior/Projects/ROS/dev_ws/install/turtlesim/lib/python3.8/site-packages/turtlesim/srv/_teleport_absolute.py
-- Installing: /media/karthi/New Volume/Warrior/Projects/ROS/dev_ws/install/turtlesim/lib/python3.8/site-packages/turtlesim/srv/_teleport_absolute_s.c
-- Installing: /media/karthi/New Volume/Warrior/Projects/ROS/dev_ws/install/turtlesim/lib/python3.8/site-packages/turtlesim/srv/_teleport_relative.py
-- Installing: /media/karthi/New Volume/Warrior/Projects/ROS/dev_ws/install/turtlesim/lib/python3.8/site-packages/turtlesim/srv/_teleport_relative_s.c
-- Installing: /media/karthi/New Volume/Warrior/Projects/ROS/dev_ws/install/turtlesim/lib/python3.8/site-packages/turtlesim/srv/__init__.py
-- Up-to-date: /media/karthi/New Volume/Warrior/Projects/ROS/dev_ws/install/turtlesim/lib/python3.8/site-packages/turtlesim/action
-- Installing: /media/karthi/New Volume/Warrior/Projects/ROS/dev_ws/install/turtlesim/lib/python3.8/site-packages/turtlesim/action/_rotate_absolute.py
-- Installing: /media/karthi/New Volume/Warrior/Projects/ROS/dev_ws/install/turtlesim/lib/python3.8/site-packages/turtlesim/action/_rotate_absolute_s.c
-- Installing: /media/karthi/New Volume/Warrior/Projects/ROS/dev_ws/install/turtlesim/lib/python3.8/site-packages/turtlesim/action/__init__.py
-- Installing: /media/karthi/New Volume/Warrior/Projects/ROS/dev_ws/install/turtlesim/lib/python3.8/site-packages/turtlesim/turtlesim_s__rosidl_typesupport_fastrtps_c.cpython-38-x86_64-linux-gnu.so
-- Set runtime path of "/media/karthi/New Volume/Warrior/Projects/ROS/dev_ws/install/turtlesim/lib/python3.8/site-packages/turtlesim/turtlesim_s__rosidl_typesupport_fastrtps_c.cpython-38-x86_64-linux-gnu.so" to ""
-- Installing: /media/karthi/New Volume/Warrior/Projects/ROS/dev_ws/install/turtlesim/lib/python3.8/site-packages/turtlesim/turtlesim_s__rosidl_typesupport_introspection_c.cpython-38-x86_64-linux-gnu.so
-- Set runtime path of "/media/karthi/New Volume/Warrior/Projects/ROS/dev_ws/install/turtlesim/lib/python3.8/site-packages/turtlesim/turtlesim_s__rosidl_typesupport_introspection_c.cpython-38-x86_64-linux-gnu.so" to ""
-- Installing: /media/karthi/New Volume/Warrior/Projects/ROS/dev_ws/install/turtlesim/lib/python3.8/site-packages/turtlesim/turtlesim_s__rosidl_typesupport_c.cpython-38-x86_64-linux-gnu.so
-- Set runtime path of "/media/karthi/New Volume/Warrior/Projects/ROS/dev_ws/install/turtlesim/lib/python3.8/site-packages/turtlesim/turtlesim_s__rosidl_typesupport_c.cpython-38-x86_64-linux-gnu.so" to ""
-- Installing: /media/karthi/New Volume/Warrior/Projects/ROS/dev_ws/install/turtlesim/lib/libturtlesim__python.so
-- Set runtime path of "/media/karthi/New Volume/Warrior/Projects/ROS/dev_ws/install/turtlesim/lib/libturtlesim__python.so" to ""
-- Installing: /media/karthi/New Volume/Warrior/Projects/ROS/dev_ws/install/turtlesim/share/turtlesim/msg/MainBG.idl
-- Installing: /media/karthi/New Volume/Warrior/Projects/ROS/dev_ws/install/turtlesim/share/turtlesim/srv/MainBG.idl
-- Up-to-date: /media/karthi/New Volume/Warrior/Projects/ROS/dev_ws/install/turtlesim/share/turtlesim/action/RotateAbsolute.idl
-- Up-to-date: /media/karthi/New Volume/Warrior/Projects/ROS/dev_ws/install/turtlesim/share/turtlesim/msg/Color.idl
-- Up-to-date: /media/karthi/New Volume/Warrior/Projects/ROS/dev_ws/install/turtlesim/share/turtlesim/msg/Pose.idl
-- Up-to-date: /media/karthi/New Volume/Warrior/Projects/ROS/dev_ws/install/turtlesim/share/turtlesim/srv/Kill.idl
-- Up-to-date: /media/karthi/New Volume/Warrior/Projects/ROS/dev_ws/install/turtlesim/share/turtlesim/srv/SetPen.idl
-- Up-to-date: /media/karthi/New Volume/Warrior/Projects/ROS/dev_ws/install/turtlesim/share/turtlesim/srv/Spawn.idl
-- Up-to-date: /media/karthi/New Volume/Warrior/Projects/ROS/dev_ws/install/turtlesim/share/turtlesim/srv/TeleportAbsolute.idl
-- Up-to-date: /media/karthi/New Volume/Warrior/Projects/ROS/dev_ws/install/turtlesim/share/turtlesim/srv/TeleportRelative.idl
-- Installing: /media/karthi/New Volume/Warrior/Projects/ROS/dev_ws/install/turtlesim/share/turtlesim/msg/MainBG.msg
-- Installing: /media/karthi/New Volume/Warrior/Projects/ROS/dev_ws/install/turtlesim/share/turtlesim/srv/MainBG.srv
-- Installing: /media/karthi/New Volume/Warrior/Projects/ROS/dev_ws/install/turtlesim/share/turtlesim/srv/MainBG_Request.msg
-- Installing: /media/karthi/New Volume/Warrior/Projects/ROS/dev_ws/install/turtlesim/share/turtlesim/srv/MainBG_Response.msg
-- Up-to-date: /media/karthi/New Volume/Warrior/Projects/ROS/dev_ws/install/turtlesim/share/turtlesim/action/RotateAbsolute.action
-- Up-to-date: /media/karthi/New Volume/Warrior/Projects/ROS/dev_ws/install/turtlesim/share/turtlesim/msg/Color.msg
-- Up-to-date: /media/karthi/New Volume/Warrior/Projects/ROS/dev_ws/install/turtlesim/share/turtlesim/msg/Pose.msg
-- Up-to-date: /media/karthi/New Volume/Warrior/Projects/ROS/dev_ws/install/turtlesim/share/turtlesim/srv/Kill.srv
-- Up-to-date: /media/karthi/New Volume/Warrior/Projects/ROS/dev_ws/install/turtlesim/share/turtlesim/srv/Kill_Request.msg
-- Up-to-date: /media/karthi/New Volume/Warrior/Projects/ROS/dev_ws/install/turtlesim/share/turtlesim/srv/Kill_Response.msg
-- Up-to-date: /media/karthi/New Volume/Warrior/Projects/ROS/dev_ws/install/turtlesim/share/turtlesim/srv/SetPen.srv
-- Up-to-date: /media/karthi/New Volume/Warrior/Projects/ROS/dev_ws/install/turtlesim/share/turtlesim/srv/SetPen_Request.msg
-- Up-to-date: /media/karthi/New Volume/Warrior/Projects/ROS/dev_ws/install/turtlesim/share/turtlesim/srv/SetPen_Response.msg
-- Up-to-date: /media/karthi/New Volume/Warrior/Projects/ROS/dev_ws/install/turtlesim/share/turtlesim/srv/Spawn.srv
-- Up-to-date: /media/karthi/New Volume/Warrior/Projects/ROS/dev_ws/install/turtlesim/share/turtlesim/srv/Spawn_Request.msg
-- Up-to-date: /media/karthi/New Volume/Warrior/Projects/ROS/dev_ws/install/turtlesim/share/turtlesim/srv/Spawn_Response.msg
-- Up-to-date: /media/karthi/New Volume/Warrior/Projects/ROS/dev_ws/install/turtlesim/share/turtlesim/srv/TeleportAbsolute.srv
-- Up-to-date: /media/karthi/New Volume/Warrior/Projects/ROS/dev_ws/install/turtlesim/share/turtlesim/srv/TeleportAbsolute_Request.msg
-- Up-to-date: /media/karthi/New Volume/Warrior/Projects/ROS/dev_ws/install/turtlesim/share/turtlesim/srv/TeleportAbsolute_Response.msg
-- Up-to-date: /media/karthi/New Volume/Warrior/Projects/ROS/dev_ws/install/turtlesim/share/turtlesim/srv/TeleportRelative.srv
-- Up-to-date: /media/karthi/New Volume/Warrior/Projects/ROS/dev_ws/install/turtlesim/share/turtlesim/srv/TeleportRelative_Request.msg
-- Up-to-date: /media/karthi/New Volume/Warrior/Projects/ROS/dev_ws/install/turtlesim/share/turtlesim/srv/TeleportRelative_Response.msg
-- Installing: /media/karthi/New Volume/Warrior/Projects/ROS/dev_ws/install/turtlesim/lib/turtlesim/turtlesim_node
-- Set runtime path of "/media/karthi/New Volume/Warrior/Projects/ROS/dev_ws/install/turtlesim/lib/turtlesim/turtlesim_node" to ""
-- Installing: /media/karthi/New Volume/Warrior/Projects/ROS/dev_ws/install/turtlesim/lib/turtlesim/turtle_teleop_key
-- Set runtime path of "/media/karthi/New Volume/Warrior/Projects/ROS/dev_ws/install/turtlesim/lib/turtlesim/turtle_teleop_key" to ""
-- Installing: /media/karthi/New Volume/Warrior/Projects/ROS/dev_ws/install/turtlesim/lib/turtlesim/draw_square
-- Set runtime path of "/media/karthi/New Volume/Warrior/Projects/ROS/dev_ws/install/turtlesim/lib/turtlesim/draw_square" to ""
-- Installing: /media/karthi/New Volume/Warrior/Projects/ROS/dev_ws/install/turtlesim/lib/turtlesim/mimic
-- Set runtime path of "/media/karthi/New Volume/Warrior/Projects/ROS/dev_ws/install/turtlesim/lib/turtlesim/mimic" to ""
-- Up-to-date: /media/karthi/New Volume/Warrior/Projects/ROS/dev_ws/install/turtlesim/share/turtlesim/images
-- Up-to-date: /media/karthi/New Volume/Warrior/Projects/ROS/dev_ws/install/turtlesim/share/turtlesim/images/ardent.png
-- Up-to-date: /media/karthi/New Volume/Warrior/Projects/ROS/dev_ws/install/turtlesim/share/turtlesim/images/bouncy.png
-- Up-to-date: /media/karthi/New Volume/Warrior/Projects/ROS/dev_ws/install/turtlesim/share/turtlesim/images/crystal.png
-- Up-to-date: /media/karthi/New Volume/Warrior/Projects/ROS/dev_ws/install/turtlesim/share/turtlesim/images/dashing.png
-- Up-to-date: /media/karthi/New Volume/Warrior/Projects/ROS/dev_ws/install/turtlesim/share/turtlesim/images/eloquent.png
-- Up-to-date: /media/karthi/New Volume/Warrior/Projects/ROS/dev_ws/install/turtlesim/share/turtlesim/images/foxy.png
-- Up-to-date: /media/karthi/New Volume/Warrior/Projects/ROS/dev_ws/install/turtlesim/share/turtlesim/launch
-- Up-to-date: /media/karthi/New Volume/Warrior/Projects/ROS/dev_ws/install/turtlesim/share/turtlesim/launch/multisim.launch.py
-- Up-to-date: /media/karthi/New Volume/Warrior/Projects/ROS/dev_ws/install/turtlesim/share/ament_index/resource_index/package_run_dependencies/turtlesim
-- Installing: /media/karthi/New Volume/Warrior/Projects/ROS/dev_ws/install/turtlesim/share/ament_index/resource_index/parent_prefix_path/turtlesim
-- Up-to-date: /media/karthi/New Volume/Warrior/Projects/ROS/dev_ws/install/turtlesim/share/turtlesim/environment/ament_prefix_path.sh
-- Installing: /media/karthi/New Volume/Warrior/Projects/ROS/dev_ws/install/turtlesim/share/turtlesim/environment/ament_prefix_path.dsv
-- Up-to-date: /media/karthi/New Volume/Warrior/Projects/ROS/dev_ws/install/turtlesim/share/turtlesim/environment/path.sh
-- Installing: /media/karthi/New Volume/Warrior/Projects/ROS/dev_ws/install/turtlesim/share/turtlesim/environment/path.dsv
-- Up-to-date: /media/karthi/New Volume/Warrior/Projects/ROS/dev_ws/install/turtlesim/share/turtlesim/local_setup.bash
-- Up-to-date: /media/karthi/New Volume/Warrior/Projects/ROS/dev_ws/install/turtlesim/share/turtlesim/local_setup.sh
-- Up-to-date: /media/karthi/New Volume/Warrior/Projects/ROS/dev_ws/install/turtlesim/share/turtlesim/local_setup.zsh
-- Installing: /media/karthi/New Volume/Warrior/Projects/ROS/dev_ws/install/turtlesim/share/turtlesim/local_setup.dsv
-- Installing: /media/karthi/New Volume/Warrior/Projects/ROS/dev_ws/install/turtlesim/share/turtlesim/package.dsv
-- Up-to-date: /media/karthi/New Volume/Warrior/Projects/ROS/dev_ws/install/turtlesim/share/ament_index/resource_index/packages/turtlesim
-- Up-to-date: /media/karthi/New Volume/Warrior/Projects/ROS/dev_ws/install/turtlesim/share/turtlesim/cmake/turtlesim__rosidl_generator_cExport.cmake
-- Installing: /media/karthi/New Volume/Warrior/Projects/ROS/dev_ws/install/turtlesim/share/turtlesim/cmake/turtlesim__rosidl_generator_cExport-noconfig.cmake
-- Up-to-date: /media/karthi/New Volume/Warrior/Projects/ROS/dev_ws/install/turtlesim/share/turtlesim/cmake/turtlesim__rosidl_typesupport_introspection_cExport.cmake
-- Installing: /media/karthi/New Volume/Warrior/Projects/ROS/dev_ws/install/turtlesim/share/turtlesim/cmake/turtlesim__rosidl_typesupport_introspection_cExport-noconfig.cmake
-- Up-to-date: /media/karthi/New Volume/Warrior/Projects/ROS/dev_ws/install/turtlesim/share/turtlesim/cmake/turtlesim__rosidl_typesupport_cExport.cmake
-- Installing: /media/karthi/New Volume/Warrior/Projects/ROS/dev_ws/install/turtlesim/share/turtlesim/cmake/turtlesim__rosidl_typesupport_cExport-noconfig.cmake
-- Up-to-date: /media/karthi/New Volume/Warrior/Projects/ROS/dev_ws/install/turtlesim/share/turtlesim/cmake/turtlesim__rosidl_generator_cppExport.cmake
-- Up-to-date: /media/karthi/New Volume/Warrior/Projects/ROS/dev_ws/install/turtlesim/share/turtlesim/cmake/turtlesim__rosidl_typesupport_introspection_cppExport.cmake
-- Installing: /media/karthi/New Volume/Warrior/Projects/ROS/dev_ws/install/turtlesim/share/turtlesim/cmake/turtlesim__rosidl_typesupport_introspection_cppExport-noconfig.cmake
-- Up-to-date: /media/karthi/New Volume/Warrior/Projects/ROS/dev_ws/install/turtlesim/share/turtlesim/cmake/turtlesim__rosidl_typesupport_cppExport.cmake
-- Installing: /media/karthi/New Volume/Warrior/Projects/ROS/dev_ws/install/turtlesim/share/turtlesim/cmake/turtlesim__rosidl_typesupport_cppExport-noconfig.cmake
-- Installing: /media/karthi/New Volume/Warrior/Projects/ROS/dev_ws/install/turtlesim/share/turtlesim/cmake/rosidl_cmake-extras.cmake
-- Up-to-date: /media/karthi/New Volume/Warrior/Projects/ROS/dev_ws/install/turtlesim/share/turtlesim/cmake/ament_cmake_export_dependencies-extras.cmake
-- Up-to-date: /media/karthi/New Volume/Warrior/Projects/ROS/dev_ws/install/turtlesim/share/turtlesim/cmake/ament_cmake_export_libraries-extras.cmake
-- Up-to-date: /media/karthi/New Volume/Warrior/Projects/ROS/dev_ws/install/turtlesim/share/turtlesim/cmake/ament_cmake_export_targets-extras.cmake
-- Up-to-date: /media/karthi/New Volume/Warrior/Projects/ROS/dev_ws/install/turtlesim/share/turtlesim/cmake/ament_cmake_export_include_directories-extras.cmake
-- Up-to-date: /media/karthi/New Volume/Warrior/Projects/ROS/dev_ws/install/turtlesim/share/turtlesim/cmake/rosidl_cmake_export_typesupport_libraries-extras.cmake
-- Up-to-date: /media/karthi/New Volume/Warrior/Projects/ROS/dev_ws/install/turtlesim/share/turtlesim/cmake/rosidl_cmake_export_typesupport_targets-extras.cmake
-- Up-to-date: /media/karthi/New Volume/Warrior/Projects/ROS/dev_ws/install/turtlesim/share/turtlesim/cmake/turtlesimConfig.cmake
-- Up-to-date: /media/karthi/New Volume/Warrior/Projects/ROS/dev_ws/install/turtlesim/share/turtlesim/cmake/turtlesimConfig-version.cmake
-- Installing: /media/karthi/New Volume/Warrior/Projects/ROS/dev_ws/install/turtlesim/share/turtlesim/package.xml
