[0.014s] Invoking command in '/media/karthi/New Volume/Warrior/Projects/ROS/dev_ws/build/pyturtle_interfaces': CMAKE_PREFIX_PATH=/opt/ros/foxy /usr/bin/cmake --build /media/karthi/New Volume/Warrior/Projects/ROS/dev_ws/build/pyturtle_interfaces -- -j12 -l12
[0.040s] -- Found ament_cmake: 0.9.9 (/opt/ros/foxy/share/ament_cmake/cmake)
[0.058s] -- Using PYTHON_EXECUTABLE: /usr/bin/python3
[0.211s] -- Found ament_lint_auto: 0.9.6 (/opt/ros/foxy/share/ament_lint_auto/cmake)
[0.259s] -- Found rosidl_default_generators: 1.0.1 (/opt/ros/foxy/share/rosidl_default_generators/cmake)
[0.261s] -- Using all available rosidl_typesupport_c: rosidl_typesupport_fastrtps_c;rosidl_typesupport_introspection_c
[0.264s] -- Found rosidl_adapter: 1.2.1 (/opt/ros/foxy/share/rosidl_adapter/cmake)
[0.383s] -- Using all available rosidl_typesupport_cpp: rosidl_typesupport_fastrtps_cpp;rosidl_typesupport_introspection_cpp
[0.421s] -- Found PythonInterp: /usr/bin/python3 (found version "3.8.10") 
[0.486s] -- Found ament_cmake_ros: 0.9.2 (/opt/ros/foxy/share/ament_cmake_ros/cmake)
[0.594s] -- Using all available rosidl_typesupport_c: rosidl_typesupport_fastrtps_c;rosidl_typesupport_introspection_c
[0.620s] -- Using all available rosidl_typesupport_cpp: rosidl_typesupport_fastrtps_cpp;rosidl_typesupport_introspection_cpp
[0.638s] -- Found PythonInterp: /usr/bin/python3 (found suitable version "3.8.10", minimum required is "3.5") 
[0.638s] -- Found python_cmake_module: 0.8.1 (/opt/ros/foxy/share/python_cmake_module/cmake)
[0.659s] -- Using PYTHON_EXECUTABLE: /usr/bin/python3
[0.659s] -- Using PYTHON_INCLUDE_DIRS: /usr/include/python3.8
[0.659s] -- Using PYTHON_LIBRARIES: /usr/lib/x86_64-linux-gnu/libpython3.8.so
[0.690s] -- Added test 'copyright' to check source files copyright and LICENSE
[0.710s] -- Added test 'lint_cmake' to check CMake code style
[0.720s] -- Added test 'xmllint' to check XML markup files
[0.741s] -- Configuring done
[0.859s] -- Generating done
[0.875s] -- Build files have been written to: /media/karthi/New Volume/Warrior/Projects/ROS/dev_ws/build/pyturtle_interfaces
[0.898s] [  3%] [34m[1mGenerating C code for ROS interfaces[0m
[0.908s] [  6%] [34m[1mGenerating C++ code for ROS interfaces[0m
[1.094s] [35m[1mScanning dependencies of target pyturtle_interfaces__rosidl_generator_c[0m
[1.104s] [  6%] Built target pyturtle_interfaces__cpp
[1.109s] [  9%] [32mBuilding C object CMakeFiles/pyturtle_interfaces__rosidl_generator_c.dir/rosidl_generator_c/pyturtle_interfaces/srv/detail/main_bg__functions.c.o[0m
[1.114s] [ 16%] [34m[1mGenerating C++ introspection for ROS interfaces[0m
[1.114s] [ 16%] [34m[1mGenerating C++ type support dispatch for ROS interfaces[0m
[1.114s] [ 19%] [34m[1mGenerating C++ type support for eProsima Fast-RTPS[0m
[1.170s] [ 22%] [32m[1mLinking C shared library libpyturtle_interfaces__rosidl_generator_c.so[0m
[1.204s] [ 22%] Built target pyturtle_interfaces__rosidl_generator_c
[1.217s] [ 25%] [34m[1mGenerating C type support dispatch for ROS interfaces[0m
[1.219s] [ 29%] [34m[1mGenerating C introspection for ROS interfaces[0m
[1.305s] [35m[1mScanning dependencies of target pyturtle_interfaces__rosidl_typesupport_cpp[0m
[1.321s] [35m[1mScanning dependencies of target pyturtle_interfaces__rosidl_typesupport_introspection_cpp[0m
[1.325s] [ 32%] [32mBuilding CXX object CMakeFiles/pyturtle_interfaces__rosidl_typesupport_cpp.dir/rosidl_typesupport_cpp/pyturtle_interfaces/srv/main_bg__type_support.cpp.o[0m
[1.338s] [35m[1mScanning dependencies of target pyturtle_interfaces__rosidl_typesupport_fastrtps_cpp[0m
[1.345s] [ 35%] [32mBuilding CXX object CMakeFiles/pyturtle_interfaces__rosidl_typesupport_introspection_cpp.dir/rosidl_typesupport_introspection_cpp/pyturtle_interfaces/srv/detail/main_bg__type_support.cpp.o[0m
[1.378s] [ 38%] [32mBuilding CXX object CMakeFiles/pyturtle_interfaces__rosidl_typesupport_fastrtps_cpp.dir/rosidl_typesupport_fastrtps_cpp/pyturtle_interfaces/srv/detail/dds_fastrtps/main_bg__type_support.cpp.o[0m
[1.477s] [35m[1mScanning dependencies of target pyturtle_interfaces__rosidl_typesupport_c[0m
[1.496s] [ 41%] [32mBuilding CXX object CMakeFiles/pyturtle_interfaces__rosidl_typesupport_c.dir/rosidl_typesupport_c/pyturtle_interfaces/srv/main_bg__type_support.cpp.o[0m
[1.499s] [35m[1mScanning dependencies of target pyturtle_interfaces__rosidl_typesupport_introspection_c[0m
[1.524s] [ 45%] [32mBuilding C object CMakeFiles/pyturtle_interfaces__rosidl_typesupport_introspection_c.dir/rosidl_typesupport_introspection_c/pyturtle_interfaces/srv/detail/main_bg__type_support.c.o[0m
[1.553s] [ 48%] [32m[1mLinking CXX shared library libpyturtle_interfaces__rosidl_typesupport_c.so[0m
[1.582s] [ 51%] [32m[1mLinking C shared library libpyturtle_interfaces__rosidl_typesupport_introspection_c.so[0m
[1.608s] [ 51%] Built target pyturtle_interfaces__rosidl_typesupport_c
[1.619s] [ 51%] Built target pyturtle_interfaces__rosidl_typesupport_introspection_c
[1.653s] [ 54%] [32m[1mLinking CXX shared library libpyturtle_interfaces__rosidl_typesupport_cpp.so[0m
[1.658s] [ 58%] [32m[1mLinking CXX shared library libpyturtle_interfaces__rosidl_typesupport_introspection_cpp.so[0m
[1.695s] [ 58%] Built target pyturtle_interfaces__rosidl_typesupport_cpp
[1.700s] [ 58%] Built target pyturtle_interfaces__rosidl_typesupport_introspection_cpp
[1.840s] [ 61%] [32m[1mLinking CXX shared library libpyturtle_interfaces__rosidl_typesupport_fastrtps_cpp.so[0m
[1.910s] [ 61%] Built target pyturtle_interfaces__rosidl_typesupport_fastrtps_cpp
[1.919s] [ 64%] [34m[1mGenerating C type support for eProsima Fast-RTPS[0m
[2.103s] [35m[1mScanning dependencies of target pyturtle_interfaces__rosidl_typesupport_fastrtps_c[0m
[2.137s] [ 67%] [32mBuilding CXX object CMakeFiles/pyturtle_interfaces__rosidl_typesupport_fastrtps_c.dir/rosidl_typesupport_fastrtps_c/pyturtle_interfaces/srv/detail/main_bg__type_support_c.cpp.o[0m
[2.503s] [ 70%] [32m[1mLinking CXX shared library libpyturtle_interfaces__rosidl_typesupport_fastrtps_c.so[0m
[2.595s] [ 70%] Built target pyturtle_interfaces__rosidl_typesupport_fastrtps_c
[2.614s] [ 70%] Built target pyturtle_interfaces
[2.633s] [ 74%] [34m[1mGenerating Python code for ROS interfaces[0m
[2.963s] [ 74%] Built target pyturtle_interfaces__py
[2.973s] [35m[1mScanning dependencies of target pyturtle_interfaces__python[0m
[3.005s] [ 77%] [32mBuilding C object CMakeFiles/pyturtle_interfaces__python.dir/rosidl_generator_py/pyturtle_interfaces/srv/_main_bg_s.c.o[0m
[3.105s] [ 80%] [32m[1mLinking C shared library rosidl_generator_py/pyturtle_interfaces/libpyturtle_interfaces__python.so[0m
[3.141s] [ 80%] Built target pyturtle_interfaces__python
[3.153s] [35m[1mScanning dependencies of target pyturtle_interfaces__rosidl_typesupport_c__pyext[0m
[3.153s] [35m[1mScanning dependencies of target pyturtle_interfaces__rosidl_typesupport_fastrtps_c__pyext[0m
[3.153s] [35m[1mScanning dependencies of target pyturtle_interfaces__rosidl_typesupport_introspection_c__pyext[0m
[3.205s] [ 83%] [32mBuilding C object CMakeFiles/pyturtle_interfaces__rosidl_typesupport_c__pyext.dir/rosidl_generator_py/pyturtle_interfaces/_pyturtle_interfaces_s.ep.rosidl_typesupport_c.c.o[0m
[3.206s] [ 87%] [32mBuilding C object CMakeFiles/pyturtle_interfaces__rosidl_typesupport_introspection_c__pyext.dir/rosidl_generator_py/pyturtle_interfaces/_pyturtle_interfaces_s.ep.rosidl_typesupport_introspection_c.c.o[0m
[3.212s] [ 90%] [32mBuilding C object CMakeFiles/pyturtle_interfaces__rosidl_typesupport_fastrtps_c__pyext.dir/rosidl_generator_py/pyturtle_interfaces/_pyturtle_interfaces_s.ep.rosidl_typesupport_fastrtps_c.c.o[0m
[3.315s] [ 93%] [32m[1mLinking C shared library rosidl_generator_py/pyturtle_interfaces/pyturtle_interfaces_s__rosidl_typesupport_introspection_c.cpython-38-x86_64-linux-gnu.so[0m
[3.328s] [ 96%] [32m[1mLinking C shared library rosidl_generator_py/pyturtle_interfaces/pyturtle_interfaces_s__rosidl_typesupport_c.cpython-38-x86_64-linux-gnu.so[0m
[3.336s] [100%] [32m[1mLinking CXX shared library rosidl_generator_py/pyturtle_interfaces/pyturtle_interfaces_s__rosidl_typesupport_fastrtps_c.cpython-38-x86_64-linux-gnu.so[0m
[3.350s] [100%] Built target pyturtle_interfaces__rosidl_typesupport_introspection_c__pyext
[3.361s] [100%] Built target pyturtle_interfaces__rosidl_typesupport_c__pyext
[3.395s] [100%] Built target pyturtle_interfaces__rosidl_typesupport_fastrtps_c__pyext
[3.408s] Invoked command in '/media/karthi/New Volume/Warrior/Projects/ROS/dev_ws/build/pyturtle_interfaces' returned '0': CMAKE_PREFIX_PATH=/opt/ros/foxy /usr/bin/cmake --build /media/karthi/New Volume/Warrior/Projects/ROS/dev_ws/build/pyturtle_interfaces -- -j12 -l12
[3.460s] Invoking command in '/media/karthi/New Volume/Warrior/Projects/ROS/dev_ws/build/pyturtle_interfaces': CMAKE_PREFIX_PATH=/opt/ros/foxy /usr/bin/cmake --install /media/karthi/New Volume/Warrior/Projects/ROS/dev_ws/build/pyturtle_interfaces
[3.468s] -- Install configuration: ""
[3.469s] -- Installing: /media/karthi/New Volume/Warrior/Projects/ROS/dev_ws/install/pyturtle_interfaces/share/ament_index/resource_index/rosidl_interfaces/pyturtle_interfaces
[3.471s] -- Up-to-date: /media/karthi/New Volume/Warrior/Projects/ROS/dev_ws/install/pyturtle_interfaces/include/pyturtle_interfaces
[3.472s] -- Up-to-date: /media/karthi/New Volume/Warrior/Projects/ROS/dev_ws/install/pyturtle_interfaces/include/pyturtle_interfaces/msg
[3.473s] -- Installing: /media/karthi/New Volume/Warrior/Projects/ROS/dev_ws/install/pyturtle_interfaces/include/pyturtle_interfaces/msg/rosidl_generator_c__visibility_control.h
[3.475s] -- Up-to-date: /media/karthi/New Volume/Warrior/Projects/ROS/dev_ws/install/pyturtle_interfaces/include/pyturtle_interfaces/srv
[3.475s] -- Up-to-date: /media/karthi/New Volume/Warrior/Projects/ROS/dev_ws/install/pyturtle_interfaces/include/pyturtle_interfaces/srv/detail
[3.476s] -- Installing: /media/karthi/New Volume/Warrior/Projects/ROS/dev_ws/install/pyturtle_interfaces/include/pyturtle_interfaces/srv/detail/main_bg__functions.c
[3.479s] -- Installing: /media/karthi/New Volume/Warrior/Projects/ROS/dev_ws/install/pyturtle_interfaces/include/pyturtle_interfaces/srv/detail/main_bg__functions.h
[3.481s] -- Installing: /media/karthi/New Volume/Warrior/Projects/ROS/dev_ws/install/pyturtle_interfaces/include/pyturtle_interfaces/srv/detail/main_bg__struct.h
[3.483s] -- Installing: /media/karthi/New Volume/Warrior/Projects/ROS/dev_ws/install/pyturtle_interfaces/include/pyturtle_interfaces/srv/detail/main_bg__type_support.h
[3.485s] -- Installing: /media/karthi/New Volume/Warrior/Projects/ROS/dev_ws/install/pyturtle_interfaces/include/pyturtle_interfaces/srv/main_bg.h
[3.487s] -- Installing: /media/karthi/New Volume/Warrior/Projects/ROS/dev_ws/install/pyturtle_interfaces/share/pyturtle_interfaces/environment/library_path.sh
[3.489s] -- Installing: /media/karthi/New Volume/Warrior/Projects/ROS/dev_ws/install/pyturtle_interfaces/share/pyturtle_interfaces/environment/library_path.dsv
[3.491s] -- Installing: /media/karthi/New Volume/Warrior/Projects/ROS/dev_ws/install/pyturtle_interfaces/lib/libpyturtle_interfaces__rosidl_generator_c.so
[3.493s] -- Set runtime path of "/media/karthi/New Volume/Warrior/Projects/ROS/dev_ws/install/pyturtle_interfaces/lib/libpyturtle_interfaces__rosidl_generator_c.so" to ""
[3.494s] -- Up-to-date: /media/karthi/New Volume/Warrior/Projects/ROS/dev_ws/install/pyturtle_interfaces/include/pyturtle_interfaces
[3.494s] -- Up-to-date: /media/karthi/New Volume/Warrior/Projects/ROS/dev_ws/install/pyturtle_interfaces/include/pyturtle_interfaces/msg
[3.495s] -- Installing: /media/karthi/New Volume/Warrior/Projects/ROS/dev_ws/install/pyturtle_interfaces/include/pyturtle_interfaces/msg/rosidl_typesupport_fastrtps_c__visibility_control.h
[3.497s] -- Up-to-date: /media/karthi/New Volume/Warrior/Projects/ROS/dev_ws/install/pyturtle_interfaces/include/pyturtle_interfaces/srv
[3.498s] -- Up-to-date: /media/karthi/New Volume/Warrior/Projects/ROS/dev_ws/install/pyturtle_interfaces/include/pyturtle_interfaces/srv/detail
[3.499s] -- Installing: /media/karthi/New Volume/Warrior/Projects/ROS/dev_ws/install/pyturtle_interfaces/include/pyturtle_interfaces/srv/detail/main_bg__rosidl_typesupport_fastrtps_c.h
[3.501s] -- Installing: /media/karthi/New Volume/Warrior/Projects/ROS/dev_ws/install/pyturtle_interfaces/lib/libpyturtle_interfaces__rosidl_typesupport_fastrtps_c.so
[3.504s] -- Set runtime path of "/media/karthi/New Volume/Warrior/Projects/ROS/dev_ws/install/pyturtle_interfaces/lib/libpyturtle_interfaces__rosidl_typesupport_fastrtps_c.so" to ""
[3.505s] -- Up-to-date: /media/karthi/New Volume/Warrior/Projects/ROS/dev_ws/install/pyturtle_interfaces/include/pyturtle_interfaces
[3.505s] -- Up-to-date: /media/karthi/New Volume/Warrior/Projects/ROS/dev_ws/install/pyturtle_interfaces/include/pyturtle_interfaces/msg
[3.506s] -- Installing: /media/karthi/New Volume/Warrior/Projects/ROS/dev_ws/install/pyturtle_interfaces/include/pyturtle_interfaces/msg/rosidl_typesupport_fastrtps_cpp__visibility_control.h
[3.508s] -- Up-to-date: /media/karthi/New Volume/Warrior/Projects/ROS/dev_ws/install/pyturtle_interfaces/include/pyturtle_interfaces/srv
[3.509s] -- Up-to-date: /media/karthi/New Volume/Warrior/Projects/ROS/dev_ws/install/pyturtle_interfaces/include/pyturtle_interfaces/srv/detail
[3.510s] -- Up-to-date: /media/karthi/New Volume/Warrior/Projects/ROS/dev_ws/install/pyturtle_interfaces/include/pyturtle_interfaces/srv/detail/dds_fastrtps
[3.511s] -- Installing: /media/karthi/New Volume/Warrior/Projects/ROS/dev_ws/install/pyturtle_interfaces/include/pyturtle_interfaces/srv/detail/main_bg__rosidl_typesupport_fastrtps_cpp.hpp
[3.513s] -- Installing: /media/karthi/New Volume/Warrior/Projects/ROS/dev_ws/install/pyturtle_interfaces/lib/libpyturtle_interfaces__rosidl_typesupport_fastrtps_cpp.so
[3.516s] -- Set runtime path of "/media/karthi/New Volume/Warrior/Projects/ROS/dev_ws/install/pyturtle_interfaces/lib/libpyturtle_interfaces__rosidl_typesupport_fastrtps_cpp.so" to ""
[3.516s] -- Up-to-date: /media/karthi/New Volume/Warrior/Projects/ROS/dev_ws/install/pyturtle_interfaces/include/pyturtle_interfaces
[3.517s] -- Up-to-date: /media/karthi/New Volume/Warrior/Projects/ROS/dev_ws/install/pyturtle_interfaces/include/pyturtle_interfaces/msg
[3.518s] -- Installing: /media/karthi/New Volume/Warrior/Projects/ROS/dev_ws/install/pyturtle_interfaces/include/pyturtle_interfaces/msg/rosidl_typesupport_introspection_c__visibility_control.h
[3.520s] -- Up-to-date: /media/karthi/New Volume/Warrior/Projects/ROS/dev_ws/install/pyturtle_interfaces/include/pyturtle_interfaces/srv
[3.521s] -- Up-to-date: /media/karthi/New Volume/Warrior/Projects/ROS/dev_ws/install/pyturtle_interfaces/include/pyturtle_interfaces/srv/detail
[3.522s] -- Installing: /media/karthi/New Volume/Warrior/Projects/ROS/dev_ws/install/pyturtle_interfaces/include/pyturtle_interfaces/srv/detail/main_bg__rosidl_typesupport_introspection_c.h
[3.524s] -- Installing: /media/karthi/New Volume/Warrior/Projects/ROS/dev_ws/install/pyturtle_interfaces/include/pyturtle_interfaces/srv/detail/main_bg__type_support.c
[3.526s] -- Installing: /media/karthi/New Volume/Warrior/Projects/ROS/dev_ws/install/pyturtle_interfaces/lib/libpyturtle_interfaces__rosidl_typesupport_introspection_c.so
[3.529s] -- Set runtime path of "/media/karthi/New Volume/Warrior/Projects/ROS/dev_ws/install/pyturtle_interfaces/lib/libpyturtle_interfaces__rosidl_typesupport_introspection_c.so" to ""
[3.530s] -- Installing: /media/karthi/New Volume/Warrior/Projects/ROS/dev_ws/install/pyturtle_interfaces/lib/libpyturtle_interfaces__rosidl_typesupport_c.so
[3.532s] -- Set runtime path of "/media/karthi/New Volume/Warrior/Projects/ROS/dev_ws/install/pyturtle_interfaces/lib/libpyturtle_interfaces__rosidl_typesupport_c.so" to ""
[3.533s] -- Up-to-date: /media/karthi/New Volume/Warrior/Projects/ROS/dev_ws/install/pyturtle_interfaces/include/pyturtle_interfaces
[3.534s] -- Up-to-date: /media/karthi/New Volume/Warrior/Projects/ROS/dev_ws/install/pyturtle_interfaces/include/pyturtle_interfaces/srv
[3.535s] -- Up-to-date: /media/karthi/New Volume/Warrior/Projects/ROS/dev_ws/install/pyturtle_interfaces/include/pyturtle_interfaces/srv/detail
[3.536s] -- Installing: /media/karthi/New Volume/Warrior/Projects/ROS/dev_ws/install/pyturtle_interfaces/include/pyturtle_interfaces/srv/detail/main_bg__builder.hpp
[3.538s] -- Installing: /media/karthi/New Volume/Warrior/Projects/ROS/dev_ws/install/pyturtle_interfaces/include/pyturtle_interfaces/srv/detail/main_bg__struct.hpp
[3.540s] -- Installing: /media/karthi/New Volume/Warrior/Projects/ROS/dev_ws/install/pyturtle_interfaces/include/pyturtle_interfaces/srv/detail/main_bg__traits.hpp
[3.542s] -- Installing: /media/karthi/New Volume/Warrior/Projects/ROS/dev_ws/install/pyturtle_interfaces/include/pyturtle_interfaces/srv/main_bg.hpp
[3.544s] -- Up-to-date: /media/karthi/New Volume/Warrior/Projects/ROS/dev_ws/install/pyturtle_interfaces/include/pyturtle_interfaces
[3.544s] -- Up-to-date: /media/karthi/New Volume/Warrior/Projects/ROS/dev_ws/install/pyturtle_interfaces/include/pyturtle_interfaces/srv
[3.545s] -- Up-to-date: /media/karthi/New Volume/Warrior/Projects/ROS/dev_ws/install/pyturtle_interfaces/include/pyturtle_interfaces/srv/detail
[3.546s] -- Installing: /media/karthi/New Volume/Warrior/Projects/ROS/dev_ws/install/pyturtle_interfaces/include/pyturtle_interfaces/srv/detail/main_bg__rosidl_typesupport_introspection_cpp.hpp
[3.548s] -- Installing: /media/karthi/New Volume/Warrior/Projects/ROS/dev_ws/install/pyturtle_interfaces/include/pyturtle_interfaces/srv/detail/main_bg__type_support.cpp
[3.551s] -- Installing: /media/karthi/New Volume/Warrior/Projects/ROS/dev_ws/install/pyturtle_interfaces/lib/libpyturtle_interfaces__rosidl_typesupport_introspection_cpp.so
[3.553s] -- Set runtime path of "/media/karthi/New Volume/Warrior/Projects/ROS/dev_ws/install/pyturtle_interfaces/lib/libpyturtle_interfaces__rosidl_typesupport_introspection_cpp.so" to ""
[3.554s] -- Installing: /media/karthi/New Volume/Warrior/Projects/ROS/dev_ws/install/pyturtle_interfaces/lib/libpyturtle_interfaces__rosidl_typesupport_cpp.so
[3.557s] -- Set runtime path of "/media/karthi/New Volume/Warrior/Projects/ROS/dev_ws/install/pyturtle_interfaces/lib/libpyturtle_interfaces__rosidl_typesupport_cpp.so" to ""
[3.558s] -- Installing: /media/karthi/New Volume/Warrior/Projects/ROS/dev_ws/install/pyturtle_interfaces/share/pyturtle_interfaces/environment/pythonpath.sh
[3.560s] -- Installing: /media/karthi/New Volume/Warrior/Projects/ROS/dev_ws/install/pyturtle_interfaces/share/pyturtle_interfaces/environment/pythonpath.dsv
[3.562s] -- Installing: /media/karthi/New Volume/Warrior/Projects/ROS/dev_ws/install/pyturtle_interfaces/lib/python3.8/site-packages/pyturtle_interfaces/__init__.py
[3.590s] Compiling '/media/karthi/New Volume/Warrior/Projects/ROS/dev_ws/install/pyturtle_interfaces/lib/python3.8/site-packages/pyturtle_interfaces/__init__.py'...
[3.593s] -- Up-to-date: /media/karthi/New Volume/Warrior/Projects/ROS/dev_ws/install/pyturtle_interfaces/lib/python3.8/site-packages/pyturtle_interfaces/srv
[3.594s] -- Installing: /media/karthi/New Volume/Warrior/Projects/ROS/dev_ws/install/pyturtle_interfaces/lib/python3.8/site-packages/pyturtle_interfaces/srv/_main_bg.py
[3.596s] -- Installing: /media/karthi/New Volume/Warrior/Projects/ROS/dev_ws/install/pyturtle_interfaces/lib/python3.8/site-packages/pyturtle_interfaces/srv/_main_bg_s.c
[3.598s] -- Installing: /media/karthi/New Volume/Warrior/Projects/ROS/dev_ws/install/pyturtle_interfaces/lib/python3.8/site-packages/pyturtle_interfaces/srv/__init__.py
[3.601s] -- Installing: /media/karthi/New Volume/Warrior/Projects/ROS/dev_ws/install/pyturtle_interfaces/lib/python3.8/site-packages/pyturtle_interfaces/pyturtle_interfaces_s__rosidl_typesupport_fastrtps_c.cpython-38-x86_64-linux-gnu.so
[3.604s] -- Set runtime path of "/media/karthi/New Volume/Warrior/Projects/ROS/dev_ws/install/pyturtle_interfaces/lib/python3.8/site-packages/pyturtle_interfaces/pyturtle_interfaces_s__rosidl_typesupport_fastrtps_c.cpython-38-x86_64-linux-gnu.so" to ""
[3.605s] -- Installing: /media/karthi/New Volume/Warrior/Projects/ROS/dev_ws/install/pyturtle_interfaces/lib/python3.8/site-packages/pyturtle_interfaces/pyturtle_interfaces_s__rosidl_typesupport_introspection_c.cpython-38-x86_64-linux-gnu.so
[3.608s] -- Set runtime path of "/media/karthi/New Volume/Warrior/Projects/ROS/dev_ws/install/pyturtle_interfaces/lib/python3.8/site-packages/pyturtle_interfaces/pyturtle_interfaces_s__rosidl_typesupport_introspection_c.cpython-38-x86_64-linux-gnu.so" to ""
[3.609s] -- Installing: /media/karthi/New Volume/Warrior/Projects/ROS/dev_ws/install/pyturtle_interfaces/lib/python3.8/site-packages/pyturtle_interfaces/pyturtle_interfaces_s__rosidl_typesupport_c.cpython-38-x86_64-linux-gnu.so
[3.612s] -- Set runtime path of "/media/karthi/New Volume/Warrior/Projects/ROS/dev_ws/install/pyturtle_interfaces/lib/python3.8/site-packages/pyturtle_interfaces/pyturtle_interfaces_s__rosidl_typesupport_c.cpython-38-x86_64-linux-gnu.so" to ""
[3.613s] -- Installing: /media/karthi/New Volume/Warrior/Projects/ROS/dev_ws/install/pyturtle_interfaces/lib/libpyturtle_interfaces__python.so
[3.616s] -- Set runtime path of "/media/karthi/New Volume/Warrior/Projects/ROS/dev_ws/install/pyturtle_interfaces/lib/libpyturtle_interfaces__python.so" to ""
[3.617s] -- Installing: /media/karthi/New Volume/Warrior/Projects/ROS/dev_ws/install/pyturtle_interfaces/share/pyturtle_interfaces/srv/MainBG.idl
[3.619s] -- Installing: /media/karthi/New Volume/Warrior/Projects/ROS/dev_ws/install/pyturtle_interfaces/share/pyturtle_interfaces/srv/MainBG.srv
[3.621s] -- Installing: /media/karthi/New Volume/Warrior/Projects/ROS/dev_ws/install/pyturtle_interfaces/share/pyturtle_interfaces/srv/MainBG_Request.msg
[3.623s] -- Installing: /media/karthi/New Volume/Warrior/Projects/ROS/dev_ws/install/pyturtle_interfaces/share/pyturtle_interfaces/srv/MainBG_Response.msg
[3.626s] -- Installing: /media/karthi/New Volume/Warrior/Projects/ROS/dev_ws/install/pyturtle_interfaces/share/ament_index/resource_index/package_run_dependencies/pyturtle_interfaces
[3.628s] -- Installing: /media/karthi/New Volume/Warrior/Projects/ROS/dev_ws/install/pyturtle_interfaces/share/ament_index/resource_index/parent_prefix_path/pyturtle_interfaces
[3.631s] -- Installing: /media/karthi/New Volume/Warrior/Projects/ROS/dev_ws/install/pyturtle_interfaces/share/pyturtle_interfaces/environment/ament_prefix_path.sh
[3.633s] -- Installing: /media/karthi/New Volume/Warrior/Projects/ROS/dev_ws/install/pyturtle_interfaces/share/pyturtle_interfaces/environment/ament_prefix_path.dsv
[3.635s] -- Installing: /media/karthi/New Volume/Warrior/Projects/ROS/dev_ws/install/pyturtle_interfaces/share/pyturtle_interfaces/environment/path.sh
[3.636s] -- Installing: /media/karthi/New Volume/Warrior/Projects/ROS/dev_ws/install/pyturtle_interfaces/share/pyturtle_interfaces/environment/path.dsv
[3.638s] -- Installing: /media/karthi/New Volume/Warrior/Projects/ROS/dev_ws/install/pyturtle_interfaces/share/pyturtle_interfaces/local_setup.bash
[3.640s] -- Installing: /media/karthi/New Volume/Warrior/Projects/ROS/dev_ws/install/pyturtle_interfaces/share/pyturtle_interfaces/local_setup.sh
[3.642s] -- Installing: /media/karthi/New Volume/Warrior/Projects/ROS/dev_ws/install/pyturtle_interfaces/share/pyturtle_interfaces/local_setup.zsh
[3.645s] -- Installing: /media/karthi/New Volume/Warrior/Projects/ROS/dev_ws/install/pyturtle_interfaces/share/pyturtle_interfaces/local_setup.dsv
[3.646s] -- Installing: /media/karthi/New Volume/Warrior/Projects/ROS/dev_ws/install/pyturtle_interfaces/share/pyturtle_interfaces/package.dsv
[3.649s] -- Installing: /media/karthi/New Volume/Warrior/Projects/ROS/dev_ws/install/pyturtle_interfaces/share/ament_index/resource_index/packages/pyturtle_interfaces
[3.651s] -- Installing: /media/karthi/New Volume/Warrior/Projects/ROS/dev_ws/install/pyturtle_interfaces/share/pyturtle_interfaces/cmake/pyturtle_interfaces__rosidl_generator_cExport.cmake
[3.653s] -- Installing: /media/karthi/New Volume/Warrior/Projects/ROS/dev_ws/install/pyturtle_interfaces/share/pyturtle_interfaces/cmake/pyturtle_interfaces__rosidl_generator_cExport-noconfig.cmake
[3.656s] -- Installing: /media/karthi/New Volume/Warrior/Projects/ROS/dev_ws/install/pyturtle_interfaces/share/pyturtle_interfaces/cmake/pyturtle_interfaces__rosidl_typesupport_introspection_cExport.cmake
[3.658s] -- Installing: /media/karthi/New Volume/Warrior/Projects/ROS/dev_ws/install/pyturtle_interfaces/share/pyturtle_interfaces/cmake/pyturtle_interfaces__rosidl_typesupport_introspection_cExport-noconfig.cmake
[3.661s] -- Installing: /media/karthi/New Volume/Warrior/Projects/ROS/dev_ws/install/pyturtle_interfaces/share/pyturtle_interfaces/cmake/pyturtle_interfaces__rosidl_typesupport_cExport.cmake
[3.663s] -- Installing: /media/karthi/New Volume/Warrior/Projects/ROS/dev_ws/install/pyturtle_interfaces/share/pyturtle_interfaces/cmake/pyturtle_interfaces__rosidl_typesupport_cExport-noconfig.cmake
[3.665s] -- Installing: /media/karthi/New Volume/Warrior/Projects/ROS/dev_ws/install/pyturtle_interfaces/share/pyturtle_interfaces/cmake/pyturtle_interfaces__rosidl_generator_cppExport.cmake
[3.667s] -- Installing: /media/karthi/New Volume/Warrior/Projects/ROS/dev_ws/install/pyturtle_interfaces/share/pyturtle_interfaces/cmake/pyturtle_interfaces__rosidl_typesupport_introspection_cppExport.cmake
[3.670s] -- Installing: /media/karthi/New Volume/Warrior/Projects/ROS/dev_ws/install/pyturtle_interfaces/share/pyturtle_interfaces/cmake/pyturtle_interfaces__rosidl_typesupport_introspection_cppExport-noconfig.cmake
[3.672s] -- Installing: /media/karthi/New Volume/Warrior/Projects/ROS/dev_ws/install/pyturtle_interfaces/share/pyturtle_interfaces/cmake/pyturtle_interfaces__rosidl_typesupport_cppExport.cmake
[3.675s] -- Installing: /media/karthi/New Volume/Warrior/Projects/ROS/dev_ws/install/pyturtle_interfaces/share/pyturtle_interfaces/cmake/pyturtle_interfaces__rosidl_typesupport_cppExport-noconfig.cmake
[3.677s] -- Installing: /media/karthi/New Volume/Warrior/Projects/ROS/dev_ws/install/pyturtle_interfaces/share/pyturtle_interfaces/cmake/rosidl_cmake-extras.cmake
[3.679s] -- Installing: /media/karthi/New Volume/Warrior/Projects/ROS/dev_ws/install/pyturtle_interfaces/share/pyturtle_interfaces/cmake/ament_cmake_export_dependencies-extras.cmake
[3.681s] -- Installing: /media/karthi/New Volume/Warrior/Projects/ROS/dev_ws/install/pyturtle_interfaces/share/pyturtle_interfaces/cmake/ament_cmake_export_libraries-extras.cmake
[3.683s] -- Installing: /media/karthi/New Volume/Warrior/Projects/ROS/dev_ws/install/pyturtle_interfaces/share/pyturtle_interfaces/cmake/ament_cmake_export_targets-extras.cmake
[3.685s] -- Installing: /media/karthi/New Volume/Warrior/Projects/ROS/dev_ws/install/pyturtle_interfaces/share/pyturtle_interfaces/cmake/ament_cmake_export_include_directories-extras.cmake
[3.687s] -- Installing: /media/karthi/New Volume/Warrior/Projects/ROS/dev_ws/install/pyturtle_interfaces/share/pyturtle_interfaces/cmake/rosidl_cmake_export_typesupport_libraries-extras.cmake
[3.690s] -- Installing: /media/karthi/New Volume/Warrior/Projects/ROS/dev_ws/install/pyturtle_interfaces/share/pyturtle_interfaces/cmake/rosidl_cmake_export_typesupport_targets-extras.cmake
[3.692s] -- Installing: /media/karthi/New Volume/Warrior/Projects/ROS/dev_ws/install/pyturtle_interfaces/share/pyturtle_interfaces/cmake/pyturtle_interfacesConfig.cmake
[3.694s] -- Installing: /media/karthi/New Volume/Warrior/Projects/ROS/dev_ws/install/pyturtle_interfaces/share/pyturtle_interfaces/cmake/pyturtle_interfacesConfig-version.cmake
[3.696s] -- Installing: /media/karthi/New Volume/Warrior/Projects/ROS/dev_ws/install/pyturtle_interfaces/share/pyturtle_interfaces/package.xml
[3.701s] Invoked command in '/media/karthi/New Volume/Warrior/Projects/ROS/dev_ws/build/pyturtle_interfaces' returned '0': CMAKE_PREFIX_PATH=/opt/ros/foxy /usr/bin/cmake --install /media/karthi/New Volume/Warrior/Projects/ROS/dev_ws/build/pyturtle_interfaces
