[0.613s] Invoking command in '/media/karthi/New Volume/Warrior/Projects/ROS/dev_ws/src/turtle_control': PYTHONPATH=/media/karthi/New Volume/Warrior/Projects/ROS/dev_ws/install/turtle_control/lib/python3.8/site-packages:${PYTHONPATH} /usr/bin/python3 setup.py egg_info --egg-base ../../build/turtle_control build --build-base /media/karthi/New Volume/Warrior/Projects/ROS/dev_ws/build/turtle_control/build install --prefix /media/karthi/New Volume/Warrior/Projects/ROS/dev_ws/install/turtle_control --record /media/karthi/New Volume/Warrior/Projects/ROS/dev_ws/build/turtle_control/install.log --single-version-externally-managed
[0.819s] running egg_info
[0.819s] creating ../../build/turtle_control/turtle_control.egg-info
[0.820s] writing ../../build/turtle_control/turtle_control.egg-info/PKG-INFO
[0.820s] writing dependency_links to ../../build/turtle_control/turtle_control.egg-info/dependency_links.txt
[0.820s] writing entry points to ../../build/turtle_control/turtle_control.egg-info/entry_points.txt
[0.821s] writing requirements to ../../build/turtle_control/turtle_control.egg-info/requires.txt
[0.821s] writing top-level names to ../../build/turtle_control/turtle_control.egg-info/top_level.txt
[0.823s] writing manifest file '../../build/turtle_control/turtle_control.egg-info/SOURCES.txt'
[0.851s] reading manifest file '../../build/turtle_control/turtle_control.egg-info/SOURCES.txt'
[0.853s] writing manifest file '../../build/turtle_control/turtle_control.egg-info/SOURCES.txt'
[0.853s] running build
[0.854s] running build_py
[0.854s] creating /media/karthi/New Volume/Warrior/Projects/ROS/dev_ws/build/turtle_control/build
[0.854s] creating /media/karthi/New Volume/Warrior/Projects/ROS/dev_ws/build/turtle_control/build/lib
[0.854s] creating /media/karthi/New Volume/Warrior/Projects/ROS/dev_ws/build/turtle_control/build/lib/turtle_control
[0.855s] copying turtle_control/turtle.py -> /media/karthi/New Volume/Warrior/Projects/ROS/dev_ws/build/turtle_control/build/lib/turtle_control
[0.856s] copying turtle_control/__init__.py -> /media/karthi/New Volume/Warrior/Projects/ROS/dev_ws/build/turtle_control/build/lib/turtle_control
[0.856s] running install
[0.857s] running install_lib
[0.858s] creating /media/karthi/New Volume/Warrior/Projects/ROS/dev_ws/install/turtle_control/lib/python3.8/site-packages/turtle_control
[0.859s] copying /media/karthi/New Volume/Warrior/Projects/ROS/dev_ws/build/turtle_control/build/lib/turtle_control/turtle.py -> /media/karthi/New Volume/Warrior/Projects/ROS/dev_ws/install/turtle_control/lib/python3.8/site-packages/turtle_control
[0.860s] copying /media/karthi/New Volume/Warrior/Projects/ROS/dev_ws/build/turtle_control/build/lib/turtle_control/__init__.py -> /media/karthi/New Volume/Warrior/Projects/ROS/dev_ws/install/turtle_control/lib/python3.8/site-packages/turtle_control
[0.861s] byte-compiling /media/karthi/New Volume/Warrior/Projects/ROS/dev_ws/install/turtle_control/lib/python3.8/site-packages/turtle_control/turtle.py to turtle.cpython-38.pyc
[0.863s] byte-compiling /media/karthi/New Volume/Warrior/Projects/ROS/dev_ws/install/turtle_control/lib/python3.8/site-packages/turtle_control/__init__.py to __init__.cpython-38.pyc
[0.864s] running install_data
[0.865s] creating /media/karthi/New Volume/Warrior/Projects/ROS/dev_ws/install/turtle_control/share/ament_index
[0.865s] creating /media/karthi/New Volume/Warrior/Projects/ROS/dev_ws/install/turtle_control/share/ament_index/resource_index
[0.865s] creating /media/karthi/New Volume/Warrior/Projects/ROS/dev_ws/install/turtle_control/share/ament_index/resource_index/packages
[0.866s] copying resource/turtle_control -> /media/karthi/New Volume/Warrior/Projects/ROS/dev_ws/install/turtle_control/share/ament_index/resource_index/packages
[0.866s] copying package.xml -> /media/karthi/New Volume/Warrior/Projects/ROS/dev_ws/install/turtle_control/share/turtle_control
[0.867s] running install_egg_info
[0.869s] Copying ../../build/turtle_control/turtle_control.egg-info to /media/karthi/New Volume/Warrior/Projects/ROS/dev_ws/install/turtle_control/lib/python3.8/site-packages/turtle_control-0.0.0-py3.8.egg-info
[0.875s] running install_scripts
[0.889s] Installing squaredo script to /media/karthi/New Volume/Warrior/Projects/ROS/dev_ws/install/turtle_control/lib/turtle_control
[0.890s] writing list of installed files to '/media/karthi/New Volume/Warrior/Projects/ROS/dev_ws/build/turtle_control/install.log'
[0.906s] Invoked command in '/media/karthi/New Volume/Warrior/Projects/ROS/dev_ws/src/turtle_control' returned '0': PYTHONPATH=/media/karthi/New Volume/Warrior/Projects/ROS/dev_ws/install/turtle_control/lib/python3.8/site-packages:${PYTHONPATH} /usr/bin/python3 setup.py egg_info --egg-base ../../build/turtle_control build --build-base /media/karthi/New Volume/Warrior/Projects/ROS/dev_ws/build/turtle_control/build install --prefix /media/karthi/New Volume/Warrior/Projects/ROS/dev_ws/install/turtle_control --record /media/karthi/New Volume/Warrior/Projects/ROS/dev_ws/build/turtle_control/install.log --single-version-externally-managed
