[0.013s] Invoking command in '/media/karthi/New Volume/Warrior/Projects/ROS/dev_ws/build/pyturtle_interfaces': CMAKE_PREFIX_PATH=/opt/ros/foxy /usr/bin/cmake --build /media/karthi/New Volume/Warrior/Projects/ROS/dev_ws/build/pyturtle_interfaces -- -j12 -l12
[0.039s] -- Found ament_cmake: 0.9.9 (/opt/ros/foxy/share/ament_cmake/cmake)
[0.056s] -- Found PythonInterp: /usr/bin/python3 (found suitable version "3.8.10", minimum required is "3") 
[0.056s] -- Using PYTHON_EXECUTABLE: /usr/bin/python3
[0.208s] -- Found ament_lint_auto: 0.9.6 (/opt/ros/foxy/share/ament_lint_auto/cmake)
[0.255s] -- Found rosidl_default_generators: 1.0.1 (/opt/ros/foxy/share/rosidl_default_generators/cmake)
[0.258s] -- Using all available rosidl_typesupport_c: rosidl_typesupport_fastrtps_c;rosidl_typesupport_introspection_c
[0.260s] -- Found rosidl_adapter: 1.2.1 (/opt/ros/foxy/share/rosidl_adapter/cmake)
[0.378s] -- Using all available rosidl_typesupport_cpp: rosidl_typesupport_fastrtps_cpp;rosidl_typesupport_introspection_cpp
[0.397s] CMake Error at /opt/ros/foxy/share/rosidl_cmake/cmake/rosidl_generate_interfaces.cmake:93 (message):
[0.397s]   rosidl_generate_interfaces() the passed file 'msg/Num.msg' doesn't exist
[0.397s]   relative to the CMAKE_CURRENT_SOURCE_DIR '/media/karthi/New
[0.397s]   Volume/Warrior/Projects/ROS/dev_ws/src/pyturtle_interfaces'
[0.397s] Call Stack (most recent call first):
[0.398s]   CMakeLists.txt:38 (rosidl_generate_interfaces)
[0.398s] 
[0.398s] 
[0.399s] -- Configuring incomplete, errors occurred!
[0.399s] See also "/media/karthi/New Volume/Warrior/Projects/ROS/dev_ws/build/pyturtle_interfaces/CMakeFiles/CMakeOutput.log".
[0.404s] make: *** [Makefile:748: cmake_check_build_system] Error 1
[0.406s] Invoked command in '/media/karthi/New Volume/Warrior/Projects/ROS/dev_ws/build/pyturtle_interfaces' returned '2': CMAKE_PREFIX_PATH=/opt/ros/foxy /usr/bin/cmake --build /media/karthi/New Volume/Warrior/Projects/ROS/dev_ws/build/pyturtle_interfaces -- -j12 -l12
